------------------------------------------------------------------------------------------------------------------------

[2021-10-17 15:12:07 #1 store] 
Database 'C:\Users\elgor\Documents\Universidad\3 Curso\Software\Bets21\src\main\resources\bets.temp' is opened by 12244@DESKTOP-50C67QE

[2021-10-17 15:12:08 #2 type.registry] 
New type domain.Account

[2021-10-17 15:12:08 #3 type] 
Type domain.Account is not enhanced.

[2021-10-17 15:12:08 #4 type.registry] 
New type domain.BetMade

[2021-10-17 15:12:08 #5 type.registry] 
New type java.util.Vector<domain.BetMade>

[2021-10-17 15:12:08 #6 type.registry] 
New type domain.CreditCard

[2021-10-17 15:12:08 #7 type.registry] 
New type java.util.LinkedList<domain.CreditCard>

[2021-10-17 15:12:08 #8 type.registry] 
New type domain.Coupon

[2021-10-17 15:12:08 #9 type.registry] 
New type java.util.Vector<domain.Coupon>

[2021-10-17 15:12:08 #10 type.registry] 
New type domain.InfoAccount

[2021-10-17 15:12:08 #11 type] 
Type domain.BetMade is not enhanced.

[2021-10-17 15:12:08 #12 type.registry] 
New type domain.Bet

[2021-10-17 15:12:08 #13 type] 
Type domain.CreditCard is not enhanced.

[2021-10-17 15:12:08 #14 type] 
Type domain.Coupon is not enhanced.

[2021-10-17 15:12:08 #15 type] 
Type domain.InfoAccount is not enhanced.

[2021-10-17 15:12:08 #16 type] 
Type domain.Bet is not enhanced.

[2021-10-17 15:12:08 #17 type.registry] 
New type domain.Question

[2021-10-17 15:12:08 #18 type] 
Type domain.Question is not enhanced.

[2021-10-17 15:12:08 #19 type.registry] 
New type java.util.Vector<domain.Bet>

[2021-10-17 15:12:08 #20 type.registry] 
New type domain.Event

[2021-10-17 15:12:08 #21 type] 
Type domain.Event is not enhanced.

[2021-10-17 15:12:08 #22 type.registry] 
New type domain.Team

[2021-10-17 15:12:08 #23 type.registry] 
New type java.util.Vector<domain.Question>

[2021-10-17 15:12:08 #24 type] 
Type domain.Team is not enhanced.

[2021-10-17 15:12:08 #25 type.registry] 
New type java.util.Vector<java.lang.Object>

[2021-10-17 15:12:08 #26 type.registry] 
New type java.util.LinkedList<java.lang.Object>

------------------------------------------------------------------------------------------------------------------------

[2021-10-17 15:13:15 #1 store] 
Database 'C:\Users\elgor\Documents\Universidad\3 Curso\Software\Bets21\src\main\resources\bets.temp' is opened by 2672@DESKTOP-50C67QE

[2021-10-17 15:13:15 #2 type.registry] 
New type domain.Account

[2021-10-17 15:13:15 #3 type] 
Type domain.Account is not enhanced.

[2021-10-17 15:13:15 #4 type.registry] 
New type domain.BetMade

[2021-10-17 15:13:15 #5 type.registry] 
New type java.util.Vector<domain.BetMade>

[2021-10-17 15:13:15 #6 type.registry] 
New type domain.CreditCard

[2021-10-17 15:13:15 #7 type.registry] 
New type java.util.LinkedList<domain.CreditCard>

[2021-10-17 15:13:15 #8 type.registry] 
New type domain.Coupon

[2021-10-17 15:13:15 #9 type.registry] 
New type java.util.Vector<domain.Coupon>

[2021-10-17 15:13:15 #10 type.registry] 
New type domain.InfoAccount

[2021-10-17 15:13:15 #11 type] 
Type domain.BetMade is not enhanced.

[2021-10-17 15:13:15 #12 type.registry] 
New type domain.Bet

[2021-10-17 15:13:15 #13 type] 
Type domain.CreditCard is not enhanced.

[2021-10-17 15:13:15 #14 type] 
Type domain.Coupon is not enhanced.

[2021-10-17 15:13:15 #15 type] 
Type domain.InfoAccount is not enhanced.

[2021-10-17 15:13:15 #16 type] 
Type domain.Bet is not enhanced.

[2021-10-17 15:13:15 #17 type.registry] 
New type domain.Question

[2021-10-17 15:13:15 #18 type] 
Type domain.Question is not enhanced.

[2021-10-17 15:13:15 #19 type.registry] 
New type java.util.Vector<domain.Bet>

[2021-10-17 15:13:15 #20 type.registry] 
New type domain.Event

[2021-10-17 15:13:15 #21 type] 
Type domain.Event is not enhanced.

[2021-10-17 15:13:15 #22 type.registry] 
New type domain.Team

[2021-10-17 15:13:15 #23 type.registry] 
New type java.util.Vector<domain.Question>

[2021-10-17 15:13:15 #24 type] 
Type domain.Team is not enhanced.

[2021-10-17 15:13:15 #25 type.registry] 
New type java.util.Vector<java.lang.Object>

[2021-10-17 15:13:15 #26 type.registry] 
New type java.util.LinkedList<java.lang.Object>

------------------------------------------------------------------------------------------------------------------------

[2021-10-17 15:15:00 #1 store] 
Database 'C:\Users\elgor\Documents\Universidad\3 Curso\Software\Bets21\src\main\resources\bets.temp' is opened by 13104@DESKTOP-50C67QE

[2021-10-17 15:15:00 #2 type.registry] 
New type domain.Account

[2021-10-17 15:15:00 #3 type] 
Type domain.Account is not enhanced.

[2021-10-17 15:15:00 #4 type.registry] 
New type domain.BetMade

[2021-10-17 15:15:00 #5 type.registry] 
New type java.util.Vector<domain.BetMade>

[2021-10-17 15:15:00 #6 type.registry] 
New type domain.CreditCard

[2021-10-17 15:15:00 #7 type.registry] 
New type java.util.LinkedList<domain.CreditCard>

[2021-10-17 15:15:00 #8 type.registry] 
New type domain.Coupon

[2021-10-17 15:15:00 #9 type.registry] 
New type java.util.Vector<domain.Coupon>

[2021-10-17 15:15:00 #10 type.registry] 
New type domain.InfoAccount

[2021-10-17 15:15:00 #11 type] 
Type domain.BetMade is not enhanced.

[2021-10-17 15:15:00 #12 type.registry] 
New type domain.Bet

[2021-10-17 15:15:00 #13 type] 
Type domain.CreditCard is not enhanced.

[2021-10-17 15:15:00 #14 type] 
Type domain.Coupon is not enhanced.

[2021-10-17 15:15:00 #15 type] 
Type domain.InfoAccount is not enhanced.

[2021-10-17 15:15:00 #16 type] 
Type domain.Bet is not enhanced.

[2021-10-17 15:15:00 #17 type.registry] 
New type domain.Question

[2021-10-17 15:15:00 #18 type] 
Type domain.Question is not enhanced.

[2021-10-17 15:15:00 #19 type.registry] 
New type java.util.Vector<domain.Bet>

[2021-10-17 15:15:00 #20 type.registry] 
New type domain.Event

[2021-10-17 15:15:00 #21 type] 
Type domain.Event is not enhanced.

[2021-10-17 15:15:00 #22 type.registry] 
New type domain.Team

[2021-10-17 15:15:00 #23 type.registry] 
New type java.util.Vector<domain.Question>

[2021-10-17 15:15:00 #24 type] 
Type domain.Team is not enhanced.

[2021-10-17 15:15:00 #25 type.registry] 
New type java.util.Vector<java.lang.Object>

[2021-10-17 15:15:00 #26 type.registry] 
New type java.util.LinkedList<java.lang.Object>

------------------------------------------------------------------------------------------------------------------------

[2021-10-17 15:17:58 #1 store] 
Database 'C:\Users\elgor\Documents\Universidad\3 Curso\Software\Bets21\src\main\resources\bets.temp' is opened by 16084@DESKTOP-50C67QE

[2021-10-17 15:17:58 #2 type.registry] 
New type domain.Account

[2021-10-17 15:17:58 #3 type] 
Type domain.Account is not enhanced.

[2021-10-17 15:17:58 #4 type.registry] 
New type domain.BetMade

[2021-10-17 15:17:58 #5 type.registry] 
New type java.util.Vector<domain.BetMade>

[2021-10-17 15:17:58 #6 type.registry] 
New type domain.CreditCard

[2021-10-17 15:17:58 #7 type.registry] 
New type java.util.LinkedList<domain.CreditCard>

[2021-10-17 15:17:58 #8 type.registry] 
New type domain.Coupon

[2021-10-17 15:17:58 #9 type.registry] 
New type java.util.Vector<domain.Coupon>

[2021-10-17 15:17:58 #10 type.registry] 
New type domain.InfoAccount

[2021-10-17 15:17:58 #11 type] 
Type domain.BetMade is not enhanced.

[2021-10-17 15:17:58 #12 type.registry] 
New type domain.Bet

[2021-10-17 15:17:58 #13 type] 
Type domain.CreditCard is not enhanced.

[2021-10-17 15:17:58 #14 type] 
Type domain.Coupon is not enhanced.

[2021-10-17 15:17:58 #15 type] 
Type domain.InfoAccount is not enhanced.

[2021-10-17 15:17:58 #16 type] 
Type domain.Bet is not enhanced.

[2021-10-17 15:17:58 #17 type.registry] 
New type domain.Question

[2021-10-17 15:17:58 #18 type] 
Type domain.Question is not enhanced.

[2021-10-17 15:17:58 #19 type.registry] 
New type java.util.Vector<domain.Bet>

[2021-10-17 15:17:58 #20 type.registry] 
New type domain.Event

[2021-10-17 15:17:58 #21 type] 
Type domain.Event is not enhanced.

[2021-10-17 15:17:58 #22 type.registry] 
New type domain.Team

[2021-10-17 15:17:58 #23 type.registry] 
New type java.util.Vector<domain.Question>

[2021-10-17 15:17:58 #24 type] 
Type domain.Team is not enhanced.

[2021-10-17 15:17:58 #25 type.registry] 
New type java.util.Vector<java.lang.Object>

[2021-10-17 15:17:58 #26 type.registry] 
New type java.util.LinkedList<java.lang.Object>

------------------------------------------------------------------------------------------------------------------------

[2021-10-17 15:18:11 #1 store] 
Database 'C:\Users\elgor\Documents\Universidad\3 Curso\Software\Bets21\src\main\resources\bets.temp' is opened by 4324@DESKTOP-50C67QE

[2021-10-17 15:18:11 #2 type.registry] 
New type domain.Account

[2021-10-17 15:18:11 #3 type] 
Type domain.Account is not enhanced.

[2021-10-17 15:18:11 #4 type.registry] 
New type domain.BetMade

[2021-10-17 15:18:11 #5 type.registry] 
New type java.util.Vector<domain.BetMade>

[2021-10-17 15:18:11 #6 type.registry] 
New type domain.CreditCard

[2021-10-17 15:18:11 #7 type.registry] 
New type java.util.LinkedList<domain.CreditCard>

[2021-10-17 15:18:11 #8 type.registry] 
New type domain.Coupon

[2021-10-17 15:18:11 #9 type.registry] 
New type java.util.Vector<domain.Coupon>

[2021-10-17 15:18:11 #10 type.registry] 
New type domain.InfoAccount

[2021-10-17 15:18:11 #11 type] 
Type domain.BetMade is not enhanced.

[2021-10-17 15:18:11 #12 type.registry] 
New type domain.Bet

[2021-10-17 15:18:11 #13 type] 
Type domain.CreditCard is not enhanced.

[2021-10-17 15:18:11 #14 type] 
Type domain.Coupon is not enhanced.

[2021-10-17 15:18:11 #15 type] 
Type domain.InfoAccount is not enhanced.

[2021-10-17 15:18:11 #16 type] 
Type domain.Bet is not enhanced.

[2021-10-17 15:18:11 #17 type.registry] 
New type domain.Question

[2021-10-17 15:18:11 #18 type] 
Type domain.Question is not enhanced.

[2021-10-17 15:18:11 #19 type.registry] 
New type java.util.Vector<domain.Bet>

[2021-10-17 15:18:11 #20 type.registry] 
New type domain.Event

[2021-10-17 15:18:11 #21 type] 
Type domain.Event is not enhanced.

[2021-10-17 15:18:11 #22 type.registry] 
New type domain.Team

[2021-10-17 15:18:11 #23 type.registry] 
New type java.util.Vector<domain.Question>

[2021-10-17 15:18:11 #24 type] 
Type domain.Team is not enhanced.

[2021-10-17 15:18:11 #25 type.registry] 
New type java.util.Vector<java.lang.Object>

[2021-10-17 15:18:11 #26 type.registry] 
New type java.util.LinkedList<java.lang.Object>

------------------------------------------------------------------------------------------------------------------------

[2021-10-17 15:19:00 #1 store] 
Database 'C:\Users\elgor\Documents\Universidad\3 Curso\Software\Bets21\src\main\resources\bets.temp' is opened by 13760@DESKTOP-50C67QE

[2021-10-17 15:19:00 #2 type.registry] 
New type domain.Account

[2021-10-17 15:19:00 #3 type] 
Type domain.Account is not enhanced.

[2021-10-17 15:19:00 #4 type.registry] 
New type domain.BetMade

[2021-10-17 15:19:00 #5 type.registry] 
New type java.util.Vector<domain.BetMade>

[2021-10-17 15:19:00 #6 type.registry] 
New type domain.CreditCard

[2021-10-17 15:19:00 #7 type.registry] 
New type java.util.LinkedList<domain.CreditCard>

[2021-10-17 15:19:00 #8 type.registry] 
New type domain.Coupon

[2021-10-17 15:19:00 #9 type.registry] 
New type java.util.Vector<domain.Coupon>

[2021-10-17 15:19:00 #10 type.registry] 
New type domain.InfoAccount

[2021-10-17 15:19:00 #11 type] 
Type domain.BetMade is not enhanced.

[2021-10-17 15:19:00 #12 type.registry] 
New type domain.Bet

[2021-10-17 15:19:00 #13 type] 
Type domain.CreditCard is not enhanced.

[2021-10-17 15:19:00 #14 type] 
Type domain.Coupon is not enhanced.

[2021-10-17 15:19:00 #15 type] 
Type domain.InfoAccount is not enhanced.

[2021-10-17 15:19:00 #16 type] 
Type domain.Bet is not enhanced.

[2021-10-17 15:19:00 #17 type.registry] 
New type domain.Question

[2021-10-17 15:19:00 #18 type] 
Type domain.Question is not enhanced.

[2021-10-17 15:19:00 #19 type.registry] 
New type java.util.Vector<domain.Bet>

[2021-10-17 15:19:00 #20 type.registry] 
New type domain.Event

[2021-10-17 15:19:00 #21 type] 
Type domain.Event is not enhanced.

[2021-10-17 15:19:00 #22 type.registry] 
New type domain.Team

[2021-10-17 15:19:00 #23 type.registry] 
New type java.util.Vector<domain.Question>

[2021-10-17 15:19:00 #24 type] 
Type domain.Team is not enhanced.

[2021-10-17 15:19:00 #25 type.registry] 
New type java.util.Vector<java.lang.Object>

[2021-10-17 15:19:00 #26 type.registry] 
New type java.util.LinkedList<java.lang.Object>

------------------------------------------------------------------------------------------------------------------------

[2021-10-17 15:19:14 #1 store] 
Database 'C:\Users\elgor\Documents\Universidad\3 Curso\Software\Bets21\src\main\resources\bets.temp' is opened by 7596@DESKTOP-50C67QE

[2021-10-17 15:19:14 #2 type.registry] 
New type domain.Account

[2021-10-17 15:19:14 #3 type] 
Type domain.Account is not enhanced.

[2021-10-17 15:19:14 #4 type.registry] 
New type domain.BetMade

[2021-10-17 15:19:14 #5 type.registry] 
New type java.util.Vector<domain.BetMade>

[2021-10-17 15:19:14 #6 type.registry] 
New type domain.CreditCard

[2021-10-17 15:19:14 #7 type.registry] 
New type java.util.LinkedList<domain.CreditCard>

[2021-10-17 15:19:14 #8 type.registry] 
New type domain.Coupon

[2021-10-17 15:19:14 #9 type.registry] 
New type java.util.Vector<domain.Coupon>

[2021-10-17 15:19:14 #10 type.registry] 
New type domain.InfoAccount

[2021-10-17 15:19:14 #11 type] 
Type domain.BetMade is not enhanced.

[2021-10-17 15:19:14 #12 type.registry] 
New type domain.Bet

[2021-10-17 15:19:14 #13 type] 
Type domain.CreditCard is not enhanced.

[2021-10-17 15:19:14 #14 type] 
Type domain.Coupon is not enhanced.

[2021-10-17 15:19:14 #15 type] 
Type domain.InfoAccount is not enhanced.

[2021-10-17 15:19:14 #16 type] 
Type domain.Bet is not enhanced.

[2021-10-17 15:19:14 #17 type.registry] 
New type domain.Question

[2021-10-17 15:19:14 #18 type] 
Type domain.Question is not enhanced.

[2021-10-17 15:19:14 #19 type.registry] 
New type java.util.Vector<domain.Bet>

[2021-10-17 15:19:14 #20 type.registry] 
New type domain.Event

[2021-10-17 15:19:14 #21 type] 
Type domain.Event is not enhanced.

[2021-10-17 15:19:14 #22 type.registry] 
New type domain.Team

[2021-10-17 15:19:14 #23 type.registry] 
New type java.util.Vector<domain.Question>

[2021-10-17 15:19:14 #24 type] 
Type domain.Team is not enhanced.

[2021-10-17 15:19:14 #25 type.registry] 
New type java.util.Vector<java.lang.Object>

[2021-10-17 15:19:14 #26 type.registry] 
New type java.util.LinkedList<java.lang.Object>

------------------------------------------------------------------------------------------------------------------------

[2021-10-17 15:19:39 #1 store] 
Database 'C:\Users\elgor\Documents\Universidad\3 Curso\Software\Bets21\src\main\resources\bets.temp' is opened by 4844@DESKTOP-50C67QE

[2021-10-17 15:19:39 #2 type.registry] 
New type domain.Account

[2021-10-17 15:19:39 #3 type] 
Type domain.Account is not enhanced.

[2021-10-17 15:19:39 #4 type.registry] 
New type domain.BetMade

[2021-10-17 15:19:39 #5 type.registry] 
New type java.util.Vector<domain.BetMade>

[2021-10-17 15:19:39 #6 type.registry] 
New type domain.CreditCard

[2021-10-17 15:19:39 #7 type.registry] 
New type java.util.LinkedList<domain.CreditCard>

[2021-10-17 15:19:39 #8 type.registry] 
New type domain.Coupon

[2021-10-17 15:19:39 #9 type.registry] 
New type java.util.Vector<domain.Coupon>

[2021-10-17 15:19:39 #10 type.registry] 
New type domain.InfoAccount

[2021-10-17 15:19:39 #11 type] 
Type domain.BetMade is not enhanced.

[2021-10-17 15:19:39 #12 type.registry] 
New type domain.Bet

[2021-10-17 15:19:39 #13 type] 
Type domain.CreditCard is not enhanced.

[2021-10-17 15:19:39 #14 type] 
Type domain.Coupon is not enhanced.

[2021-10-17 15:19:39 #15 type] 
Type domain.InfoAccount is not enhanced.

[2021-10-17 15:19:39 #16 type] 
Type domain.Bet is not enhanced.

[2021-10-17 15:19:39 #17 type.registry] 
New type domain.Question

[2021-10-17 15:19:39 #18 type] 
Type domain.Question is not enhanced.

[2021-10-17 15:19:39 #19 type.registry] 
New type java.util.Vector<domain.Bet>

[2021-10-17 15:19:39 #20 type.registry] 
New type domain.Event

[2021-10-17 15:19:39 #21 type] 
Type domain.Event is not enhanced.

[2021-10-17 15:19:39 #22 type.registry] 
New type domain.Team

[2021-10-17 15:19:39 #23 type.registry] 
New type java.util.Vector<domain.Question>

[2021-10-17 15:19:39 #24 type] 
Type domain.Team is not enhanced.

[2021-10-17 15:19:39 #25 type.registry] 
New type java.util.Vector<java.lang.Object>

[2021-10-17 15:19:39 #26 type.registry] 
New type java.util.LinkedList<java.lang.Object>

------------------------------------------------------------------------------------------------------------------------

[2021-10-17 15:20:03 #1 store] 
Database 'C:\Users\elgor\Documents\Universidad\3 Curso\Software\Bets21\src\main\resources\bets.temp' is opened by 9380@DESKTOP-50C67QE

[2021-10-17 15:20:03 #2 type.registry] 
New type domain.Account

[2021-10-17 15:20:03 #3 type] 
Type domain.Account is not enhanced.

[2021-10-17 15:20:03 #4 type.registry] 
New type domain.BetMade

[2021-10-17 15:20:03 #5 type.registry] 
New type java.util.Vector<domain.BetMade>

[2021-10-17 15:20:03 #6 type.registry] 
New type domain.CreditCard

[2021-10-17 15:20:03 #7 type.registry] 
New type java.util.LinkedList<domain.CreditCard>

[2021-10-17 15:20:03 #8 type.registry] 
New type domain.Coupon

[2021-10-17 15:20:03 #9 type.registry] 
New type java.util.Vector<domain.Coupon>

[2021-10-17 15:20:03 #10 type.registry] 
New type domain.InfoAccount

[2021-10-17 15:20:03 #11 type] 
Type domain.BetMade is not enhanced.

[2021-10-17 15:20:03 #12 type.registry] 
New type domain.Bet

[2021-10-17 15:20:03 #13 type] 
Type domain.CreditCard is not enhanced.

[2021-10-17 15:20:03 #14 type] 
Type domain.Coupon is not enhanced.

[2021-10-17 15:20:03 #15 type] 
Type domain.InfoAccount is not enhanced.

[2021-10-17 15:20:03 #16 type] 
Type domain.Bet is not enhanced.

[2021-10-17 15:20:03 #17 type.registry] 
New type domain.Question

[2021-10-17 15:20:03 #18 type] 
Type domain.Question is not enhanced.

[2021-10-17 15:20:03 #19 type.registry] 
New type java.util.Vector<domain.Bet>

[2021-10-17 15:20:03 #20 type.registry] 
New type domain.Event

[2021-10-17 15:20:03 #21 type] 
Type domain.Event is not enhanced.

[2021-10-17 15:20:03 #22 type.registry] 
New type domain.Team

[2021-10-17 15:20:03 #23 type.registry] 
New type java.util.Vector<domain.Question>

[2021-10-17 15:20:03 #24 type] 
Type domain.Team is not enhanced.

[2021-10-17 15:20:03 #25 type.registry] 
New type java.util.Vector<java.lang.Object>

[2021-10-17 15:20:03 #26 type.registry] 
New type java.util.LinkedList<java.lang.Object>

------------------------------------------------------------------------------------------------------------------------

[2021-10-17 15:20:39 #1 store] 
Database 'C:\Users\elgor\Documents\Universidad\3 Curso\Software\Bets21\src\main\resources\bets.temp' is opened by 7600@DESKTOP-50C67QE

[2021-10-17 15:20:40 #2 type.registry] 
New type domain.Account

[2021-10-17 15:20:40 #3 type] 
Type domain.Account is not enhanced.

[2021-10-17 15:20:40 #4 type.registry] 
New type domain.BetMade

[2021-10-17 15:20:40 #5 type.registry] 
New type java.util.Vector<domain.BetMade>

[2021-10-17 15:20:40 #6 type.registry] 
New type domain.CreditCard

[2021-10-17 15:20:40 #7 type.registry] 
New type java.util.LinkedList<domain.CreditCard>

[2021-10-17 15:20:40 #8 type.registry] 
New type domain.Coupon

[2021-10-17 15:20:40 #9 type.registry] 
New type java.util.Vector<domain.Coupon>

[2021-10-17 15:20:40 #10 type.registry] 
New type domain.InfoAccount

[2021-10-17 15:20:40 #11 type] 
Type domain.BetMade is not enhanced.

[2021-10-17 15:20:40 #12 type.registry] 
New type domain.Bet

[2021-10-17 15:20:40 #13 type] 
Type domain.CreditCard is not enhanced.

[2021-10-17 15:20:40 #14 type] 
Type domain.Coupon is not enhanced.

[2021-10-17 15:20:40 #15 type] 
Type domain.InfoAccount is not enhanced.

[2021-10-17 15:20:40 #16 type] 
Type domain.Bet is not enhanced.

[2021-10-17 15:20:40 #17 type.registry] 
New type domain.Question

[2021-10-17 15:20:40 #18 type] 
Type domain.Question is not enhanced.

[2021-10-17 15:20:40 #19 type.registry] 
New type java.util.Vector<domain.Bet>

[2021-10-17 15:20:40 #20 type.registry] 
New type domain.Event

[2021-10-17 15:20:40 #21 type] 
Type domain.Event is not enhanced.

[2021-10-17 15:20:40 #22 type.registry] 
New type domain.Team

[2021-10-17 15:20:40 #23 type.registry] 
New type java.util.Vector<domain.Question>

[2021-10-17 15:20:40 #24 type] 
Type domain.Team is not enhanced.

[2021-10-17 15:20:40 #25 type.registry] 
New type java.util.Vector<java.lang.Object>

[2021-10-17 15:20:40 #26 type.registry] 
New type java.util.LinkedList<java.lang.Object>

------------------------------------------------------------------------------------------------------------------------

[2021-10-17 15:21:00 #1 store] 
Database 'C:\Users\elgor\Documents\Universidad\3 Curso\Software\Bets21\src\main\resources\bets.temp' is opened by 7640@DESKTOP-50C67QE

[2021-10-17 15:21:00 #2 type.registry] 
New type domain.Account

[2021-10-17 15:21:00 #3 type] 
Type domain.Account is not enhanced.

[2021-10-17 15:21:00 #4 type.registry] 
New type domain.BetMade

[2021-10-17 15:21:00 #5 type.registry] 
New type java.util.Vector<domain.BetMade>

[2021-10-17 15:21:00 #6 type.registry] 
New type domain.CreditCard

[2021-10-17 15:21:00 #7 type.registry] 
New type java.util.LinkedList<domain.CreditCard>

[2021-10-17 15:21:00 #8 type.registry] 
New type domain.Coupon

[2021-10-17 15:21:00 #9 type.registry] 
New type java.util.Vector<domain.Coupon>

[2021-10-17 15:21:00 #10 type.registry] 
New type domain.InfoAccount

[2021-10-17 15:21:00 #11 type] 
Type domain.BetMade is not enhanced.

[2021-10-17 15:21:00 #12 type.registry] 
New type domain.Bet

[2021-10-17 15:21:00 #13 type] 
Type domain.CreditCard is not enhanced.

[2021-10-17 15:21:00 #14 type] 
Type domain.Coupon is not enhanced.

[2021-10-17 15:21:00 #15 type] 
Type domain.InfoAccount is not enhanced.

[2021-10-17 15:21:00 #16 type] 
Type domain.Bet is not enhanced.

[2021-10-17 15:21:00 #17 type.registry] 
New type domain.Question

[2021-10-17 15:21:00 #18 type] 
Type domain.Question is not enhanced.

[2021-10-17 15:21:00 #19 type.registry] 
New type java.util.Vector<domain.Bet>

[2021-10-17 15:21:00 #20 type.registry] 
New type domain.Event

[2021-10-17 15:21:00 #21 type] 
Type domain.Event is not enhanced.

[2021-10-17 15:21:00 #22 type.registry] 
New type domain.Team

[2021-10-17 15:21:00 #23 type.registry] 
New type java.util.Vector<domain.Question>

[2021-10-17 15:21:00 #24 type] 
Type domain.Team is not enhanced.

[2021-10-17 15:21:00 #25 type.registry] 
New type java.util.Vector<java.lang.Object>

[2021-10-17 15:21:00 #26 type.registry] 
New type java.util.LinkedList<java.lang.Object>

------------------------------------------------------------------------------------------------------------------------

[2021-10-17 15:22:37 #1 store] 
Database 'C:\Users\elgor\Documents\Universidad\3 Curso\Software\Bets21\src\main\resources\bets.temp' is opened by 6160@DESKTOP-50C67QE

[2021-10-17 15:22:37 #2 type.registry] 
New type domain.Account

[2021-10-17 15:22:37 #3 type] 
Type domain.Account is not enhanced.

[2021-10-17 15:22:37 #4 type.registry] 
New type domain.BetMade

[2021-10-17 15:22:37 #5 type.registry] 
New type java.util.Vector<domain.BetMade>

[2021-10-17 15:22:37 #6 type.registry] 
New type domain.CreditCard

[2021-10-17 15:22:37 #7 type.registry] 
New type java.util.LinkedList<domain.CreditCard>

[2021-10-17 15:22:37 #8 type.registry] 
New type domain.Coupon

[2021-10-17 15:22:37 #9 type.registry] 
New type java.util.Vector<domain.Coupon>

[2021-10-17 15:22:37 #10 type.registry] 
New type domain.InfoAccount

[2021-10-17 15:22:37 #11 type] 
Type domain.BetMade is not enhanced.

[2021-10-17 15:22:37 #12 type.registry] 
New type domain.Bet

[2021-10-17 15:22:37 #13 type] 
Type domain.CreditCard is not enhanced.

[2021-10-17 15:22:37 #14 type] 
Type domain.Coupon is not enhanced.

[2021-10-17 15:22:37 #15 type] 
Type domain.InfoAccount is not enhanced.

[2021-10-17 15:22:37 #16 type] 
Type domain.Bet is not enhanced.

[2021-10-17 15:22:37 #17 type.registry] 
New type domain.Question

[2021-10-17 15:22:37 #18 type] 
Type domain.Question is not enhanced.

[2021-10-17 15:22:37 #19 type.registry] 
New type java.util.Vector<domain.Bet>

[2021-10-17 15:22:37 #20 type.registry] 
New type domain.Event

[2021-10-17 15:22:37 #21 type] 
Type domain.Event is not enhanced.

[2021-10-17 15:22:37 #22 type.registry] 
New type domain.Team

[2021-10-17 15:22:37 #23 type.registry] 
New type java.util.Vector<domain.Question>

[2021-10-17 15:22:37 #24 type] 
Type domain.Team is not enhanced.

[2021-10-17 15:22:37 #25 type.registry] 
New type java.util.Vector<java.lang.Object>

[2021-10-17 15:22:37 #26 type.registry] 
New type java.util.LinkedList<java.lang.Object>

------------------------------------------------------------------------------------------------------------------------

[2021-10-17 15:22:53 #1 store] 
Database 'C:\Users\elgor\Documents\Universidad\3 Curso\Software\Bets21\src\main\resources\bets.temp' is opened by 10672@DESKTOP-50C67QE

[2021-10-17 15:22:53 #2 type.registry] 
New type domain.Account

[2021-10-17 15:22:53 #3 type] 
Type domain.Account is not enhanced.

[2021-10-17 15:22:53 #4 type.registry] 
New type domain.BetMade

[2021-10-17 15:22:53 #5 type.registry] 
New type java.util.Vector<domain.BetMade>

[2021-10-17 15:22:53 #6 type.registry] 
New type domain.CreditCard

[2021-10-17 15:22:53 #7 type.registry] 
New type java.util.LinkedList<domain.CreditCard>

[2021-10-17 15:22:53 #8 type.registry] 
New type domain.Coupon

[2021-10-17 15:22:53 #9 type.registry] 
New type java.util.Vector<domain.Coupon>

[2021-10-17 15:22:53 #10 type.registry] 
New type domain.InfoAccount

[2021-10-17 15:22:53 #11 type] 
Type domain.BetMade is not enhanced.

[2021-10-17 15:22:53 #12 type.registry] 
New type domain.Bet

[2021-10-17 15:22:53 #13 type] 
Type domain.CreditCard is not enhanced.

[2021-10-17 15:22:53 #14 type] 
Type domain.Coupon is not enhanced.

[2021-10-17 15:22:53 #15 type] 
Type domain.InfoAccount is not enhanced.

[2021-10-17 15:22:53 #16 type] 
Type domain.Bet is not enhanced.

[2021-10-17 15:22:53 #17 type.registry] 
New type domain.Question

[2021-10-17 15:22:53 #18 type] 
Type domain.Question is not enhanced.

[2021-10-17 15:22:53 #19 type.registry] 
New type java.util.Vector<domain.Bet>

[2021-10-17 15:22:53 #20 type.registry] 
New type domain.Event

[2021-10-17 15:22:53 #21 type] 
Type domain.Event is not enhanced.

[2021-10-17 15:22:53 #22 type.registry] 
New type domain.Team

[2021-10-17 15:22:53 #23 type.registry] 
New type java.util.Vector<domain.Question>

[2021-10-17 15:22:53 #24 type] 
Type domain.Team is not enhanced.

[2021-10-17 15:22:53 #25 type.registry] 
New type java.util.Vector<java.lang.Object>

[2021-10-17 15:22:53 #26 type.registry] 
New type java.util.LinkedList<java.lang.Object>

------------------------------------------------------------------------------------------------------------------------

[2021-10-17 15:24:07 #1 store] 
Database 'C:\Users\elgor\Documents\Universidad\3 Curso\Software\Bets21\src\main\resources\bets.temp' is opened by 15088@DESKTOP-50C67QE

[2021-10-17 15:24:07 #2 type.registry] 
New type domain.Account

[2021-10-17 15:24:07 #3 type] 
Type domain.Account is not enhanced.

[2021-10-17 15:24:07 #4 type.registry] 
New type domain.BetMade

[2021-10-17 15:24:07 #5 type.registry] 
New type java.util.Vector<domain.BetMade>

[2021-10-17 15:24:07 #6 type.registry] 
New type domain.CreditCard

[2021-10-17 15:24:07 #7 type.registry] 
New type java.util.LinkedList<domain.CreditCard>

[2021-10-17 15:24:07 #8 type.registry] 
New type domain.Coupon

[2021-10-17 15:24:07 #9 type.registry] 
New type java.util.Vector<domain.Coupon>

[2021-10-17 15:24:07 #10 type.registry] 
New type domain.InfoAccount

[2021-10-17 15:24:07 #11 type] 
Type domain.BetMade is not enhanced.

[2021-10-17 15:24:07 #12 type.registry] 
New type domain.Bet

[2021-10-17 15:24:07 #13 type] 
Type domain.CreditCard is not enhanced.

[2021-10-17 15:24:07 #14 type] 
Type domain.Coupon is not enhanced.

[2021-10-17 15:24:07 #15 type] 
Type domain.InfoAccount is not enhanced.

[2021-10-17 15:24:07 #16 type] 
Type domain.Bet is not enhanced.

[2021-10-17 15:24:07 #17 type.registry] 
New type domain.Question

[2021-10-17 15:24:07 #18 type] 
Type domain.Question is not enhanced.

[2021-10-17 15:24:07 #19 type.registry] 
New type java.util.Vector<domain.Bet>

[2021-10-17 15:24:07 #20 type.registry] 
New type domain.Event

[2021-10-17 15:24:07 #21 type] 
Type domain.Event is not enhanced.

[2021-10-17 15:24:07 #22 type.registry] 
New type domain.Team

[2021-10-17 15:24:07 #23 type.registry] 
New type java.util.Vector<domain.Question>

[2021-10-17 15:24:07 #24 type] 
Type domain.Team is not enhanced.

[2021-10-17 15:24:07 #25 type.registry] 
New type java.util.Vector<java.lang.Object>

[2021-10-17 15:24:07 #26 type.registry] 
New type java.util.LinkedList<java.lang.Object>

------------------------------------------------------------------------------------------------------------------------

[2021-10-17 15:26:22 #1 store] 
Database 'C:\Users\elgor\Documents\Universidad\3 Curso\Software\Bets21\src\main\resources\bets.temp' is opened by 12716@DESKTOP-50C67QE

[2021-10-17 15:26:22 #2 type.registry] 
New type domain.Account

[2021-10-17 15:26:22 #3 type] 
Type domain.Account is not enhanced.

[2021-10-17 15:26:22 #4 type.registry] 
New type domain.BetMade

[2021-10-17 15:26:22 #5 type.registry] 
New type java.util.Vector<domain.BetMade>

[2021-10-17 15:26:22 #6 type.registry] 
New type domain.CreditCard

[2021-10-17 15:26:22 #7 type.registry] 
New type java.util.LinkedList<domain.CreditCard>

[2021-10-17 15:26:22 #8 type.registry] 
New type domain.Coupon

[2021-10-17 15:26:22 #9 type.registry] 
New type java.util.Vector<domain.Coupon>

[2021-10-17 15:26:22 #10 type.registry] 
New type domain.InfoAccount

[2021-10-17 15:26:22 #11 type] 
Type domain.BetMade is not enhanced.

[2021-10-17 15:26:22 #12 type.registry] 
New type domain.Bet

[2021-10-17 15:26:22 #13 type] 
Type domain.CreditCard is not enhanced.

[2021-10-17 15:26:22 #14 type] 
Type domain.Coupon is not enhanced.

[2021-10-17 15:26:22 #15 type] 
Type domain.InfoAccount is not enhanced.

[2021-10-17 15:26:22 #16 type] 
Type domain.Bet is not enhanced.

[2021-10-17 15:26:22 #17 type.registry] 
New type domain.Question

[2021-10-17 15:26:22 #18 type] 
Type domain.Question is not enhanced.

[2021-10-17 15:26:22 #19 type.registry] 
New type java.util.Vector<domain.Bet>

[2021-10-17 15:26:22 #20 type.registry] 
New type domain.Event

[2021-10-17 15:26:22 #21 type] 
Type domain.Event is not enhanced.

[2021-10-17 15:26:22 #22 type.registry] 
New type domain.Team

[2021-10-17 15:26:22 #23 type.registry] 
New type java.util.Vector<domain.Question>

[2021-10-17 15:26:22 #24 type] 
Type domain.Team is not enhanced.

[2021-10-17 15:26:22 #25 type.registry] 
New type java.util.Vector<java.lang.Object>

[2021-10-17 15:26:22 #26 type.registry] 
New type java.util.LinkedList<java.lang.Object>

------------------------------------------------------------------------------------------------------------------------

[2021-10-17 15:26:37 #1 store] 
Database 'C:\Users\elgor\Documents\Universidad\3 Curso\Software\Bets21\src\main\resources\bets.temp' is opened by 7352@DESKTOP-50C67QE

[2021-10-17 15:26:37 #2 type.registry] 
New type domain.Account

[2021-10-17 15:26:37 #3 type] 
Type domain.Account is not enhanced.

[2021-10-17 15:26:37 #4 type.registry] 
New type domain.BetMade

[2021-10-17 15:26:37 #5 type.registry] 
New type java.util.Vector<domain.BetMade>

[2021-10-17 15:26:37 #6 type.registry] 
New type domain.CreditCard

[2021-10-17 15:26:37 #7 type.registry] 
New type java.util.LinkedList<domain.CreditCard>

[2021-10-17 15:26:37 #8 type.registry] 
New type domain.Coupon

[2021-10-17 15:26:37 #9 type.registry] 
New type java.util.Vector<domain.Coupon>

[2021-10-17 15:26:37 #10 type.registry] 
New type domain.InfoAccount

[2021-10-17 15:26:37 #11 type] 
Type domain.BetMade is not enhanced.

[2021-10-17 15:26:37 #12 type.registry] 
New type domain.Bet

[2021-10-17 15:26:37 #13 type] 
Type domain.CreditCard is not enhanced.

[2021-10-17 15:26:37 #14 type] 
Type domain.Coupon is not enhanced.

[2021-10-17 15:26:37 #15 type] 
Type domain.InfoAccount is not enhanced.

[2021-10-17 15:26:37 #16 type] 
Type domain.Bet is not enhanced.

[2021-10-17 15:26:37 #17 type.registry] 
New type domain.Question

[2021-10-17 15:26:37 #18 type] 
Type domain.Question is not enhanced.

[2021-10-17 15:26:37 #19 type.registry] 
New type java.util.Vector<domain.Bet>

[2021-10-17 15:26:37 #20 type.registry] 
New type domain.Event

[2021-10-17 15:26:37 #21 type] 
Type domain.Event is not enhanced.

[2021-10-17 15:26:37 #22 type.registry] 
New type domain.Team

[2021-10-17 15:26:37 #23 type.registry] 
New type java.util.Vector<domain.Question>

[2021-10-17 15:26:37 #24 type] 
Type domain.Team is not enhanced.

[2021-10-17 15:26:37 #25 type.registry] 
New type java.util.Vector<java.lang.Object>

[2021-10-17 15:26:37 #26 type.registry] 
New type java.util.LinkedList<java.lang.Object>

------------------------------------------------------------------------------------------------------------------------

[2021-10-17 15:28:04 #1 store] 
Database 'C:\Users\elgor\Documents\Universidad\3 Curso\Software\Bets21\src\main\resources\bets.temp' is opened by 14488@DESKTOP-50C67QE

[2021-10-17 15:28:04 #2 type.registry] 
New type domain.Account

[2021-10-17 15:28:04 #3 type] 
Type domain.Account is not enhanced.

[2021-10-17 15:28:04 #4 type.registry] 
New type domain.BetMade

[2021-10-17 15:28:04 #5 type.registry] 
New type java.util.Vector<domain.BetMade>

[2021-10-17 15:28:04 #6 type.registry] 
New type domain.CreditCard

[2021-10-17 15:28:04 #7 type.registry] 
New type java.util.LinkedList<domain.CreditCard>

[2021-10-17 15:28:04 #8 type.registry] 
New type domain.Coupon

[2021-10-17 15:28:04 #9 type.registry] 
New type java.util.Vector<domain.Coupon>

[2021-10-17 15:28:04 #10 type.registry] 
New type domain.InfoAccount

[2021-10-17 15:28:04 #11 type] 
Type domain.BetMade is not enhanced.

[2021-10-17 15:28:04 #12 type.registry] 
New type domain.Bet

[2021-10-17 15:28:04 #13 type] 
Type domain.CreditCard is not enhanced.

[2021-10-17 15:28:04 #14 type] 
Type domain.Coupon is not enhanced.

[2021-10-17 15:28:04 #15 type] 
Type domain.InfoAccount is not enhanced.

[2021-10-17 15:28:04 #16 type] 
Type domain.Bet is not enhanced.

[2021-10-17 15:28:04 #17 type.registry] 
New type domain.Question

[2021-10-17 15:28:04 #18 type] 
Type domain.Question is not enhanced.

[2021-10-17 15:28:04 #19 type.registry] 
New type java.util.Vector<domain.Bet>

[2021-10-17 15:28:04 #20 type.registry] 
New type domain.Event

[2021-10-17 15:28:04 #21 type] 
Type domain.Event is not enhanced.

[2021-10-17 15:28:04 #22 type.registry] 
New type domain.Team

[2021-10-17 15:28:04 #23 type.registry] 
New type java.util.Vector<domain.Question>

[2021-10-17 15:28:04 #24 type] 
Type domain.Team is not enhanced.

[2021-10-17 15:28:04 #25 type.registry] 
New type java.util.Vector<java.lang.Object>

[2021-10-17 15:28:04 #26 type.registry] 
New type java.util.LinkedList<java.lang.Object>

------------------------------------------------------------------------------------------------------------------------

[2021-10-17 15:29:20 #1 store] 
Database 'C:\Users\elgor\Documents\Universidad\3 Curso\Software\Bets21\src\main\resources\bets.temp' is opened by 14444@DESKTOP-50C67QE

[2021-10-17 15:29:20 #2 type.registry] 
New type domain.Account

[2021-10-17 15:29:20 #3 type] 
Type domain.Account is not enhanced.

[2021-10-17 15:29:20 #4 type.registry] 
New type domain.BetMade

[2021-10-17 15:29:20 #5 type.registry] 
New type java.util.Vector<domain.BetMade>

[2021-10-17 15:29:20 #6 type.registry] 
New type domain.CreditCard

[2021-10-17 15:29:20 #7 type.registry] 
New type java.util.LinkedList<domain.CreditCard>

[2021-10-17 15:29:20 #8 type.registry] 
New type domain.Coupon

[2021-10-17 15:29:20 #9 type.registry] 
New type java.util.Vector<domain.Coupon>

[2021-10-17 15:29:20 #10 type.registry] 
New type domain.InfoAccount

[2021-10-17 15:29:20 #11 type] 
Type domain.BetMade is not enhanced.

[2021-10-17 15:29:20 #12 type.registry] 
New type domain.Bet

[2021-10-17 15:29:20 #13 type] 
Type domain.CreditCard is not enhanced.

[2021-10-17 15:29:20 #14 type] 
Type domain.Coupon is not enhanced.

[2021-10-17 15:29:20 #15 type] 
Type domain.InfoAccount is not enhanced.

[2021-10-17 15:29:20 #16 type] 
Type domain.Bet is not enhanced.

[2021-10-17 15:29:20 #17 type.registry] 
New type domain.Question

[2021-10-17 15:29:20 #18 type] 
Type domain.Question is not enhanced.

[2021-10-17 15:29:20 #19 type.registry] 
New type java.util.Vector<domain.Bet>

[2021-10-17 15:29:20 #20 type.registry] 
New type domain.Event

[2021-10-17 15:29:20 #21 type] 
Type domain.Event is not enhanced.

[2021-10-17 15:29:20 #22 type.registry] 
New type domain.Team

[2021-10-17 15:29:20 #23 type.registry] 
New type java.util.Vector<domain.Question>

[2021-10-17 15:29:20 #24 type] 
Type domain.Team is not enhanced.

[2021-10-17 15:29:20 #25 type.registry] 
New type java.util.Vector<java.lang.Object>

[2021-10-17 15:29:20 #26 type.registry] 
New type java.util.LinkedList<java.lang.Object>

------------------------------------------------------------------------------------------------------------------------

[2021-10-17 15:31:12 #1 store] 
Database 'C:\Users\elgor\Documents\Universidad\3 Curso\Software\Bets21\src\main\resources\bets.temp' is opened by 9568@DESKTOP-50C67QE

[2021-10-17 15:31:12 #2 type.registry] 
New type domain.Account

[2021-10-17 15:31:12 #3 type] 
Type domain.Account is not enhanced.

[2021-10-17 15:31:12 #4 type.registry] 
New type domain.BetMade

[2021-10-17 15:31:12 #5 type.registry] 
New type java.util.Vector<domain.BetMade>

[2021-10-17 15:31:12 #6 type.registry] 
New type domain.CreditCard

[2021-10-17 15:31:12 #7 type.registry] 
New type java.util.LinkedList<domain.CreditCard>

[2021-10-17 15:31:12 #8 type.registry] 
New type domain.Coupon

[2021-10-17 15:31:12 #9 type.registry] 
New type java.util.Vector<domain.Coupon>

[2021-10-17 15:31:12 #10 type.registry] 
New type domain.InfoAccount

[2021-10-17 15:31:12 #11 type] 
Type domain.BetMade is not enhanced.

[2021-10-17 15:31:12 #12 type.registry] 
New type domain.Bet

[2021-10-17 15:31:12 #13 type] 
Type domain.CreditCard is not enhanced.

[2021-10-17 15:31:12 #14 type] 
Type domain.Coupon is not enhanced.

[2021-10-17 15:31:12 #15 type] 
Type domain.InfoAccount is not enhanced.

[2021-10-17 15:31:12 #16 type] 
Type domain.Bet is not enhanced.

[2021-10-17 15:31:12 #17 type.registry] 
New type domain.Question

[2021-10-17 15:31:12 #18 type] 
Type domain.Question is not enhanced.

[2021-10-17 15:31:12 #19 type.registry] 
New type java.util.Vector<domain.Bet>

[2021-10-17 15:31:12 #20 type.registry] 
New type domain.Event

[2021-10-17 15:31:12 #21 type] 
Type domain.Event is not enhanced.

[2021-10-17 15:31:12 #22 type.registry] 
New type domain.Team

[2021-10-17 15:31:12 #23 type.registry] 
New type java.util.Vector<domain.Question>

[2021-10-17 15:31:12 #24 type] 
Type domain.Team is not enhanced.

[2021-10-17 15:31:12 #25 type.registry] 
New type java.util.Vector<java.lang.Object>

[2021-10-17 15:31:12 #26 type.registry] 
New type java.util.LinkedList<java.lang.Object>

------------------------------------------------------------------------------------------------------------------------

[2021-10-17 15:31:50 #1 store] 
Database 'C:\Users\elgor\Documents\Universidad\3 Curso\Software\Bets21\src\main\resources\bets.temp' is opened by 13884@DESKTOP-50C67QE

[2021-10-17 15:31:50 #2 type.registry] 
New type domain.Account

[2021-10-17 15:31:50 #3 type] 
Type domain.Account is not enhanced.

[2021-10-17 15:31:50 #4 type.registry] 
New type domain.BetMade

[2021-10-17 15:31:50 #5 type.registry] 
New type java.util.Vector<domain.BetMade>

[2021-10-17 15:31:50 #6 type.registry] 
New type domain.CreditCard

[2021-10-17 15:31:50 #7 type.registry] 
New type java.util.LinkedList<domain.CreditCard>

[2021-10-17 15:31:50 #8 type.registry] 
New type domain.Coupon

[2021-10-17 15:31:50 #9 type.registry] 
New type java.util.Vector<domain.Coupon>

[2021-10-17 15:31:50 #10 type.registry] 
New type domain.InfoAccount

[2021-10-17 15:31:50 #11 type] 
Type domain.BetMade is not enhanced.

[2021-10-17 15:31:50 #12 type.registry] 
New type domain.Bet

[2021-10-17 15:31:50 #13 type] 
Type domain.CreditCard is not enhanced.

[2021-10-17 15:31:50 #14 type] 
Type domain.Coupon is not enhanced.

[2021-10-17 15:31:50 #15 type] 
Type domain.InfoAccount is not enhanced.

[2021-10-17 15:31:50 #16 type] 
Type domain.Bet is not enhanced.

[2021-10-17 15:31:50 #17 type.registry] 
New type domain.Question

[2021-10-17 15:31:50 #18 type] 
Type domain.Question is not enhanced.

[2021-10-17 15:31:50 #19 type.registry] 
New type java.util.Vector<domain.Bet>

[2021-10-17 15:31:50 #20 type.registry] 
New type domain.Event

[2021-10-17 15:31:50 #21 type] 
Type domain.Event is not enhanced.

[2021-10-17 15:31:50 #22 type.registry] 
New type domain.Team

[2021-10-17 15:31:50 #23 type.registry] 
New type java.util.Vector<domain.Question>

[2021-10-17 15:31:50 #24 type] 
Type domain.Team is not enhanced.

[2021-10-17 15:31:50 #25 type.registry] 
New type java.util.Vector<java.lang.Object>

[2021-10-17 15:31:50 #26 type.registry] 
New type java.util.LinkedList<java.lang.Object>

