------------------------------------------------------------------------------------------------------------------------

[2021-10-21 11:01:35 #1 store] 
Database 'C:\Users\elgor\Documents\Universidad\3 Curso\Software\Bets21\src\main\resources\bets.temp' is opened by 8556@DESKTOP-50C67QE

[2021-10-21 11:01:36 #2 type.registry] 
New type domain.Account

[2021-10-21 11:01:36 #3 type] 
Type domain.Account is not enhanced.

[2021-10-21 11:01:36 #4 type.registry] 
New type domain.BetMade

[2021-10-21 11:01:36 #5 type.registry] 
New type java.util.Vector<domain.BetMade>

[2021-10-21 11:01:36 #6 type.registry] 
New type domain.CreditCard

[2021-10-21 11:01:36 #7 type.registry] 
New type java.util.LinkedList<domain.CreditCard>

[2021-10-21 11:01:36 #8 type.registry] 
New type domain.Coupon

[2021-10-21 11:01:36 #9 type.registry] 
New type java.util.Vector<domain.Coupon>

[2021-10-21 11:01:36 #10 type.registry] 
New type domain.InfoAccount

[2021-10-21 11:01:36 #11 type] 
Type domain.BetMade is not enhanced.

[2021-10-21 11:01:36 #12 type.registry] 
New type domain.Bet

[2021-10-21 11:01:36 #13 type] 
Type domain.CreditCard is not enhanced.

[2021-10-21 11:01:36 #14 type] 
Type domain.Coupon is not enhanced.

[2021-10-21 11:01:36 #15 type] 
Type domain.InfoAccount is not enhanced.

[2021-10-21 11:01:36 #16 type] 
Type domain.Bet is not enhanced.

[2021-10-21 11:01:36 #17 type.registry] 
New type domain.Question

[2021-10-21 11:01:36 #18 type] 
Type domain.Question is not enhanced.

[2021-10-21 11:01:36 #19 type.registry] 
New type java.util.Vector<domain.Bet>

[2021-10-21 11:01:36 #20 type.registry] 
New type domain.Event

[2021-10-21 11:01:36 #21 type] 
Type domain.Event is not enhanced.

[2021-10-21 11:01:36 #22 type.registry] 
New type domain.Team

[2021-10-21 11:01:36 #23 type.registry] 
New type java.util.Vector<domain.Question>

[2021-10-21 11:01:36 #24 type] 
Type domain.Team is not enhanced.

[2021-10-21 11:01:36 #25 type.registry] 
New type java.util.Vector<java.lang.Object>

[2021-10-21 11:01:36 #26 type.registry] 
New type java.util.LinkedList<java.lang.Object>

------------------------------------------------------------------------------------------------------------------------

[2021-10-21 11:15:58 #1 store] 
Database 'C:\Users\elgor\Documents\Universidad\3 Curso\Software\Bets21\src\main\resources\bets.temp' is opened by 16156@DESKTOP-50C67QE

[2021-10-21 11:15:59 #2 type.registry] 
New type domain.Account

[2021-10-21 11:15:59 #3 type] 
Type domain.Account is not enhanced.

[2021-10-21 11:15:59 #4 type.registry] 
New type domain.BetMade

[2021-10-21 11:15:59 #5 type.registry] 
New type java.util.Vector<domain.BetMade>

[2021-10-21 11:15:59 #6 type.registry] 
New type domain.CreditCard

[2021-10-21 11:15:59 #7 type.registry] 
New type java.util.LinkedList<domain.CreditCard>

[2021-10-21 11:15:59 #8 type.registry] 
New type domain.Coupon

[2021-10-21 11:15:59 #9 type.registry] 
New type java.util.Vector<domain.Coupon>

[2021-10-21 11:15:59 #10 type.registry] 
New type domain.InfoAccount

[2021-10-21 11:15:59 #11 type] 
Type domain.BetMade is not enhanced.

[2021-10-21 11:15:59 #12 type.registry] 
New type domain.Bet

[2021-10-21 11:15:59 #13 type] 
Type domain.CreditCard is not enhanced.

[2021-10-21 11:15:59 #14 type] 
Type domain.Coupon is not enhanced.

[2021-10-21 11:15:59 #15 type] 
Type domain.InfoAccount is not enhanced.

[2021-10-21 11:15:59 #16 type] 
Type domain.Bet is not enhanced.

[2021-10-21 11:15:59 #17 type.registry] 
New type domain.Question

[2021-10-21 11:15:59 #18 type] 
Type domain.Question is not enhanced.

[2021-10-21 11:15:59 #19 type.registry] 
New type java.util.Vector<domain.Bet>

[2021-10-21 11:15:59 #20 type.registry] 
New type domain.Event

[2021-10-21 11:15:59 #21 type] 
Type domain.Event is not enhanced.

[2021-10-21 11:15:59 #22 type.registry] 
New type domain.Team

[2021-10-21 11:15:59 #23 type.registry] 
New type java.util.Vector<domain.Question>

[2021-10-21 11:15:59 #24 type] 
Type domain.Team is not enhanced.

[2021-10-21 11:15:59 #25 type.registry] 
New type java.util.Vector<java.lang.Object>

[2021-10-21 11:15:59 #26 type.registry] 
New type java.util.LinkedList<java.lang.Object>

------------------------------------------------------------------------------------------------------------------------

[2021-10-21 11:18:15 #1 store] 
Database 'C:\Users\elgor\Documents\Universidad\3 Curso\Software\Bets21\src\main\resources\bets.temp' is opened by 1780@DESKTOP-50C67QE

[2021-10-21 11:18:16 #2 type.registry] 
New type domain.Account

[2021-10-21 11:18:16 #3 type] 
Type domain.Account is not enhanced.

[2021-10-21 11:18:16 #4 type.registry] 
New type domain.BetMade

[2021-10-21 11:18:16 #5 type.registry] 
New type java.util.Vector<domain.BetMade>

[2021-10-21 11:18:16 #6 type.registry] 
New type domain.CreditCard

[2021-10-21 11:18:16 #7 type.registry] 
New type java.util.LinkedList<domain.CreditCard>

[2021-10-21 11:18:16 #8 type.registry] 
New type domain.Coupon

[2021-10-21 11:18:16 #9 type.registry] 
New type java.util.Vector<domain.Coupon>

[2021-10-21 11:18:16 #10 type.registry] 
New type domain.InfoAccount

[2021-10-21 11:18:16 #11 type] 
Type domain.BetMade is not enhanced.

[2021-10-21 11:18:16 #12 type.registry] 
New type domain.Bet

[2021-10-21 11:18:16 #13 type] 
Type domain.CreditCard is not enhanced.

[2021-10-21 11:18:16 #14 type] 
Type domain.Coupon is not enhanced.

[2021-10-21 11:18:16 #15 type] 
Type domain.InfoAccount is not enhanced.

[2021-10-21 11:18:16 #16 type] 
Type domain.Bet is not enhanced.

[2021-10-21 11:18:16 #17 type.registry] 
New type domain.Question

[2021-10-21 11:18:16 #18 type] 
Type domain.Question is not enhanced.

[2021-10-21 11:18:16 #19 type.registry] 
New type java.util.Vector<domain.Bet>

[2021-10-21 11:18:16 #20 type.registry] 
New type domain.Event

[2021-10-21 11:18:16 #21 type] 
Type domain.Event is not enhanced.

[2021-10-21 11:18:16 #22 type.registry] 
New type domain.Team

[2021-10-21 11:18:16 #23 type.registry] 
New type java.util.Vector<domain.Question>

[2021-10-21 11:18:16 #24 type] 
Type domain.Team is not enhanced.

[2021-10-21 11:18:16 #25 type.registry] 
New type java.util.Vector<java.lang.Object>

[2021-10-21 11:18:16 #26 type.registry] 
New type java.util.LinkedList<java.lang.Object>

------------------------------------------------------------------------------------------------------------------------

[2021-10-21 11:19:42 #1 store] 
Database 'C:\Users\elgor\Documents\Universidad\3 Curso\Software\Bets21\src\main\resources\bets.temp' is opened by 9580@DESKTOP-50C67QE

[2021-10-21 11:19:42 #2 type.registry] 
New type domain.Account

[2021-10-21 11:19:42 #3 type] 
Type domain.Account is not enhanced.

[2021-10-21 11:19:42 #4 type.registry] 
New type domain.BetMade

[2021-10-21 11:19:42 #5 type.registry] 
New type java.util.Vector<domain.BetMade>

[2021-10-21 11:19:42 #6 type.registry] 
New type domain.CreditCard

[2021-10-21 11:19:42 #7 type.registry] 
New type java.util.LinkedList<domain.CreditCard>

[2021-10-21 11:19:42 #8 type.registry] 
New type domain.Coupon

[2021-10-21 11:19:42 #9 type.registry] 
New type java.util.Vector<domain.Coupon>

[2021-10-21 11:19:42 #10 type.registry] 
New type domain.InfoAccount

[2021-10-21 11:19:42 #11 type] 
Type domain.BetMade is not enhanced.

[2021-10-21 11:19:42 #12 type.registry] 
New type domain.Bet

[2021-10-21 11:19:42 #13 type] 
Type domain.CreditCard is not enhanced.

[2021-10-21 11:19:42 #14 type] 
Type domain.Coupon is not enhanced.

[2021-10-21 11:19:42 #15 type] 
Type domain.InfoAccount is not enhanced.

[2021-10-21 11:19:42 #16 type] 
Type domain.Bet is not enhanced.

[2021-10-21 11:19:42 #17 type.registry] 
New type domain.Question

[2021-10-21 11:19:42 #18 type] 
Type domain.Question is not enhanced.

[2021-10-21 11:19:42 #19 type.registry] 
New type java.util.Vector<domain.Bet>

[2021-10-21 11:19:42 #20 type.registry] 
New type domain.Event

[2021-10-21 11:19:42 #21 type] 
Type domain.Event is not enhanced.

[2021-10-21 11:19:42 #22 type.registry] 
New type domain.Team

[2021-10-21 11:19:42 #23 type.registry] 
New type java.util.Vector<domain.Question>

[2021-10-21 11:19:42 #24 type] 
Type domain.Team is not enhanced.

[2021-10-21 11:19:42 #25 type.registry] 
New type java.util.Vector<java.lang.Object>

[2021-10-21 11:19:42 #26 type.registry] 
New type java.util.LinkedList<java.lang.Object>

