------------------------------------------------------------------------------------------------------------------------

[2021-10-14 19:12:44 #1 store] 
Database 'C:\Users\elgor\Documents\Universidad\3 Curso\Software\Bets21\src\main\resources\bets.temp' is opened by 15060@DESKTOP-50C67QE

[2021-10-14 19:12:44 #2 type.registry] 
New type domain.Account

[2021-10-14 19:12:44 #3 type] 
Type domain.Account is not enhanced.

[2021-10-14 19:12:44 #4 type.registry] 
New type domain.BetMade

[2021-10-14 19:12:44 #5 type.registry] 
New type java.util.Vector<domain.BetMade>

[2021-10-14 19:12:44 #6 type.registry] 
New type domain.CreditCard

[2021-10-14 19:12:44 #7 type.registry] 
New type java.util.LinkedList<domain.CreditCard>

[2021-10-14 19:12:44 #8 type.registry] 
New type domain.Coupon

[2021-10-14 19:12:44 #9 type.registry] 
New type java.util.Vector<domain.Coupon>

[2021-10-14 19:12:44 #10 type.registry] 
New type domain.InfoAccount

[2021-10-14 19:12:44 #11 type] 
Type domain.BetMade is not enhanced.

[2021-10-14 19:12:44 #12 type.registry] 
New type domain.Bet

[2021-10-14 19:12:44 #13 type] 
Type domain.CreditCard is not enhanced.

[2021-10-14 19:12:44 #14 type] 
Type domain.Coupon is not enhanced.

[2021-10-14 19:12:44 #15 type] 
Type domain.InfoAccount is not enhanced.

[2021-10-14 19:12:44 #16 type] 
Type domain.Bet is not enhanced.

[2021-10-14 19:12:44 #17 type.registry] 
New type domain.Question

[2021-10-14 19:12:44 #18 type] 
Type domain.Question is not enhanced.

[2021-10-14 19:12:44 #19 type.registry] 
New type java.util.Vector<domain.Bet>

[2021-10-14 19:12:44 #20 type.registry] 
New type domain.Event

[2021-10-14 19:12:44 #21 type] 
Type domain.Event is not enhanced.

[2021-10-14 19:12:44 #22 type.registry] 
New type domain.Team

[2021-10-14 19:12:44 #23 type.registry] 
New type java.util.Vector<domain.Question>

[2021-10-14 19:12:44 #24 type] 
Type domain.Team is not enhanced.

[2021-10-14 19:12:44 #25 type.registry] 
New type java.util.Vector<java.lang.Object>

[2021-10-14 19:12:44 #26 type.registry] 
New type java.util.LinkedList<java.lang.Object>

[2021-10-14 19:12:45 #27 type.registry] 
New type java.util.Vector<domain.Event>

------------------------------------------------------------------------------------------------------------------------

[2021-10-14 19:13:08 #1 store] 
Database 'C:\Users\elgor\Documents\Universidad\3 Curso\Software\Bets21\src\main\resources\bets.temp' is opened by 7520@DESKTOP-50C67QE

[2021-10-14 19:13:08 #2 type.registry] 
New type domain.Account

[2021-10-14 19:13:08 #3 type] 
Type domain.Account is not enhanced.

[2021-10-14 19:13:08 #4 type.registry] 
New type domain.BetMade

[2021-10-14 19:13:08 #5 type.registry] 
New type java.util.Vector<domain.BetMade>

[2021-10-14 19:13:08 #6 type.registry] 
New type domain.CreditCard

[2021-10-14 19:13:08 #7 type.registry] 
New type java.util.LinkedList<domain.CreditCard>

[2021-10-14 19:13:08 #8 type.registry] 
New type domain.Coupon

[2021-10-14 19:13:08 #9 type.registry] 
New type java.util.Vector<domain.Coupon>

[2021-10-14 19:13:08 #10 type.registry] 
New type domain.InfoAccount

[2021-10-14 19:13:08 #11 type] 
Type domain.BetMade is not enhanced.

[2021-10-14 19:13:08 #12 type.registry] 
New type domain.Bet

[2021-10-14 19:13:08 #13 type] 
Type domain.CreditCard is not enhanced.

[2021-10-14 19:13:08 #14 type] 
Type domain.Coupon is not enhanced.

[2021-10-14 19:13:08 #15 type] 
Type domain.InfoAccount is not enhanced.

[2021-10-14 19:13:08 #16 type] 
Type domain.Bet is not enhanced.

[2021-10-14 19:13:08 #17 type.registry] 
New type domain.Question

[2021-10-14 19:13:08 #18 type] 
Type domain.Question is not enhanced.

[2021-10-14 19:13:08 #19 type.registry] 
New type java.util.Vector<domain.Bet>

[2021-10-14 19:13:08 #20 type.registry] 
New type domain.Event

[2021-10-14 19:13:08 #21 type] 
Type domain.Event is not enhanced.

[2021-10-14 19:13:08 #22 type.registry] 
New type domain.Team

[2021-10-14 19:13:08 #23 type.registry] 
New type java.util.Vector<domain.Question>

[2021-10-14 19:13:08 #24 type] 
Type domain.Team is not enhanced.

[2021-10-14 19:13:08 #25 type.registry] 
New type java.util.Vector<java.lang.Object>

[2021-10-14 19:13:08 #26 type.registry] 
New type java.util.LinkedList<java.lang.Object>

[2021-10-14 19:13:09 #27 type.registry] 
New type java.util.Vector<domain.Event>

------------------------------------------------------------------------------------------------------------------------

[2021-10-14 19:14:40 #1 store] 
Database 'C:\Users\elgor\Documents\Universidad\3 Curso\Software\Bets21\src\main\resources\bets.temp' is opened by 4148@DESKTOP-50C67QE

[2021-10-14 19:14:40 #2 type.registry] 
New type domain.Account

[2021-10-14 19:14:40 #3 type] 
Type domain.Account is not enhanced.

[2021-10-14 19:14:40 #4 type.registry] 
New type domain.BetMade

[2021-10-14 19:14:40 #5 type.registry] 
New type java.util.Vector<domain.BetMade>

[2021-10-14 19:14:40 #6 type.registry] 
New type domain.CreditCard

[2021-10-14 19:14:40 #7 type.registry] 
New type java.util.LinkedList<domain.CreditCard>

[2021-10-14 19:14:40 #8 type.registry] 
New type domain.Coupon

[2021-10-14 19:14:40 #9 type.registry] 
New type java.util.Vector<domain.Coupon>

[2021-10-14 19:14:40 #10 type.registry] 
New type domain.InfoAccount

[2021-10-14 19:14:40 #11 type] 
Type domain.BetMade is not enhanced.

[2021-10-14 19:14:40 #12 type.registry] 
New type domain.Bet

[2021-10-14 19:14:40 #13 type] 
Type domain.CreditCard is not enhanced.

[2021-10-14 19:14:40 #14 type] 
Type domain.Coupon is not enhanced.

[2021-10-14 19:14:40 #15 type] 
Type domain.InfoAccount is not enhanced.

[2021-10-14 19:14:40 #16 type] 
Type domain.Bet is not enhanced.

[2021-10-14 19:14:40 #17 type.registry] 
New type domain.Question

[2021-10-14 19:14:40 #18 type] 
Type domain.Question is not enhanced.

[2021-10-14 19:14:40 #19 type.registry] 
New type java.util.Vector<domain.Bet>

[2021-10-14 19:14:40 #20 type.registry] 
New type domain.Event

[2021-10-14 19:14:40 #21 type] 
Type domain.Event is not enhanced.

[2021-10-14 19:14:40 #22 type.registry] 
New type domain.Team

[2021-10-14 19:14:40 #23 type.registry] 
New type java.util.Vector<domain.Question>

[2021-10-14 19:14:40 #24 type] 
Type domain.Team is not enhanced.

[2021-10-14 19:14:40 #25 type.registry] 
New type java.util.Vector<java.lang.Object>

[2021-10-14 19:14:40 #26 type.registry] 
New type java.util.LinkedList<java.lang.Object>

[2021-10-14 19:14:41 #27 type.registry] 
New type java.util.Vector<domain.Event>

------------------------------------------------------------------------------------------------------------------------

[2021-10-14 19:16:49 #1 store] 
Database 'C:\Users\elgor\Documents\Universidad\3 Curso\Software\Bets21\src\main\resources\bets.temp' is opened by 13448@DESKTOP-50C67QE

[2021-10-14 19:16:49 #2 type.registry] 
New type domain.Account

[2021-10-14 19:16:49 #3 type] 
Type domain.Account is not enhanced.

[2021-10-14 19:16:49 #4 type.registry] 
New type domain.BetMade

[2021-10-14 19:16:49 #5 type.registry] 
New type java.util.Vector<domain.BetMade>

[2021-10-14 19:16:49 #6 type.registry] 
New type domain.CreditCard

[2021-10-14 19:16:49 #7 type.registry] 
New type java.util.LinkedList<domain.CreditCard>

[2021-10-14 19:16:49 #8 type.registry] 
New type domain.Coupon

[2021-10-14 19:16:49 #9 type.registry] 
New type java.util.Vector<domain.Coupon>

[2021-10-14 19:16:49 #10 type.registry] 
New type domain.InfoAccount

[2021-10-14 19:16:49 #11 type] 
Type domain.BetMade is not enhanced.

[2021-10-14 19:16:49 #12 type.registry] 
New type domain.Bet

[2021-10-14 19:16:49 #13 type] 
Type domain.CreditCard is not enhanced.

[2021-10-14 19:16:49 #14 type] 
Type domain.Coupon is not enhanced.

[2021-10-14 19:16:49 #15 type] 
Type domain.InfoAccount is not enhanced.

[2021-10-14 19:16:49 #16 type] 
Type domain.Bet is not enhanced.

[2021-10-14 19:16:49 #17 type.registry] 
New type domain.Question

[2021-10-14 19:16:49 #18 type] 
Type domain.Question is not enhanced.

[2021-10-14 19:16:49 #19 type.registry] 
New type java.util.Vector<domain.Bet>

[2021-10-14 19:16:49 #20 type.registry] 
New type domain.Event

[2021-10-14 19:16:49 #21 type] 
Type domain.Event is not enhanced.

[2021-10-14 19:16:49 #22 type.registry] 
New type domain.Team

[2021-10-14 19:16:49 #23 type.registry] 
New type java.util.Vector<domain.Question>

[2021-10-14 19:16:49 #24 type] 
Type domain.Team is not enhanced.

[2021-10-14 19:16:49 #25 type.registry] 
New type java.util.Vector<java.lang.Object>

[2021-10-14 19:16:49 #26 type.registry] 
New type java.util.LinkedList<java.lang.Object>

[2021-10-14 19:16:50 #27 type.registry] 
New type java.util.Vector<domain.Event>

------------------------------------------------------------------------------------------------------------------------

[2021-10-14 19:19:43 #1 store] 
Database 'C:\Users\elgor\Documents\Universidad\3 Curso\Software\Bets21\src\main\resources\bets.temp' is opened by 12940@DESKTOP-50C67QE

[2021-10-14 19:19:43 #2 type.registry] 
New type domain.Account

[2021-10-14 19:19:43 #3 type] 
Type domain.Account is not enhanced.

[2021-10-14 19:19:43 #4 type.registry] 
New type domain.BetMade

[2021-10-14 19:19:43 #5 type.registry] 
New type java.util.Vector<domain.BetMade>

[2021-10-14 19:19:43 #6 type.registry] 
New type domain.CreditCard

[2021-10-14 19:19:43 #7 type.registry] 
New type java.util.LinkedList<domain.CreditCard>

[2021-10-14 19:19:43 #8 type.registry] 
New type domain.Coupon

[2021-10-14 19:19:43 #9 type.registry] 
New type java.util.Vector<domain.Coupon>

[2021-10-14 19:19:43 #10 type.registry] 
New type domain.InfoAccount

[2021-10-14 19:19:43 #11 type] 
Type domain.BetMade is not enhanced.

[2021-10-14 19:19:43 #12 type.registry] 
New type domain.Bet

[2021-10-14 19:19:43 #13 type] 
Type domain.CreditCard is not enhanced.

[2021-10-14 19:19:43 #14 type] 
Type domain.Coupon is not enhanced.

[2021-10-14 19:19:43 #15 type] 
Type domain.InfoAccount is not enhanced.

[2021-10-14 19:19:43 #16 type] 
Type domain.Bet is not enhanced.

[2021-10-14 19:19:43 #17 type.registry] 
New type domain.Question

[2021-10-14 19:19:43 #18 type] 
Type domain.Question is not enhanced.

[2021-10-14 19:19:43 #19 type.registry] 
New type java.util.Vector<domain.Bet>

[2021-10-14 19:19:43 #20 type.registry] 
New type domain.Event

[2021-10-14 19:19:43 #21 type] 
Type domain.Event is not enhanced.

[2021-10-14 19:19:43 #22 type.registry] 
New type domain.Team

[2021-10-14 19:19:43 #23 type.registry] 
New type java.util.Vector<domain.Question>

[2021-10-14 19:19:43 #24 type] 
Type domain.Team is not enhanced.

[2021-10-14 19:19:43 #25 type.registry] 
New type java.util.Vector<java.lang.Object>

[2021-10-14 19:19:43 #26 type.registry] 
New type java.util.LinkedList<java.lang.Object>

[2021-10-14 19:19:43 #27 type.registry] 
New type java.util.Vector<domain.Event>

------------------------------------------------------------------------------------------------------------------------

[2021-10-14 19:20:29 #1 store] 
Database 'C:\Users\elgor\Documents\Universidad\3 Curso\Software\Bets21\src\main\resources\bets.temp' is opened by 1948@DESKTOP-50C67QE

[2021-10-14 19:20:29 #2 type.registry] 
New type domain.Event

[2021-10-14 19:20:29 #3 type] 
Type domain.Event is not enhanced.

[2021-10-14 19:20:29 #4 type.registry] 
New type domain.Team

[2021-10-14 19:20:29 #5 type.registry] 
New type domain.Question

[2021-10-14 19:20:29 #6 type.registry] 
New type java.util.Vector<domain.Question>

[2021-10-14 19:20:29 #7 type] 
Type domain.Team is not enhanced.

[2021-10-14 19:20:29 #8 type] 
Type domain.Question is not enhanced.

[2021-10-14 19:20:29 #9 type.registry] 
New type domain.Bet

[2021-10-14 19:20:29 #10 type.registry] 
New type java.util.Vector<domain.Bet>

[2021-10-14 19:20:29 #11 type] 
Type domain.Bet is not enhanced.

[2021-10-14 19:20:29 #12 type.registry] 
New type java.util.Vector<java.lang.Object>

------------------------------------------------------------------------------------------------------------------------

[2021-10-14 19:21:14 #1 store] 
Database 'C:\Users\elgor\Documents\Universidad\3 Curso\Software\Bets21\src\main\resources\bets.temp' is opened by 15768@DESKTOP-50C67QE

[2021-10-14 19:21:15 #2 type.registry] 
New type domain.Event

[2021-10-14 19:21:15 #3 type] 
Type domain.Event is not enhanced.

[2021-10-14 19:21:15 #4 type.registry] 
New type domain.Team

[2021-10-14 19:21:15 #5 type.registry] 
New type domain.Question

[2021-10-14 19:21:15 #6 type.registry] 
New type java.util.Vector<domain.Question>

[2021-10-14 19:21:15 #7 type] 
Type domain.Team is not enhanced.

[2021-10-14 19:21:15 #8 type] 
Type domain.Question is not enhanced.

[2021-10-14 19:21:15 #9 type.registry] 
New type domain.Bet

[2021-10-14 19:21:15 #10 type.registry] 
New type java.util.Vector<domain.Bet>

[2021-10-14 19:21:15 #11 type] 
Type domain.Bet is not enhanced.

[2021-10-14 19:21:15 #12 type.registry] 
New type java.util.Vector<java.lang.Object>

------------------------------------------------------------------------------------------------------------------------

[2021-10-14 19:22:21 #1 store] 
Database 'C:\Users\elgor\Documents\Universidad\3 Curso\Software\Bets21\src\main\resources\bets.temp' is opened by 15620@DESKTOP-50C67QE

[2021-10-14 19:22:21 #2 type.registry] 
New type domain.Event

[2021-10-14 19:22:21 #3 type] 
Type domain.Event is not enhanced.

[2021-10-14 19:22:21 #4 type.registry] 
New type domain.Team

[2021-10-14 19:22:21 #5 type.registry] 
New type domain.Question

[2021-10-14 19:22:21 #6 type.registry] 
New type java.util.Vector<domain.Question>

[2021-10-14 19:22:21 #7 type] 
Type domain.Team is not enhanced.

[2021-10-14 19:22:21 #8 type] 
Type domain.Question is not enhanced.

[2021-10-14 19:22:21 #9 type.registry] 
New type domain.Bet

[2021-10-14 19:22:21 #10 type.registry] 
New type java.util.Vector<domain.Bet>

[2021-10-14 19:22:21 #11 type] 
Type domain.Bet is not enhanced.

[2021-10-14 19:22:21 #12 type.registry] 
New type java.util.Vector<java.lang.Object>

------------------------------------------------------------------------------------------------------------------------

[2021-10-14 19:22:38 #1 store] 
Database 'C:\Users\elgor\Documents\Universidad\3 Curso\Software\Bets21\src\main\resources\bets.temp' is opened by 13220@DESKTOP-50C67QE

[2021-10-14 19:22:38 #2 type.registry] 
New type domain.Account

[2021-10-14 19:22:38 #3 type] 
Type domain.Account is not enhanced.

[2021-10-14 19:22:38 #4 type.registry] 
New type domain.BetMade

[2021-10-14 19:22:38 #5 type.registry] 
New type java.util.Vector<domain.BetMade>

[2021-10-14 19:22:38 #6 type.registry] 
New type domain.CreditCard

[2021-10-14 19:22:38 #7 type.registry] 
New type java.util.LinkedList<domain.CreditCard>

[2021-10-14 19:22:38 #8 type.registry] 
New type domain.Coupon

[2021-10-14 19:22:38 #9 type.registry] 
New type java.util.Vector<domain.Coupon>

[2021-10-14 19:22:38 #10 type.registry] 
New type domain.InfoAccount

[2021-10-14 19:22:38 #11 type] 
Type domain.BetMade is not enhanced.

[2021-10-14 19:22:38 #12 type.registry] 
New type domain.Bet

[2021-10-14 19:22:38 #13 type] 
Type domain.CreditCard is not enhanced.

[2021-10-14 19:22:38 #14 type] 
Type domain.Coupon is not enhanced.

[2021-10-14 19:22:38 #15 type] 
Type domain.InfoAccount is not enhanced.

[2021-10-14 19:22:38 #16 type] 
Type domain.Bet is not enhanced.

[2021-10-14 19:22:38 #17 type.registry] 
New type domain.Question

[2021-10-14 19:22:38 #18 type] 
Type domain.Question is not enhanced.

[2021-10-14 19:22:38 #19 type.registry] 
New type java.util.Vector<domain.Bet>

[2021-10-14 19:22:38 #20 type.registry] 
New type domain.Event

[2021-10-14 19:22:38 #21 type] 
Type domain.Event is not enhanced.

[2021-10-14 19:22:38 #22 type.registry] 
New type domain.Team

[2021-10-14 19:22:38 #23 type.registry] 
New type java.util.Vector<domain.Question>

[2021-10-14 19:22:38 #24 type] 
Type domain.Team is not enhanced.

[2021-10-14 19:22:38 #25 type.registry] 
New type java.util.Vector<java.lang.Object>

[2021-10-14 19:22:38 #26 type.registry] 
New type java.util.LinkedList<java.lang.Object>

[2021-10-14 19:22:38 #27 type.registry] 
New type java.util.Vector<domain.Event>

------------------------------------------------------------------------------------------------------------------------

[2021-10-14 19:24:10 #1 store] 
Database 'C:\Users\elgor\Documents\Universidad\3 Curso\Software\Bets21\src\main\resources\bets.temp' is opened by 1316@DESKTOP-50C67QE

[2021-10-14 19:24:10 #2 type.registry] 
New type domain.Account

[2021-10-14 19:24:10 #3 type] 
Type domain.Account is not enhanced.

[2021-10-14 19:24:10 #4 type.registry] 
New type domain.BetMade

[2021-10-14 19:24:10 #5 type.registry] 
New type java.util.Vector<domain.BetMade>

[2021-10-14 19:24:10 #6 type.registry] 
New type domain.CreditCard

[2021-10-14 19:24:10 #7 type.registry] 
New type java.util.LinkedList<domain.CreditCard>

[2021-10-14 19:24:11 #8 type.registry] 
New type domain.Coupon

[2021-10-14 19:24:11 #9 type.registry] 
New type java.util.Vector<domain.Coupon>

[2021-10-14 19:24:11 #10 type.registry] 
New type domain.InfoAccount

[2021-10-14 19:24:11 #11 type] 
Type domain.BetMade is not enhanced.

[2021-10-14 19:24:11 #12 type.registry] 
New type domain.Bet

[2021-10-14 19:24:11 #13 type] 
Type domain.CreditCard is not enhanced.

[2021-10-14 19:24:11 #14 type] 
Type domain.Coupon is not enhanced.

[2021-10-14 19:24:11 #15 type] 
Type domain.InfoAccount is not enhanced.

[2021-10-14 19:24:11 #16 type] 
Type domain.Bet is not enhanced.

[2021-10-14 19:24:11 #17 type.registry] 
New type domain.Question

[2021-10-14 19:24:11 #18 type] 
Type domain.Question is not enhanced.

[2021-10-14 19:24:11 #19 type.registry] 
New type java.util.Vector<domain.Bet>

[2021-10-14 19:24:11 #20 type.registry] 
New type domain.Event

[2021-10-14 19:24:11 #21 type] 
Type domain.Event is not enhanced.

[2021-10-14 19:24:11 #22 type.registry] 
New type domain.Team

[2021-10-14 19:24:11 #23 type.registry] 
New type java.util.Vector<domain.Question>

[2021-10-14 19:24:11 #24 type] 
Type domain.Team is not enhanced.

[2021-10-14 19:24:11 #25 type.registry] 
New type java.util.Vector<java.lang.Object>

[2021-10-14 19:24:11 #26 type.registry] 
New type java.util.LinkedList<java.lang.Object>

------------------------------------------------------------------------------------------------------------------------

[2021-10-14 19:24:51 #1 store] 
Database 'C:\Users\elgor\Documents\Universidad\3 Curso\Software\Bets21\src\main\resources\bets.temp' is opened by 10832@DESKTOP-50C67QE

[2021-10-14 19:24:51 #2 type.registry] 
New type domain.Account

[2021-10-14 19:24:51 #3 type] 
Type domain.Account is not enhanced.

[2021-10-14 19:24:51 #4 type.registry] 
New type domain.BetMade

[2021-10-14 19:24:51 #5 type.registry] 
New type java.util.Vector<domain.BetMade>

[2021-10-14 19:24:51 #6 type.registry] 
New type domain.CreditCard

[2021-10-14 19:24:51 #7 type.registry] 
New type java.util.LinkedList<domain.CreditCard>

[2021-10-14 19:24:51 #8 type.registry] 
New type domain.Coupon

[2021-10-14 19:24:51 #9 type.registry] 
New type java.util.Vector<domain.Coupon>

[2021-10-14 19:24:51 #10 type.registry] 
New type domain.InfoAccount

[2021-10-14 19:24:51 #11 type] 
Type domain.BetMade is not enhanced.

[2021-10-14 19:24:51 #12 type.registry] 
New type domain.Bet

[2021-10-14 19:24:51 #13 type] 
Type domain.CreditCard is not enhanced.

[2021-10-14 19:24:51 #14 type] 
Type domain.Coupon is not enhanced.

[2021-10-14 19:24:51 #15 type] 
Type domain.InfoAccount is not enhanced.

[2021-10-14 19:24:51 #16 type] 
Type domain.Bet is not enhanced.

[2021-10-14 19:24:51 #17 type.registry] 
New type domain.Question

[2021-10-14 19:24:51 #18 type] 
Type domain.Question is not enhanced.

[2021-10-14 19:24:51 #19 type.registry] 
New type java.util.Vector<domain.Bet>

[2021-10-14 19:24:51 #20 type.registry] 
New type domain.Event

[2021-10-14 19:24:51 #21 type] 
Type domain.Event is not enhanced.

[2021-10-14 19:24:51 #22 type.registry] 
New type domain.Team

[2021-10-14 19:24:51 #23 type.registry] 
New type java.util.Vector<domain.Question>

[2021-10-14 19:24:51 #24 type] 
Type domain.Team is not enhanced.

[2021-10-14 19:24:51 #25 type.registry] 
New type java.util.Vector<java.lang.Object>

[2021-10-14 19:24:51 #26 type.registry] 
New type java.util.LinkedList<java.lang.Object>

------------------------------------------------------------------------------------------------------------------------

[2021-10-14 19:25:02 #1 store] 
Database 'C:\Users\elgor\Documents\Universidad\3 Curso\Software\Bets21\src\main\resources\bets.temp' is opened by 13480@DESKTOP-50C67QE

[2021-10-14 19:25:02 #2 type.registry] 
New type domain.Account

[2021-10-14 19:25:02 #3 type] 
Type domain.Account is not enhanced.

[2021-10-14 19:25:02 #4 type.registry] 
New type domain.BetMade

[2021-10-14 19:25:02 #5 type.registry] 
New type java.util.Vector<domain.BetMade>

[2021-10-14 19:25:02 #6 type.registry] 
New type domain.CreditCard

[2021-10-14 19:25:02 #7 type.registry] 
New type java.util.LinkedList<domain.CreditCard>

[2021-10-14 19:25:02 #8 type.registry] 
New type domain.Coupon

[2021-10-14 19:25:02 #9 type.registry] 
New type java.util.Vector<domain.Coupon>

[2021-10-14 19:25:02 #10 type.registry] 
New type domain.InfoAccount

[2021-10-14 19:25:02 #11 type] 
Type domain.BetMade is not enhanced.

[2021-10-14 19:25:02 #12 type.registry] 
New type domain.Bet

[2021-10-14 19:25:02 #13 type] 
Type domain.CreditCard is not enhanced.

[2021-10-14 19:25:02 #14 type] 
Type domain.Coupon is not enhanced.

[2021-10-14 19:25:02 #15 type] 
Type domain.InfoAccount is not enhanced.

[2021-10-14 19:25:02 #16 type] 
Type domain.Bet is not enhanced.

[2021-10-14 19:25:02 #17 type.registry] 
New type domain.Question

[2021-10-14 19:25:02 #18 type] 
Type domain.Question is not enhanced.

[2021-10-14 19:25:02 #19 type.registry] 
New type java.util.Vector<domain.Bet>

[2021-10-14 19:25:02 #20 type.registry] 
New type domain.Event

[2021-10-14 19:25:02 #21 type] 
Type domain.Event is not enhanced.

[2021-10-14 19:25:02 #22 type.registry] 
New type domain.Team

[2021-10-14 19:25:02 #23 type.registry] 
New type java.util.Vector<domain.Question>

[2021-10-14 19:25:02 #24 type] 
Type domain.Team is not enhanced.

[2021-10-14 19:25:02 #25 type.registry] 
New type java.util.Vector<java.lang.Object>

[2021-10-14 19:25:02 #26 type.registry] 
New type java.util.LinkedList<java.lang.Object>

