------------------------------------------------------------------------------------------------------------------------

[2021-02-26 16:19:57 #1 store] 
Database 'C:\Users\elgor\Documents\2 Curso\2.Cuatri\Ingenieria Software\Bets21\src\main\resources\bets.temp' is opened by 10080@DESKTOP-50C67QE

[2021-02-26 16:19:57 #2 type.registry] 
New type domain.Question

[2021-02-26 16:19:57 #3 type] 
Type domain.Question is not enhanced.

[2021-02-26 16:19:57 #4 type.registry] 
New type domain.Event

[2021-02-26 16:19:57 #5 type] 
Type domain.Event is not enhanced.

[2021-02-26 16:19:58 #6 type.registry] 
New type java.util.Vector<domain.Question>

[2021-02-26 16:19:58 #7 type.registry] 
New type java.util.Vector<java.lang.Object>

------------------------------------------------------------------------------------------------------------------------

[2021-02-26 16:30:59 #1 store] 
Database 'C:\Users\elgor\Documents\2 Curso\2.Cuatri\Ingenieria Software\Bets21\src\main\resources\bets.temp' is opened by 9212@DESKTOP-50C67QE

[2021-02-26 16:30:59 #2 type.registry] 
New type domain.Question

[2021-02-26 16:30:59 #3 type] 
Type domain.Question is not enhanced.

[2021-02-26 16:30:59 #4 type.registry] 
New type domain.Event

[2021-02-26 16:30:59 #5 type] 
Type domain.Event is not enhanced.

[2021-02-26 16:30:59 #6 type.registry] 
New type java.util.Vector<domain.Question>

[2021-02-26 16:30:59 #7 type.registry] 
New type java.util.Vector<java.lang.Object>

------------------------------------------------------------------------------------------------------------------------

[2021-02-26 16:37:48 #1 store] 
Database 'C:\Users\elgor\Documents\2 Curso\2.Cuatri\Ingenieria Software\Bets21\src\main\resources\bets.temp' is opened by 10148@DESKTOP-50C67QE

[2021-02-26 16:37:49 #2 type.registry] 
New type domain.Question

[2021-02-26 16:37:49 #3 type] 
Type domain.Question is not enhanced.

[2021-02-26 16:37:49 #4 type.registry] 
New type domain.Event

[2021-02-26 16:37:49 #5 type] 
Type domain.Event is not enhanced.

[2021-02-26 16:37:49 #6 type.registry] 
New type java.util.Vector<domain.Question>

[2021-02-26 16:37:49 #7 type.registry] 
New type java.util.Vector<java.lang.Object>

------------------------------------------------------------------------------------------------------------------------

[2021-02-26 16:54:40 #1 store] 
Database 'C:\Users\elgor\Documents\2 Curso\2.Cuatri\Ingenieria Software\Bets21\src\main\resources\bets.temp' is opened by 1768@DESKTOP-50C67QE

[2021-02-26 16:54:40 #2 type.registry] 
New type domain.Question

[2021-02-26 16:54:40 #3 type] 
Type domain.Question is not enhanced.

[2021-02-26 16:54:40 #4 type.registry] 
New type domain.Event

[2021-02-26 16:54:40 #5 type] 
Type domain.Event is not enhanced.

[2021-02-26 16:54:40 #6 type.registry] 
New type java.util.Vector<domain.Question>

[2021-02-26 16:54:40 #7 type.registry] 
New type java.util.Vector<java.lang.Object>

------------------------------------------------------------------------------------------------------------------------

[2021-02-26 17:09:41 #1 store] 
Database 'C:\Users\elgor\Documents\2 Curso\2.Cuatri\Ingenieria Software\Bets21\src\main\resources\bets.temp' is opened by 13308@DESKTOP-50C67QE

[2021-02-26 17:09:41 #2 type.registry] 
New type domain.Question

[2021-02-26 17:09:41 #3 type] 
Type domain.Question is not enhanced.

[2021-02-26 17:09:41 #4 type.registry] 
New type domain.Event

[2021-02-26 17:09:41 #5 type] 
Type domain.Event is not enhanced.

[2021-02-26 17:09:41 #6 type.registry] 
New type java.util.Vector<domain.Question>

[2021-02-26 17:09:41 #7 type.registry] 
New type java.util.Vector<java.lang.Object>

