------------------------------------------------------------------------------------------------------------------------

[2021-03-02 00:05:47 #1 store] 
Database 'C:\Users\elgor\Documents\2 Curso\2.Cuatri\Ingenieria Software\Bets21.5\src\main\resources\bets.temp' is opened by 15456@DESKTOP-50C67QE

[2021-03-02 00:05:48 #2 type.registry] 
New type domain.Question

[2021-03-02 00:05:48 #3 type] 
Type domain.Question is not enhanced.

[2021-03-02 00:05:48 #4 type.registry] 
New type domain.Bet

[2021-03-02 00:05:48 #5 type.registry] 
New type java.util.Vector<domain.Bet>

[2021-03-02 00:05:48 #6 type.registry] 
New type domain.Event

[2021-03-02 00:05:48 #7 type] 
Type domain.Bet is not enhanced.

[2021-03-02 00:05:48 #8 type] 
Type domain.Event is not enhanced.

[2021-03-02 00:05:48 #9 type.registry] 
New type java.util.Vector<domain.Question>

[2021-03-02 00:05:48 #10 type.registry] 
New type domain.InfoAccount

[2021-03-02 00:05:48 #11 type] 
Type domain.InfoAccount is not enhanced.

[2021-03-02 00:05:48 #12 type.registry] 
New type domain.Account

[2021-03-02 00:05:48 #13 type] 
Type domain.Account is not enhanced.

[2021-03-02 00:05:48 #14 type.registry] 
New type java.util.Vector<java.lang.Object>

------------------------------------------------------------------------------------------------------------------------

[2021-03-02 00:11:23 #1 store] 
Database 'C:\Users\elgor\Documents\2 Curso\2.Cuatri\Ingenieria Software\Bets21.5\src\main\resources\bets.temp' is opened by 9584@DESKTOP-50C67QE

[2021-03-02 00:11:24 #2 type.registry] 
New type domain.Question

[2021-03-02 00:11:24 #3 type] 
Type domain.Question is not enhanced.

[2021-03-02 00:11:24 #4 type.registry] 
New type domain.Bet

[2021-03-02 00:11:24 #5 type.registry] 
New type java.util.Vector<domain.Bet>

[2021-03-02 00:11:24 #6 type.registry] 
New type domain.Event

[2021-03-02 00:11:24 #7 type] 
Type domain.Bet is not enhanced.

[2021-03-02 00:11:24 #8 type] 
Type domain.Event is not enhanced.

[2021-03-02 00:11:24 #9 type.registry] 
New type java.util.Vector<domain.Question>

[2021-03-02 00:11:24 #10 type.registry] 
New type domain.InfoAccount

[2021-03-02 00:11:24 #11 type] 
Type domain.InfoAccount is not enhanced.

[2021-03-02 00:11:24 #12 type.registry] 
New type domain.Account

[2021-03-02 00:11:24 #13 type] 
Type domain.Account is not enhanced.

[2021-03-02 00:11:24 #14 type.registry] 
New type java.util.Vector<java.lang.Object>

------------------------------------------------------------------------------------------------------------------------

[2021-03-02 00:30:24 #1 store] 
Database 'C:\Users\elgor\Documents\2 Curso\2.Cuatri\Ingenieria Software\Bets21.5\src\main\resources\bets.temp' is opened by 11784@DESKTOP-50C67QE

[2021-03-02 00:30:24 #2 type.registry] 
New type domain.Question

[2021-03-02 00:30:24 #3 type] 
Type domain.Question is not enhanced.

[2021-03-02 00:30:24 #4 type.registry] 
New type domain.Bet

[2021-03-02 00:30:24 #5 type.registry] 
New type java.util.Vector<domain.Bet>

[2021-03-02 00:30:24 #6 type.registry] 
New type domain.Event

[2021-03-02 00:30:24 #7 type] 
Type domain.Bet is not enhanced.

[2021-03-02 00:30:24 #8 type] 
Type domain.Event is not enhanced.

[2021-03-02 00:30:24 #9 type.registry] 
New type java.util.Vector<domain.Question>

[2021-03-02 00:30:24 #10 type.registry] 
New type domain.InfoAccount

[2021-03-02 00:30:24 #11 type] 
Type domain.InfoAccount is not enhanced.

[2021-03-02 00:30:24 #12 type.registry] 
New type domain.Account

[2021-03-02 00:30:24 #13 type] 
Type domain.Account is not enhanced.

[2021-03-02 00:30:24 #14 type.registry] 
New type java.util.Vector<java.lang.Object>

------------------------------------------------------------------------------------------------------------------------

[2021-03-02 00:36:22 #1 store] 
Database 'C:\Users\elgor\Documents\2 Curso\2.Cuatri\Ingenieria Software\Bets21.5\src\main\resources\bets.temp' is opened by 15108@DESKTOP-50C67QE

[2021-03-02 00:36:22 #2 type.registry] 
New type domain.Question

[2021-03-02 00:36:22 #3 type] 
Type domain.Question is not enhanced.

[2021-03-02 00:36:22 #4 type.registry] 
New type domain.Bet

[2021-03-02 00:36:22 #5 type.registry] 
New type java.util.Vector<domain.Bet>

[2021-03-02 00:36:22 #6 type.registry] 
New type domain.Event

[2021-03-02 00:36:22 #7 type] 
Type domain.Bet is not enhanced.

[2021-03-02 00:36:22 #8 type] 
Type domain.Event is not enhanced.

[2021-03-02 00:36:22 #9 type.registry] 
New type java.util.Vector<domain.Question>

[2021-03-02 00:36:22 #10 type.registry] 
New type domain.InfoAccount

[2021-03-02 00:36:22 #11 type] 
Type domain.InfoAccount is not enhanced.

[2021-03-02 00:36:22 #12 type.registry] 
New type domain.Account

[2021-03-02 00:36:22 #13 type] 
Type domain.Account is not enhanced.

[2021-03-02 00:36:22 #14 type.registry] 
New type java.util.Vector<java.lang.Object>

------------------------------------------------------------------------------------------------------------------------

[2021-03-02 00:36:49 #1 store] 
Database 'C:\Users\elgor\Documents\2 Curso\2.Cuatri\Ingenieria Software\Bets21.5\src\main\resources\bets.temp' is opened by 10544@DESKTOP-50C67QE

[2021-03-02 00:36:50 #2 type.registry] 
New type domain.Question

[2021-03-02 00:36:50 #3 type] 
Type domain.Question is not enhanced.

[2021-03-02 00:36:50 #4 type.registry] 
New type domain.Bet

[2021-03-02 00:36:50 #5 type.registry] 
New type java.util.Vector<domain.Bet>

[2021-03-02 00:36:50 #6 type.registry] 
New type domain.Event

[2021-03-02 00:36:50 #7 type] 
Type domain.Bet is not enhanced.

[2021-03-02 00:36:50 #8 type] 
Type domain.Event is not enhanced.

[2021-03-02 00:36:50 #9 type.registry] 
New type java.util.Vector<domain.Question>

[2021-03-02 00:36:50 #10 type.registry] 
New type domain.InfoAccount

[2021-03-02 00:36:50 #11 type] 
Type domain.InfoAccount is not enhanced.

[2021-03-02 00:36:50 #12 type.registry] 
New type domain.Account

[2021-03-02 00:36:50 #13 type] 
Type domain.Account is not enhanced.

[2021-03-02 00:36:50 #14 type.registry] 
New type java.util.Vector<java.lang.Object>

------------------------------------------------------------------------------------------------------------------------

[2021-03-02 00:40:20 #1 store] 
Database 'C:\Users\elgor\Documents\2 Curso\2.Cuatri\Ingenieria Software\Bets21.5\src\main\resources\bets.temp' is opened by 13224@DESKTOP-50C67QE

[2021-03-02 00:40:20 #2 type.registry] 
New type domain.Question

[2021-03-02 00:40:20 #3 type] 
Type domain.Question is not enhanced.

[2021-03-02 00:40:20 #4 type.registry] 
New type domain.Bet

[2021-03-02 00:40:20 #5 type.registry] 
New type java.util.Vector<domain.Bet>

[2021-03-02 00:40:20 #6 type.registry] 
New type domain.Event

[2021-03-02 00:40:20 #7 type] 
Type domain.Bet is not enhanced.

[2021-03-02 00:40:20 #8 type] 
Type domain.Event is not enhanced.

[2021-03-02 00:40:20 #9 type.registry] 
New type java.util.Vector<domain.Question>

[2021-03-02 00:40:20 #10 type.registry] 
New type domain.InfoAccount

[2021-03-02 00:40:20 #11 type] 
Type domain.InfoAccount is not enhanced.

[2021-03-02 00:40:20 #12 type.registry] 
New type domain.Account

[2021-03-02 00:40:20 #13 type] 
Type domain.Account is not enhanced.

[2021-03-02 00:40:20 #14 type.registry] 
New type java.util.Vector<java.lang.Object>

------------------------------------------------------------------------------------------------------------------------

[2021-03-02 00:42:12 #1 store] 
Database 'C:\Users\elgor\Documents\2 Curso\2.Cuatri\Ingenieria Software\Bets21.5\src\main\resources\bets.temp' is opened by 9136@DESKTOP-50C67QE

[2021-03-02 00:42:13 #2 type.registry] 
New type domain.Question

[2021-03-02 00:42:13 #3 type] 
Type domain.Question is not enhanced.

[2021-03-02 00:42:13 #4 type.registry] 
New type domain.Bet

[2021-03-02 00:42:13 #5 type.registry] 
New type java.util.Vector<domain.Bet>

[2021-03-02 00:42:13 #6 type.registry] 
New type domain.Event

[2021-03-02 00:42:13 #7 type] 
Type domain.Bet is not enhanced.

[2021-03-02 00:42:13 #8 type] 
Type domain.Event is not enhanced.

[2021-03-02 00:42:13 #9 type.registry] 
New type java.util.Vector<domain.Question>

[2021-03-02 00:42:13 #10 type.registry] 
New type domain.InfoAccount

[2021-03-02 00:42:13 #11 type] 
Type domain.InfoAccount is not enhanced.

[2021-03-02 00:42:13 #12 type.registry] 
New type domain.Account

[2021-03-02 00:42:13 #13 type] 
Type domain.Account is not enhanced.

[2021-03-02 00:42:13 #14 type.registry] 
New type java.util.Vector<java.lang.Object>

------------------------------------------------------------------------------------------------------------------------

[2021-03-02 00:48:33 #1 store] 
Database 'C:\Users\elgor\Documents\2 Curso\2.Cuatri\Ingenieria Software\Bets21.5\src\main\resources\bets.temp' is opened by 16144@DESKTOP-50C67QE

[2021-03-02 00:48:33 #2 type.registry] 
New type domain.Question

[2021-03-02 00:48:33 #3 type] 
Type domain.Question is not enhanced.

[2021-03-02 00:48:33 #4 type.registry] 
New type domain.Bet

[2021-03-02 00:48:33 #5 type.registry] 
New type java.util.Vector<domain.Bet>

[2021-03-02 00:48:33 #6 type.registry] 
New type domain.Event

[2021-03-02 00:48:33 #7 type] 
Type domain.Bet is not enhanced.

[2021-03-02 00:48:33 #8 type] 
Type domain.Event is not enhanced.

[2021-03-02 00:48:33 #9 type.registry] 
New type java.util.Vector<domain.Question>

[2021-03-02 00:48:33 #10 type.registry] 
New type domain.InfoAccount

[2021-03-02 00:48:33 #11 type] 
Type domain.InfoAccount is not enhanced.

[2021-03-02 00:48:33 #12 type.registry] 
New type domain.Account

[2021-03-02 00:48:33 #13 type] 
Type domain.Account is not enhanced.

[2021-03-02 00:48:33 #14 type.registry] 
New type java.util.Vector<java.lang.Object>

------------------------------------------------------------------------------------------------------------------------

[2021-03-02 00:49:21 #1 store] 
Database 'C:\Users\elgor\Documents\2 Curso\2.Cuatri\Ingenieria Software\Bets21.5\src\main\resources\bets.temp' is opened by 3384@DESKTOP-50C67QE

[2021-03-02 00:49:21 #2 type.registry] 
New type domain.Question

[2021-03-02 00:49:21 #3 type] 
Type domain.Question is not enhanced.

[2021-03-02 00:49:21 #4 type.registry] 
New type domain.Bet

[2021-03-02 00:49:21 #5 type.registry] 
New type java.util.Vector<domain.Bet>

[2021-03-02 00:49:21 #6 type.registry] 
New type domain.Event

[2021-03-02 00:49:21 #7 type] 
Type domain.Bet is not enhanced.

[2021-03-02 00:49:21 #8 type] 
Type domain.Event is not enhanced.

[2021-03-02 00:49:21 #9 type.registry] 
New type java.util.Vector<domain.Question>

[2021-03-02 00:49:21 #10 type.registry] 
New type domain.InfoAccount

[2021-03-02 00:49:21 #11 type] 
Type domain.InfoAccount is not enhanced.

[2021-03-02 00:49:21 #12 type.registry] 
New type domain.Account

[2021-03-02 00:49:21 #13 type] 
Type domain.Account is not enhanced.

[2021-03-02 00:49:21 #14 type.registry] 
New type java.util.Vector<java.lang.Object>

------------------------------------------------------------------------------------------------------------------------

[2021-03-02 00:52:27 #1 store] 
Database 'C:\Users\elgor\Documents\2 Curso\2.Cuatri\Ingenieria Software\Bets21.5\src\main\resources\bets.temp' is opened by 4368@DESKTOP-50C67QE

[2021-03-02 00:52:28 #2 type.registry] 
New type domain.Question

[2021-03-02 00:52:28 #3 type] 
Type domain.Question is not enhanced.

[2021-03-02 00:52:28 #4 type.registry] 
New type domain.Bet

[2021-03-02 00:52:28 #5 type.registry] 
New type java.util.Vector<domain.Bet>

[2021-03-02 00:52:28 #6 type.registry] 
New type domain.Event

[2021-03-02 00:52:28 #7 type] 
Type domain.Bet is not enhanced.

[2021-03-02 00:52:28 #8 type] 
Type domain.Event is not enhanced.

[2021-03-02 00:52:28 #9 type.registry] 
New type java.util.Vector<domain.Question>

[2021-03-02 00:52:28 #10 type.registry] 
New type domain.InfoAccount

[2021-03-02 00:52:28 #11 type] 
Type domain.InfoAccount is not enhanced.

[2021-03-02 00:52:28 #12 type.registry] 
New type domain.Account

[2021-03-02 00:52:28 #13 type] 
Type domain.Account is not enhanced.

[2021-03-02 00:52:28 #14 type.registry] 
New type java.util.Vector<java.lang.Object>

------------------------------------------------------------------------------------------------------------------------

[2021-03-02 00:55:03 #1 store] 
Database 'C:\Users\elgor\Documents\2 Curso\2.Cuatri\Ingenieria Software\Bets21.5\src\main\resources\bets.temp' is opened by 15088@DESKTOP-50C67QE

[2021-03-02 00:55:03 #2 type.registry] 
New type domain.Question

[2021-03-02 00:55:03 #3 type] 
Type domain.Question is not enhanced.

[2021-03-02 00:55:03 #4 type.registry] 
New type domain.Bet

[2021-03-02 00:55:03 #5 type.registry] 
New type java.util.Vector<domain.Bet>

[2021-03-02 00:55:03 #6 type.registry] 
New type domain.Event

[2021-03-02 00:55:03 #7 type] 
Type domain.Bet is not enhanced.

[2021-03-02 00:55:03 #8 type] 
Type domain.Event is not enhanced.

[2021-03-02 00:55:03 #9 type.registry] 
New type java.util.Vector<domain.Question>

[2021-03-02 00:55:03 #10 type.registry] 
New type domain.InfoAccount

[2021-03-02 00:55:03 #11 type] 
Type domain.InfoAccount is not enhanced.

[2021-03-02 00:55:03 #12 type.registry] 
New type domain.Account

[2021-03-02 00:55:03 #13 type] 
Type domain.Account is not enhanced.

[2021-03-02 00:55:03 #14 type.registry] 
New type java.util.Vector<java.lang.Object>

------------------------------------------------------------------------------------------------------------------------

[2021-03-02 00:55:56 #1 store] 
Database 'C:\Users\elgor\Documents\2 Curso\2.Cuatri\Ingenieria Software\Bets21.5\src\main\resources\bets.temp' is opened by 16160@DESKTOP-50C67QE

[2021-03-02 00:55:56 #2 type.registry] 
New type domain.Question

[2021-03-02 00:55:56 #3 type] 
Type domain.Question is not enhanced.

[2021-03-02 00:55:56 #4 type.registry] 
New type domain.Bet

[2021-03-02 00:55:56 #5 type.registry] 
New type java.util.Vector<domain.Bet>

[2021-03-02 00:55:56 #6 type.registry] 
New type domain.Event

[2021-03-02 00:55:56 #7 type] 
Type domain.Bet is not enhanced.

[2021-03-02 00:55:56 #8 type] 
Type domain.Event is not enhanced.

[2021-03-02 00:55:56 #9 type.registry] 
New type java.util.Vector<domain.Question>

[2021-03-02 00:55:56 #10 type.registry] 
New type domain.InfoAccount

[2021-03-02 00:55:56 #11 type] 
Type domain.InfoAccount is not enhanced.

[2021-03-02 00:55:56 #12 type.registry] 
New type domain.Account

[2021-03-02 00:55:56 #13 type] 
Type domain.Account is not enhanced.

[2021-03-02 00:55:56 #14 type.registry] 
New type java.util.Vector<java.lang.Object>

------------------------------------------------------------------------------------------------------------------------

[2021-03-02 01:00:33 #1 store] 
Database 'C:\Users\elgor\Documents\2 Curso\2.Cuatri\Ingenieria Software\Bets21.5\src\main\resources\bets.temp' is opened by 9672@DESKTOP-50C67QE

[2021-03-02 01:00:34 #2 type.registry] 
New type domain.Question

[2021-03-02 01:00:34 #3 type] 
Type domain.Question is not enhanced.

[2021-03-02 01:00:34 #4 type.registry] 
New type domain.Bet

[2021-03-02 01:00:34 #5 type.registry] 
New type java.util.Vector<domain.Bet>

[2021-03-02 01:00:34 #6 type.registry] 
New type domain.Event

[2021-03-02 01:00:34 #7 type] 
Type domain.Bet is not enhanced.

[2021-03-02 01:00:34 #8 type] 
Type domain.Event is not enhanced.

[2021-03-02 01:00:34 #9 type.registry] 
New type java.util.Vector<domain.Question>

[2021-03-02 01:00:34 #10 type.registry] 
New type domain.InfoAccount

[2021-03-02 01:00:34 #11 type] 
Type domain.InfoAccount is not enhanced.

[2021-03-02 01:00:34 #12 type.registry] 
New type domain.Account

[2021-03-02 01:00:34 #13 type] 
Type domain.Account is not enhanced.

[2021-03-02 01:00:34 #14 type.registry] 
New type java.util.Vector<java.lang.Object>

------------------------------------------------------------------------------------------------------------------------

[2021-03-02 01:01:50 #1 store] 
Database 'C:\Users\elgor\Documents\2 Curso\2.Cuatri\Ingenieria Software\Bets21.5\src\main\resources\bets.temp' is opened by 8588@DESKTOP-50C67QE

[2021-03-02 01:01:50 #2 type.registry] 
New type domain.Question

[2021-03-02 01:01:50 #3 type] 
Type domain.Question is not enhanced.

[2021-03-02 01:01:50 #4 type.registry] 
New type domain.Bet

[2021-03-02 01:01:50 #5 type.registry] 
New type java.util.Vector<domain.Bet>

[2021-03-02 01:01:50 #6 type.registry] 
New type domain.Event

[2021-03-02 01:01:50 #7 type] 
Type domain.Bet is not enhanced.

[2021-03-02 01:01:50 #8 type] 
Type domain.Event is not enhanced.

[2021-03-02 01:01:50 #9 type.registry] 
New type java.util.Vector<domain.Question>

[2021-03-02 01:01:50 #10 type.registry] 
New type domain.InfoAccount

[2021-03-02 01:01:50 #11 type] 
Type domain.InfoAccount is not enhanced.

[2021-03-02 01:01:50 #12 type.registry] 
New type domain.Account

[2021-03-02 01:01:50 #13 type] 
Type domain.Account is not enhanced.

[2021-03-02 01:01:50 #14 type.registry] 
New type java.util.Vector<java.lang.Object>

------------------------------------------------------------------------------------------------------------------------

[2021-03-02 01:06:34 #1 store] 
Database 'C:\Users\elgor\Documents\2 Curso\2.Cuatri\Ingenieria Software\Bets21.5\src\main\resources\bets.temp' is opened by 1660@DESKTOP-50C67QE

[2021-03-02 01:06:34 #2 type.registry] 
New type domain.Question

[2021-03-02 01:06:34 #3 type] 
Type domain.Question is not enhanced.

[2021-03-02 01:06:34 #4 type.registry] 
New type domain.Bet

[2021-03-02 01:06:34 #5 type.registry] 
New type java.util.Vector<domain.Bet>

[2021-03-02 01:06:34 #6 type.registry] 
New type domain.Event

[2021-03-02 01:06:34 #7 type] 
Type domain.Bet is not enhanced.

[2021-03-02 01:06:34 #8 type] 
Type domain.Event is not enhanced.

[2021-03-02 01:06:34 #9 type.registry] 
New type java.util.Vector<domain.Question>

[2021-03-02 01:06:34 #10 type.registry] 
New type domain.InfoAccount

[2021-03-02 01:06:34 #11 type] 
Type domain.InfoAccount is not enhanced.

[2021-03-02 01:06:34 #12 type.registry] 
New type domain.Account

[2021-03-02 01:06:34 #13 type] 
Type domain.Account is not enhanced.

[2021-03-02 01:06:34 #14 type.registry] 
New type java.util.Vector<java.lang.Object>

------------------------------------------------------------------------------------------------------------------------

[2021-03-02 01:25:46 #1 store] 
Database 'C:\Users\elgor\Documents\2 Curso\2.Cuatri\Ingenieria Software\Bets21.5\src\main\resources\bets.temp' is opened by 14824@DESKTOP-50C67QE

[2021-03-02 01:25:46 #2 type.registry] 
New type domain.Question

[2021-03-02 01:25:46 #3 type] 
Type domain.Question is not enhanced.

[2021-03-02 01:25:46 #4 type.registry] 
New type domain.Bet

[2021-03-02 01:25:46 #5 type.registry] 
New type java.util.Vector<domain.Bet>

[2021-03-02 01:25:46 #6 type.registry] 
New type domain.Event

[2021-03-02 01:25:46 #7 type] 
Type domain.Bet is not enhanced.

[2021-03-02 01:25:46 #8 type] 
Type domain.Event is not enhanced.

[2021-03-02 01:25:46 #9 type.registry] 
New type java.util.Vector<domain.Question>

[2021-03-02 01:25:46 #10 type.registry] 
New type domain.InfoAccount

[2021-03-02 01:25:46 #11 type] 
Type domain.InfoAccount is not enhanced.

[2021-03-02 01:25:46 #12 type.registry] 
New type domain.Account

[2021-03-02 01:25:46 #13 type] 
Type domain.Account is not enhanced.

[2021-03-02 01:25:46 #14 type.registry] 
New type java.util.Vector<java.lang.Object>

------------------------------------------------------------------------------------------------------------------------

[2021-03-02 01:26:57 #1 store] 
Database 'C:\Users\elgor\Documents\2 Curso\2.Cuatri\Ingenieria Software\Bets21.5\src\main\resources\bets.temp' is opened by 15188@DESKTOP-50C67QE

[2021-03-02 01:26:57 #2 type.registry] 
New type domain.Question

[2021-03-02 01:26:57 #3 type] 
Type domain.Question is not enhanced.

[2021-03-02 01:26:57 #4 type.registry] 
New type domain.Bet

[2021-03-02 01:26:57 #5 type.registry] 
New type java.util.Vector<domain.Bet>

[2021-03-02 01:26:57 #6 type.registry] 
New type domain.Event

[2021-03-02 01:26:57 #7 type] 
Type domain.Bet is not enhanced.

[2021-03-02 01:26:57 #8 type] 
Type domain.Event is not enhanced.

[2021-03-02 01:26:57 #9 type.registry] 
New type java.util.Vector<domain.Question>

[2021-03-02 01:26:57 #10 type.registry] 
New type domain.InfoAccount

[2021-03-02 01:26:57 #11 type] 
Type domain.InfoAccount is not enhanced.

[2021-03-02 01:26:57 #12 type.registry] 
New type domain.Account

[2021-03-02 01:26:57 #13 type] 
Type domain.Account is not enhanced.

[2021-03-02 01:26:57 #14 type.registry] 
New type java.util.Vector<java.lang.Object>

------------------------------------------------------------------------------------------------------------------------

[2021-03-02 01:28:34 #1 store] 
Database 'C:\Users\elgor\Documents\2 Curso\2.Cuatri\Ingenieria Software\Bets21.5\src\main\resources\bets.temp' is opened by 12688@DESKTOP-50C67QE

[2021-03-02 01:28:35 #2 type.registry] 
New type domain.Question

[2021-03-02 01:28:35 #3 type] 
Type domain.Question is not enhanced.

[2021-03-02 01:28:35 #4 type.registry] 
New type domain.Bet

[2021-03-02 01:28:35 #5 type.registry] 
New type java.util.Vector<domain.Bet>

[2021-03-02 01:28:35 #6 type.registry] 
New type domain.Event

[2021-03-02 01:28:35 #7 type] 
Type domain.Bet is not enhanced.

[2021-03-02 01:28:35 #8 type] 
Type domain.Event is not enhanced.

[2021-03-02 01:28:35 #9 type.registry] 
New type java.util.Vector<domain.Question>

[2021-03-02 01:28:35 #10 type.registry] 
New type domain.InfoAccount

[2021-03-02 01:28:35 #11 type] 
Type domain.InfoAccount is not enhanced.

[2021-03-02 01:28:35 #12 type.registry] 
New type domain.Account

[2021-03-02 01:28:35 #13 type] 
Type domain.Account is not enhanced.

[2021-03-02 01:28:35 #14 type.registry] 
New type java.util.Vector<java.lang.Object>

------------------------------------------------------------------------------------------------------------------------

[2021-03-02 01:32:58 #1 store] 
Database 'C:\Users\elgor\Documents\2 Curso\2.Cuatri\Ingenieria Software\Bets21.5\src\main\resources\bets.temp' is opened by 12988@DESKTOP-50C67QE

[2021-03-02 01:32:58 #2 type.registry] 
New type domain.Question

[2021-03-02 01:32:58 #3 type] 
Type domain.Question is not enhanced.

[2021-03-02 01:32:58 #4 type.registry] 
New type domain.Bet

[2021-03-02 01:32:58 #5 type.registry] 
New type java.util.Vector<domain.Bet>

[2021-03-02 01:32:58 #6 type.registry] 
New type domain.Event

[2021-03-02 01:32:58 #7 type] 
Type domain.Bet is not enhanced.

[2021-03-02 01:32:58 #8 type] 
Type domain.Event is not enhanced.

[2021-03-02 01:32:58 #9 type.registry] 
New type java.util.Vector<domain.Question>

[2021-03-02 01:32:58 #10 type.registry] 
New type domain.InfoAccount

[2021-03-02 01:32:58 #11 type] 
Type domain.InfoAccount is not enhanced.

[2021-03-02 01:32:58 #12 type.registry] 
New type domain.Account

[2021-03-02 01:32:58 #13 type] 
Type domain.Account is not enhanced.

[2021-03-02 01:32:58 #14 type.registry] 
New type java.util.Vector<java.lang.Object>

------------------------------------------------------------------------------------------------------------------------

[2021-03-02 01:34:47 #1 store] 
Database 'C:\Users\elgor\Documents\2 Curso\2.Cuatri\Ingenieria Software\Bets21.5\src\main\resources\bets.temp' is opened by 11536@DESKTOP-50C67QE

[2021-03-02 01:34:47 #2 type.registry] 
New type domain.Question

[2021-03-02 01:34:47 #3 type] 
Type domain.Question is not enhanced.

[2021-03-02 01:34:47 #4 type.registry] 
New type domain.Bet

[2021-03-02 01:34:47 #5 type.registry] 
New type java.util.Vector<domain.Bet>

[2021-03-02 01:34:47 #6 type.registry] 
New type domain.Event

[2021-03-02 01:34:47 #7 type] 
Type domain.Bet is not enhanced.

[2021-03-02 01:34:47 #8 type] 
Type domain.Event is not enhanced.

[2021-03-02 01:34:47 #9 type.registry] 
New type java.util.Vector<domain.Question>

[2021-03-02 01:34:47 #10 type.registry] 
New type domain.InfoAccount

[2021-03-02 01:34:47 #11 type] 
Type domain.InfoAccount is not enhanced.

[2021-03-02 01:34:47 #12 type.registry] 
New type domain.Account

[2021-03-02 01:34:47 #13 type] 
Type domain.Account is not enhanced.

[2021-03-02 01:34:47 #14 type.registry] 
New type java.util.Vector<java.lang.Object>

------------------------------------------------------------------------------------------------------------------------

[2021-03-02 01:35:36 #1 store] 
Database 'C:\Users\elgor\Documents\2 Curso\2.Cuatri\Ingenieria Software\Bets21.5\src\main\resources\bets.temp' is opened by 2640@DESKTOP-50C67QE

[2021-03-02 01:35:36 #2 type.registry] 
New type domain.Question

[2021-03-02 01:35:36 #3 type] 
Type domain.Question is not enhanced.

[2021-03-02 01:35:36 #4 type.registry] 
New type domain.Bet

[2021-03-02 01:35:36 #5 type.registry] 
New type java.util.Vector<domain.Bet>

[2021-03-02 01:35:36 #6 type.registry] 
New type domain.Event

[2021-03-02 01:35:36 #7 type] 
Type domain.Bet is not enhanced.

[2021-03-02 01:35:36 #8 type] 
Type domain.Event is not enhanced.

[2021-03-02 01:35:36 #9 type.registry] 
New type java.util.Vector<domain.Question>

[2021-03-02 01:35:36 #10 type.registry] 
New type domain.InfoAccount

[2021-03-02 01:35:36 #11 type] 
Type domain.InfoAccount is not enhanced.

[2021-03-02 01:35:36 #12 type.registry] 
New type domain.Account

[2021-03-02 01:35:36 #13 type] 
Type domain.Account is not enhanced.

[2021-03-02 01:35:36 #14 type.registry] 
New type java.util.Vector<java.lang.Object>

------------------------------------------------------------------------------------------------------------------------

[2021-03-02 01:37:41 #1 store] 
Database 'C:\Users\elgor\Documents\2 Curso\2.Cuatri\Ingenieria Software\Bets21.5\src\main\resources\bets.temp' is opened by 2368@DESKTOP-50C67QE

[2021-03-02 01:37:41 #2 type.registry] 
New type domain.Question

[2021-03-02 01:37:41 #3 type] 
Type domain.Question is not enhanced.

[2021-03-02 01:37:41 #4 type.registry] 
New type domain.Bet

[2021-03-02 01:37:41 #5 type.registry] 
New type java.util.Vector<domain.Bet>

[2021-03-02 01:37:41 #6 type.registry] 
New type domain.Event

[2021-03-02 01:37:41 #7 type] 
Type domain.Bet is not enhanced.

[2021-03-02 01:37:41 #8 type] 
Type domain.Event is not enhanced.

[2021-03-02 01:37:41 #9 type.registry] 
New type java.util.Vector<domain.Question>

[2021-03-02 01:37:41 #10 type.registry] 
New type domain.InfoAccount

[2021-03-02 01:37:41 #11 type] 
Type domain.InfoAccount is not enhanced.

[2021-03-02 01:37:41 #12 type.registry] 
New type domain.Account

[2021-03-02 01:37:41 #13 type] 
Type domain.Account is not enhanced.

[2021-03-02 01:37:41 #14 type.registry] 
New type java.util.Vector<java.lang.Object>

------------------------------------------------------------------------------------------------------------------------

[2021-03-02 01:38:50 #1 store] 
Database 'C:\Users\elgor\Documents\2 Curso\2.Cuatri\Ingenieria Software\Bets21.5\src\main\resources\bets.temp' is opened by 7468@DESKTOP-50C67QE

[2021-03-02 01:38:50 #2 type.registry] 
New type domain.Question

[2021-03-02 01:38:50 #3 type] 
Type domain.Question is not enhanced.

[2021-03-02 01:38:50 #4 type.registry] 
New type domain.Bet

[2021-03-02 01:38:50 #5 type.registry] 
New type java.util.Vector<domain.Bet>

[2021-03-02 01:38:50 #6 type.registry] 
New type domain.Event

[2021-03-02 01:38:50 #7 type] 
Type domain.Bet is not enhanced.

[2021-03-02 01:38:50 #8 type] 
Type domain.Event is not enhanced.

[2021-03-02 01:38:50 #9 type.registry] 
New type java.util.Vector<domain.Question>

[2021-03-02 01:38:50 #10 type.registry] 
New type domain.InfoAccount

[2021-03-02 01:38:50 #11 type] 
Type domain.InfoAccount is not enhanced.

[2021-03-02 01:38:50 #12 type.registry] 
New type domain.Account

[2021-03-02 01:38:50 #13 type] 
Type domain.Account is not enhanced.

[2021-03-02 01:38:50 #14 type.registry] 
New type java.util.Vector<java.lang.Object>

------------------------------------------------------------------------------------------------------------------------

[2021-03-02 01:40:12 #1 store] 
Database 'C:\Users\elgor\Documents\2 Curso\2.Cuatri\Ingenieria Software\Bets21.5\src\main\resources\bets.temp' is opened by 12320@DESKTOP-50C67QE

[2021-03-02 01:40:13 #2 type.registry] 
New type domain.Question

[2021-03-02 01:40:13 #3 type] 
Type domain.Question is not enhanced.

[2021-03-02 01:40:13 #4 type.registry] 
New type domain.Bet

[2021-03-02 01:40:13 #5 type.registry] 
New type java.util.Vector<domain.Bet>

[2021-03-02 01:40:13 #6 type.registry] 
New type domain.Event

[2021-03-02 01:40:13 #7 type] 
Type domain.Bet is not enhanced.

[2021-03-02 01:40:13 #8 type] 
Type domain.Event is not enhanced.

[2021-03-02 01:40:13 #9 type.registry] 
New type java.util.Vector<domain.Question>

[2021-03-02 01:40:13 #10 type.registry] 
New type domain.InfoAccount

[2021-03-02 01:40:13 #11 type] 
Type domain.InfoAccount is not enhanced.

[2021-03-02 01:40:13 #12 type.registry] 
New type domain.Account

[2021-03-02 01:40:13 #13 type] 
Type domain.Account is not enhanced.

[2021-03-02 01:40:13 #14 type.registry] 
New type java.util.Vector<java.lang.Object>

------------------------------------------------------------------------------------------------------------------------

[2021-03-02 01:45:23 #1 store] 
Database 'C:\Users\elgor\Documents\2 Curso\2.Cuatri\Ingenieria Software\Bets21.5\src\main\resources\bets.temp' is opened by 4612@DESKTOP-50C67QE

[2021-03-02 01:45:23 #2 type.registry] 
New type domain.Question

[2021-03-02 01:45:23 #3 type] 
Type domain.Question is not enhanced.

[2021-03-02 01:45:23 #4 type.registry] 
New type domain.Bet

[2021-03-02 01:45:23 #5 type.registry] 
New type java.util.Vector<domain.Bet>

[2021-03-02 01:45:23 #6 type.registry] 
New type domain.Event

[2021-03-02 01:45:23 #7 type] 
Type domain.Bet is not enhanced.

[2021-03-02 01:45:23 #8 type] 
Type domain.Event is not enhanced.

[2021-03-02 01:45:23 #9 type.registry] 
New type java.util.Vector<domain.Question>

[2021-03-02 01:45:23 #10 type.registry] 
New type domain.InfoAccount

[2021-03-02 01:45:23 #11 type] 
Type domain.InfoAccount is not enhanced.

[2021-03-02 01:45:23 #12 type.registry] 
New type domain.Account

[2021-03-02 01:45:23 #13 type] 
Type domain.Account is not enhanced.

[2021-03-02 01:45:23 #14 type.registry] 
New type java.util.Vector<java.lang.Object>

------------------------------------------------------------------------------------------------------------------------

[2021-03-02 01:47:08 #1 store] 
Database 'C:\Users\elgor\Documents\2 Curso\2.Cuatri\Ingenieria Software\Bets21.5\src\main\resources\bets.temp' is opened by 3900@DESKTOP-50C67QE

[2021-03-02 01:47:08 #2 type.registry] 
New type domain.Question

[2021-03-02 01:47:08 #3 type] 
Type domain.Question is not enhanced.

[2021-03-02 01:47:08 #4 type.registry] 
New type domain.Bet

[2021-03-02 01:47:08 #5 type.registry] 
New type java.util.Vector<domain.Bet>

[2021-03-02 01:47:08 #6 type.registry] 
New type domain.Event

[2021-03-02 01:47:08 #7 type] 
Type domain.Bet is not enhanced.

[2021-03-02 01:47:08 #8 type] 
Type domain.Event is not enhanced.

[2021-03-02 01:47:08 #9 type.registry] 
New type java.util.Vector<domain.Question>

[2021-03-02 01:47:08 #10 type.registry] 
New type domain.InfoAccount

[2021-03-02 01:47:08 #11 type] 
Type domain.InfoAccount is not enhanced.

[2021-03-02 01:47:08 #12 type.registry] 
New type domain.Account

[2021-03-02 01:47:08 #13 type] 
Type domain.Account is not enhanced.

[2021-03-02 01:47:08 #14 type.registry] 
New type java.util.Vector<java.lang.Object>

------------------------------------------------------------------------------------------------------------------------

[2021-03-02 01:47:50 #1 store] 
Database 'C:\Users\elgor\Documents\2 Curso\2.Cuatri\Ingenieria Software\Bets21.5\src\main\resources\bets.temp' is opened by 16192@DESKTOP-50C67QE

[2021-03-02 01:47:50 #2 type.registry] 
New type domain.Question

[2021-03-02 01:47:50 #3 type] 
Type domain.Question is not enhanced.

[2021-03-02 01:47:50 #4 type.registry] 
New type domain.Bet

[2021-03-02 01:47:50 #5 type.registry] 
New type java.util.Vector<domain.Bet>

[2021-03-02 01:47:50 #6 type.registry] 
New type domain.Event

[2021-03-02 01:47:50 #7 type] 
Type domain.Bet is not enhanced.

[2021-03-02 01:47:50 #8 type] 
Type domain.Event is not enhanced.

[2021-03-02 01:47:50 #9 type.registry] 
New type java.util.Vector<domain.Question>

[2021-03-02 01:47:50 #10 type.registry] 
New type domain.InfoAccount

[2021-03-02 01:47:50 #11 type] 
Type domain.InfoAccount is not enhanced.

[2021-03-02 01:47:50 #12 type.registry] 
New type domain.Account

[2021-03-02 01:47:50 #13 type] 
Type domain.Account is not enhanced.

[2021-03-02 01:47:50 #14 type.registry] 
New type java.util.Vector<java.lang.Object>

------------------------------------------------------------------------------------------------------------------------

[2021-03-02 01:51:06 #1 store] 
Database 'C:\Users\elgor\Documents\2 Curso\2.Cuatri\Ingenieria Software\Bets21.5\src\main\resources\bets.temp' is opened by 15536@DESKTOP-50C67QE

[2021-03-02 01:51:06 #2 type.registry] 
New type domain.Question

[2021-03-02 01:51:06 #3 type] 
Type domain.Question is not enhanced.

[2021-03-02 01:51:06 #4 type.registry] 
New type domain.Bet

[2021-03-02 01:51:06 #5 type.registry] 
New type java.util.Vector<domain.Bet>

[2021-03-02 01:51:06 #6 type.registry] 
New type domain.Event

[2021-03-02 01:51:06 #7 type] 
Type domain.Bet is not enhanced.

[2021-03-02 01:51:06 #8 type] 
Type domain.Event is not enhanced.

[2021-03-02 01:51:06 #9 type.registry] 
New type java.util.Vector<domain.Question>

[2021-03-02 01:51:06 #10 type.registry] 
New type domain.InfoAccount

[2021-03-02 01:51:06 #11 type] 
Type domain.InfoAccount is not enhanced.

[2021-03-02 01:51:06 #12 type.registry] 
New type domain.Account

[2021-03-02 01:51:06 #13 type] 
Type domain.Account is not enhanced.

[2021-03-02 01:51:06 #14 type.registry] 
New type java.util.Vector<java.lang.Object>

------------------------------------------------------------------------------------------------------------------------

[2021-03-02 02:04:06 #1 store] 
Database 'C:\Users\elgor\Documents\2 Curso\2.Cuatri\Ingenieria Software\Bets21.5\src\main\resources\bets.temp' is opened by 12972@DESKTOP-50C67QE

[2021-03-02 02:04:06 #2 type.registry] 
New type domain.Question

[2021-03-02 02:04:06 #3 type] 
Type domain.Question is not enhanced.

[2021-03-02 02:04:06 #4 type.registry] 
New type domain.Bet

[2021-03-02 02:04:06 #5 type.registry] 
New type java.util.Vector<domain.Bet>

[2021-03-02 02:04:06 #6 type.registry] 
New type domain.Event

[2021-03-02 02:04:06 #7 type] 
Type domain.Bet is not enhanced.

[2021-03-02 02:04:06 #8 type] 
Type domain.Event is not enhanced.

[2021-03-02 02:04:06 #9 type.registry] 
New type java.util.Vector<domain.Question>

[2021-03-02 02:04:06 #10 type.registry] 
New type domain.InfoAccount

[2021-03-02 02:04:06 #11 type] 
Type domain.InfoAccount is not enhanced.

[2021-03-02 02:04:06 #12 type.registry] 
New type domain.Account

[2021-03-02 02:04:06 #13 type] 
Type domain.Account is not enhanced.

[2021-03-02 02:04:06 #14 type.registry] 
New type java.util.Vector<java.lang.Object>

------------------------------------------------------------------------------------------------------------------------

[2021-03-02 02:07:13 #1 store] 
Database 'C:\Users\elgor\Documents\2 Curso\2.Cuatri\Ingenieria Software\Bets21.5\src\main\resources\bets.temp' is opened by 14268@DESKTOP-50C67QE

[2021-03-02 02:07:13 #2 type.registry] 
New type domain.Question

[2021-03-02 02:07:13 #3 type] 
Type domain.Question is not enhanced.

[2021-03-02 02:07:13 #4 type.registry] 
New type domain.Bet

[2021-03-02 02:07:13 #5 type.registry] 
New type java.util.Vector<domain.Bet>

[2021-03-02 02:07:13 #6 type.registry] 
New type domain.Event

[2021-03-02 02:07:13 #7 type] 
Type domain.Bet is not enhanced.

[2021-03-02 02:07:13 #8 type] 
Type domain.Event is not enhanced.

[2021-03-02 02:07:13 #9 type.registry] 
New type java.util.Vector<domain.Question>

[2021-03-02 02:07:13 #10 type.registry] 
New type domain.InfoAccount

[2021-03-02 02:07:13 #11 type] 
Type domain.InfoAccount is not enhanced.

[2021-03-02 02:07:13 #12 type.registry] 
New type domain.Account

[2021-03-02 02:07:13 #13 type] 
Type domain.Account is not enhanced.

[2021-03-02 02:07:13 #14 type.registry] 
New type java.util.Vector<java.lang.Object>

------------------------------------------------------------------------------------------------------------------------

[2021-03-02 10:58:01 #1 store] 
Database 'C:\Users\elgor\Documents\2 Curso\2.Cuatri\Ingenieria Software\Bets21.5\src\main\resources\bets.temp' is opened by 4980@DESKTOP-50C67QE

[2021-03-02 10:58:01 #2 type.registry] 
New type domain.Question

[2021-03-02 10:58:01 #3 type] 
Type domain.Question is not enhanced.

[2021-03-02 10:58:01 #4 type.registry] 
New type domain.Bet

[2021-03-02 10:58:01 #5 type.registry] 
New type java.util.Vector<domain.Bet>

[2021-03-02 10:58:01 #6 type.registry] 
New type domain.Event

[2021-03-02 10:58:01 #7 type] 
Type domain.Bet is not enhanced.

[2021-03-02 10:58:01 #8 type] 
Type domain.Event is not enhanced.

[2021-03-02 10:58:01 #9 type.registry] 
New type java.util.Vector<domain.Question>

[2021-03-02 10:58:01 #10 type.registry] 
New type domain.InfoAccount

[2021-03-02 10:58:01 #11 type] 
Type domain.InfoAccount is not enhanced.

[2021-03-02 10:58:01 #12 type.registry] 
New type domain.Account

[2021-03-02 10:58:01 #13 type] 
Type domain.Account is not enhanced.

[2021-03-02 10:58:01 #14 type.registry] 
New type java.util.Vector<java.lang.Object>

------------------------------------------------------------------------------------------------------------------------

[2021-03-02 11:06:50 #1 store] 
Database 'C:\Users\elgor\Documents\2 Curso\2.Cuatri\Ingenieria Software\Bets21.5\src\main\resources\bets.temp' is opened by 7520@DESKTOP-50C67QE

[2021-03-02 11:06:50 #2 type.registry] 
New type domain.Question

[2021-03-02 11:06:50 #3 type] 
Type domain.Question is not enhanced.

[2021-03-02 11:06:50 #4 type.registry] 
New type domain.Bet

[2021-03-02 11:06:50 #5 type.registry] 
New type java.util.Vector<domain.Bet>

[2021-03-02 11:06:50 #6 type.registry] 
New type domain.Event

[2021-03-02 11:06:50 #7 type] 
Type domain.Bet is not enhanced.

[2021-03-02 11:06:50 #8 type] 
Type domain.Event is not enhanced.

[2021-03-02 11:06:50 #9 type.registry] 
New type java.util.Vector<domain.Question>

[2021-03-02 11:06:50 #10 type.registry] 
New type domain.InfoAccount

[2021-03-02 11:06:50 #11 type] 
Type domain.InfoAccount is not enhanced.

[2021-03-02 11:06:50 #12 type.registry] 
New type domain.Account

[2021-03-02 11:06:50 #13 type] 
Type domain.Account is not enhanced.

[2021-03-02 11:06:50 #14 type.registry] 
New type java.util.Vector<java.lang.Object>

------------------------------------------------------------------------------------------------------------------------

[2021-03-02 11:19:26 #1 store] 
Database 'C:\Users\rober\OneDrive\Escritorio\Cosas uni\2\IngenieriaDelSoftware1\labs\Bets21.5\src\main\resources\bets.temp' is opened by 6852@FRIDAY

[2021-03-02 11:19:26 #2 type.registry] 
New type domain.Question

[2021-03-02 11:19:26 #3 type] 
Type domain.Question is not enhanced.

[2021-03-02 11:19:26 #4 type.registry] 
New type domain.Bet

[2021-03-02 11:19:26 #5 type.registry] 
New type java.util.Vector<domain.Bet>

[2021-03-02 11:19:26 #6 type.registry] 
New type domain.Event

[2021-03-02 11:19:26 #7 type] 
Type domain.Bet is not enhanced.

[2021-03-02 11:19:26 #8 type] 
Type domain.Event is not enhanced.

[2021-03-02 11:19:26 #9 type.registry] 
New type java.util.Vector<domain.Question>

[2021-03-02 11:19:26 #10 type.registry] 
New type domain.InfoAccount

[2021-03-02 11:19:26 #11 type] 
Type domain.InfoAccount is not enhanced.

[2021-03-02 11:19:26 #12 type.registry] 
New type domain.Account

[2021-03-02 11:19:26 #13 type] 
Type domain.Account is not enhanced.

[2021-03-02 11:19:26 #14 type.registry] 
New type java.util.Vector<java.lang.Object>

------------------------------------------------------------------------------------------------------------------------

[2021-03-02 11:20:29 #1 store] 
Database 'C:\Users\rober\OneDrive\Escritorio\Cosas uni\2\IngenieriaDelSoftware1\labs\Bets21.5\src\main\resources\bets.temp' is opened by 4420@FRIDAY

[2021-03-02 11:20:30 #2 type.registry] 
New type domain.Question

[2021-03-02 11:20:30 #3 type] 
Type domain.Question is not enhanced.

[2021-03-02 11:20:30 #4 type.registry] 
New type domain.Bet

[2021-03-02 11:20:30 #5 type.registry] 
New type java.util.Vector<domain.Bet>

[2021-03-02 11:20:30 #6 type.registry] 
New type domain.Event

[2021-03-02 11:20:30 #7 type] 
Type domain.Bet is not enhanced.

[2021-03-02 11:20:30 #8 type] 
Type domain.Event is not enhanced.

[2021-03-02 11:20:30 #9 type.registry] 
New type java.util.Vector<domain.Question>

[2021-03-02 11:20:30 #10 type.registry] 
New type domain.InfoAccount

[2021-03-02 11:20:30 #11 type] 
Type domain.InfoAccount is not enhanced.

[2021-03-02 11:20:30 #12 type.registry] 
New type domain.Account

[2021-03-02 11:20:30 #13 type] 
Type domain.Account is not enhanced.

[2021-03-02 11:20:30 #14 type.registry] 
New type java.util.Vector<java.lang.Object>

------------------------------------------------------------------------------------------------------------------------

[2021-03-02 11:31:57 #1 store] 
Database 'C:\Users\rober\OneDrive\Escritorio\Cosas uni\2\IngenieriaDelSoftware1\labs\Bets21.5\src\main\resources\bets.temp' is opened by 1256@FRIDAY

[2021-03-02 11:31:57 #2 type.registry] 
New type domain.Question

[2021-03-02 11:31:57 #3 type] 
Type domain.Question is not enhanced.

[2021-03-02 11:31:57 #4 type.registry] 
New type domain.Bet

[2021-03-02 11:31:57 #5 type.registry] 
New type java.util.Vector<domain.Bet>

[2021-03-02 11:31:57 #6 type.registry] 
New type domain.Event

[2021-03-02 11:31:57 #7 type] 
Type domain.Bet is not enhanced.

[2021-03-02 11:31:57 #8 type] 
Type domain.Event is not enhanced.

[2021-03-02 11:31:57 #9 type.registry] 
New type java.util.Vector<domain.Question>

[2021-03-02 11:31:57 #10 type.registry] 
New type domain.InfoAccount

[2021-03-02 11:31:57 #11 type] 
Type domain.InfoAccount is not enhanced.

[2021-03-02 11:31:57 #12 type.registry] 
New type domain.Account

[2021-03-02 11:31:57 #13 type] 
Type domain.Account is not enhanced.

[2021-03-02 11:31:57 #14 type.registry] 
New type java.util.Vector<java.lang.Object>

------------------------------------------------------------------------------------------------------------------------

[2021-03-02 11:33:43 #1 store] 
Database 'C:\Users\rober\OneDrive\Escritorio\Cosas uni\2\IngenieriaDelSoftware1\labs\Bets21.5\src\main\resources\bets.temp' is opened by 1080@FRIDAY

[2021-03-02 11:33:44 #2 type.registry] 
New type domain.Question

[2021-03-02 11:33:44 #3 type] 
Type domain.Question is not enhanced.

[2021-03-02 11:33:44 #4 type.registry] 
New type domain.Bet

[2021-03-02 11:33:44 #5 type.registry] 
New type java.util.Vector<domain.Bet>

[2021-03-02 11:33:44 #6 type.registry] 
New type domain.Event

[2021-03-02 11:33:44 #7 type] 
Type domain.Bet is not enhanced.

[2021-03-02 11:33:44 #8 type] 
Type domain.Event is not enhanced.

[2021-03-02 11:33:44 #9 type.registry] 
New type java.util.Vector<domain.Question>

[2021-03-02 11:33:44 #10 type.registry] 
New type domain.InfoAccount

[2021-03-02 11:33:44 #11 type] 
Type domain.InfoAccount is not enhanced.

[2021-03-02 11:33:44 #12 type.registry] 
New type domain.Account

[2021-03-02 11:33:44 #13 type] 
Type domain.Account is not enhanced.

[2021-03-02 11:33:44 #14 type.registry] 
New type java.util.Vector<java.lang.Object>

------------------------------------------------------------------------------------------------------------------------

[2021-03-02 11:42:42 #1 store] 
Database 'C:\Users\rober\OneDrive\Escritorio\Cosas uni\2\IngenieriaDelSoftware1\labs\Bets21.5\src\main\resources\bets.temp' is opened by 5648@FRIDAY

[2021-03-02 11:42:43 #2 type.registry] 
New type domain.Question

[2021-03-02 11:42:43 #3 type] 
Type domain.Question is not enhanced.

[2021-03-02 11:42:43 #4 type.registry] 
New type domain.Bet

[2021-03-02 11:42:43 #5 type.registry] 
New type java.util.Vector<domain.Bet>

[2021-03-02 11:42:43 #6 type.registry] 
New type domain.Event

[2021-03-02 11:42:43 #7 type] 
Type domain.Bet is not enhanced.

[2021-03-02 11:42:43 #8 type] 
Type domain.Event is not enhanced.

[2021-03-02 11:42:43 #9 type.registry] 
New type java.util.Vector<domain.Question>

[2021-03-02 11:42:43 #10 type.registry] 
New type domain.InfoAccount

[2021-03-02 11:42:43 #11 type] 
Type domain.InfoAccount is not enhanced.

[2021-03-02 11:42:43 #12 type.registry] 
New type domain.Account

[2021-03-02 11:42:43 #13 type] 
Type domain.Account is not enhanced.

[2021-03-02 11:42:43 #14 type.registry] 
New type java.util.Vector<java.lang.Object>

------------------------------------------------------------------------------------------------------------------------

[2021-03-02 11:43:48 #1 store] 
Database 'C:\Users\rober\OneDrive\Escritorio\Cosas uni\2\IngenieriaDelSoftware1\labs\Bets21.5\src\main\resources\bets.temp' is opened by 6728@FRIDAY

[2021-03-02 11:43:48 #2 type.registry] 
New type domain.Question

[2021-03-02 11:43:48 #3 type] 
Type domain.Question is not enhanced.

[2021-03-02 11:43:48 #4 type.registry] 
New type domain.Bet

[2021-03-02 11:43:48 #5 type.registry] 
New type java.util.Vector<domain.Bet>

[2021-03-02 11:43:48 #6 type.registry] 
New type domain.Event

[2021-03-02 11:43:48 #7 type] 
Type domain.Bet is not enhanced.

[2021-03-02 11:43:48 #8 type] 
Type domain.Event is not enhanced.

[2021-03-02 11:43:48 #9 type.registry] 
New type java.util.Vector<domain.Question>

[2021-03-02 11:43:48 #10 type.registry] 
New type domain.InfoAccount

[2021-03-02 11:43:48 #11 type] 
Type domain.InfoAccount is not enhanced.

[2021-03-02 11:43:48 #12 type.registry] 
New type domain.Account

[2021-03-02 11:43:48 #13 type] 
Type domain.Account is not enhanced.

[2021-03-02 11:43:48 #14 type.registry] 
New type java.util.Vector<java.lang.Object>

------------------------------------------------------------------------------------------------------------------------

[2021-03-02 11:45:02 #1 store] 
Database 'C:\Users\rober\OneDrive\Escritorio\Cosas uni\2\IngenieriaDelSoftware1\labs\Bets21.5\src\main\resources\bets.temp' is opened by 3324@FRIDAY

[2021-03-02 11:45:02 #2 type.registry] 
New type domain.Question

[2021-03-02 11:45:02 #3 type] 
Type domain.Question is not enhanced.

[2021-03-02 11:45:02 #4 type.registry] 
New type domain.Bet

[2021-03-02 11:45:02 #5 type.registry] 
New type java.util.Vector<domain.Bet>

[2021-03-02 11:45:03 #6 type.registry] 
New type domain.Event

[2021-03-02 11:45:03 #7 type] 
Type domain.Bet is not enhanced.

[2021-03-02 11:45:03 #8 type] 
Type domain.Event is not enhanced.

[2021-03-02 11:45:03 #9 type.registry] 
New type java.util.Vector<domain.Question>

[2021-03-02 11:45:03 #10 type.registry] 
New type domain.InfoAccount

[2021-03-02 11:45:03 #11 type] 
Type domain.InfoAccount is not enhanced.

[2021-03-02 11:45:03 #12 type.registry] 
New type domain.Account

[2021-03-02 11:45:03 #13 type] 
Type domain.Account is not enhanced.

[2021-03-02 11:45:03 #14 type.registry] 
New type java.util.Vector<java.lang.Object>

------------------------------------------------------------------------------------------------------------------------

[2021-03-02 12:30:25 #1 store] 
Database 'C:\Users\rober\OneDrive\Escritorio\Cosas uni\2\IngenieriaDelSoftware1\labs\Bets21.5\src\main\resources\bets.temp' is opened by 9584@FRIDAY

[2021-03-02 12:30:25 #2 type.registry] 
New type domain.Question

[2021-03-02 12:30:25 #3 type] 
Type domain.Question is not enhanced.

[2021-03-02 12:30:25 #4 type.registry] 
New type domain.Bet

[2021-03-02 12:30:25 #5 type.registry] 
New type java.util.Vector<domain.Bet>

[2021-03-02 12:30:25 #6 type.registry] 
New type domain.Event

[2021-03-02 12:30:25 #7 type] 
Type domain.Bet is not enhanced.

[2021-03-02 12:30:25 #8 type] 
Type domain.Event is not enhanced.

[2021-03-02 12:30:25 #9 type.registry] 
New type java.util.Vector<domain.Question>

[2021-03-02 12:30:25 #10 type.registry] 
New type domain.InfoAccount

[2021-03-02 12:30:25 #11 type] 
Type domain.InfoAccount is not enhanced.

[2021-03-02 12:30:25 #12 type.registry] 
New type domain.Account

[2021-03-02 12:30:25 #13 type] 
Type domain.Account is not enhanced.

[2021-03-02 12:30:25 #14 type.registry] 
New type java.util.Vector<java.lang.Object>

------------------------------------------------------------------------------------------------------------------------

[2021-03-02 12:41:24 #1 store] 
Database 'C:\Users\rober\OneDrive\Escritorio\Cosas uni\2\IngenieriaDelSoftware1\labs\Bets21.5\src\main\resources\bets.temp' is opened by 15640@FRIDAY

[2021-03-02 12:41:25 #2 type.registry] 
New type domain.Question

[2021-03-02 12:41:25 #3 type] 
Type domain.Question is not enhanced.

[2021-03-02 12:41:25 #4 type.registry] 
New type domain.Bet

[2021-03-02 12:41:25 #5 type.registry] 
New type java.util.Vector<domain.Bet>

[2021-03-02 12:41:25 #6 type.registry] 
New type domain.Event

[2021-03-02 12:41:25 #7 type] 
Type domain.Bet is not enhanced.

[2021-03-02 12:41:25 #8 type] 
Type domain.Event is not enhanced.

[2021-03-02 12:41:25 #9 type.registry] 
New type java.util.Vector<domain.Question>

[2021-03-02 12:41:25 #10 type.registry] 
New type domain.InfoAccount

[2021-03-02 12:41:25 #11 type] 
Type domain.InfoAccount is not enhanced.

[2021-03-02 12:41:25 #12 type.registry] 
New type domain.Account

[2021-03-02 12:41:25 #13 type] 
Type domain.Account is not enhanced.

[2021-03-02 12:41:25 #14 type.registry] 
New type java.util.Vector<java.lang.Object>

------------------------------------------------------------------------------------------------------------------------

[2021-03-02 12:42:44 #1 store] 
Database 'C:\Users\rober\OneDrive\Escritorio\Cosas uni\2\IngenieriaDelSoftware1\labs\Bets21.5\src\main\resources\bets.temp' is opened by 4948@FRIDAY

[2021-03-02 12:42:44 #2 type.registry] 
New type domain.Question

[2021-03-02 12:42:44 #3 type] 
Type domain.Question is not enhanced.

[2021-03-02 12:42:44 #4 type.registry] 
New type domain.Bet

[2021-03-02 12:42:44 #5 type.registry] 
New type java.util.Vector<domain.Bet>

[2021-03-02 12:42:44 #6 type.registry] 
New type domain.Event

[2021-03-02 12:42:44 #7 type] 
Type domain.Bet is not enhanced.

[2021-03-02 12:42:44 #8 type] 
Type domain.Event is not enhanced.

[2021-03-02 12:42:44 #9 type.registry] 
New type java.util.Vector<domain.Question>

[2021-03-02 12:42:44 #10 type.registry] 
New type domain.InfoAccount

[2021-03-02 12:42:44 #11 type] 
Type domain.InfoAccount is not enhanced.

[2021-03-02 12:42:44 #12 type.registry] 
New type domain.Account

[2021-03-02 12:42:44 #13 type] 
Type domain.Account is not enhanced.

[2021-03-02 12:42:44 #14 type.registry] 
New type java.util.Vector<java.lang.Object>

------------------------------------------------------------------------------------------------------------------------

[2021-03-02 12:43:56 #1 store] 
Database 'C:\Users\rober\OneDrive\Escritorio\Cosas uni\2\IngenieriaDelSoftware1\labs\Bets21.5\src\main\resources\bets.temp' is opened by 2672@FRIDAY

[2021-03-02 12:43:56 #2 type.registry] 
New type domain.Question

[2021-03-02 12:43:56 #3 type] 
Type domain.Question is not enhanced.

[2021-03-02 12:43:56 #4 type.registry] 
New type domain.Bet

[2021-03-02 12:43:56 #5 type.registry] 
New type java.util.Vector<domain.Bet>

[2021-03-02 12:43:56 #6 type.registry] 
New type domain.Event

[2021-03-02 12:43:56 #7 type] 
Type domain.Bet is not enhanced.

[2021-03-02 12:43:56 #8 type] 
Type domain.Event is not enhanced.

[2021-03-02 12:43:56 #9 type.registry] 
New type java.util.Vector<domain.Question>

[2021-03-02 12:43:56 #10 type.registry] 
New type domain.InfoAccount

[2021-03-02 12:43:56 #11 type] 
Type domain.InfoAccount is not enhanced.

[2021-03-02 12:43:56 #12 type.registry] 
New type domain.Account

[2021-03-02 12:43:56 #13 type] 
Type domain.Account is not enhanced.

[2021-03-02 12:43:56 #14 type.registry] 
New type java.util.Vector<java.lang.Object>

------------------------------------------------------------------------------------------------------------------------

[2021-03-02 12:45:24 #1 store] 
Database 'C:\Users\rober\OneDrive\Escritorio\Cosas uni\2\IngenieriaDelSoftware1\labs\Bets21.5\src\main\resources\bets.temp' is opened by 4216@FRIDAY

[2021-03-02 12:45:24 #2 type.registry] 
New type domain.Question

[2021-03-02 12:45:24 #3 type] 
Type domain.Question is not enhanced.

[2021-03-02 12:45:24 #4 type.registry] 
New type domain.Bet

[2021-03-02 12:45:24 #5 type.registry] 
New type java.util.Vector<domain.Bet>

[2021-03-02 12:45:24 #6 type.registry] 
New type domain.Event

[2021-03-02 12:45:24 #7 type] 
Type domain.Bet is not enhanced.

[2021-03-02 12:45:24 #8 type] 
Type domain.Event is not enhanced.

[2021-03-02 12:45:24 #9 type.registry] 
New type java.util.Vector<domain.Question>

[2021-03-02 12:45:24 #10 type.registry] 
New type domain.InfoAccount

[2021-03-02 12:45:24 #11 type] 
Type domain.InfoAccount is not enhanced.

[2021-03-02 12:45:24 #12 type.registry] 
New type domain.Account

[2021-03-02 12:45:24 #13 type] 
Type domain.Account is not enhanced.

[2021-03-02 12:45:24 #14 type.registry] 
New type java.util.Vector<java.lang.Object>

------------------------------------------------------------------------------------------------------------------------

[2021-03-02 12:54:56 #1 store] 
Database 'C:\Users\rober\OneDrive\Escritorio\Cosas uni\2\IngenieriaDelSoftware1\labs\Bets21.5\src\main\resources\bets.temp' is opened by 8536@FRIDAY

[2021-03-02 12:54:56 #2 type.registry] 
New type domain.Question

[2021-03-02 12:54:56 #3 type] 
Type domain.Question is not enhanced.

[2021-03-02 12:54:56 #4 type.registry] 
New type domain.Bet

[2021-03-02 12:54:56 #5 type.registry] 
New type java.util.Vector<domain.Bet>

[2021-03-02 12:54:56 #6 type.registry] 
New type domain.Event

[2021-03-02 12:54:56 #7 type] 
Type domain.Bet is not enhanced.

[2021-03-02 12:54:56 #8 type] 
Type domain.Event is not enhanced.

[2021-03-02 12:54:56 #9 type.registry] 
New type java.util.Vector<domain.Question>

[2021-03-02 12:54:56 #10 type.registry] 
New type domain.InfoAccount

[2021-03-02 12:54:56 #11 type] 
Type domain.InfoAccount is not enhanced.

[2021-03-02 12:54:56 #12 type.registry] 
New type domain.Account

[2021-03-02 12:54:56 #13 type] 
Type domain.Account is not enhanced.

[2021-03-02 12:54:56 #14 type.registry] 
New type java.util.Vector<java.lang.Object>

------------------------------------------------------------------------------------------------------------------------

[2021-03-02 17:27:41 #1 store] 
Database 'C:\Users\Asier\Desktop\UNI\2020-2021\IS1\Eclipse 2\Bets21\src\main\resources\bets.temp' is opened by 16976@LAPTOP-RRB12562

[2021-03-02 17:27:41 #2 type.registry] 
New type domain.Question

[2021-03-02 17:27:41 #3 type] 
Type domain.Question is not enhanced.

[2021-03-02 17:27:41 #4 type.registry] 
New type domain.Bet

[2021-03-02 17:27:41 #5 type.registry] 
New type java.util.Vector<domain.Bet>

[2021-03-02 17:27:41 #6 type.registry] 
New type domain.Event

[2021-03-02 17:27:41 #7 type] 
Type domain.Bet is not enhanced.

[2021-03-02 17:27:41 #8 type] 
Type domain.Event is not enhanced.

[2021-03-02 17:27:41 #9 type.registry] 
New type java.util.Vector<domain.Question>

[2021-03-02 17:27:41 #10 type.registry] 
New type domain.InfoAccount

[2021-03-02 17:27:41 #11 type] 
Type domain.InfoAccount is not enhanced.

[2021-03-02 17:27:41 #12 type.registry] 
New type domain.Account

[2021-03-02 17:27:41 #13 type] 
Type domain.Account is not enhanced.

[2021-03-02 17:27:41 #14 type.registry] 
New type java.util.Vector<java.lang.Object>

------------------------------------------------------------------------------------------------------------------------

[2021-03-02 17:29:20 #1 store] 
Database 'C:\Users\Asier\Desktop\UNI\2020-2021\IS1\Eclipse 2\Bets21\src\main\resources\bets.temp' is opened by 19792@LAPTOP-RRB12562

[2021-03-02 17:29:21 #2 type.registry] 
New type domain.Question

[2021-03-02 17:29:21 #3 type] 
Type domain.Question is not enhanced.

[2021-03-02 17:29:21 #4 type.registry] 
New type domain.Bet

[2021-03-02 17:29:21 #5 type.registry] 
New type java.util.Vector<domain.Bet>

[2021-03-02 17:29:21 #6 type.registry] 
New type domain.Event

[2021-03-02 17:29:21 #7 type] 
Type domain.Bet is not enhanced.

[2021-03-02 17:29:21 #8 type] 
Type domain.Event is not enhanced.

[2021-03-02 17:29:21 #9 type.registry] 
New type java.util.Vector<domain.Question>

[2021-03-02 17:29:21 #10 type.registry] 
New type domain.InfoAccount

[2021-03-02 17:29:21 #11 type] 
Type domain.InfoAccount is not enhanced.

[2021-03-02 17:29:21 #12 type.registry] 
New type domain.Account

[2021-03-02 17:29:21 #13 type] 
Type domain.Account is not enhanced.

[2021-03-02 17:29:21 #14 type.registry] 
New type java.util.Vector<java.lang.Object>

------------------------------------------------------------------------------------------------------------------------

[2021-03-02 17:30:51 #1 store] 
Database 'C:\Users\Asier\Desktop\UNI\2020-2021\IS1\Eclipse 2\Bets21\src\main\resources\bets.temp' is opened by 6456@LAPTOP-RRB12562

[2021-03-02 17:30:51 #2 type.registry] 
New type domain.Question

[2021-03-02 17:30:51 #3 type] 
Type domain.Question is not enhanced.

[2021-03-02 17:30:51 #4 type.registry] 
New type domain.Bet

[2021-03-02 17:30:51 #5 type.registry] 
New type java.util.Vector<domain.Bet>

[2021-03-02 17:30:51 #6 type.registry] 
New type domain.Event

[2021-03-02 17:30:51 #7 type] 
Type domain.Bet is not enhanced.

[2021-03-02 17:30:51 #8 type] 
Type domain.Event is not enhanced.

[2021-03-02 17:30:51 #9 type.registry] 
New type java.util.Vector<domain.Question>

[2021-03-02 17:30:51 #10 type.registry] 
New type domain.InfoAccount

[2021-03-02 17:30:51 #11 type] 
Type domain.InfoAccount is not enhanced.

[2021-03-02 17:30:51 #12 type.registry] 
New type domain.Account

[2021-03-02 17:30:51 #13 type] 
Type domain.Account is not enhanced.

[2021-03-02 17:30:51 #14 type.registry] 
New type java.util.Vector<java.lang.Object>

------------------------------------------------------------------------------------------------------------------------

[2021-03-02 17:45:21 #1 store] 
Database 'C:\Users\Asier\Desktop\UNI\2020-2021\IS1\Eclipse 2\Bets21\src\main\resources\bets.temp' is opened by 18064@LAPTOP-RRB12562

[2021-03-02 17:45:21 #2 type.registry] 
New type domain.Question

[2021-03-02 17:45:21 #3 type] 
Type domain.Question is not enhanced.

[2021-03-02 17:45:21 #4 type.registry] 
New type domain.Bet

[2021-03-02 17:45:21 #5 type.registry] 
New type java.util.Vector<domain.Bet>

[2021-03-02 17:45:21 #6 type.registry] 
New type domain.Event

[2021-03-02 17:45:21 #7 type] 
Type domain.Bet is not enhanced.

[2021-03-02 17:45:21 #8 type] 
Type domain.Event is not enhanced.

[2021-03-02 17:45:21 #9 type.registry] 
New type java.util.Vector<domain.Question>

[2021-03-02 17:45:21 #10 type.registry] 
New type domain.InfoAccount

[2021-03-02 17:45:21 #11 type] 
Type domain.InfoAccount is not enhanced.

[2021-03-02 17:45:21 #12 type.registry] 
New type domain.Account

[2021-03-02 17:45:21 #13 type] 
Type domain.Account is not enhanced.

[2021-03-02 17:45:21 #14 type.registry] 
New type java.util.Vector<java.lang.Object>

------------------------------------------------------------------------------------------------------------------------

[2021-03-02 17:45:29 #1 store] 
Database 'C:\Users\Asier\Desktop\UNI\2020-2021\IS1\Eclipse 2\Bets21\src\main\resources\bets.temp' is opened by 17504@LAPTOP-RRB12562

[2021-03-02 17:45:30 #2 type.registry] 
New type domain.Question

[2021-03-02 17:45:30 #3 type] 
Type domain.Question is not enhanced.

[2021-03-02 17:45:30 #4 type.registry] 
New type domain.Bet

[2021-03-02 17:45:30 #5 type.registry] 
New type java.util.Vector<domain.Bet>

[2021-03-02 17:45:30 #6 type.registry] 
New type domain.Event

[2021-03-02 17:45:30 #7 type] 
Type domain.Bet is not enhanced.

[2021-03-02 17:45:30 #8 type] 
Type domain.Event is not enhanced.

[2021-03-02 17:45:30 #9 type.registry] 
New type java.util.Vector<domain.Question>

[2021-03-02 17:45:30 #10 type.registry] 
New type domain.InfoAccount

[2021-03-02 17:45:30 #11 type] 
Type domain.InfoAccount is not enhanced.

[2021-03-02 17:45:30 #12 type.registry] 
New type domain.Account

[2021-03-02 17:45:30 #13 type] 
Type domain.Account is not enhanced.

[2021-03-02 17:45:30 #14 type.registry] 
New type java.util.Vector<java.lang.Object>

------------------------------------------------------------------------------------------------------------------------

[2021-03-02 17:49:34 #1 store] 
Database 'C:\Users\Asier\Desktop\UNI\2020-2021\IS1\Eclipse 2\Bets21\src\main\resources\bets.temp' is opened by 17192@LAPTOP-RRB12562

[2021-03-02 17:49:34 #2 type.registry] 
New type domain.Question

[2021-03-02 17:49:34 #3 type] 
Type domain.Question is not enhanced.

[2021-03-02 17:49:34 #4 type.registry] 
New type domain.Bet

[2021-03-02 17:49:34 #5 type.registry] 
New type java.util.Vector<domain.Bet>

[2021-03-02 17:49:34 #6 type.registry] 
New type domain.Event

[2021-03-02 17:49:34 #7 type] 
Type domain.Bet is not enhanced.

[2021-03-02 17:49:34 #8 type] 
Type domain.Event is not enhanced.

[2021-03-02 17:49:34 #9 type.registry] 
New type java.util.Vector<domain.Question>

[2021-03-02 17:49:34 #10 type.registry] 
New type domain.InfoAccount

[2021-03-02 17:49:34 #11 type] 
Type domain.InfoAccount is not enhanced.

[2021-03-02 17:49:34 #12 type.registry] 
New type domain.Account

[2021-03-02 17:49:34 #13 type] 
Type domain.Account is not enhanced.

[2021-03-02 17:49:34 #14 type.registry] 
New type java.util.Vector<java.lang.Object>

------------------------------------------------------------------------------------------------------------------------

[2021-03-02 17:54:53 #1 store] 
Database 'C:\Users\Asier\Desktop\UNI\2020-2021\IS1\Eclipse 2\Bets21\src\main\resources\bets.temp' is opened by 14284@LAPTOP-RRB12562

[2021-03-02 17:54:53 #2 type.registry] 
New type domain.Question

[2021-03-02 17:54:53 #3 type] 
Type domain.Question is not enhanced.

[2021-03-02 17:54:53 #4 type.registry] 
New type domain.Bet

[2021-03-02 17:54:53 #5 type.registry] 
New type java.util.Vector<domain.Bet>

[2021-03-02 17:54:53 #6 type.registry] 
New type domain.Event

[2021-03-02 17:54:53 #7 type] 
Type domain.Bet is not enhanced.

[2021-03-02 17:54:53 #8 type] 
Type domain.Event is not enhanced.

[2021-03-02 17:54:53 #9 type.registry] 
New type java.util.Vector<domain.Question>

[2021-03-02 17:54:53 #10 type.registry] 
New type domain.InfoAccount

[2021-03-02 17:54:53 #11 type] 
Type domain.InfoAccount is not enhanced.

[2021-03-02 17:54:53 #12 type.registry] 
New type domain.Account

[2021-03-02 17:54:53 #13 type] 
Type domain.Account is not enhanced.

[2021-03-02 17:54:53 #14 type.registry] 
New type java.util.Vector<java.lang.Object>

------------------------------------------------------------------------------------------------------------------------

[2021-03-02 18:07:46 #1 store] 
Database 'C:\Users\Asier\Desktop\UNI\2020-2021\IS1\Eclipse 2\Bets21\src\main\resources\bets.temp' is opened by 14176@LAPTOP-RRB12562

[2021-03-02 18:07:46 #2 type.registry] 
New type domain.Question

[2021-03-02 18:07:46 #3 type] 
Type domain.Question is not enhanced.

[2021-03-02 18:07:46 #4 type.registry] 
New type domain.Bet

[2021-03-02 18:07:47 #5 type.registry] 
New type java.util.Vector<domain.Bet>

[2021-03-02 18:07:47 #6 type.registry] 
New type domain.Event

[2021-03-02 18:07:47 #7 type] 
Type domain.Bet is not enhanced.

[2021-03-02 18:07:47 #8 type] 
Type domain.Event is not enhanced.

[2021-03-02 18:07:47 #9 type.registry] 
New type java.util.Vector<domain.Question>

[2021-03-02 18:07:47 #10 type.registry] 
New type domain.InfoAccount

[2021-03-02 18:07:47 #11 type] 
Type domain.InfoAccount is not enhanced.

[2021-03-02 18:07:47 #12 type.registry] 
New type domain.Account

[2021-03-02 18:07:47 #13 type] 
Type domain.Account is not enhanced.

[2021-03-02 18:07:47 #14 type.registry] 
New type java.util.Vector<java.lang.Object>

------------------------------------------------------------------------------------------------------------------------

[2021-03-02 18:08:40 #1 store] 
Database 'C:\Users\Asier\Desktop\UNI\2020-2021\IS1\Eclipse 2\Bets21\src\main\resources\bets.temp' is opened by 5896@LAPTOP-RRB12562

[2021-03-02 18:08:41 #2 type.registry] 
New type domain.Question

[2021-03-02 18:08:41 #3 type] 
Type domain.Question is not enhanced.

[2021-03-02 18:08:41 #4 type.registry] 
New type domain.Bet

[2021-03-02 18:08:41 #5 type.registry] 
New type java.util.Vector<domain.Bet>

[2021-03-02 18:08:41 #6 type.registry] 
New type domain.Event

[2021-03-02 18:08:41 #7 type] 
Type domain.Bet is not enhanced.

[2021-03-02 18:08:41 #8 type] 
Type domain.Event is not enhanced.

[2021-03-02 18:08:41 #9 type.registry] 
New type java.util.Vector<domain.Question>

[2021-03-02 18:08:41 #10 type.registry] 
New type domain.InfoAccount

[2021-03-02 18:08:41 #11 type] 
Type domain.InfoAccount is not enhanced.

[2021-03-02 18:08:41 #12 type.registry] 
New type domain.Account

[2021-03-02 18:08:41 #13 type] 
Type domain.Account is not enhanced.

[2021-03-02 18:08:41 #14 type.registry] 
New type java.util.Vector<java.lang.Object>

------------------------------------------------------------------------------------------------------------------------

[2021-03-02 18:14:50 #1 store] 
Database 'C:\Users\Asier\Desktop\UNI\2020-2021\IS1\Eclipse 2\Bets21\src\main\resources\bets.temp' is opened by 5396@LAPTOP-RRB12562

[2021-03-02 18:14:50 #2 type.registry] 
New type domain.Question

[2021-03-02 18:14:50 #3 type] 
Type domain.Question is not enhanced.

[2021-03-02 18:14:50 #4 type.registry] 
New type domain.Bet

[2021-03-02 18:14:50 #5 type.registry] 
New type java.util.Vector<domain.Bet>

[2021-03-02 18:14:50 #6 type.registry] 
New type domain.Event

[2021-03-02 18:14:50 #7 type] 
Type domain.Bet is not enhanced.

[2021-03-02 18:14:50 #8 type] 
Type domain.Event is not enhanced.

[2021-03-02 18:14:50 #9 type.registry] 
New type java.util.Vector<domain.Question>

[2021-03-02 18:14:50 #10 type.registry] 
New type domain.InfoAccount

[2021-03-02 18:14:50 #11 type] 
Type domain.InfoAccount is not enhanced.

[2021-03-02 18:14:50 #12 type.registry] 
New type domain.Account

[2021-03-02 18:14:50 #13 type] 
Type domain.Account is not enhanced.

[2021-03-02 18:14:50 #14 type.registry] 
New type java.util.Vector<java.lang.Object>

------------------------------------------------------------------------------------------------------------------------

[2021-03-02 18:16:24 #1 store] 
Database 'C:\Users\Asier\Desktop\UNI\2020-2021\IS1\Eclipse 2\Bets21\src\main\resources\bets.temp' is opened by 10940@LAPTOP-RRB12562

[2021-03-02 18:16:25 #2 type.registry] 
New type domain.Question

[2021-03-02 18:16:25 #3 type] 
Type domain.Question is not enhanced.

[2021-03-02 18:16:25 #4 type.registry] 
New type domain.Bet

[2021-03-02 18:16:25 #5 type.registry] 
New type java.util.Vector<domain.Bet>

[2021-03-02 18:16:25 #6 type.registry] 
New type domain.Event

[2021-03-02 18:16:25 #7 type] 
Type domain.Bet is not enhanced.

[2021-03-02 18:16:25 #8 type] 
Type domain.Event is not enhanced.

[2021-03-02 18:16:25 #9 type.registry] 
New type java.util.Vector<domain.Question>

[2021-03-02 18:16:25 #10 type.registry] 
New type domain.InfoAccount

[2021-03-02 18:16:25 #11 type] 
Type domain.InfoAccount is not enhanced.

[2021-03-02 18:16:25 #12 type.registry] 
New type domain.Account

[2021-03-02 18:16:25 #13 type] 
Type domain.Account is not enhanced.

[2021-03-02 18:16:25 #14 type.registry] 
New type java.util.Vector<java.lang.Object>

------------------------------------------------------------------------------------------------------------------------

[2021-03-02 18:18:45 #1 store] 
Database 'C:\Users\Asier\Desktop\UNI\2020-2021\IS1\Eclipse 2\Bets21\src\main\resources\bets.temp' is opened by 8900@LAPTOP-RRB12562

[2021-03-02 18:18:45 #2 type.registry] 
New type domain.Question

[2021-03-02 18:18:45 #3 type] 
Type domain.Question is not enhanced.

[2021-03-02 18:18:45 #4 type.registry] 
New type domain.Bet

[2021-03-02 18:18:45 #5 type.registry] 
New type java.util.Vector<domain.Bet>

[2021-03-02 18:18:45 #6 type.registry] 
New type domain.Event

[2021-03-02 18:18:45 #7 type] 
Type domain.Bet is not enhanced.

[2021-03-02 18:18:45 #8 type] 
Type domain.Event is not enhanced.

[2021-03-02 18:18:45 #9 type.registry] 
New type java.util.Vector<domain.Question>

[2021-03-02 18:18:45 #10 type.registry] 
New type domain.InfoAccount

[2021-03-02 18:18:45 #11 type] 
Type domain.InfoAccount is not enhanced.

[2021-03-02 18:18:45 #12 type.registry] 
New type domain.Account

[2021-03-02 18:18:45 #13 type] 
Type domain.Account is not enhanced.

[2021-03-02 18:18:45 #14 type.registry] 
New type java.util.Vector<java.lang.Object>

------------------------------------------------------------------------------------------------------------------------

[2021-03-02 18:23:24 #1 store] 
Database 'C:\Users\Asier\Desktop\UNI\2020-2021\IS1\Eclipse 2\Bets21\src\main\resources\bets.temp' is opened by 17748@LAPTOP-RRB12562

[2021-03-02 18:23:24 #2 type.registry] 
New type domain.Question

[2021-03-02 18:23:24 #3 type] 
Type domain.Question is not enhanced.

[2021-03-02 18:23:24 #4 type.registry] 
New type domain.Bet

[2021-03-02 18:23:24 #5 type.registry] 
New type java.util.Vector<domain.Bet>

[2021-03-02 18:23:24 #6 type.registry] 
New type domain.Event

[2021-03-02 18:23:24 #7 type] 
Type domain.Bet is not enhanced.

[2021-03-02 18:23:24 #8 type] 
Type domain.Event is not enhanced.

[2021-03-02 18:23:24 #9 type.registry] 
New type java.util.Vector<domain.Question>

[2021-03-02 18:23:24 #10 type.registry] 
New type domain.InfoAccount

[2021-03-02 18:23:24 #11 type] 
Type domain.InfoAccount is not enhanced.

[2021-03-02 18:23:24 #12 type.registry] 
New type domain.Account

[2021-03-02 18:23:24 #13 type] 
Type domain.Account is not enhanced.

[2021-03-02 18:23:24 #14 type.registry] 
New type java.util.Vector<java.lang.Object>

------------------------------------------------------------------------------------------------------------------------

[2021-03-02 18:26:11 #1 store] 
Database 'C:\Users\Asier\Desktop\UNI\2020-2021\IS1\Eclipse 2\Bets21\src\main\resources\bets.temp' is opened by 17312@LAPTOP-RRB12562

[2021-03-02 18:26:11 #2 type.registry] 
New type domain.Question

[2021-03-02 18:26:11 #3 type] 
Type domain.Question is not enhanced.

[2021-03-02 18:26:11 #4 type.registry] 
New type domain.Bet

[2021-03-02 18:26:11 #5 type.registry] 
New type java.util.Vector<domain.Bet>

[2021-03-02 18:26:11 #6 type.registry] 
New type domain.Event

[2021-03-02 18:26:11 #7 type] 
Type domain.Bet is not enhanced.

[2021-03-02 18:26:11 #8 type] 
Type domain.Event is not enhanced.

[2021-03-02 18:26:11 #9 type.registry] 
New type java.util.Vector<domain.Question>

[2021-03-02 18:26:11 #10 type.registry] 
New type domain.InfoAccount

[2021-03-02 18:26:11 #11 type] 
Type domain.InfoAccount is not enhanced.

[2021-03-02 18:26:11 #12 type.registry] 
New type domain.Account

[2021-03-02 18:26:11 #13 type] 
Type domain.Account is not enhanced.

[2021-03-02 18:26:11 #14 type.registry] 
New type java.util.Vector<java.lang.Object>

------------------------------------------------------------------------------------------------------------------------

[2021-03-02 18:26:50 #1 store] 
Database 'C:\Users\Asier\Desktop\UNI\2020-2021\IS1\Eclipse 2\Bets21\src\main\resources\bets.temp' is opened by 8432@LAPTOP-RRB12562

[2021-03-02 18:26:50 #2 type.registry] 
New type domain.Question

[2021-03-02 18:26:50 #3 type] 
Type domain.Question is not enhanced.

[2021-03-02 18:26:50 #4 type.registry] 
New type domain.Bet

[2021-03-02 18:26:50 #5 type.registry] 
New type java.util.Vector<domain.Bet>

[2021-03-02 18:26:50 #6 type.registry] 
New type domain.Event

[2021-03-02 18:26:50 #7 type] 
Type domain.Bet is not enhanced.

[2021-03-02 18:26:50 #8 type] 
Type domain.Event is not enhanced.

[2021-03-02 18:26:50 #9 type.registry] 
New type java.util.Vector<domain.Question>

[2021-03-02 18:26:50 #10 type.registry] 
New type domain.InfoAccount

[2021-03-02 18:26:50 #11 type] 
Type domain.InfoAccount is not enhanced.

[2021-03-02 18:26:50 #12 type.registry] 
New type domain.Account

[2021-03-02 18:26:50 #13 type] 
Type domain.Account is not enhanced.

[2021-03-02 18:26:50 #14 type.registry] 
New type java.util.Vector<java.lang.Object>

------------------------------------------------------------------------------------------------------------------------

[2021-03-02 18:33:19 #1 store] 
Database 'C:\Users\Asier\Desktop\UNI\2020-2021\IS1\Eclipse 2\Bets21\src\main\resources\bets.temp' is opened by 19436@LAPTOP-RRB12562

[2021-03-02 18:33:19 #2 type.registry] 
New type domain.Question

[2021-03-02 18:33:19 #3 type] 
Type domain.Question is not enhanced.

[2021-03-02 18:33:19 #4 type.registry] 
New type domain.Bet

[2021-03-02 18:33:19 #5 type.registry] 
New type java.util.Vector<domain.Bet>

[2021-03-02 18:33:19 #6 type.registry] 
New type domain.Event

[2021-03-02 18:33:19 #7 type] 
Type domain.Bet is not enhanced.

[2021-03-02 18:33:19 #8 type] 
Type domain.Event is not enhanced.

[2021-03-02 18:33:19 #9 type.registry] 
New type java.util.Vector<domain.Question>

[2021-03-02 18:33:19 #10 type.registry] 
New type domain.InfoAccount

[2021-03-02 18:33:19 #11 type] 
Type domain.InfoAccount is not enhanced.

[2021-03-02 18:33:19 #12 type.registry] 
New type domain.Account

[2021-03-02 18:33:19 #13 type] 
Type domain.Account is not enhanced.

[2021-03-02 18:33:19 #14 type.registry] 
New type java.util.Vector<java.lang.Object>

------------------------------------------------------------------------------------------------------------------------

[2021-03-02 18:38:18 #1 store] 
Database 'C:\Users\Asier\Desktop\UNI\2020-2021\IS1\Eclipse 2\Bets21\src\main\resources\bets.temp' is opened by 12336@LAPTOP-RRB12562

[2021-03-02 18:38:18 #2 type.registry] 
New type domain.Question

[2021-03-02 18:38:18 #3 type] 
Type domain.Question is not enhanced.

[2021-03-02 18:38:18 #4 type.registry] 
New type domain.Bet

[2021-03-02 18:38:18 #5 type.registry] 
New type java.util.Vector<domain.Bet>

[2021-03-02 18:38:18 #6 type.registry] 
New type domain.Event

[2021-03-02 18:38:18 #7 type] 
Type domain.Bet is not enhanced.

[2021-03-02 18:38:18 #8 type] 
Type domain.Event is not enhanced.

[2021-03-02 18:38:18 #9 type.registry] 
New type java.util.Vector<domain.Question>

[2021-03-02 18:38:18 #10 type.registry] 
New type domain.InfoAccount

[2021-03-02 18:38:18 #11 type] 
Type domain.InfoAccount is not enhanced.

[2021-03-02 18:38:18 #12 type.registry] 
New type domain.Account

[2021-03-02 18:38:18 #13 type] 
Type domain.Account is not enhanced.

[2021-03-02 18:38:18 #14 type.registry] 
New type java.util.Vector<java.lang.Object>

------------------------------------------------------------------------------------------------------------------------

[2021-03-02 18:39:37 #1 store] 
Database 'C:\Users\Asier\Desktop\UNI\2020-2021\IS1\Eclipse 2\Bets21\src\main\resources\bets.temp' is opened by 1080@LAPTOP-RRB12562

[2021-03-02 18:39:37 #2 type.registry] 
New type domain.Question

[2021-03-02 18:39:37 #3 type] 
Type domain.Question is not enhanced.

[2021-03-02 18:39:37 #4 type.registry] 
New type domain.Bet

[2021-03-02 18:39:37 #5 type.registry] 
New type java.util.Vector<domain.Bet>

[2021-03-02 18:39:37 #6 type.registry] 
New type domain.Event

[2021-03-02 18:39:37 #7 type] 
Type domain.Bet is not enhanced.

[2021-03-02 18:39:37 #8 type] 
Type domain.Event is not enhanced.

[2021-03-02 18:39:37 #9 type.registry] 
New type java.util.Vector<domain.Question>

[2021-03-02 18:39:37 #10 type.registry] 
New type domain.InfoAccount

[2021-03-02 18:39:37 #11 type] 
Type domain.InfoAccount is not enhanced.

[2021-03-02 18:39:37 #12 type.registry] 
New type domain.Account

[2021-03-02 18:39:37 #13 type] 
Type domain.Account is not enhanced.

[2021-03-02 18:39:37 #14 type.registry] 
New type java.util.Vector<java.lang.Object>

------------------------------------------------------------------------------------------------------------------------

[2021-03-02 18:56:55 #1 store] 
Database 'C:\Users\Asier\Desktop\UNI\2020-2021\IS1\Eclipse 2\Bets21\src\main\resources\bets.temp' is opened by 6876@LAPTOP-RRB12562

[2021-03-02 18:56:55 #2 type.registry] 
New type domain.Question

[2021-03-02 18:56:55 #3 type] 
Type domain.Question is not enhanced.

[2021-03-02 18:56:55 #4 type.registry] 
New type domain.Bet

[2021-03-02 18:56:55 #5 type.registry] 
New type java.util.Vector<domain.Bet>

[2021-03-02 18:56:55 #6 type.registry] 
New type domain.Event

[2021-03-02 18:56:55 #7 type] 
Type domain.Bet is not enhanced.

[2021-03-02 18:56:55 #8 type] 
Type domain.Event is not enhanced.

[2021-03-02 18:56:55 #9 type.registry] 
New type java.util.Vector<domain.Question>

[2021-03-02 18:56:55 #10 type.registry] 
New type domain.InfoAccount

[2021-03-02 18:56:55 #11 type] 
Type domain.InfoAccount is not enhanced.

[2021-03-02 18:56:55 #12 type.registry] 
New type domain.Account

[2021-03-02 18:56:55 #13 type] 
Type domain.Account is not enhanced.

[2021-03-02 18:56:55 #14 type.registry] 
New type java.util.Vector<java.lang.Object>

------------------------------------------------------------------------------------------------------------------------

[2021-03-02 18:57:53 #1 store] 
Database 'C:\Users\Asier\Desktop\UNI\2020-2021\IS1\Eclipse 2\Bets21\src\main\resources\bets.temp' is opened by 1252@LAPTOP-RRB12562

[2021-03-02 18:57:53 #2 type.registry] 
New type domain.Question

[2021-03-02 18:57:53 #3 type] 
Type domain.Question is not enhanced.

[2021-03-02 18:57:53 #4 type.registry] 
New type domain.Bet

[2021-03-02 18:57:53 #5 type.registry] 
New type java.util.Vector<domain.Bet>

[2021-03-02 18:57:53 #6 type.registry] 
New type domain.Event

[2021-03-02 18:57:53 #7 type] 
Type domain.Bet is not enhanced.

[2021-03-02 18:57:53 #8 type] 
Type domain.Event is not enhanced.

[2021-03-02 18:57:53 #9 type.registry] 
New type java.util.Vector<domain.Question>

[2021-03-02 18:57:53 #10 type.registry] 
New type domain.InfoAccount

[2021-03-02 18:57:53 #11 type] 
Type domain.InfoAccount is not enhanced.

[2021-03-02 18:57:53 #12 type.registry] 
New type domain.Account

[2021-03-02 18:57:53 #13 type] 
Type domain.Account is not enhanced.

[2021-03-02 18:57:53 #14 type.registry] 
New type java.util.Vector<java.lang.Object>

------------------------------------------------------------------------------------------------------------------------

[2021-03-02 19:01:15 #1 store] 
Database 'C:\Users\Asier\Desktop\UNI\2020-2021\IS1\Eclipse 2\Bets21\src\main\resources\bets.temp' is opened by 16008@LAPTOP-RRB12562

[2021-03-02 19:01:15 #2 type.registry] 
New type domain.Question

[2021-03-02 19:01:15 #3 type] 
Type domain.Question is not enhanced.

[2021-03-02 19:01:15 #4 type.registry] 
New type domain.Bet

[2021-03-02 19:01:15 #5 type.registry] 
New type java.util.Vector<domain.Bet>

[2021-03-02 19:01:15 #6 type.registry] 
New type domain.Event

[2021-03-02 19:01:15 #7 type] 
Type domain.Bet is not enhanced.

[2021-03-02 19:01:15 #8 type] 
Type domain.Event is not enhanced.

[2021-03-02 19:01:15 #9 type.registry] 
New type java.util.Vector<domain.Question>

[2021-03-02 19:01:15 #10 type.registry] 
New type domain.InfoAccount

[2021-03-02 19:01:15 #11 type] 
Type domain.InfoAccount is not enhanced.

[2021-03-02 19:01:15 #12 type.registry] 
New type domain.Account

[2021-03-02 19:01:15 #13 type] 
Type domain.Account is not enhanced.

[2021-03-02 19:01:15 #14 type.registry] 
New type java.util.Vector<java.lang.Object>

------------------------------------------------------------------------------------------------------------------------

[2021-03-02 19:01:55 #1 store] 
Database 'C:\Users\Asier\Desktop\UNI\2020-2021\IS1\Eclipse 2\Bets21\src\main\resources\bets.temp' is opened by 11212@LAPTOP-RRB12562

[2021-03-02 19:01:56 #2 type.registry] 
New type domain.Question

[2021-03-02 19:01:56 #3 type] 
Type domain.Question is not enhanced.

[2021-03-02 19:01:56 #4 type.registry] 
New type domain.Bet

[2021-03-02 19:01:56 #5 type.registry] 
New type java.util.Vector<domain.Bet>

[2021-03-02 19:01:56 #6 type.registry] 
New type domain.Event

[2021-03-02 19:01:56 #7 type] 
Type domain.Bet is not enhanced.

[2021-03-02 19:01:56 #8 type] 
Type domain.Event is not enhanced.

[2021-03-02 19:01:56 #9 type.registry] 
New type java.util.Vector<domain.Question>

[2021-03-02 19:01:56 #10 type.registry] 
New type domain.InfoAccount

[2021-03-02 19:01:56 #11 type] 
Type domain.InfoAccount is not enhanced.

[2021-03-02 19:01:56 #12 type.registry] 
New type domain.Account

[2021-03-02 19:01:56 #13 type] 
Type domain.Account is not enhanced.

[2021-03-02 19:01:56 #14 type.registry] 
New type java.util.Vector<java.lang.Object>

------------------------------------------------------------------------------------------------------------------------

[2021-03-02 21:16:24 #1 store] 
Database 'C:\Users\Asier\Desktop\UNI\2020-2021\IS1\Eclipse 2\Bets21\src\main\resources\bets.temp' is opened by 13684@LAPTOP-RRB12562

[2021-03-02 21:16:24 #2 type.registry] 
New type domain.Question

[2021-03-02 21:16:24 #3 type] 
Type domain.Question is not enhanced.

[2021-03-02 21:16:24 #4 type.registry] 
New type domain.Bet

[2021-03-02 21:16:24 #5 type.registry] 
New type java.util.Vector<domain.Bet>

[2021-03-02 21:16:24 #6 type.registry] 
New type domain.Event

[2021-03-02 21:16:24 #7 type] 
Type domain.Bet is not enhanced.

[2021-03-02 21:16:24 #8 type] 
Type domain.Event is not enhanced.

[2021-03-02 21:16:24 #9 type.registry] 
New type java.util.Vector<domain.Question>

[2021-03-02 21:16:24 #10 type.registry] 
New type domain.InfoAccount

[2021-03-02 21:16:24 #11 type] 
Type domain.InfoAccount is not enhanced.

[2021-03-02 21:16:24 #12 type.registry] 
New type domain.Account

[2021-03-02 21:16:24 #13 type] 
Type domain.Account is not enhanced.

[2021-03-02 21:16:24 #14 type.registry] 
New type java.util.Vector<java.lang.Object>

------------------------------------------------------------------------------------------------------------------------

[2021-03-02 21:17:06 #1 store] 
Database 'C:\Users\Asier\Desktop\UNI\2020-2021\IS1\Eclipse 2\Bets21\src\main\resources\bets.temp' is opened by 15860@LAPTOP-RRB12562

[2021-03-02 21:17:06 #2 type.registry] 
New type domain.Question

[2021-03-02 21:17:06 #3 type] 
Type domain.Question is not enhanced.

[2021-03-02 21:17:06 #4 type.registry] 
New type domain.Bet

[2021-03-02 21:17:06 #5 type.registry] 
New type java.util.Vector<domain.Bet>

[2021-03-02 21:17:06 #6 type.registry] 
New type domain.Event

[2021-03-02 21:17:06 #7 type] 
Type domain.Bet is not enhanced.

[2021-03-02 21:17:06 #8 type] 
Type domain.Event is not enhanced.

[2021-03-02 21:17:06 #9 type.registry] 
New type java.util.Vector<domain.Question>

[2021-03-02 21:17:06 #10 type.registry] 
New type domain.InfoAccount

[2021-03-02 21:17:06 #11 type] 
Type domain.InfoAccount is not enhanced.

[2021-03-02 21:17:06 #12 type.registry] 
New type domain.Account

[2021-03-02 21:17:06 #13 type] 
Type domain.Account is not enhanced.

[2021-03-02 21:17:06 #14 type.registry] 
New type java.util.Vector<java.lang.Object>

------------------------------------------------------------------------------------------------------------------------

[2021-03-02 21:18:24 #1 store] 
Database 'C:\Users\Asier\Desktop\UNI\2020-2021\IS1\Eclipse 2\Bets21\src\main\resources\bets.temp' is opened by 17652@LAPTOP-RRB12562

[2021-03-02 21:18:25 #2 type.registry] 
New type domain.Question

[2021-03-02 21:18:25 #3 type] 
Type domain.Question is not enhanced.

[2021-03-02 21:18:25 #4 type.registry] 
New type domain.Bet

[2021-03-02 21:18:25 #5 type.registry] 
New type java.util.Vector<domain.Bet>

[2021-03-02 21:18:25 #6 type.registry] 
New type domain.Event

[2021-03-02 21:18:25 #7 type] 
Type domain.Bet is not enhanced.

[2021-03-02 21:18:25 #8 type] 
Type domain.Event is not enhanced.

[2021-03-02 21:18:25 #9 type.registry] 
New type java.util.Vector<domain.Question>

[2021-03-02 21:18:25 #10 type.registry] 
New type domain.InfoAccount

[2021-03-02 21:18:25 #11 type] 
Type domain.InfoAccount is not enhanced.

[2021-03-02 21:18:25 #12 type.registry] 
New type domain.Account

[2021-03-02 21:18:25 #13 type] 
Type domain.Account is not enhanced.

[2021-03-02 21:18:25 #14 type.registry] 
New type java.util.Vector<java.lang.Object>

------------------------------------------------------------------------------------------------------------------------

[2021-03-02 21:20:01 #1 store] 
Database 'C:\Users\Asier\Desktop\UNI\2020-2021\IS1\Eclipse 2\Bets21\src\main\resources\bets.temp' is opened by 9212@LAPTOP-RRB12562

[2021-03-02 21:20:01 #2 type.registry] 
New type domain.Question

[2021-03-02 21:20:01 #3 type] 
Type domain.Question is not enhanced.

[2021-03-02 21:20:01 #4 type.registry] 
New type domain.Bet

[2021-03-02 21:20:01 #5 type.registry] 
New type java.util.Vector<domain.Bet>

[2021-03-02 21:20:01 #6 type.registry] 
New type domain.Event

[2021-03-02 21:20:01 #7 type] 
Type domain.Bet is not enhanced.

[2021-03-02 21:20:01 #8 type] 
Type domain.Event is not enhanced.

[2021-03-02 21:20:01 #9 type.registry] 
New type java.util.Vector<domain.Question>

[2021-03-02 21:20:01 #10 type.registry] 
New type domain.InfoAccount

[2021-03-02 21:20:01 #11 type] 
Type domain.InfoAccount is not enhanced.

[2021-03-02 21:20:01 #12 type.registry] 
New type domain.Account

[2021-03-02 21:20:01 #13 type] 
Type domain.Account is not enhanced.

[2021-03-02 21:20:01 #14 type.registry] 
New type java.util.Vector<java.lang.Object>

