------------------------------------------------------------------------------------------------------------------------

[2021-05-10 16:51:04 #1 store] 
Database 'C:\Users\elgor\Documents\2 Curso\2.Cuatri\Ingenieria Software\Iteracion3-SinParteAngel.zip_expanded\Bets21\src\main\resources\bets.temp' is opened by 9608@DESKTOP-50C67QE

[2021-05-10 16:51:04 #2 type.registry] 
New type domain.Question

[2021-05-10 16:51:04 #3 type] 
Type domain.Question is not enhanced.

[2021-05-10 16:51:04 #4 type.registry] 
New type domain.Bet

[2021-05-10 16:51:04 #5 type.registry] 
New type java.util.Vector<domain.Bet>

[2021-05-10 16:51:04 #6 type.registry] 
New type domain.Event

[2021-05-10 16:51:04 #7 type] 
Type domain.Bet is not enhanced.

[2021-05-10 16:51:04 #8 type] 
Type domain.Event is not enhanced.

[2021-05-10 16:51:04 #9 type.registry] 
New type domain.Team

[2021-05-10 16:51:04 #10 type.registry] 
New type java.util.Vector<domain.Question>

[2021-05-10 16:51:04 #11 type] 
Type domain.Team is not enhanced.

[2021-05-10 16:51:04 #12 type.registry] 
New type domain.InfoAccount

[2021-05-10 16:51:04 #13 type] 
Type domain.InfoAccount is not enhanced.

[2021-05-10 16:51:04 #14 type.registry] 
New type domain.Account

[2021-05-10 16:51:04 #15 type] 
Type domain.Account is not enhanced.

[2021-05-10 16:51:04 #16 type.registry] 
New type domain.BetMade

[2021-05-10 16:51:04 #17 type.registry] 
New type java.util.Vector<domain.BetMade>

[2021-05-10 16:51:04 #18 type.registry] 
New type domain.CreditCard

[2021-05-10 16:51:04 #19 type.registry] 
New type java.util.Vector<domain.CreditCard>

[2021-05-10 16:51:04 #20 type.registry] 
New type domain.Coupon

[2021-05-10 16:51:04 #21 type.registry] 
New type java.util.Vector<domain.Coupon>

[2021-05-10 16:51:04 #22 type] 
Type domain.BetMade is not enhanced.

[2021-05-10 16:51:04 #23 type] 
Type domain.CreditCard is not enhanced.

[2021-05-10 16:51:04 #24 type] 
Type domain.Coupon is not enhanced.

[2021-05-10 16:51:04 #25 type.registry] 
New type java.util.Vector<java.lang.Object>

[2021-05-10 16:51:04 #26 type.registry] 
New type java.util.Vector<domain.Event>

------------------------------------------------------------------------------------------------------------------------

[2021-05-10 17:04:24 #1 store] 
Database 'C:\Users\elgor\Documents\2 Curso\2.Cuatri\Ingenieria Software\Iteracion3-SinParteAngel.zip_expanded\Bets21\src\main\resources\bets.temp' is opened by 8292@DESKTOP-50C67QE

[2021-05-10 17:04:24 #2 type.registry] 
New type domain.Question

[2021-05-10 17:04:24 #3 type] 
Type domain.Question is not enhanced.

[2021-05-10 17:04:24 #4 type.registry] 
New type domain.Bet

[2021-05-10 17:04:24 #5 type.registry] 
New type java.util.Vector<domain.Bet>

[2021-05-10 17:04:24 #6 type.registry] 
New type domain.Event

[2021-05-10 17:04:24 #7 type] 
Type domain.Bet is not enhanced.

[2021-05-10 17:04:24 #8 type] 
Type domain.Event is not enhanced.

[2021-05-10 17:04:24 #9 type.registry] 
New type domain.Team

[2021-05-10 17:04:24 #10 type.registry] 
New type java.util.Vector<domain.Question>

[2021-05-10 17:04:24 #11 type] 
Type domain.Team is not enhanced.

[2021-05-10 17:04:24 #12 type.registry] 
New type domain.InfoAccount

[2021-05-10 17:04:24 #13 type] 
Type domain.InfoAccount is not enhanced.

[2021-05-10 17:04:24 #14 type.registry] 
New type domain.Account

[2021-05-10 17:04:24 #15 type] 
Type domain.Account is not enhanced.

[2021-05-10 17:04:24 #16 type.registry] 
New type domain.BetMade

[2021-05-10 17:04:24 #17 type.registry] 
New type java.util.Vector<domain.BetMade>

[2021-05-10 17:04:24 #18 type.registry] 
New type domain.CreditCard

[2021-05-10 17:04:24 #19 type.registry] 
New type java.util.Vector<domain.CreditCard>

[2021-05-10 17:04:24 #20 type.registry] 
New type domain.Coupon

[2021-05-10 17:04:24 #21 type.registry] 
New type java.util.Vector<domain.Coupon>

[2021-05-10 17:04:24 #22 type] 
Type domain.BetMade is not enhanced.

[2021-05-10 17:04:24 #23 type] 
Type domain.CreditCard is not enhanced.

[2021-05-10 17:04:24 #24 type] 
Type domain.Coupon is not enhanced.

[2021-05-10 17:04:24 #25 type.registry] 
New type java.util.Vector<java.lang.Object>

[2021-05-10 17:04:24 #26 type.registry] 
New type java.util.Vector<domain.Event>

------------------------------------------------------------------------------------------------------------------------

[2021-05-10 17:06:49 #1 store] 
Database 'C:\Users\elgor\Documents\2 Curso\2.Cuatri\Ingenieria Software\Iteracion3-SinParteAngel.zip_expanded\Bets21\src\main\resources\bets.temp' is opened by 4708@DESKTOP-50C67QE

[2021-05-10 17:06:49 #2 type.registry] 
New type domain.Question

[2021-05-10 17:06:49 #3 type] 
Type domain.Question is not enhanced.

[2021-05-10 17:06:49 #4 type.registry] 
New type domain.Bet

[2021-05-10 17:06:49 #5 type.registry] 
New type java.util.Vector<domain.Bet>

[2021-05-10 17:06:49 #6 type.registry] 
New type domain.Event

[2021-05-10 17:06:49 #7 type] 
Type domain.Bet is not enhanced.

[2021-05-10 17:06:49 #8 type] 
Type domain.Event is not enhanced.

[2021-05-10 17:06:49 #9 type.registry] 
New type domain.Team

[2021-05-10 17:06:49 #10 type.registry] 
New type java.util.Vector<domain.Question>

[2021-05-10 17:06:49 #11 type] 
Type domain.Team is not enhanced.

[2021-05-10 17:06:49 #12 type.registry] 
New type domain.InfoAccount

[2021-05-10 17:06:49 #13 type] 
Type domain.InfoAccount is not enhanced.

[2021-05-10 17:06:49 #14 type.registry] 
New type domain.Account

[2021-05-10 17:06:49 #15 type] 
Type domain.Account is not enhanced.

[2021-05-10 17:06:49 #16 type.registry] 
New type domain.BetMade

[2021-05-10 17:06:49 #17 type.registry] 
New type java.util.Vector<domain.BetMade>

[2021-05-10 17:06:49 #18 type.registry] 
New type domain.CreditCard

[2021-05-10 17:06:49 #19 type.registry] 
New type java.util.Vector<domain.CreditCard>

[2021-05-10 17:06:49 #20 type.registry] 
New type domain.Coupon

[2021-05-10 17:06:49 #21 type.registry] 
New type java.util.Vector<domain.Coupon>

[2021-05-10 17:06:49 #22 type] 
Type domain.BetMade is not enhanced.

[2021-05-10 17:06:49 #23 type] 
Type domain.CreditCard is not enhanced.

[2021-05-10 17:06:49 #24 type] 
Type domain.Coupon is not enhanced.

[2021-05-10 17:06:49 #25 type.registry] 
New type java.util.Vector<java.lang.Object>

[2021-05-10 17:06:49 #26 type.registry] 
New type java.util.Vector<domain.Event>

------------------------------------------------------------------------------------------------------------------------

[2021-05-10 17:10:16 #1 store] 
Database 'C:\Users\elgor\Documents\2 Curso\2.Cuatri\Ingenieria Software\Iteracion3-SinParteAngel.zip_expanded\Bets21\src\main\resources\bets.temp' is opened by 3712@DESKTOP-50C67QE

[2021-05-10 17:10:16 #2 type.registry] 
New type domain.Question

[2021-05-10 17:10:16 #3 type] 
Type domain.Question is not enhanced.

[2021-05-10 17:10:16 #4 type.registry] 
New type domain.Bet

[2021-05-10 17:10:16 #5 type.registry] 
New type java.util.Vector<domain.Bet>

[2021-05-10 17:10:16 #6 type.registry] 
New type domain.Event

[2021-05-10 17:10:16 #7 type] 
Type domain.Bet is not enhanced.

[2021-05-10 17:10:16 #8 type] 
Type domain.Event is not enhanced.

[2021-05-10 17:10:16 #9 type.registry] 
New type domain.Team

[2021-05-10 17:10:16 #10 type.registry] 
New type java.util.Vector<domain.Question>

[2021-05-10 17:10:16 #11 type] 
Type domain.Team is not enhanced.

[2021-05-10 17:10:16 #12 type.registry] 
New type domain.InfoAccount

[2021-05-10 17:10:16 #13 type] 
Type domain.InfoAccount is not enhanced.

[2021-05-10 17:10:16 #14 type.registry] 
New type domain.Account

[2021-05-10 17:10:16 #15 type] 
Type domain.Account is not enhanced.

[2021-05-10 17:10:16 #16 type.registry] 
New type domain.BetMade

[2021-05-10 17:10:16 #17 type.registry] 
New type java.util.Vector<domain.BetMade>

[2021-05-10 17:10:16 #18 type.registry] 
New type domain.CreditCard

[2021-05-10 17:10:16 #19 type.registry] 
New type java.util.Vector<domain.CreditCard>

[2021-05-10 17:10:16 #20 type.registry] 
New type domain.Coupon

[2021-05-10 17:10:16 #21 type.registry] 
New type java.util.Vector<domain.Coupon>

[2021-05-10 17:10:16 #22 type] 
Type domain.BetMade is not enhanced.

[2021-05-10 17:10:16 #23 type] 
Type domain.CreditCard is not enhanced.

[2021-05-10 17:10:16 #24 type] 
Type domain.Coupon is not enhanced.

[2021-05-10 17:10:16 #25 type.registry] 
New type java.util.Vector<java.lang.Object>

[2021-05-10 17:10:16 #26 type.registry] 
New type java.util.Vector<domain.Event>

------------------------------------------------------------------------------------------------------------------------

[2021-05-10 17:22:00 #1 store] 
Database 'C:\Users\elgor\Documents\2 Curso\2.Cuatri\Ingenieria Software\Iteracion3-SinParteAngel.zip_expanded\Bets21\src\main\resources\bets.temp' is opened by 12156@DESKTOP-50C67QE

[2021-05-10 17:22:00 #2 type.registry] 
New type domain.Question

[2021-05-10 17:22:00 #3 type] 
Type domain.Question is not enhanced.

[2021-05-10 17:22:00 #4 type.registry] 
New type domain.Bet

[2021-05-10 17:22:00 #5 type.registry] 
New type java.util.Vector<domain.Bet>

[2021-05-10 17:22:00 #6 type.registry] 
New type domain.Event

[2021-05-10 17:22:00 #7 type] 
Type domain.Bet is not enhanced.

[2021-05-10 17:22:00 #8 type] 
Type domain.Event is not enhanced.

[2021-05-10 17:22:00 #9 type.registry] 
New type domain.Team

[2021-05-10 17:22:00 #10 type.registry] 
New type java.util.Vector<domain.Question>

[2021-05-10 17:22:00 #11 type] 
Type domain.Team is not enhanced.

[2021-05-10 17:22:00 #12 type.registry] 
New type domain.InfoAccount

[2021-05-10 17:22:00 #13 type] 
Type domain.InfoAccount is not enhanced.

[2021-05-10 17:22:00 #14 type.registry] 
New type domain.Account

[2021-05-10 17:22:00 #15 type] 
Type domain.Account is not enhanced.

[2021-05-10 17:22:00 #16 type.registry] 
New type domain.BetMade

[2021-05-10 17:22:00 #17 type.registry] 
New type java.util.Vector<domain.BetMade>

[2021-05-10 17:22:00 #18 type.registry] 
New type domain.CreditCard

[2021-05-10 17:22:00 #19 type.registry] 
New type java.util.Vector<domain.CreditCard>

[2021-05-10 17:22:00 #20 type.registry] 
New type domain.Coupon

[2021-05-10 17:22:00 #21 type.registry] 
New type java.util.Vector<domain.Coupon>

[2021-05-10 17:22:00 #22 type] 
Type domain.BetMade is not enhanced.

[2021-05-10 17:22:00 #23 type] 
Type domain.CreditCard is not enhanced.

[2021-05-10 17:22:00 #24 type] 
Type domain.Coupon is not enhanced.

[2021-05-10 17:22:00 #25 type.registry] 
New type java.util.Vector<java.lang.Object>

[2021-05-10 17:22:00 #26 type.registry] 
New type java.util.Vector<domain.Event>

------------------------------------------------------------------------------------------------------------------------

[2021-05-10 17:27:10 #1 store] 
Database 'C:\Users\elgor\Documents\2 Curso\2.Cuatri\Ingenieria Software\Iteracion3-SinParteAngel.zip_expanded\Bets21\src\main\resources\bets.temp' is opened by 5676@DESKTOP-50C67QE

[2021-05-10 17:27:10 #2 type.registry] 
New type domain.Question

[2021-05-10 17:27:10 #3 type] 
Type domain.Question is not enhanced.

[2021-05-10 17:27:10 #4 type.registry] 
New type domain.Bet

[2021-05-10 17:27:10 #5 type.registry] 
New type java.util.Vector<domain.Bet>

[2021-05-10 17:27:10 #6 type.registry] 
New type domain.Event

[2021-05-10 17:27:10 #7 type] 
Type domain.Bet is not enhanced.

[2021-05-10 17:27:10 #8 type] 
Type domain.Event is not enhanced.

[2021-05-10 17:27:10 #9 type.registry] 
New type domain.Team

[2021-05-10 17:27:10 #10 type.registry] 
New type java.util.Vector<domain.Question>

[2021-05-10 17:27:10 #11 type] 
Type domain.Team is not enhanced.

[2021-05-10 17:27:10 #12 type.registry] 
New type domain.InfoAccount

[2021-05-10 17:27:10 #13 type] 
Type domain.InfoAccount is not enhanced.

[2021-05-10 17:27:10 #14 type.registry] 
New type domain.Account

[2021-05-10 17:27:10 #15 type] 
Type domain.Account is not enhanced.

[2021-05-10 17:27:10 #16 type.registry] 
New type domain.BetMade

[2021-05-10 17:27:10 #17 type.registry] 
New type java.util.Vector<domain.BetMade>

[2021-05-10 17:27:10 #18 type.registry] 
New type domain.CreditCard

[2021-05-10 17:27:10 #19 type.registry] 
New type java.util.Vector<domain.CreditCard>

[2021-05-10 17:27:10 #20 type.registry] 
New type domain.Coupon

[2021-05-10 17:27:10 #21 type.registry] 
New type java.util.Vector<domain.Coupon>

[2021-05-10 17:27:10 #22 type] 
Type domain.BetMade is not enhanced.

[2021-05-10 17:27:10 #23 type] 
Type domain.CreditCard is not enhanced.

[2021-05-10 17:27:10 #24 type] 
Type domain.Coupon is not enhanced.

[2021-05-10 17:27:10 #25 type.registry] 
New type java.util.Vector<java.lang.Object>

[2021-05-10 17:27:10 #26 type.registry] 
New type java.util.Vector<domain.Event>

------------------------------------------------------------------------------------------------------------------------

[2021-05-10 17:27:40 #1 store] 
Database 'C:\Users\elgor\Documents\2 Curso\2.Cuatri\Ingenieria Software\Iteracion3-SinParteAngel.zip_expanded\Bets21\src\main\resources\bets.temp' is opened by 11716@DESKTOP-50C67QE

[2021-05-10 17:27:41 #2 type.registry] 
New type domain.Question

[2021-05-10 17:27:41 #3 type] 
Type domain.Question is not enhanced.

[2021-05-10 17:27:41 #4 type.registry] 
New type domain.Bet

[2021-05-10 17:27:41 #5 type.registry] 
New type java.util.Vector<domain.Bet>

[2021-05-10 17:27:41 #6 type.registry] 
New type domain.Event

[2021-05-10 17:27:41 #7 type] 
Type domain.Bet is not enhanced.

[2021-05-10 17:27:41 #8 type] 
Type domain.Event is not enhanced.

[2021-05-10 17:27:41 #9 type.registry] 
New type domain.Team

[2021-05-10 17:27:41 #10 type.registry] 
New type java.util.Vector<domain.Question>

[2021-05-10 17:27:41 #11 type] 
Type domain.Team is not enhanced.

[2021-05-10 17:27:41 #12 type.registry] 
New type domain.InfoAccount

[2021-05-10 17:27:41 #13 type] 
Type domain.InfoAccount is not enhanced.

[2021-05-10 17:27:41 #14 type.registry] 
New type domain.Account

[2021-05-10 17:27:41 #15 type] 
Type domain.Account is not enhanced.

[2021-05-10 17:27:41 #16 type.registry] 
New type domain.BetMade

[2021-05-10 17:27:41 #17 type.registry] 
New type java.util.Vector<domain.BetMade>

[2021-05-10 17:27:41 #18 type.registry] 
New type domain.CreditCard

[2021-05-10 17:27:41 #19 type.registry] 
New type java.util.Vector<domain.CreditCard>

[2021-05-10 17:27:41 #20 type.registry] 
New type domain.Coupon

[2021-05-10 17:27:41 #21 type.registry] 
New type java.util.Vector<domain.Coupon>

[2021-05-10 17:27:41 #22 type] 
Type domain.BetMade is not enhanced.

[2021-05-10 17:27:41 #23 type] 
Type domain.CreditCard is not enhanced.

[2021-05-10 17:27:41 #24 type] 
Type domain.Coupon is not enhanced.

[2021-05-10 17:27:41 #25 type.registry] 
New type java.util.Vector<java.lang.Object>

[2021-05-10 17:27:41 #26 type.registry] 
New type java.util.Vector<domain.Event>

------------------------------------------------------------------------------------------------------------------------

[2021-05-10 17:50:24 #1 store] 
Database 'C:\Users\elgor\Documents\2 Curso\2.Cuatri\Ingenieria Software\Iteracion3-SinParteAngel.zip_expanded\Bets21\src\main\resources\bets.temp' is opened by 9592@DESKTOP-50C67QE

[2021-05-10 17:50:25 #2 type.registry] 
New type domain.Question

[2021-05-10 17:50:25 #3 type] 
Type domain.Question is not enhanced.

[2021-05-10 17:50:25 #4 type.registry] 
New type domain.Bet

[2021-05-10 17:50:25 #5 type.registry] 
New type java.util.Vector<domain.Bet>

[2021-05-10 17:50:25 #6 type.registry] 
New type domain.Event

[2021-05-10 17:50:25 #7 type] 
Type domain.Bet is not enhanced.

[2021-05-10 17:50:25 #8 type] 
Type domain.Event is not enhanced.

[2021-05-10 17:50:25 #9 type.registry] 
New type domain.Team

[2021-05-10 17:50:25 #10 type.registry] 
New type java.util.Vector<domain.Question>

[2021-05-10 17:50:25 #11 type] 
Type domain.Team is not enhanced.

[2021-05-10 17:50:25 #12 type.registry] 
New type domain.InfoAccount

[2021-05-10 17:50:25 #13 type] 
Type domain.InfoAccount is not enhanced.

[2021-05-10 17:50:25 #14 type.registry] 
New type domain.Account

[2021-05-10 17:50:25 #15 type] 
Type domain.Account is not enhanced.

[2021-05-10 17:50:25 #16 type.registry] 
New type domain.BetMade

[2021-05-10 17:50:25 #17 type.registry] 
New type java.util.Vector<domain.BetMade>

[2021-05-10 17:50:25 #18 type.registry] 
New type domain.CreditCard

[2021-05-10 17:50:25 #19 type.registry] 
New type java.util.Vector<domain.CreditCard>

[2021-05-10 17:50:25 #20 type.registry] 
New type domain.Coupon

[2021-05-10 17:50:25 #21 type.registry] 
New type java.util.Vector<domain.Coupon>

[2021-05-10 17:50:25 #22 type] 
Type domain.BetMade is not enhanced.

[2021-05-10 17:50:25 #23 type] 
Type domain.CreditCard is not enhanced.

[2021-05-10 17:50:25 #24 type] 
Type domain.Coupon is not enhanced.

[2021-05-10 17:50:25 #25 type.registry] 
New type java.util.Vector<java.lang.Object>

[2021-05-10 17:50:25 #26 type.registry] 
New type java.util.Vector<domain.Event>

