------------------------------------------------------------------------------------------------------------------------

[2021-03-01 19:30:00 #1 store] 
Database 'C:\Users\elgor\Documents\2 Curso\2.Cuatri\Ingenieria Software\Bets21.5\src\main\resources\bets.temp' is opened by 5956@DESKTOP-50C67QE

[2021-03-01 19:30:00 #2 type.registry] 
New type domain.Question

[2021-03-01 19:30:00 #3 type] 
Type domain.Question is not enhanced.

[2021-03-01 19:30:00 #4 type.registry] 
New type domain.Event

[2021-03-01 19:30:00 #5 type] 
Type domain.Event is not enhanced.

[2021-03-01 19:30:00 #6 type.registry] 
New type java.util.Vector<domain.Question>

[2021-03-01 19:30:00 #7 type.registry] 
New type domain.InfoAccount

[2021-03-01 19:30:00 #8 type] 
Type domain.InfoAccount is not enhanced.

[2021-03-01 19:30:00 #9 type.registry] 
New type domain.Account

[2021-03-01 19:30:00 #10 type] 
Type domain.Account is not enhanced.

[2021-03-01 19:30:00 #11 type.registry] 
New type java.util.Vector<java.lang.Object>

------------------------------------------------------------------------------------------------------------------------

[2021-03-01 19:30:23 #1 store] 
Database 'C:\Users\elgor\Documents\2 Curso\2.Cuatri\Ingenieria Software\Bets21.5\src\main\resources\bets.temp' is opened by 8632@DESKTOP-50C67QE

[2021-03-01 19:30:23 #2 type.registry] 
New type domain.Question

[2021-03-01 19:30:23 #3 type] 
Type domain.Question is not enhanced.

[2021-03-01 19:30:23 #4 type.registry] 
New type domain.Event

[2021-03-01 19:30:23 #5 type] 
Type domain.Event is not enhanced.

[2021-03-01 19:30:23 #6 type.registry] 
New type java.util.Vector<domain.Question>

[2021-03-01 19:30:23 #7 type.registry] 
New type domain.InfoAccount

[2021-03-01 19:30:23 #8 type] 
Type domain.InfoAccount is not enhanced.

[2021-03-01 19:30:23 #9 type.registry] 
New type domain.Account

[2021-03-01 19:30:23 #10 type] 
Type domain.Account is not enhanced.

[2021-03-01 19:30:23 #11 type.registry] 
New type java.util.Vector<java.lang.Object>

------------------------------------------------------------------------------------------------------------------------

[2021-03-01 19:33:05 #1 store] 
Database 'C:\Users\elgor\Documents\2 Curso\2.Cuatri\Ingenieria Software\Bets21.5\src\main\resources\bets.temp' is opened by 2360@DESKTOP-50C67QE

[2021-03-01 19:33:05 #2 type.registry] 
New type domain.Question

[2021-03-01 19:33:05 #3 type] 
Type domain.Question is not enhanced.

[2021-03-01 19:33:05 #4 type.registry] 
New type domain.Bet

[2021-03-01 19:33:05 #5 type.registry] 
New type java.util.Vector<domain.Bet>

[2021-03-01 19:33:05 #6 type.registry] 
New type domain.Event

[2021-03-01 19:33:05 #7 type] 
Type domain.Bet is not enhanced.

[2021-03-01 19:33:05 #8 type] 
Type domain.Event is not enhanced.

[2021-03-01 19:33:05 #9 type.registry] 
New type java.util.Vector<domain.Question>

[2021-03-01 19:33:05 #10 type.registry] 
New type domain.InfoAccount

[2021-03-01 19:33:05 #11 type] 
Type domain.InfoAccount is not enhanced.

[2021-03-01 19:33:05 #12 type.registry] 
New type domain.Account

[2021-03-01 19:33:05 #13 type] 
Type domain.Account is not enhanced.

[2021-03-01 19:33:05 #14 type.registry] 
New type java.util.Vector<java.lang.Object>

------------------------------------------------------------------------------------------------------------------------

[2021-03-01 19:35:27 #1 store] 
Database 'C:\Users\elgor\Documents\2 Curso\2.Cuatri\Ingenieria Software\Bets21.5\src\main\resources\bets.temp' is opened by 4888@DESKTOP-50C67QE

[2021-03-01 19:35:27 #2 type.registry] 
New type domain.Question

[2021-03-01 19:35:27 #3 type] 
Type domain.Question is not enhanced.

[2021-03-01 19:35:27 #4 type.registry] 
New type domain.Bet

[2021-03-01 19:35:27 #5 type.registry] 
New type java.util.Vector<domain.Bet>

[2021-03-01 19:35:27 #6 type.registry] 
New type domain.Event

[2021-03-01 19:35:27 #7 type] 
Type domain.Bet is not enhanced.

[2021-03-01 19:35:27 #8 type] 
Type domain.Event is not enhanced.

[2021-03-01 19:35:27 #9 type.registry] 
New type java.util.Vector<domain.Question>

[2021-03-01 19:35:27 #10 type.registry] 
New type domain.InfoAccount

[2021-03-01 19:35:27 #11 type] 
Type domain.InfoAccount is not enhanced.

[2021-03-01 19:35:27 #12 type.registry] 
New type domain.Account

[2021-03-01 19:35:27 #13 type] 
Type domain.Account is not enhanced.

[2021-03-01 19:35:27 #14 type.registry] 
New type java.util.Vector<java.lang.Object>

------------------------------------------------------------------------------------------------------------------------

[2021-03-01 19:38:54 #1 store] 
Database 'C:\Users\elgor\Documents\2 Curso\2.Cuatri\Ingenieria Software\Bets21.5\src\main\resources\bets.temp' is opened by 12540@DESKTOP-50C67QE

[2021-03-01 19:38:54 #2 type.registry] 
New type domain.Question

[2021-03-01 19:38:54 #3 type] 
Type domain.Question is not enhanced.

[2021-03-01 19:38:54 #4 type.registry] 
New type domain.Bet

[2021-03-01 19:38:54 #5 type.registry] 
New type java.util.Vector<domain.Bet>

[2021-03-01 19:38:54 #6 type.registry] 
New type domain.Event

[2021-03-01 19:38:54 #7 type] 
Type domain.Bet is not enhanced.

[2021-03-01 19:38:54 #8 type] 
Type domain.Event is not enhanced.

[2021-03-01 19:38:54 #9 type.registry] 
New type java.util.Vector<domain.Question>

[2021-03-01 19:38:54 #10 type.registry] 
New type domain.InfoAccount

[2021-03-01 19:38:54 #11 type] 
Type domain.InfoAccount is not enhanced.

[2021-03-01 19:38:54 #12 type.registry] 
New type domain.Account

[2021-03-01 19:38:54 #13 type] 
Type domain.Account is not enhanced.

[2021-03-01 19:38:54 #14 type.registry] 
New type java.util.Vector<java.lang.Object>

------------------------------------------------------------------------------------------------------------------------

[2021-03-01 20:26:18 #1 store] 
Database 'C:\Users\rober\OneDrive\Escritorio\Cosas uni\2\IngenieriaDelSoftware1\labs\Bets21.5\src\main\resources\bets.temp' is opened by 9400@FRIDAY

[2021-03-01 20:26:18 #2 type.registry] 
New type domain.Question

[2021-03-01 20:26:18 #3 type] 
Type domain.Question is not enhanced.

[2021-03-01 20:26:18 #4 type.registry] 
New type domain.Bet

[2021-03-01 20:26:18 #5 type.registry] 
New type java.util.Vector<domain.Bet>

[2021-03-01 20:26:18 #6 type.registry] 
New type domain.Event

[2021-03-01 20:26:18 #7 type] 
Type domain.Bet is not enhanced.

[2021-03-01 20:26:18 #8 type] 
Type domain.Event is not enhanced.

[2021-03-01 20:26:18 #9 type.registry] 
New type java.util.Vector<domain.Question>

[2021-03-01 20:26:18 #10 type.registry] 
New type domain.InfoAccount

[2021-03-01 20:26:18 #11 type] 
Type domain.InfoAccount is not enhanced.

[2021-03-01 20:26:18 #12 type.registry] 
New type domain.Account

[2021-03-01 20:26:18 #13 type] 
Type domain.Account is not enhanced.

[2021-03-01 20:26:18 #14 type.registry] 
New type java.util.Vector<java.lang.Object>

------------------------------------------------------------------------------------------------------------------------

[2021-03-01 20:26:45 #1 store] 
Database 'C:\Users\rober\OneDrive\Escritorio\Cosas uni\2\IngenieriaDelSoftware1\labs\Bets21.5\src\main\resources\bets.temp' is opened by 16200@FRIDAY

[2021-03-01 20:26:45 #2 type.registry] 
New type domain.Question

[2021-03-01 20:26:45 #3 type] 
Type domain.Question is not enhanced.

[2021-03-01 20:26:45 #4 type.registry] 
New type domain.Bet

[2021-03-01 20:26:45 #5 type.registry] 
New type java.util.Vector<domain.Bet>

[2021-03-01 20:26:45 #6 type.registry] 
New type domain.Event

[2021-03-01 20:26:45 #7 type] 
Type domain.Bet is not enhanced.

[2021-03-01 20:26:45 #8 type] 
Type domain.Event is not enhanced.

[2021-03-01 20:26:45 #9 type.registry] 
New type java.util.Vector<domain.Question>

[2021-03-01 20:26:45 #10 type.registry] 
New type domain.InfoAccount

[2021-03-01 20:26:45 #11 type] 
Type domain.InfoAccount is not enhanced.

[2021-03-01 20:26:45 #12 type.registry] 
New type domain.Account

[2021-03-01 20:26:45 #13 type] 
Type domain.Account is not enhanced.

[2021-03-01 20:26:45 #14 type.registry] 
New type java.util.Vector<java.lang.Object>

------------------------------------------------------------------------------------------------------------------------

[2021-03-01 20:27:48 #1 store] 
Database 'C:\Users\rober\OneDrive\Escritorio\Cosas uni\2\IngenieriaDelSoftware1\labs\Bets21.5\src\main\resources\bets.temp' is opened by 3248@FRIDAY

[2021-03-01 20:27:48 #2 type.registry] 
New type domain.Question

[2021-03-01 20:27:48 #3 type] 
Type domain.Question is not enhanced.

[2021-03-01 20:27:48 #4 type.registry] 
New type domain.Bet

[2021-03-01 20:27:48 #5 type.registry] 
New type java.util.Vector<domain.Bet>

[2021-03-01 20:27:48 #6 type.registry] 
New type domain.Event

[2021-03-01 20:27:48 #7 type] 
Type domain.Bet is not enhanced.

[2021-03-01 20:27:48 #8 type] 
Type domain.Event is not enhanced.

[2021-03-01 20:27:48 #9 type.registry] 
New type java.util.Vector<domain.Question>

[2021-03-01 20:27:48 #10 type.registry] 
New type domain.InfoAccount

[2021-03-01 20:27:48 #11 type] 
Type domain.InfoAccount is not enhanced.

[2021-03-01 20:27:48 #12 type.registry] 
New type domain.Account

[2021-03-01 20:27:48 #13 type] 
Type domain.Account is not enhanced.

[2021-03-01 20:27:48 #14 type.registry] 
New type java.util.Vector<java.lang.Object>

------------------------------------------------------------------------------------------------------------------------

[2021-03-01 20:29:53 #1 store] 
Database 'C:\Users\rober\OneDrive\Escritorio\Cosas uni\2\IngenieriaDelSoftware1\labs\Bets21.5\src\main\resources\bets.temp' is opened by 15640@FRIDAY

[2021-03-01 20:29:53 #2 type.registry] 
New type domain.Question

[2021-03-01 20:29:53 #3 type] 
Type domain.Question is not enhanced.

[2021-03-01 20:29:53 #4 type.registry] 
New type domain.Bet

[2021-03-01 20:29:53 #5 type.registry] 
New type java.util.Vector<domain.Bet>

[2021-03-01 20:29:53 #6 type.registry] 
New type domain.Event

[2021-03-01 20:29:53 #7 type] 
Type domain.Bet is not enhanced.

[2021-03-01 20:29:53 #8 type] 
Type domain.Event is not enhanced.

[2021-03-01 20:29:53 #9 type.registry] 
New type java.util.Vector<domain.Question>

[2021-03-01 20:29:53 #10 type.registry] 
New type domain.InfoAccount

[2021-03-01 20:29:53 #11 type] 
Type domain.InfoAccount is not enhanced.

[2021-03-01 20:29:53 #12 type.registry] 
New type domain.Account

[2021-03-01 20:29:53 #13 type] 
Type domain.Account is not enhanced.

[2021-03-01 20:29:53 #14 type.registry] 
New type java.util.Vector<java.lang.Object>

------------------------------------------------------------------------------------------------------------------------

[2021-03-01 20:32:32 #1 store] 
Database 'C:\Users\rober\OneDrive\Escritorio\Cosas uni\2\IngenieriaDelSoftware1\labs\Bets21.5\src\main\resources\bets.temp' is opened by 1304@FRIDAY

[2021-03-01 20:32:32 #2 type.registry] 
New type domain.Question

[2021-03-01 20:32:32 #3 type] 
Type domain.Question is not enhanced.

[2021-03-01 20:32:32 #4 type.registry] 
New type domain.Bet

[2021-03-01 20:32:32 #5 type.registry] 
New type java.util.Vector<domain.Bet>

[2021-03-01 20:32:32 #6 type.registry] 
New type domain.Event

[2021-03-01 20:32:32 #7 type] 
Type domain.Bet is not enhanced.

[2021-03-01 20:32:32 #8 type] 
Type domain.Event is not enhanced.

[2021-03-01 20:32:32 #9 type.registry] 
New type java.util.Vector<domain.Question>

[2021-03-01 20:32:32 #10 type.registry] 
New type domain.InfoAccount

[2021-03-01 20:32:32 #11 type] 
Type domain.InfoAccount is not enhanced.

[2021-03-01 20:32:32 #12 type.registry] 
New type domain.Account

[2021-03-01 20:32:32 #13 type] 
Type domain.Account is not enhanced.

[2021-03-01 20:32:32 #14 type.registry] 
New type java.util.Vector<java.lang.Object>

------------------------------------------------------------------------------------------------------------------------

[2021-03-01 20:32:57 #1 store] 
Database 'C:\Users\rober\OneDrive\Escritorio\Cosas uni\2\IngenieriaDelSoftware1\labs\Bets21.5\src\main\resources\bets.temp' is opened by 2284@FRIDAY

[2021-03-01 20:32:57 #2 type.registry] 
New type domain.Question

[2021-03-01 20:32:57 #3 type] 
Type domain.Question is not enhanced.

[2021-03-01 20:32:57 #4 type.registry] 
New type domain.Bet

[2021-03-01 20:32:57 #5 type.registry] 
New type java.util.Vector<domain.Bet>

[2021-03-01 20:32:57 #6 type.registry] 
New type domain.Event

[2021-03-01 20:32:57 #7 type] 
Type domain.Bet is not enhanced.

[2021-03-01 20:32:57 #8 type] 
Type domain.Event is not enhanced.

[2021-03-01 20:32:57 #9 type.registry] 
New type java.util.Vector<domain.Question>

[2021-03-01 20:32:57 #10 type.registry] 
New type domain.InfoAccount

[2021-03-01 20:32:57 #11 type] 
Type domain.InfoAccount is not enhanced.

[2021-03-01 20:32:57 #12 type.registry] 
New type domain.Account

[2021-03-01 20:32:57 #13 type] 
Type domain.Account is not enhanced.

[2021-03-01 20:32:57 #14 type.registry] 
New type java.util.Vector<java.lang.Object>

------------------------------------------------------------------------------------------------------------------------

[2021-03-01 20:36:55 #1 store] 
Database 'C:\Users\rober\OneDrive\Escritorio\Cosas uni\2\IngenieriaDelSoftware1\labs\Bets21.5\src\main\resources\bets.temp' is opened by 2560@FRIDAY

[2021-03-01 20:36:55 #2 type.registry] 
New type domain.Question

[2021-03-01 20:36:55 #3 type] 
Type domain.Question is not enhanced.

[2021-03-01 20:36:55 #4 type.registry] 
New type domain.Bet

[2021-03-01 20:36:55 #5 type.registry] 
New type java.util.Vector<domain.Bet>

[2021-03-01 20:36:55 #6 type.registry] 
New type domain.Event

[2021-03-01 20:36:55 #7 type] 
Type domain.Bet is not enhanced.

[2021-03-01 20:36:55 #8 type] 
Type domain.Event is not enhanced.

[2021-03-01 20:36:55 #9 type.registry] 
New type java.util.Vector<domain.Question>

[2021-03-01 20:36:55 #10 type.registry] 
New type domain.InfoAccount

[2021-03-01 20:36:55 #11 type] 
Type domain.InfoAccount is not enhanced.

[2021-03-01 20:36:55 #12 type.registry] 
New type domain.Account

[2021-03-01 20:36:55 #13 type] 
Type domain.Account is not enhanced.

[2021-03-01 20:36:55 #14 type.registry] 
New type java.util.Vector<java.lang.Object>

------------------------------------------------------------------------------------------------------------------------

[2021-03-01 20:37:57 #1 store] 
Database 'C:\Users\rober\OneDrive\Escritorio\Cosas uni\2\IngenieriaDelSoftware1\labs\Bets21.5\src\main\resources\bets.temp' is opened by 3744@FRIDAY

[2021-03-01 20:37:57 #2 type.registry] 
New type domain.Question

[2021-03-01 20:37:57 #3 type] 
Type domain.Question is not enhanced.

[2021-03-01 20:37:57 #4 type.registry] 
New type domain.Bet

[2021-03-01 20:37:57 #5 type.registry] 
New type java.util.Vector<domain.Bet>

[2021-03-01 20:37:57 #6 type.registry] 
New type domain.Event

[2021-03-01 20:37:57 #7 type] 
Type domain.Bet is not enhanced.

[2021-03-01 20:37:57 #8 type] 
Type domain.Event is not enhanced.

[2021-03-01 20:37:57 #9 type.registry] 
New type java.util.Vector<domain.Question>

[2021-03-01 20:37:57 #10 type.registry] 
New type domain.InfoAccount

[2021-03-01 20:37:57 #11 type] 
Type domain.InfoAccount is not enhanced.

[2021-03-01 20:37:57 #12 type.registry] 
New type domain.Account

[2021-03-01 20:37:57 #13 type] 
Type domain.Account is not enhanced.

[2021-03-01 20:37:57 #14 type.registry] 
New type java.util.Vector<java.lang.Object>

------------------------------------------------------------------------------------------------------------------------

[2021-03-01 20:40:12 #1 store] 
Database 'C:\Users\rober\OneDrive\Escritorio\Cosas uni\2\IngenieriaDelSoftware1\labs\Bets21.5\src\main\resources\bets.temp' is opened by 2652@FRIDAY

[2021-03-01 20:40:13 #2 type.registry] 
New type domain.Question

[2021-03-01 20:40:13 #3 type] 
Type domain.Question is not enhanced.

[2021-03-01 20:40:13 #4 type.registry] 
New type domain.Bet

[2021-03-01 20:40:13 #5 type.registry] 
New type java.util.Vector<domain.Bet>

[2021-03-01 20:40:13 #6 type.registry] 
New type domain.Event

[2021-03-01 20:40:13 #7 type] 
Type domain.Bet is not enhanced.

[2021-03-01 20:40:13 #8 type] 
Type domain.Event is not enhanced.

[2021-03-01 20:40:13 #9 type.registry] 
New type java.util.Vector<domain.Question>

[2021-03-01 20:40:13 #10 type.registry] 
New type domain.InfoAccount

[2021-03-01 20:40:13 #11 type] 
Type domain.InfoAccount is not enhanced.

[2021-03-01 20:40:13 #12 type.registry] 
New type domain.Account

[2021-03-01 20:40:13 #13 type] 
Type domain.Account is not enhanced.

[2021-03-01 20:40:13 #14 type.registry] 
New type java.util.Vector<java.lang.Object>

------------------------------------------------------------------------------------------------------------------------

[2021-03-01 21:01:50 #1 store] 
Database 'C:\Users\rober\OneDrive\Escritorio\Cosas uni\2\IngenieriaDelSoftware1\labs\Bets21.5\src\main\resources\bets.temp' is opened by 10132@FRIDAY

[2021-03-01 21:01:50 #2 type.registry] 
New type domain.Question

[2021-03-01 21:01:50 #3 type] 
Type domain.Question is not enhanced.

[2021-03-01 21:01:50 #4 type.registry] 
New type domain.Bet

[2021-03-01 21:01:50 #5 type.registry] 
New type java.util.Vector<domain.Bet>

[2021-03-01 21:01:50 #6 type.registry] 
New type domain.Event

[2021-03-01 21:01:50 #7 type] 
Type domain.Bet is not enhanced.

[2021-03-01 21:01:50 #8 type] 
Type domain.Event is not enhanced.

[2021-03-01 21:01:50 #9 type.registry] 
New type java.util.Vector<domain.Question>

[2021-03-01 21:01:50 #10 type.registry] 
New type domain.InfoAccount

[2021-03-01 21:01:50 #11 type] 
Type domain.InfoAccount is not enhanced.

[2021-03-01 21:01:50 #12 type.registry] 
New type domain.Account

[2021-03-01 21:01:50 #13 type] 
Type domain.Account is not enhanced.

[2021-03-01 21:01:50 #14 type.registry] 
New type java.util.Vector<java.lang.Object>

------------------------------------------------------------------------------------------------------------------------

[2021-03-01 21:02:32 #1 store] 
Database 'C:\Users\rober\OneDrive\Escritorio\Cosas uni\2\IngenieriaDelSoftware1\labs\Bets21.5\src\main\resources\bets.temp' is opened by 12200@FRIDAY

[2021-03-01 21:02:32 #2 type.registry] 
New type domain.Question

[2021-03-01 21:02:32 #3 type] 
Type domain.Question is not enhanced.

[2021-03-01 21:02:32 #4 type.registry] 
New type domain.Bet

[2021-03-01 21:02:32 #5 type.registry] 
New type java.util.Vector<domain.Bet>

[2021-03-01 21:02:32 #6 type.registry] 
New type domain.Event

[2021-03-01 21:02:32 #7 type] 
Type domain.Bet is not enhanced.

[2021-03-01 21:02:32 #8 type] 
Type domain.Event is not enhanced.

[2021-03-01 21:02:32 #9 type.registry] 
New type java.util.Vector<domain.Question>

[2021-03-01 21:02:32 #10 type.registry] 
New type domain.InfoAccount

[2021-03-01 21:02:32 #11 type] 
Type domain.InfoAccount is not enhanced.

[2021-03-01 21:02:32 #12 type.registry] 
New type domain.Account

[2021-03-01 21:02:32 #13 type] 
Type domain.Account is not enhanced.

[2021-03-01 21:02:32 #14 type.registry] 
New type java.util.Vector<java.lang.Object>

------------------------------------------------------------------------------------------------------------------------

[2021-03-01 21:03:06 #1 store] 
Database 'C:\Users\rober\OneDrive\Escritorio\Cosas uni\2\IngenieriaDelSoftware1\labs\Bets21.5\src\main\resources\bets.temp' is opened by 9416@FRIDAY

[2021-03-01 21:03:07 #2 type.registry] 
New type domain.Question

[2021-03-01 21:03:07 #3 type] 
Type domain.Question is not enhanced.

[2021-03-01 21:03:07 #4 type.registry] 
New type domain.Bet

[2021-03-01 21:03:07 #5 type.registry] 
New type java.util.Vector<domain.Bet>

[2021-03-01 21:03:07 #6 type.registry] 
New type domain.Event

[2021-03-01 21:03:07 #7 type] 
Type domain.Bet is not enhanced.

[2021-03-01 21:03:07 #8 type] 
Type domain.Event is not enhanced.

[2021-03-01 21:03:07 #9 type.registry] 
New type java.util.Vector<domain.Question>

[2021-03-01 21:03:07 #10 type.registry] 
New type domain.InfoAccount

[2021-03-01 21:03:07 #11 type] 
Type domain.InfoAccount is not enhanced.

[2021-03-01 21:03:07 #12 type.registry] 
New type domain.Account

[2021-03-01 21:03:07 #13 type] 
Type domain.Account is not enhanced.

[2021-03-01 21:03:07 #14 type.registry] 
New type java.util.Vector<java.lang.Object>

------------------------------------------------------------------------------------------------------------------------

[2021-03-01 21:04:53 #1 store] 
Database 'C:\Users\rober\OneDrive\Escritorio\Cosas uni\2\IngenieriaDelSoftware1\labs\Bets21.5\src\main\resources\bets.temp' is opened by 17060@FRIDAY

[2021-03-01 21:04:53 #2 type.registry] 
New type domain.Question

[2021-03-01 21:04:53 #3 type] 
Type domain.Question is not enhanced.

[2021-03-01 21:04:53 #4 type.registry] 
New type domain.Bet

[2021-03-01 21:04:53 #5 type.registry] 
New type java.util.Vector<domain.Bet>

[2021-03-01 21:04:53 #6 type.registry] 
New type domain.Event

[2021-03-01 21:04:53 #7 type] 
Type domain.Bet is not enhanced.

[2021-03-01 21:04:53 #8 type] 
Type domain.Event is not enhanced.

[2021-03-01 21:04:53 #9 type.registry] 
New type java.util.Vector<domain.Question>

[2021-03-01 21:04:53 #10 type.registry] 
New type domain.InfoAccount

[2021-03-01 21:04:53 #11 type] 
Type domain.InfoAccount is not enhanced.

[2021-03-01 21:04:53 #12 type.registry] 
New type domain.Account

[2021-03-01 21:04:53 #13 type] 
Type domain.Account is not enhanced.

[2021-03-01 21:04:53 #14 type.registry] 
New type java.util.Vector<java.lang.Object>

------------------------------------------------------------------------------------------------------------------------

[2021-03-01 21:09:17 #1 store] 
Database 'C:\Users\rober\OneDrive\Escritorio\Cosas uni\2\IngenieriaDelSoftware1\labs\Bets21.5\src\main\resources\bets.temp' is opened by 1828@FRIDAY

[2021-03-01 21:09:17 #2 type.registry] 
New type domain.Question

[2021-03-01 21:09:17 #3 type] 
Type domain.Question is not enhanced.

[2021-03-01 21:09:17 #4 type.registry] 
New type domain.Bet

[2021-03-01 21:09:17 #5 type.registry] 
New type java.util.Vector<domain.Bet>

[2021-03-01 21:09:17 #6 type.registry] 
New type domain.Event

[2021-03-01 21:09:17 #7 type] 
Type domain.Bet is not enhanced.

[2021-03-01 21:09:17 #8 type] 
Type domain.Event is not enhanced.

[2021-03-01 21:09:17 #9 type.registry] 
New type java.util.Vector<domain.Question>

[2021-03-01 21:09:17 #10 type.registry] 
New type domain.InfoAccount

[2021-03-01 21:09:17 #11 type] 
Type domain.InfoAccount is not enhanced.

[2021-03-01 21:09:17 #12 type.registry] 
New type domain.Account

[2021-03-01 21:09:17 #13 type] 
Type domain.Account is not enhanced.

[2021-03-01 21:09:17 #14 type.registry] 
New type java.util.Vector<java.lang.Object>

------------------------------------------------------------------------------------------------------------------------

[2021-03-01 21:10:24 #1 store] 
Database 'C:\Users\rober\OneDrive\Escritorio\Cosas uni\2\IngenieriaDelSoftware1\labs\Bets21.5\src\main\resources\bets.temp' is opened by 6616@FRIDAY

[2021-03-01 21:10:24 #2 type.registry] 
New type domain.Question

[2021-03-01 21:10:24 #3 type] 
Type domain.Question is not enhanced.

[2021-03-01 21:10:24 #4 type.registry] 
New type domain.Bet

[2021-03-01 21:10:24 #5 type.registry] 
New type java.util.Vector<domain.Bet>

[2021-03-01 21:10:24 #6 type.registry] 
New type domain.Event

[2021-03-01 21:10:24 #7 type] 
Type domain.Bet is not enhanced.

[2021-03-01 21:10:24 #8 type] 
Type domain.Event is not enhanced.

[2021-03-01 21:10:24 #9 type.registry] 
New type java.util.Vector<domain.Question>

[2021-03-01 21:10:24 #10 type.registry] 
New type domain.InfoAccount

[2021-03-01 21:10:24 #11 type] 
Type domain.InfoAccount is not enhanced.

[2021-03-01 21:10:24 #12 type.registry] 
New type domain.Account

[2021-03-01 21:10:24 #13 type] 
Type domain.Account is not enhanced.

[2021-03-01 21:10:24 #14 type.registry] 
New type java.util.Vector<java.lang.Object>

------------------------------------------------------------------------------------------------------------------------

[2021-03-01 21:11:06 #1 store] 
Database 'C:\Users\rober\OneDrive\Escritorio\Cosas uni\2\IngenieriaDelSoftware1\labs\Bets21.5\src\main\resources\bets.temp' is opened by 9320@FRIDAY

[2021-03-01 21:11:06 #2 type.registry] 
New type domain.Question

[2021-03-01 21:11:06 #3 type] 
Type domain.Question is not enhanced.

[2021-03-01 21:11:06 #4 type.registry] 
New type domain.Bet

[2021-03-01 21:11:06 #5 type.registry] 
New type java.util.Vector<domain.Bet>

[2021-03-01 21:11:06 #6 type.registry] 
New type domain.Event

[2021-03-01 21:11:06 #7 type] 
Type domain.Bet is not enhanced.

[2021-03-01 21:11:06 #8 type] 
Type domain.Event is not enhanced.

[2021-03-01 21:11:06 #9 type.registry] 
New type java.util.Vector<domain.Question>

[2021-03-01 21:11:06 #10 type.registry] 
New type domain.InfoAccount

[2021-03-01 21:11:06 #11 type] 
Type domain.InfoAccount is not enhanced.

[2021-03-01 21:11:06 #12 type.registry] 
New type domain.Account

[2021-03-01 21:11:06 #13 type] 
Type domain.Account is not enhanced.

[2021-03-01 21:11:06 #14 type.registry] 
New type java.util.Vector<java.lang.Object>

------------------------------------------------------------------------------------------------------------------------

[2021-03-01 21:11:51 #1 store] 
Database 'C:\Users\rober\OneDrive\Escritorio\Cosas uni\2\IngenieriaDelSoftware1\labs\Bets21.5\src\main\resources\bets.temp' is opened by 10192@FRIDAY

[2021-03-01 21:11:51 #2 type.registry] 
New type domain.Question

[2021-03-01 21:11:51 #3 type] 
Type domain.Question is not enhanced.

[2021-03-01 21:11:51 #4 type.registry] 
New type domain.Bet

[2021-03-01 21:11:51 #5 type.registry] 
New type java.util.Vector<domain.Bet>

[2021-03-01 21:11:51 #6 type.registry] 
New type domain.Event

[2021-03-01 21:11:51 #7 type] 
Type domain.Bet is not enhanced.

[2021-03-01 21:11:51 #8 type] 
Type domain.Event is not enhanced.

[2021-03-01 21:11:51 #9 type.registry] 
New type java.util.Vector<domain.Question>

[2021-03-01 21:11:51 #10 type.registry] 
New type domain.InfoAccount

[2021-03-01 21:11:51 #11 type] 
Type domain.InfoAccount is not enhanced.

[2021-03-01 21:11:51 #12 type.registry] 
New type domain.Account

[2021-03-01 21:11:51 #13 type] 
Type domain.Account is not enhanced.

[2021-03-01 21:11:51 #14 type.registry] 
New type java.util.Vector<java.lang.Object>

------------------------------------------------------------------------------------------------------------------------

[2021-03-01 21:16:52 #1 store] 
Database 'C:\Users\rober\OneDrive\Escritorio\Cosas uni\2\IngenieriaDelSoftware1\labs\Bets21.5\src\main\resources\bets.temp' is opened by 11024@FRIDAY

[2021-03-01 21:16:52 #2 type.registry] 
New type domain.Question

[2021-03-01 21:16:52 #3 type] 
Type domain.Question is not enhanced.

[2021-03-01 21:16:52 #4 type.registry] 
New type domain.Bet

[2021-03-01 21:16:52 #5 type.registry] 
New type java.util.Vector<domain.Bet>

[2021-03-01 21:16:52 #6 type.registry] 
New type domain.Event

[2021-03-01 21:16:52 #7 type] 
Type domain.Bet is not enhanced.

[2021-03-01 21:16:52 #8 type] 
Type domain.Event is not enhanced.

[2021-03-01 21:16:52 #9 type.registry] 
New type java.util.Vector<domain.Question>

[2021-03-01 21:16:52 #10 type.registry] 
New type domain.InfoAccount

[2021-03-01 21:16:52 #11 type] 
Type domain.InfoAccount is not enhanced.

[2021-03-01 21:16:52 #12 type.registry] 
New type domain.Account

[2021-03-01 21:16:52 #13 type] 
Type domain.Account is not enhanced.

[2021-03-01 21:16:52 #14 type.registry] 
New type java.util.Vector<java.lang.Object>

------------------------------------------------------------------------------------------------------------------------

[2021-03-01 21:17:45 #1 store] 
Database 'C:\Users\rober\OneDrive\Escritorio\Cosas uni\2\IngenieriaDelSoftware1\labs\Bets21.5\src\main\resources\bets.temp' is opened by 11596@FRIDAY

[2021-03-01 21:17:45 #2 type.registry] 
New type domain.Question

[2021-03-01 21:17:45 #3 type] 
Type domain.Question is not enhanced.

[2021-03-01 21:17:45 #4 type.registry] 
New type domain.Bet

[2021-03-01 21:17:45 #5 type.registry] 
New type java.util.Vector<domain.Bet>

[2021-03-01 21:17:45 #6 type.registry] 
New type domain.Event

[2021-03-01 21:17:45 #7 type] 
Type domain.Bet is not enhanced.

[2021-03-01 21:17:45 #8 type] 
Type domain.Event is not enhanced.

[2021-03-01 21:17:45 #9 type.registry] 
New type java.util.Vector<domain.Question>

[2021-03-01 21:17:45 #10 type.registry] 
New type domain.InfoAccount

[2021-03-01 21:17:45 #11 type] 
Type domain.InfoAccount is not enhanced.

[2021-03-01 21:17:45 #12 type.registry] 
New type domain.Account

[2021-03-01 21:17:45 #13 type] 
Type domain.Account is not enhanced.

[2021-03-01 21:17:45 #14 type.registry] 
New type java.util.Vector<java.lang.Object>

------------------------------------------------------------------------------------------------------------------------

[2021-03-01 21:18:52 #1 store] 
Database 'C:\Users\rober\OneDrive\Escritorio\Cosas uni\2\IngenieriaDelSoftware1\labs\Bets21.5\src\main\resources\bets.temp' is opened by 2932@FRIDAY

[2021-03-01 21:18:52 #2 type.registry] 
New type domain.Question

[2021-03-01 21:18:52 #3 type] 
Type domain.Question is not enhanced.

[2021-03-01 21:18:52 #4 type.registry] 
New type domain.Bet

[2021-03-01 21:18:52 #5 type.registry] 
New type java.util.Vector<domain.Bet>

[2021-03-01 21:18:52 #6 type.registry] 
New type domain.Event

[2021-03-01 21:18:52 #7 type] 
Type domain.Bet is not enhanced.

[2021-03-01 21:18:52 #8 type] 
Type domain.Event is not enhanced.

[2021-03-01 21:18:52 #9 type.registry] 
New type java.util.Vector<domain.Question>

[2021-03-01 21:18:52 #10 type.registry] 
New type domain.InfoAccount

[2021-03-01 21:18:52 #11 type] 
Type domain.InfoAccount is not enhanced.

[2021-03-01 21:18:52 #12 type.registry] 
New type domain.Account

[2021-03-01 21:18:52 #13 type] 
Type domain.Account is not enhanced.

[2021-03-01 21:18:52 #14 type.registry] 
New type java.util.Vector<java.lang.Object>

------------------------------------------------------------------------------------------------------------------------

[2021-03-01 21:22:13 #1 store] 
Database 'C:\Users\rober\OneDrive\Escritorio\Cosas uni\2\IngenieriaDelSoftware1\labs\Bets21.5\src\main\resources\bets.temp' is opened by 16364@FRIDAY

[2021-03-01 21:22:13 #2 type.registry] 
New type domain.Question

[2021-03-01 21:22:13 #3 type] 
Type domain.Question is not enhanced.

[2021-03-01 21:22:13 #4 type.registry] 
New type domain.Bet

[2021-03-01 21:22:13 #5 type.registry] 
New type java.util.Vector<domain.Bet>

[2021-03-01 21:22:13 #6 type.registry] 
New type domain.Event

[2021-03-01 21:22:13 #7 type] 
Type domain.Bet is not enhanced.

[2021-03-01 21:22:13 #8 type] 
Type domain.Event is not enhanced.

[2021-03-01 21:22:13 #9 type.registry] 
New type java.util.Vector<domain.Question>

[2021-03-01 21:22:13 #10 type.registry] 
New type domain.InfoAccount

[2021-03-01 21:22:13 #11 type] 
Type domain.InfoAccount is not enhanced.

[2021-03-01 21:22:13 #12 type.registry] 
New type domain.Account

[2021-03-01 21:22:13 #13 type] 
Type domain.Account is not enhanced.

[2021-03-01 21:22:13 #14 type.registry] 
New type java.util.Vector<java.lang.Object>

------------------------------------------------------------------------------------------------------------------------

[2021-03-01 21:26:35 #1 store] 
Database 'C:\Users\rober\OneDrive\Escritorio\Cosas uni\2\IngenieriaDelSoftware1\labs\Bets21.5\src\main\resources\bets.temp' is opened by 4084@FRIDAY

[2021-03-01 21:26:35 #2 type.registry] 
New type domain.Question

[2021-03-01 21:26:35 #3 type] 
Type domain.Question is not enhanced.

[2021-03-01 21:26:35 #4 type.registry] 
New type domain.Bet

[2021-03-01 21:26:35 #5 type.registry] 
New type java.util.Vector<domain.Bet>

[2021-03-01 21:26:35 #6 type.registry] 
New type domain.Event

[2021-03-01 21:26:35 #7 type] 
Type domain.Bet is not enhanced.

[2021-03-01 21:26:35 #8 type] 
Type domain.Event is not enhanced.

[2021-03-01 21:26:35 #9 type.registry] 
New type java.util.Vector<domain.Question>

[2021-03-01 21:26:35 #10 type.registry] 
New type domain.InfoAccount

[2021-03-01 21:26:35 #11 type] 
Type domain.InfoAccount is not enhanced.

[2021-03-01 21:26:35 #12 type.registry] 
New type domain.Account

[2021-03-01 21:26:35 #13 type] 
Type domain.Account is not enhanced.

[2021-03-01 21:26:35 #14 type.registry] 
New type java.util.Vector<java.lang.Object>

------------------------------------------------------------------------------------------------------------------------

[2021-03-01 21:28:13 #1 store] 
Database 'C:\Users\rober\OneDrive\Escritorio\Cosas uni\2\IngenieriaDelSoftware1\labs\Bets21.5\src\main\resources\bets.temp' is opened by 2084@FRIDAY

[2021-03-01 21:28:14 #2 type.registry] 
New type domain.Question

[2021-03-01 21:28:14 #3 type] 
Type domain.Question is not enhanced.

[2021-03-01 21:28:14 #4 type.registry] 
New type domain.Bet

[2021-03-01 21:28:14 #5 type.registry] 
New type java.util.Vector<domain.Bet>

[2021-03-01 21:28:14 #6 type.registry] 
New type domain.Event

[2021-03-01 21:28:14 #7 type] 
Type domain.Bet is not enhanced.

[2021-03-01 21:28:14 #8 type] 
Type domain.Event is not enhanced.

[2021-03-01 21:28:14 #9 type.registry] 
New type java.util.Vector<domain.Question>

[2021-03-01 21:28:14 #10 type.registry] 
New type domain.InfoAccount

[2021-03-01 21:28:14 #11 type] 
Type domain.InfoAccount is not enhanced.

[2021-03-01 21:28:14 #12 type.registry] 
New type domain.Account

[2021-03-01 21:28:14 #13 type] 
Type domain.Account is not enhanced.

[2021-03-01 21:28:14 #14 type.registry] 
New type java.util.Vector<java.lang.Object>

------------------------------------------------------------------------------------------------------------------------

[2021-03-01 21:30:02 #1 store] 
Database 'C:\Users\rober\OneDrive\Escritorio\Cosas uni\2\IngenieriaDelSoftware1\labs\Bets21.5\src\main\resources\bets.temp' is opened by 15140@FRIDAY

[2021-03-01 21:30:02 #2 type.registry] 
New type domain.Question

[2021-03-01 21:30:02 #3 type] 
Type domain.Question is not enhanced.

[2021-03-01 21:30:02 #4 type.registry] 
New type domain.Bet

[2021-03-01 21:30:02 #5 type.registry] 
New type java.util.Vector<domain.Bet>

[2021-03-01 21:30:02 #6 type.registry] 
New type domain.Event

[2021-03-01 21:30:02 #7 type] 
Type domain.Bet is not enhanced.

[2021-03-01 21:30:02 #8 type] 
Type domain.Event is not enhanced.

[2021-03-01 21:30:02 #9 type.registry] 
New type java.util.Vector<domain.Question>

[2021-03-01 21:30:02 #10 type.registry] 
New type domain.InfoAccount

[2021-03-01 21:30:02 #11 type] 
Type domain.InfoAccount is not enhanced.

[2021-03-01 21:30:02 #12 type.registry] 
New type domain.Account

[2021-03-01 21:30:02 #13 type] 
Type domain.Account is not enhanced.

[2021-03-01 21:30:02 #14 type.registry] 
New type java.util.Vector<java.lang.Object>

------------------------------------------------------------------------------------------------------------------------

[2021-03-01 21:30:55 #1 store] 
Database 'C:\Users\rober\OneDrive\Escritorio\Cosas uni\2\IngenieriaDelSoftware1\labs\Bets21.5\src\main\resources\bets.temp' is opened by 8544@FRIDAY

[2021-03-01 21:30:55 #2 type.registry] 
New type domain.Question

[2021-03-01 21:30:55 #3 type] 
Type domain.Question is not enhanced.

[2021-03-01 21:30:55 #4 type.registry] 
New type domain.Bet

[2021-03-01 21:30:56 #5 type.registry] 
New type java.util.Vector<domain.Bet>

[2021-03-01 21:30:56 #6 type.registry] 
New type domain.Event

[2021-03-01 21:30:56 #7 type] 
Type domain.Bet is not enhanced.

[2021-03-01 21:30:56 #8 type] 
Type domain.Event is not enhanced.

[2021-03-01 21:30:56 #9 type.registry] 
New type java.util.Vector<domain.Question>

[2021-03-01 21:30:56 #10 type.registry] 
New type domain.InfoAccount

[2021-03-01 21:30:56 #11 type] 
Type domain.InfoAccount is not enhanced.

[2021-03-01 21:30:56 #12 type.registry] 
New type domain.Account

[2021-03-01 21:30:56 #13 type] 
Type domain.Account is not enhanced.

[2021-03-01 21:30:56 #14 type.registry] 
New type java.util.Vector<java.lang.Object>

------------------------------------------------------------------------------------------------------------------------

[2021-03-01 21:32:02 #1 store] 
Database 'C:\Users\rober\OneDrive\Escritorio\Cosas uni\2\IngenieriaDelSoftware1\labs\Bets21.5\src\main\resources\bets.temp' is opened by 14788@FRIDAY

[2021-03-01 21:32:02 #2 type.registry] 
New type domain.Question

[2021-03-01 21:32:02 #3 type] 
Type domain.Question is not enhanced.

[2021-03-01 21:32:02 #4 type.registry] 
New type domain.Bet

[2021-03-01 21:32:02 #5 type.registry] 
New type java.util.Vector<domain.Bet>

[2021-03-01 21:32:02 #6 type.registry] 
New type domain.Event

[2021-03-01 21:32:02 #7 type] 
Type domain.Bet is not enhanced.

[2021-03-01 21:32:02 #8 type] 
Type domain.Event is not enhanced.

[2021-03-01 21:32:02 #9 type.registry] 
New type java.util.Vector<domain.Question>

[2021-03-01 21:32:02 #10 type.registry] 
New type domain.InfoAccount

[2021-03-01 21:32:02 #11 type] 
Type domain.InfoAccount is not enhanced.

[2021-03-01 21:32:02 #12 type.registry] 
New type domain.Account

[2021-03-01 21:32:02 #13 type] 
Type domain.Account is not enhanced.

[2021-03-01 21:32:02 #14 type.registry] 
New type java.util.Vector<java.lang.Object>

------------------------------------------------------------------------------------------------------------------------

[2021-03-01 21:34:16 #1 store] 
Database 'C:\Users\rober\OneDrive\Escritorio\Cosas uni\2\IngenieriaDelSoftware1\labs\Bets21.5\src\main\resources\bets.temp' is opened by 15440@FRIDAY

[2021-03-01 21:34:16 #2 type.registry] 
New type domain.Question

[2021-03-01 21:34:16 #3 type] 
Type domain.Question is not enhanced.

[2021-03-01 21:34:16 #4 type.registry] 
New type domain.Bet

[2021-03-01 21:34:16 #5 type.registry] 
New type java.util.Vector<domain.Bet>

[2021-03-01 21:34:16 #6 type.registry] 
New type domain.Event

[2021-03-01 21:34:16 #7 type] 
Type domain.Bet is not enhanced.

[2021-03-01 21:34:16 #8 type] 
Type domain.Event is not enhanced.

[2021-03-01 21:34:16 #9 type.registry] 
New type java.util.Vector<domain.Question>

[2021-03-01 21:34:16 #10 type.registry] 
New type domain.InfoAccount

[2021-03-01 21:34:16 #11 type] 
Type domain.InfoAccount is not enhanced.

[2021-03-01 21:34:16 #12 type.registry] 
New type domain.Account

[2021-03-01 21:34:16 #13 type] 
Type domain.Account is not enhanced.

[2021-03-01 21:34:16 #14 type.registry] 
New type java.util.Vector<java.lang.Object>

------------------------------------------------------------------------------------------------------------------------

[2021-03-01 21:35:14 #1 store] 
Database 'C:\Users\rober\OneDrive\Escritorio\Cosas uni\2\IngenieriaDelSoftware1\labs\Bets21.5\src\main\resources\bets.temp' is opened by 6028@FRIDAY

[2021-03-01 21:35:14 #2 type.registry] 
New type domain.Question

[2021-03-01 21:35:14 #3 type] 
Type domain.Question is not enhanced.

[2021-03-01 21:35:14 #4 type.registry] 
New type domain.Bet

[2021-03-01 21:35:14 #5 type.registry] 
New type java.util.Vector<domain.Bet>

[2021-03-01 21:35:14 #6 type.registry] 
New type domain.Event

[2021-03-01 21:35:14 #7 type] 
Type domain.Bet is not enhanced.

[2021-03-01 21:35:14 #8 type] 
Type domain.Event is not enhanced.

[2021-03-01 21:35:14 #9 type.registry] 
New type java.util.Vector<domain.Question>

[2021-03-01 21:35:14 #10 type.registry] 
New type domain.InfoAccount

[2021-03-01 21:35:14 #11 type] 
Type domain.InfoAccount is not enhanced.

[2021-03-01 21:35:14 #12 type.registry] 
New type domain.Account

[2021-03-01 21:35:14 #13 type] 
Type domain.Account is not enhanced.

[2021-03-01 21:35:14 #14 type.registry] 
New type java.util.Vector<java.lang.Object>

------------------------------------------------------------------------------------------------------------------------

[2021-03-01 21:37:31 #1 store] 
Database 'C:\Users\rober\OneDrive\Escritorio\Cosas uni\2\IngenieriaDelSoftware1\labs\Bets21.5\src\main\resources\bets.temp' is opened by 4708@FRIDAY

[2021-03-01 21:37:31 #2 type.registry] 
New type domain.Question

[2021-03-01 21:37:31 #3 type] 
Type domain.Question is not enhanced.

[2021-03-01 21:37:31 #4 type.registry] 
New type domain.Bet

[2021-03-01 21:37:31 #5 type.registry] 
New type java.util.Vector<domain.Bet>

[2021-03-01 21:37:31 #6 type.registry] 
New type domain.Event

[2021-03-01 21:37:31 #7 type] 
Type domain.Bet is not enhanced.

[2021-03-01 21:37:31 #8 type] 
Type domain.Event is not enhanced.

[2021-03-01 21:37:31 #9 type.registry] 
New type java.util.Vector<domain.Question>

[2021-03-01 21:37:31 #10 type.registry] 
New type domain.InfoAccount

[2021-03-01 21:37:31 #11 type] 
Type domain.InfoAccount is not enhanced.

[2021-03-01 21:37:31 #12 type.registry] 
New type domain.Account

[2021-03-01 21:37:31 #13 type] 
Type domain.Account is not enhanced.

[2021-03-01 21:37:31 #14 type.registry] 
New type java.util.Vector<java.lang.Object>

------------------------------------------------------------------------------------------------------------------------

[2021-03-01 21:39:07 #1 store] 
Database 'C:\Users\rober\OneDrive\Escritorio\Cosas uni\2\IngenieriaDelSoftware1\labs\Bets21.5\src\main\resources\bets.temp' is opened by 4204@FRIDAY

[2021-03-01 21:39:07 #2 type.registry] 
New type domain.Question

[2021-03-01 21:39:07 #3 type] 
Type domain.Question is not enhanced.

[2021-03-01 21:39:07 #4 type.registry] 
New type domain.Bet

[2021-03-01 21:39:07 #5 type.registry] 
New type java.util.Vector<domain.Bet>

[2021-03-01 21:39:07 #6 type.registry] 
New type domain.Event

[2021-03-01 21:39:07 #7 type] 
Type domain.Bet is not enhanced.

[2021-03-01 21:39:07 #8 type] 
Type domain.Event is not enhanced.

[2021-03-01 21:39:07 #9 type.registry] 
New type java.util.Vector<domain.Question>

[2021-03-01 21:39:07 #10 type.registry] 
New type domain.InfoAccount

[2021-03-01 21:39:07 #11 type] 
Type domain.InfoAccount is not enhanced.

[2021-03-01 21:39:07 #12 type.registry] 
New type domain.Account

[2021-03-01 21:39:07 #13 type] 
Type domain.Account is not enhanced.

[2021-03-01 21:39:07 #14 type.registry] 
New type java.util.Vector<java.lang.Object>

------------------------------------------------------------------------------------------------------------------------

[2021-03-01 21:42:14 #1 store] 
Database 'C:\Users\rober\OneDrive\Escritorio\Cosas uni\2\IngenieriaDelSoftware1\labs\Bets21.5\src\main\resources\bets.temp' is opened by 13368@FRIDAY

[2021-03-01 21:42:14 #2 type.registry] 
New type domain.Question

[2021-03-01 21:42:14 #3 type] 
Type domain.Question is not enhanced.

[2021-03-01 21:42:14 #4 type.registry] 
New type domain.Bet

[2021-03-01 21:42:14 #5 type.registry] 
New type java.util.Vector<domain.Bet>

[2021-03-01 21:42:14 #6 type.registry] 
New type domain.Event

[2021-03-01 21:42:14 #7 type] 
Type domain.Bet is not enhanced.

[2021-03-01 21:42:14 #8 type] 
Type domain.Event is not enhanced.

[2021-03-01 21:42:14 #9 type.registry] 
New type java.util.Vector<domain.Question>

[2021-03-01 21:42:14 #10 type.registry] 
New type domain.InfoAccount

[2021-03-01 21:42:14 #11 type] 
Type domain.InfoAccount is not enhanced.

[2021-03-01 21:42:14 #12 type.registry] 
New type domain.Account

[2021-03-01 21:42:14 #13 type] 
Type domain.Account is not enhanced.

[2021-03-01 21:42:14 #14 type.registry] 
New type java.util.Vector<java.lang.Object>

------------------------------------------------------------------------------------------------------------------------

[2021-03-01 21:45:07 #1 store] 
Database 'C:\Users\rober\OneDrive\Escritorio\Cosas uni\2\IngenieriaDelSoftware1\labs\Bets21.5\src\main\resources\bets.temp' is opened by 4112@FRIDAY

[2021-03-01 21:45:07 #2 type.registry] 
New type domain.Question

[2021-03-01 21:45:07 #3 type] 
Type domain.Question is not enhanced.

[2021-03-01 21:45:07 #4 type.registry] 
New type domain.Bet

[2021-03-01 21:45:07 #5 type.registry] 
New type java.util.Vector<domain.Bet>

[2021-03-01 21:45:07 #6 type.registry] 
New type domain.Event

[2021-03-01 21:45:07 #7 type] 
Type domain.Bet is not enhanced.

[2021-03-01 21:45:07 #8 type] 
Type domain.Event is not enhanced.

[2021-03-01 21:45:07 #9 type.registry] 
New type java.util.Vector<domain.Question>

[2021-03-01 21:45:07 #10 type.registry] 
New type domain.InfoAccount

[2021-03-01 21:45:07 #11 type] 
Type domain.InfoAccount is not enhanced.

[2021-03-01 21:45:07 #12 type.registry] 
New type domain.Account

[2021-03-01 21:45:07 #13 type] 
Type domain.Account is not enhanced.

[2021-03-01 21:45:07 #14 type.registry] 
New type java.util.Vector<java.lang.Object>

------------------------------------------------------------------------------------------------------------------------

[2021-03-01 21:45:45 #1 store] 
Database 'C:\Users\rober\OneDrive\Escritorio\Cosas uni\2\IngenieriaDelSoftware1\labs\Bets21.5\src\main\resources\bets.temp' is opened by 13916@FRIDAY

[2021-03-01 21:45:45 #2 type.registry] 
New type domain.Question

[2021-03-01 21:45:45 #3 type] 
Type domain.Question is not enhanced.

[2021-03-01 21:45:45 #4 type.registry] 
New type domain.Bet

[2021-03-01 21:45:45 #5 type.registry] 
New type java.util.Vector<domain.Bet>

[2021-03-01 21:45:45 #6 type.registry] 
New type domain.Event

[2021-03-01 21:45:45 #7 type] 
Type domain.Bet is not enhanced.

[2021-03-01 21:45:45 #8 type] 
Type domain.Event is not enhanced.

[2021-03-01 21:45:45 #9 type.registry] 
New type java.util.Vector<domain.Question>

[2021-03-01 21:45:45 #10 type.registry] 
New type domain.InfoAccount

[2021-03-01 21:45:45 #11 type] 
Type domain.InfoAccount is not enhanced.

[2021-03-01 21:45:45 #12 type.registry] 
New type domain.Account

[2021-03-01 21:45:45 #13 type] 
Type domain.Account is not enhanced.

[2021-03-01 21:45:45 #14 type.registry] 
New type java.util.Vector<java.lang.Object>

------------------------------------------------------------------------------------------------------------------------

[2021-03-01 21:46:26 #1 store] 
Database 'C:\Users\rober\OneDrive\Escritorio\Cosas uni\2\IngenieriaDelSoftware1\labs\Bets21.5\src\main\resources\bets.temp' is opened by 4508@FRIDAY

[2021-03-01 21:46:27 #2 type.registry] 
New type domain.Question

[2021-03-01 21:46:27 #3 type] 
Type domain.Question is not enhanced.

[2021-03-01 21:46:27 #4 type.registry] 
New type domain.Bet

[2021-03-01 21:46:27 #5 type.registry] 
New type java.util.Vector<domain.Bet>

[2021-03-01 21:46:27 #6 type.registry] 
New type domain.Event

[2021-03-01 21:46:27 #7 type] 
Type domain.Bet is not enhanced.

[2021-03-01 21:46:27 #8 type] 
Type domain.Event is not enhanced.

[2021-03-01 21:46:27 #9 type.registry] 
New type java.util.Vector<domain.Question>

[2021-03-01 21:46:27 #10 type.registry] 
New type domain.InfoAccount

[2021-03-01 21:46:27 #11 type] 
Type domain.InfoAccount is not enhanced.

[2021-03-01 21:46:27 #12 type.registry] 
New type domain.Account

[2021-03-01 21:46:27 #13 type] 
Type domain.Account is not enhanced.

[2021-03-01 21:46:27 #14 type.registry] 
New type java.util.Vector<java.lang.Object>

------------------------------------------------------------------------------------------------------------------------

[2021-03-01 21:47:35 #1 store] 
Database 'C:\Users\rober\OneDrive\Escritorio\Cosas uni\2\IngenieriaDelSoftware1\labs\Bets21.5\src\main\resources\bets.temp' is opened by 860@FRIDAY

[2021-03-01 21:47:35 #2 type.registry] 
New type domain.Question

[2021-03-01 21:47:35 #3 type] 
Type domain.Question is not enhanced.

[2021-03-01 21:47:35 #4 type.registry] 
New type domain.Bet

[2021-03-01 21:47:35 #5 type.registry] 
New type java.util.Vector<domain.Bet>

[2021-03-01 21:47:35 #6 type.registry] 
New type domain.Event

[2021-03-01 21:47:35 #7 type] 
Type domain.Bet is not enhanced.

[2021-03-01 21:47:35 #8 type] 
Type domain.Event is not enhanced.

[2021-03-01 21:47:35 #9 type.registry] 
New type java.util.Vector<domain.Question>

[2021-03-01 21:47:35 #10 type.registry] 
New type domain.InfoAccount

[2021-03-01 21:47:35 #11 type] 
Type domain.InfoAccount is not enhanced.

[2021-03-01 21:47:35 #12 type.registry] 
New type domain.Account

[2021-03-01 21:47:35 #13 type] 
Type domain.Account is not enhanced.

[2021-03-01 21:47:35 #14 type.registry] 
New type java.util.Vector<java.lang.Object>

------------------------------------------------------------------------------------------------------------------------

[2021-03-01 21:49:34 #1 store] 
Database 'C:\Users\rober\OneDrive\Escritorio\Cosas uni\2\IngenieriaDelSoftware1\labs\Bets21.5\src\main\resources\bets.temp' is opened by 5364@FRIDAY

[2021-03-01 21:49:35 #2 type.registry] 
New type domain.Question

[2021-03-01 21:49:35 #3 type] 
Type domain.Question is not enhanced.

[2021-03-01 21:49:35 #4 type.registry] 
New type domain.Bet

[2021-03-01 21:49:35 #5 type.registry] 
New type java.util.Vector<domain.Bet>

[2021-03-01 21:49:35 #6 type.registry] 
New type domain.Event

[2021-03-01 21:49:35 #7 type] 
Type domain.Bet is not enhanced.

[2021-03-01 21:49:35 #8 type] 
Type domain.Event is not enhanced.

[2021-03-01 21:49:35 #9 type.registry] 
New type java.util.Vector<domain.Question>

[2021-03-01 21:49:35 #10 type.registry] 
New type domain.InfoAccount

[2021-03-01 21:49:35 #11 type] 
Type domain.InfoAccount is not enhanced.

[2021-03-01 21:49:35 #12 type.registry] 
New type domain.Account

[2021-03-01 21:49:35 #13 type] 
Type domain.Account is not enhanced.

[2021-03-01 21:49:35 #14 type.registry] 
New type java.util.Vector<java.lang.Object>

------------------------------------------------------------------------------------------------------------------------

[2021-03-01 21:50:24 #1 store] 
Database 'C:\Users\rober\OneDrive\Escritorio\Cosas uni\2\IngenieriaDelSoftware1\labs\Bets21.5\src\main\resources\bets.temp' is opened by 16928@FRIDAY

[2021-03-01 21:50:24 #2 type.registry] 
New type domain.Question

[2021-03-01 21:50:24 #3 type] 
Type domain.Question is not enhanced.

[2021-03-01 21:50:24 #4 type.registry] 
New type domain.Bet

[2021-03-01 21:50:24 #5 type.registry] 
New type java.util.Vector<domain.Bet>

[2021-03-01 21:50:24 #6 type.registry] 
New type domain.Event

[2021-03-01 21:50:24 #7 type] 
Type domain.Bet is not enhanced.

[2021-03-01 21:50:24 #8 type] 
Type domain.Event is not enhanced.

[2021-03-01 21:50:24 #9 type.registry] 
New type java.util.Vector<domain.Question>

[2021-03-01 21:50:24 #10 type.registry] 
New type domain.InfoAccount

[2021-03-01 21:50:24 #11 type] 
Type domain.InfoAccount is not enhanced.

[2021-03-01 21:50:24 #12 type.registry] 
New type domain.Account

[2021-03-01 21:50:24 #13 type] 
Type domain.Account is not enhanced.

[2021-03-01 21:50:24 #14 type.registry] 
New type java.util.Vector<java.lang.Object>

------------------------------------------------------------------------------------------------------------------------

[2021-03-01 21:51:49 #1 store] 
Database 'C:\Users\rober\OneDrive\Escritorio\Cosas uni\2\IngenieriaDelSoftware1\labs\Bets21.5\src\main\resources\bets.temp' is opened by 12536@FRIDAY

[2021-03-01 21:51:49 #2 type.registry] 
New type domain.Question

[2021-03-01 21:51:49 #3 type] 
Type domain.Question is not enhanced.

[2021-03-01 21:51:49 #4 type.registry] 
New type domain.Bet

[2021-03-01 21:51:49 #5 type.registry] 
New type java.util.Vector<domain.Bet>

[2021-03-01 21:51:49 #6 type.registry] 
New type domain.Event

[2021-03-01 21:51:49 #7 type] 
Type domain.Bet is not enhanced.

[2021-03-01 21:51:49 #8 type] 
Type domain.Event is not enhanced.

[2021-03-01 21:51:49 #9 type.registry] 
New type java.util.Vector<domain.Question>

[2021-03-01 21:51:49 #10 type.registry] 
New type domain.InfoAccount

[2021-03-01 21:51:49 #11 type] 
Type domain.InfoAccount is not enhanced.

[2021-03-01 21:51:49 #12 type.registry] 
New type domain.Account

[2021-03-01 21:51:49 #13 type] 
Type domain.Account is not enhanced.

[2021-03-01 21:51:49 #14 type.registry] 
New type java.util.Vector<java.lang.Object>

------------------------------------------------------------------------------------------------------------------------

[2021-03-01 21:56:20 #1 store] 
Database 'C:\Users\rober\OneDrive\Escritorio\Cosas uni\2\IngenieriaDelSoftware1\labs\Bets21.5\src\main\resources\bets.temp' is opened by 13760@FRIDAY

[2021-03-01 21:56:20 #2 type.registry] 
New type domain.Question

[2021-03-01 21:56:20 #3 type] 
Type domain.Question is not enhanced.

[2021-03-01 21:56:20 #4 type.registry] 
New type domain.Bet

[2021-03-01 21:56:20 #5 type.registry] 
New type java.util.Vector<domain.Bet>

[2021-03-01 21:56:20 #6 type.registry] 
New type domain.Event

[2021-03-01 21:56:20 #7 type] 
Type domain.Bet is not enhanced.

[2021-03-01 21:56:20 #8 type] 
Type domain.Event is not enhanced.

[2021-03-01 21:56:20 #9 type.registry] 
New type java.util.Vector<domain.Question>

[2021-03-01 21:56:20 #10 type.registry] 
New type domain.InfoAccount

[2021-03-01 21:56:20 #11 type] 
Type domain.InfoAccount is not enhanced.

[2021-03-01 21:56:20 #12 type.registry] 
New type domain.Account

[2021-03-01 21:56:20 #13 type] 
Type domain.Account is not enhanced.

[2021-03-01 21:56:20 #14 type.registry] 
New type java.util.Vector<java.lang.Object>

------------------------------------------------------------------------------------------------------------------------

[2021-03-01 22:01:19 #1 store] 
Database 'C:\Users\rober\OneDrive\Escritorio\Cosas uni\2\IngenieriaDelSoftware1\labs\Bets21.5\src\main\resources\bets.temp' is opened by 15596@FRIDAY

[2021-03-01 22:01:19 #2 type.registry] 
New type domain.Question

[2021-03-01 22:01:19 #3 type] 
Type domain.Question is not enhanced.

[2021-03-01 22:01:19 #4 type.registry] 
New type domain.Bet

[2021-03-01 22:01:19 #5 type.registry] 
New type java.util.Vector<domain.Bet>

[2021-03-01 22:01:19 #6 type.registry] 
New type domain.Event

[2021-03-01 22:01:19 #7 type] 
Type domain.Bet is not enhanced.

[2021-03-01 22:01:19 #8 type] 
Type domain.Event is not enhanced.

[2021-03-01 22:01:19 #9 type.registry] 
New type java.util.Vector<domain.Question>

[2021-03-01 22:01:19 #10 type.registry] 
New type domain.InfoAccount

[2021-03-01 22:01:19 #11 type] 
Type domain.InfoAccount is not enhanced.

[2021-03-01 22:01:19 #12 type.registry] 
New type domain.Account

[2021-03-01 22:01:19 #13 type] 
Type domain.Account is not enhanced.

[2021-03-01 22:01:19 #14 type.registry] 
New type java.util.Vector<java.lang.Object>

------------------------------------------------------------------------------------------------------------------------

[2021-03-01 22:01:35 #1 store] 
Database 'C:\Users\rober\OneDrive\Escritorio\Cosas uni\2\IngenieriaDelSoftware1\labs\Bets21.5\src\main\resources\bets.temp' is opened by 12488@FRIDAY

[2021-03-01 22:01:36 #2 type.registry] 
New type domain.Question

[2021-03-01 22:01:36 #3 type] 
Type domain.Question is not enhanced.

[2021-03-01 22:01:36 #4 type.registry] 
New type domain.Bet

[2021-03-01 22:01:36 #5 type.registry] 
New type java.util.Vector<domain.Bet>

[2021-03-01 22:01:36 #6 type.registry] 
New type domain.Event

[2021-03-01 22:01:36 #7 type] 
Type domain.Bet is not enhanced.

[2021-03-01 22:01:36 #8 type] 
Type domain.Event is not enhanced.

[2021-03-01 22:01:36 #9 type.registry] 
New type java.util.Vector<domain.Question>

[2021-03-01 22:01:36 #10 type.registry] 
New type domain.InfoAccount

[2021-03-01 22:01:36 #11 type] 
Type domain.InfoAccount is not enhanced.

[2021-03-01 22:01:36 #12 type.registry] 
New type domain.Account

[2021-03-01 22:01:36 #13 type] 
Type domain.Account is not enhanced.

[2021-03-01 22:01:36 #14 type.registry] 
New type java.util.Vector<java.lang.Object>

------------------------------------------------------------------------------------------------------------------------

[2021-03-01 22:09:32 #1 store] 
Database 'C:\Users\rober\OneDrive\Escritorio\Cosas uni\2\IngenieriaDelSoftware1\labs\Bets21.5\src\main\resources\bets.temp' is opened by 11988@FRIDAY

[2021-03-01 22:09:32 #2 type.registry] 
New type domain.Question

[2021-03-01 22:09:32 #3 type] 
Type domain.Question is not enhanced.

[2021-03-01 22:09:32 #4 type.registry] 
New type domain.Bet

[2021-03-01 22:09:32 #5 type.registry] 
New type java.util.Vector<domain.Bet>

[2021-03-01 22:09:32 #6 type.registry] 
New type domain.Event

[2021-03-01 22:09:32 #7 type] 
Type domain.Bet is not enhanced.

[2021-03-01 22:09:32 #8 type] 
Type domain.Event is not enhanced.

[2021-03-01 22:09:32 #9 type.registry] 
New type java.util.Vector<domain.Question>

[2021-03-01 22:09:32 #10 type.registry] 
New type domain.InfoAccount

[2021-03-01 22:09:32 #11 type] 
Type domain.InfoAccount is not enhanced.

[2021-03-01 22:09:32 #12 type.registry] 
New type domain.Account

[2021-03-01 22:09:32 #13 type] 
Type domain.Account is not enhanced.

[2021-03-01 22:09:32 #14 type.registry] 
New type java.util.Vector<java.lang.Object>

------------------------------------------------------------------------------------------------------------------------

[2021-03-01 22:42:35 #1 store] 
Database 'C:\Users\rober\OneDrive\Escritorio\Cosas uni\2\IngenieriaDelSoftware1\labs\Bets21.5\src\main\resources\bets.temp' is opened by 12404@FRIDAY

[2021-03-01 22:42:35 #2 type.registry] 
New type domain.Question

[2021-03-01 22:42:35 #3 type] 
Type domain.Question is not enhanced.

[2021-03-01 22:42:35 #4 type.registry] 
New type domain.Bet

[2021-03-01 22:42:35 #5 type.registry] 
New type java.util.Vector<domain.Bet>

[2021-03-01 22:42:35 #6 type.registry] 
New type domain.Event

[2021-03-01 22:42:35 #7 type] 
Type domain.Bet is not enhanced.

[2021-03-01 22:42:35 #8 type] 
Type domain.Event is not enhanced.

[2021-03-01 22:42:35 #9 type.registry] 
New type java.util.Vector<domain.Question>

[2021-03-01 22:42:35 #10 type.registry] 
New type domain.InfoAccount

[2021-03-01 22:42:35 #11 type] 
Type domain.InfoAccount is not enhanced.

[2021-03-01 22:42:35 #12 type.registry] 
New type domain.Account

[2021-03-01 22:42:35 #13 type] 
Type domain.Account is not enhanced.

[2021-03-01 22:42:35 #14 type.registry] 
New type java.util.Vector<java.lang.Object>

------------------------------------------------------------------------------------------------------------------------

[2021-03-01 22:44:12 #1 store] 
Database 'C:\Users\rober\OneDrive\Escritorio\Cosas uni\2\IngenieriaDelSoftware1\labs\Bets21.5\src\main\resources\bets.temp' is opened by 10492@FRIDAY

[2021-03-01 22:44:13 #2 type.registry] 
New type domain.Question

[2021-03-01 22:44:13 #3 type] 
Type domain.Question is not enhanced.

[2021-03-01 22:44:13 #4 type.registry] 
New type domain.Bet

[2021-03-01 22:44:13 #5 type.registry] 
New type java.util.Vector<domain.Bet>

[2021-03-01 22:44:13 #6 type.registry] 
New type domain.Event

[2021-03-01 22:44:13 #7 type] 
Type domain.Bet is not enhanced.

[2021-03-01 22:44:13 #8 type] 
Type domain.Event is not enhanced.

[2021-03-01 22:44:13 #9 type.registry] 
New type java.util.Vector<domain.Question>

[2021-03-01 22:44:13 #10 type.registry] 
New type domain.InfoAccount

[2021-03-01 22:44:13 #11 type] 
Type domain.InfoAccount is not enhanced.

[2021-03-01 22:44:13 #12 type.registry] 
New type domain.Account

[2021-03-01 22:44:13 #13 type] 
Type domain.Account is not enhanced.

[2021-03-01 22:44:13 #14 type.registry] 
New type java.util.Vector<java.lang.Object>

------------------------------------------------------------------------------------------------------------------------

[2021-03-01 22:44:22 #1 store] 
Database 'C:\Users\rober\OneDrive\Escritorio\Cosas uni\2\IngenieriaDelSoftware1\labs\Bets21.5\src\main\resources\bets.temp' is opened by 14264@FRIDAY

[2021-03-01 22:44:22 #2 type.registry] 
New type domain.Question

[2021-03-01 22:44:22 #3 type] 
Type domain.Question is not enhanced.

[2021-03-01 22:44:22 #4 type.registry] 
New type domain.Bet

[2021-03-01 22:44:22 #5 type.registry] 
New type java.util.Vector<domain.Bet>

[2021-03-01 22:44:22 #6 type.registry] 
New type domain.Event

[2021-03-01 22:44:22 #7 type] 
Type domain.Bet is not enhanced.

[2021-03-01 22:44:22 #8 type] 
Type domain.Event is not enhanced.

[2021-03-01 22:44:22 #9 type.registry] 
New type java.util.Vector<domain.Question>

[2021-03-01 22:44:22 #10 type.registry] 
New type domain.InfoAccount

[2021-03-01 22:44:22 #11 type] 
Type domain.InfoAccount is not enhanced.

[2021-03-01 22:44:22 #12 type.registry] 
New type domain.Account

[2021-03-01 22:44:22 #13 type] 
Type domain.Account is not enhanced.

[2021-03-01 22:44:22 #14 type.registry] 
New type java.util.Vector<java.lang.Object>

------------------------------------------------------------------------------------------------------------------------

[2021-03-01 22:48:21 #1 store] 
Database 'C:\Users\rober\OneDrive\Escritorio\Cosas uni\2\IngenieriaDelSoftware1\labs\Bets21.5\src\main\resources\bets.temp' is opened by 3760@FRIDAY

[2021-03-01 22:48:21 #2 type.registry] 
New type domain.Question

[2021-03-01 22:48:21 #3 type] 
Type domain.Question is not enhanced.

[2021-03-01 22:48:21 #4 type.registry] 
New type domain.Bet

[2021-03-01 22:48:21 #5 type.registry] 
New type java.util.Vector<domain.Bet>

[2021-03-01 22:48:21 #6 type.registry] 
New type domain.Event

[2021-03-01 22:48:21 #7 type] 
Type domain.Bet is not enhanced.

[2021-03-01 22:48:21 #8 type] 
Type domain.Event is not enhanced.

[2021-03-01 22:48:21 #9 type.registry] 
New type java.util.Vector<domain.Question>

[2021-03-01 22:48:21 #10 type.registry] 
New type domain.InfoAccount

[2021-03-01 22:48:21 #11 type] 
Type domain.InfoAccount is not enhanced.

[2021-03-01 22:48:21 #12 type.registry] 
New type domain.Account

[2021-03-01 22:48:21 #13 type] 
Type domain.Account is not enhanced.

[2021-03-01 22:48:21 #14 type.registry] 
New type java.util.Vector<java.lang.Object>

------------------------------------------------------------------------------------------------------------------------

[2021-03-01 22:49:12 #1 store] 
Database 'C:\Users\rober\OneDrive\Escritorio\Cosas uni\2\IngenieriaDelSoftware1\labs\Bets21.5\src\main\resources\bets.temp' is opened by 17756@FRIDAY

[2021-03-01 22:49:12 #2 type.registry] 
New type domain.Question

[2021-03-01 22:49:12 #3 type] 
Type domain.Question is not enhanced.

[2021-03-01 22:49:12 #4 type.registry] 
New type domain.Bet

[2021-03-01 22:49:12 #5 type.registry] 
New type java.util.Vector<domain.Bet>

[2021-03-01 22:49:12 #6 type.registry] 
New type domain.Event

[2021-03-01 22:49:12 #7 type] 
Type domain.Bet is not enhanced.

[2021-03-01 22:49:12 #8 type] 
Type domain.Event is not enhanced.

[2021-03-01 22:49:12 #9 type.registry] 
New type java.util.Vector<domain.Question>

[2021-03-01 22:49:12 #10 type.registry] 
New type domain.InfoAccount

[2021-03-01 22:49:12 #11 type] 
Type domain.InfoAccount is not enhanced.

[2021-03-01 22:49:12 #12 type.registry] 
New type domain.Account

[2021-03-01 22:49:12 #13 type] 
Type domain.Account is not enhanced.

[2021-03-01 22:49:12 #14 type.registry] 
New type java.util.Vector<java.lang.Object>

------------------------------------------------------------------------------------------------------------------------

[2021-03-01 22:49:25 #1 store] 
Database 'C:\Users\rober\OneDrive\Escritorio\Cosas uni\2\IngenieriaDelSoftware1\labs\Bets21.5\src\main\resources\bets.temp' is opened by 17904@FRIDAY

[2021-03-01 22:49:25 #2 type.registry] 
New type domain.Question

[2021-03-01 22:49:25 #3 type] 
Type domain.Question is not enhanced.

[2021-03-01 22:49:25 #4 type.registry] 
New type domain.Bet

[2021-03-01 22:49:25 #5 type.registry] 
New type java.util.Vector<domain.Bet>

[2021-03-01 22:49:25 #6 type.registry] 
New type domain.Event

[2021-03-01 22:49:25 #7 type] 
Type domain.Bet is not enhanced.

[2021-03-01 22:49:25 #8 type] 
Type domain.Event is not enhanced.

[2021-03-01 22:49:25 #9 type.registry] 
New type java.util.Vector<domain.Question>

[2021-03-01 22:49:25 #10 type.registry] 
New type domain.InfoAccount

[2021-03-01 22:49:25 #11 type] 
Type domain.InfoAccount is not enhanced.

[2021-03-01 22:49:25 #12 type.registry] 
New type domain.Account

[2021-03-01 22:49:25 #13 type] 
Type domain.Account is not enhanced.

[2021-03-01 22:49:25 #14 type.registry] 
New type java.util.Vector<java.lang.Object>

------------------------------------------------------------------------------------------------------------------------

[2021-03-01 22:51:28 #1 store] 
Database 'C:\Users\rober\OneDrive\Escritorio\Cosas uni\2\IngenieriaDelSoftware1\labs\Bets21.5\src\main\resources\bets.temp' is opened by 18168@FRIDAY

[2021-03-01 22:51:28 #2 type.registry] 
New type domain.Question

[2021-03-01 22:51:28 #3 type] 
Type domain.Question is not enhanced.

[2021-03-01 22:51:28 #4 type.registry] 
New type domain.Bet

[2021-03-01 22:51:28 #5 type.registry] 
New type java.util.Vector<domain.Bet>

[2021-03-01 22:51:28 #6 type.registry] 
New type domain.Event

[2021-03-01 22:51:28 #7 type] 
Type domain.Bet is not enhanced.

[2021-03-01 22:51:28 #8 type] 
Type domain.Event is not enhanced.

[2021-03-01 22:51:28 #9 type.registry] 
New type java.util.Vector<domain.Question>

[2021-03-01 22:51:28 #10 type.registry] 
New type domain.InfoAccount

[2021-03-01 22:51:28 #11 type] 
Type domain.InfoAccount is not enhanced.

[2021-03-01 22:51:28 #12 type.registry] 
New type domain.Account

[2021-03-01 22:51:28 #13 type] 
Type domain.Account is not enhanced.

[2021-03-01 22:51:28 #14 type.registry] 
New type java.util.Vector<java.lang.Object>

------------------------------------------------------------------------------------------------------------------------

[2021-03-01 22:54:09 #1 store] 
Database 'C:\Users\rober\OneDrive\Escritorio\Cosas uni\2\IngenieriaDelSoftware1\labs\Bets21.5\src\main\resources\bets.temp' is opened by 1084@FRIDAY

[2021-03-01 22:54:09 #2 type.registry] 
New type domain.Question

[2021-03-01 22:54:09 #3 type] 
Type domain.Question is not enhanced.

[2021-03-01 22:54:09 #4 type.registry] 
New type domain.Bet

[2021-03-01 22:54:09 #5 type.registry] 
New type java.util.Vector<domain.Bet>

[2021-03-01 22:54:09 #6 type.registry] 
New type domain.Event

[2021-03-01 22:54:09 #7 type] 
Type domain.Bet is not enhanced.

[2021-03-01 22:54:09 #8 type] 
Type domain.Event is not enhanced.

[2021-03-01 22:54:09 #9 type.registry] 
New type java.util.Vector<domain.Question>

[2021-03-01 22:54:09 #10 type.registry] 
New type domain.InfoAccount

[2021-03-01 22:54:09 #11 type] 
Type domain.InfoAccount is not enhanced.

[2021-03-01 22:54:09 #12 type.registry] 
New type domain.Account

[2021-03-01 22:54:09 #13 type] 
Type domain.Account is not enhanced.

[2021-03-01 22:54:09 #14 type.registry] 
New type java.util.Vector<java.lang.Object>

------------------------------------------------------------------------------------------------------------------------

[2021-03-01 22:56:03 #1 store] 
Database 'C:\Users\rober\OneDrive\Escritorio\Cosas uni\2\IngenieriaDelSoftware1\labs\Bets21.5\src\main\resources\bets.temp' is opened by 18100@FRIDAY

[2021-03-01 22:56:03 #2 type.registry] 
New type domain.Question

[2021-03-01 22:56:03 #3 type] 
Type domain.Question is not enhanced.

[2021-03-01 22:56:03 #4 type.registry] 
New type domain.Bet

[2021-03-01 22:56:03 #5 type.registry] 
New type java.util.Vector<domain.Bet>

[2021-03-01 22:56:03 #6 type.registry] 
New type domain.Event

[2021-03-01 22:56:03 #7 type] 
Type domain.Bet is not enhanced.

[2021-03-01 22:56:03 #8 type] 
Type domain.Event is not enhanced.

[2021-03-01 22:56:03 #9 type.registry] 
New type java.util.Vector<domain.Question>

[2021-03-01 22:56:03 #10 type.registry] 
New type domain.InfoAccount

[2021-03-01 22:56:03 #11 type] 
Type domain.InfoAccount is not enhanced.

[2021-03-01 22:56:03 #12 type.registry] 
New type domain.Account

[2021-03-01 22:56:03 #13 type] 
Type domain.Account is not enhanced.

[2021-03-01 22:56:03 #14 type.registry] 
New type java.util.Vector<java.lang.Object>

------------------------------------------------------------------------------------------------------------------------

[2021-03-01 22:56:57 #1 store] 
Database 'C:\Users\rober\OneDrive\Escritorio\Cosas uni\2\IngenieriaDelSoftware1\labs\Bets21.5\src\main\resources\bets.temp' is opened by 17580@FRIDAY

[2021-03-01 22:56:58 #2 type.registry] 
New type domain.Question

[2021-03-01 22:56:58 #3 type] 
Type domain.Question is not enhanced.

[2021-03-01 22:56:58 #4 type.registry] 
New type domain.Bet

[2021-03-01 22:56:58 #5 type.registry] 
New type java.util.Vector<domain.Bet>

[2021-03-01 22:56:58 #6 type.registry] 
New type domain.Event

[2021-03-01 22:56:58 #7 type] 
Type domain.Bet is not enhanced.

[2021-03-01 22:56:58 #8 type] 
Type domain.Event is not enhanced.

[2021-03-01 22:56:58 #9 type.registry] 
New type java.util.Vector<domain.Question>

[2021-03-01 22:56:58 #10 type.registry] 
New type domain.InfoAccount

[2021-03-01 22:56:58 #11 type] 
Type domain.InfoAccount is not enhanced.

[2021-03-01 22:56:58 #12 type.registry] 
New type domain.Account

[2021-03-01 22:56:58 #13 type] 
Type domain.Account is not enhanced.

[2021-03-01 22:56:58 #14 type.registry] 
New type java.util.Vector<java.lang.Object>

------------------------------------------------------------------------------------------------------------------------

[2021-03-01 22:58:30 #1 store] 
Database 'C:\Users\rober\OneDrive\Escritorio\Cosas uni\2\IngenieriaDelSoftware1\labs\Bets21.5\src\main\resources\bets.temp' is opened by 16300@FRIDAY

[2021-03-01 22:58:30 #2 type.registry] 
New type domain.Question

[2021-03-01 22:58:30 #3 type] 
Type domain.Question is not enhanced.

[2021-03-01 22:58:30 #4 type.registry] 
New type domain.Bet

[2021-03-01 22:58:30 #5 type.registry] 
New type java.util.Vector<domain.Bet>

[2021-03-01 22:58:30 #6 type.registry] 
New type domain.Event

[2021-03-01 22:58:30 #7 type] 
Type domain.Bet is not enhanced.

[2021-03-01 22:58:30 #8 type] 
Type domain.Event is not enhanced.

[2021-03-01 22:58:30 #9 type.registry] 
New type java.util.Vector<domain.Question>

[2021-03-01 22:58:30 #10 type.registry] 
New type domain.InfoAccount

[2021-03-01 22:58:30 #11 type] 
Type domain.InfoAccount is not enhanced.

[2021-03-01 22:58:30 #12 type.registry] 
New type domain.Account

[2021-03-01 22:58:30 #13 type] 
Type domain.Account is not enhanced.

[2021-03-01 22:58:30 #14 type.registry] 
New type java.util.Vector<java.lang.Object>

------------------------------------------------------------------------------------------------------------------------

[2021-03-01 22:59:35 #1 store] 
Database 'C:\Users\rober\OneDrive\Escritorio\Cosas uni\2\IngenieriaDelSoftware1\labs\Bets21.5\src\main\resources\bets.temp' is opened by 3632@FRIDAY

[2021-03-01 22:59:35 #2 type.registry] 
New type domain.Question

[2021-03-01 22:59:35 #3 type] 
Type domain.Question is not enhanced.

[2021-03-01 22:59:35 #4 type.registry] 
New type domain.Bet

[2021-03-01 22:59:35 #5 type.registry] 
New type java.util.Vector<domain.Bet>

[2021-03-01 22:59:35 #6 type.registry] 
New type domain.Event

[2021-03-01 22:59:35 #7 type] 
Type domain.Bet is not enhanced.

[2021-03-01 22:59:35 #8 type] 
Type domain.Event is not enhanced.

[2021-03-01 22:59:35 #9 type.registry] 
New type java.util.Vector<domain.Question>

[2021-03-01 22:59:35 #10 type.registry] 
New type domain.InfoAccount

[2021-03-01 22:59:35 #11 type] 
Type domain.InfoAccount is not enhanced.

[2021-03-01 22:59:35 #12 type.registry] 
New type domain.Account

[2021-03-01 22:59:35 #13 type] 
Type domain.Account is not enhanced.

[2021-03-01 22:59:35 #14 type.registry] 
New type java.util.Vector<java.lang.Object>

------------------------------------------------------------------------------------------------------------------------

[2021-03-01 23:01:47 #1 store] 
Database 'C:\Users\rober\OneDrive\Escritorio\Cosas uni\2\IngenieriaDelSoftware1\labs\Bets21.5\src\main\resources\bets.temp' is opened by 17312@FRIDAY

[2021-03-01 23:01:47 #2 type.registry] 
New type domain.Question

[2021-03-01 23:01:47 #3 type] 
Type domain.Question is not enhanced.

[2021-03-01 23:01:47 #4 type.registry] 
New type domain.Bet

[2021-03-01 23:01:47 #5 type.registry] 
New type java.util.Vector<domain.Bet>

[2021-03-01 23:01:47 #6 type.registry] 
New type domain.Event

[2021-03-01 23:01:47 #7 type] 
Type domain.Bet is not enhanced.

[2021-03-01 23:01:47 #8 type] 
Type domain.Event is not enhanced.

[2021-03-01 23:01:47 #9 type.registry] 
New type java.util.Vector<domain.Question>

[2021-03-01 23:01:47 #10 type.registry] 
New type domain.InfoAccount

[2021-03-01 23:01:47 #11 type] 
Type domain.InfoAccount is not enhanced.

[2021-03-01 23:01:47 #12 type.registry] 
New type domain.Account

[2021-03-01 23:01:47 #13 type] 
Type domain.Account is not enhanced.

[2021-03-01 23:01:47 #14 type.registry] 
New type java.util.Vector<java.lang.Object>

------------------------------------------------------------------------------------------------------------------------

[2021-03-01 23:02:32 #1 store] 
Database 'C:\Users\rober\OneDrive\Escritorio\Cosas uni\2\IngenieriaDelSoftware1\labs\Bets21.5\src\main\resources\bets.temp' is opened by 9328@FRIDAY

[2021-03-01 23:02:33 #2 type.registry] 
New type domain.Question

[2021-03-01 23:02:33 #3 type] 
Type domain.Question is not enhanced.

[2021-03-01 23:02:33 #4 type.registry] 
New type domain.Bet

[2021-03-01 23:02:33 #5 type.registry] 
New type java.util.Vector<domain.Bet>

[2021-03-01 23:02:33 #6 type.registry] 
New type domain.Event

[2021-03-01 23:02:33 #7 type] 
Type domain.Bet is not enhanced.

[2021-03-01 23:02:33 #8 type] 
Type domain.Event is not enhanced.

[2021-03-01 23:02:33 #9 type.registry] 
New type java.util.Vector<domain.Question>

[2021-03-01 23:02:33 #10 type.registry] 
New type domain.InfoAccount

[2021-03-01 23:02:33 #11 type] 
Type domain.InfoAccount is not enhanced.

[2021-03-01 23:02:33 #12 type.registry] 
New type domain.Account

[2021-03-01 23:02:33 #13 type] 
Type domain.Account is not enhanced.

[2021-03-01 23:02:33 #14 type.registry] 
New type java.util.Vector<java.lang.Object>

------------------------------------------------------------------------------------------------------------------------

[2021-03-01 23:25:58 #1 store] 
Database 'C:\Users\elgor\Documents\2 Curso\2.Cuatri\Ingenieria Software\Bets21.5\src\main\resources\bets.temp' is opened by 2424@DESKTOP-50C67QE

[2021-03-01 23:25:58 #2 type.registry] 
New type domain.Question

[2021-03-01 23:25:58 #3 type] 
Type domain.Question is not enhanced.

[2021-03-01 23:25:58 #4 type.registry] 
New type domain.Bet

[2021-03-01 23:25:58 #5 type.registry] 
New type java.util.Vector<domain.Bet>

[2021-03-01 23:25:58 #6 type.registry] 
New type domain.Event

[2021-03-01 23:25:58 #7 type] 
Type domain.Bet is not enhanced.

[2021-03-01 23:25:58 #8 type] 
Type domain.Event is not enhanced.

[2021-03-01 23:25:58 #9 type.registry] 
New type java.util.Vector<domain.Question>

[2021-03-01 23:25:58 #10 type.registry] 
New type domain.InfoAccount

[2021-03-01 23:25:58 #11 type] 
Type domain.InfoAccount is not enhanced.

[2021-03-01 23:25:58 #12 type.registry] 
New type domain.Account

[2021-03-01 23:25:58 #13 type] 
Type domain.Account is not enhanced.

[2021-03-01 23:25:58 #14 type.registry] 
New type java.util.Vector<java.lang.Object>

------------------------------------------------------------------------------------------------------------------------

[2021-03-01 23:31:40 #1 store] 
Database 'C:\Users\elgor\Documents\2 Curso\2.Cuatri\Ingenieria Software\Bets21.5\src\main\resources\bets.temp' is opened by 5792@DESKTOP-50C67QE

[2021-03-01 23:31:40 #2 type.registry] 
New type domain.Question

[2021-03-01 23:31:40 #3 type] 
Type domain.Question is not enhanced.

[2021-03-01 23:31:40 #4 type.registry] 
New type domain.Bet

[2021-03-01 23:31:40 #5 type.registry] 
New type java.util.Vector<domain.Bet>

[2021-03-01 23:31:40 #6 type.registry] 
New type domain.Event

[2021-03-01 23:31:40 #7 type] 
Type domain.Bet is not enhanced.

[2021-03-01 23:31:40 #8 type] 
Type domain.Event is not enhanced.

[2021-03-01 23:31:40 #9 type.registry] 
New type java.util.Vector<domain.Question>

[2021-03-01 23:31:40 #10 type.registry] 
New type domain.InfoAccount

[2021-03-01 23:31:40 #11 type] 
Type domain.InfoAccount is not enhanced.

[2021-03-01 23:31:40 #12 type.registry] 
New type domain.Account

[2021-03-01 23:31:40 #13 type] 
Type domain.Account is not enhanced.

[2021-03-01 23:31:40 #14 type.registry] 
New type java.util.Vector<java.lang.Object>

------------------------------------------------------------------------------------------------------------------------

[2021-03-01 23:33:06 #1 store] 
Database 'C:\Users\elgor\Documents\2 Curso\2.Cuatri\Ingenieria Software\Bets21.5\src\main\resources\bets.temp' is opened by 14012@DESKTOP-50C67QE

[2021-03-01 23:33:07 #2 type.registry] 
New type domain.Question

[2021-03-01 23:33:07 #3 type] 
Type domain.Question is not enhanced.

[2021-03-01 23:33:07 #4 type.registry] 
New type domain.Bet

[2021-03-01 23:33:07 #5 type.registry] 
New type java.util.Vector<domain.Bet>

[2021-03-01 23:33:07 #6 type.registry] 
New type domain.Event

[2021-03-01 23:33:07 #7 type] 
Type domain.Bet is not enhanced.

[2021-03-01 23:33:07 #8 type] 
Type domain.Event is not enhanced.

[2021-03-01 23:33:07 #9 type.registry] 
New type java.util.Vector<domain.Question>

[2021-03-01 23:33:07 #10 type.registry] 
New type domain.InfoAccount

[2021-03-01 23:33:07 #11 type] 
Type domain.InfoAccount is not enhanced.

[2021-03-01 23:33:07 #12 type.registry] 
New type domain.Account

[2021-03-01 23:33:07 #13 type] 
Type domain.Account is not enhanced.

[2021-03-01 23:33:07 #14 type.registry] 
New type java.util.Vector<java.lang.Object>

[2021-03-01 23:33:21 #15 type.registry] 
New type com.objectdb.o.LMT

[2021-03-01 23:33:21 #16 type.registry] 
New type com.objectdb.o.VAL

[2021-03-01 23:33:21 #17 type.registry] 
New type com.objectdb.o.RFV

------------------------------------------------------------------------------------------------------------------------

[2021-03-01 23:39:36 #1 store] 
Database 'C:\Users\elgor\Documents\2 Curso\2.Cuatri\Ingenieria Software\Bets21.5\src\main\resources\bets.temp' is opened by 13492@DESKTOP-50C67QE

[2021-03-01 23:39:36 #2 type.registry] 
New type domain.Question

[2021-03-01 23:39:36 #3 type] 
Type domain.Question is not enhanced.

[2021-03-01 23:39:36 #4 type.registry] 
New type domain.Bet

[2021-03-01 23:39:36 #5 type.registry] 
New type java.util.Vector<domain.Bet>

[2021-03-01 23:39:36 #6 type.registry] 
New type domain.Event

[2021-03-01 23:39:36 #7 type] 
Type domain.Bet is not enhanced.

[2021-03-01 23:39:36 #8 type] 
Type domain.Event is not enhanced.

[2021-03-01 23:39:36 #9 type.registry] 
New type java.util.Vector<domain.Question>

[2021-03-01 23:39:36 #10 type.registry] 
New type domain.InfoAccount

[2021-03-01 23:39:36 #11 type] 
Type domain.InfoAccount is not enhanced.

[2021-03-01 23:39:36 #12 type.registry] 
New type domain.Account

[2021-03-01 23:39:36 #13 type] 
Type domain.Account is not enhanced.

[2021-03-01 23:39:36 #14 type.registry] 
New type java.util.Vector<java.lang.Object>

------------------------------------------------------------------------------------------------------------------------

[2021-03-01 23:40:17 #1 store] 
Database 'C:\Users\elgor\Documents\2 Curso\2.Cuatri\Ingenieria Software\Bets21.5\src\main\resources\bets.temp' is opened by 7128@DESKTOP-50C67QE

[2021-03-01 23:40:17 #2 type.registry] 
New type domain.Question

[2021-03-01 23:40:17 #3 type] 
Type domain.Question is not enhanced.

[2021-03-01 23:40:17 #4 type.registry] 
New type domain.Bet

[2021-03-01 23:40:17 #5 type.registry] 
New type java.util.Vector<domain.Bet>

[2021-03-01 23:40:17 #6 type.registry] 
New type domain.Event

[2021-03-01 23:40:17 #7 type] 
Type domain.Bet is not enhanced.

[2021-03-01 23:40:17 #8 type] 
Type domain.Event is not enhanced.

[2021-03-01 23:40:17 #9 type.registry] 
New type java.util.Vector<domain.Question>

[2021-03-01 23:40:17 #10 type.registry] 
New type domain.InfoAccount

[2021-03-01 23:40:17 #11 type] 
Type domain.InfoAccount is not enhanced.

[2021-03-01 23:40:17 #12 type.registry] 
New type domain.Account

[2021-03-01 23:40:17 #13 type] 
Type domain.Account is not enhanced.

[2021-03-01 23:40:17 #14 type.registry] 
New type java.util.Vector<java.lang.Object>

