------------------------------------------------------------------------------------------------------------------------

[2021-04-21 17:40:41 #1 store] 
Database 'C:\Users\Asier\git\Iteracion3\Bets21_closeEventGUI\src\main\resources\bets.temp' is opened by 13276@LAPTOP-RRB12562

[2021-04-21 17:40:41 #2 type.registry] 
New type domain.Question

[2021-04-21 17:40:41 #3 type] 
Type domain.Question is not enhanced.

[2021-04-21 17:40:41 #4 type.registry] 
New type domain.Bet

[2021-04-21 17:40:41 #5 type.registry] 
New type java.util.Vector<domain.Bet>

[2021-04-21 17:40:41 #6 type.registry] 
New type domain.Event

[2021-04-21 17:40:41 #7 type] 
Type domain.Bet is not enhanced.

[2021-04-21 17:40:41 #8 type] 
Type domain.Event is not enhanced.

[2021-04-21 17:40:41 #9 type.registry] 
New type java.util.Vector<domain.Question>

[2021-04-21 17:40:41 #10 type.registry] 
New type domain.InfoAccount

[2021-04-21 17:40:41 #11 type] 
Type domain.InfoAccount is not enhanced.

[2021-04-21 17:40:41 #12 type.registry] 
New type domain.Account

[2021-04-21 17:40:41 #13 type] 
Type domain.Account is not enhanced.

[2021-04-21 17:40:41 #14 type.registry] 
New type java.util.Vector<java.lang.Object>

[2021-04-21 17:42:19 #15 type.registry] 
New type domain.BetMade

[2021-04-21 17:42:19 #16 type] 
Type domain.BetMade is not enhanced.

------------------------------------------------------------------------------------------------------------------------

[2021-04-21 17:45:52 #1 store] 
Database 'C:\Users\Asier\git\Iteracion3\Bets21_closeEventGUI\src\main\resources\bets.temp' is opened by 9176@LAPTOP-RRB12562

[2021-04-21 17:45:52 #2 type.registry] 
New type domain.Question

[2021-04-21 17:45:52 #3 type] 
Type domain.Question is not enhanced.

[2021-04-21 17:45:52 #4 type.registry] 
New type domain.Bet

[2021-04-21 17:45:52 #5 type.registry] 
New type java.util.Vector<domain.Bet>

[2021-04-21 17:45:52 #6 type.registry] 
New type domain.Event

[2021-04-21 17:45:52 #7 type] 
Type domain.Bet is not enhanced.

[2021-04-21 17:45:52 #8 type] 
Type domain.Event is not enhanced.

[2021-04-21 17:45:52 #9 type.registry] 
New type java.util.Vector<domain.Question>

[2021-04-21 17:45:52 #10 type.registry] 
New type domain.InfoAccount

[2021-04-21 17:45:52 #11 type] 
Type domain.InfoAccount is not enhanced.

[2021-04-21 17:45:52 #12 type.registry] 
New type domain.Account

[2021-04-21 17:45:52 #13 type] 
Type domain.Account is not enhanced.

[2021-04-21 17:45:52 #14 type.registry] 
New type java.util.Vector<java.lang.Object>

[2021-04-21 17:46:09 #15 type.registry] 
New type domain.BetMade

[2021-04-21 17:46:09 #16 type] 
Type domain.BetMade is not enhanced.

------------------------------------------------------------------------------------------------------------------------

[2021-04-21 17:49:22 #1 store] 
Database 'C:\Users\Asier\git\Iteracion3\Bets21_closeEventGUI\src\main\resources\bets.temp' is opened by 17684@LAPTOP-RRB12562

[2021-04-21 17:49:23 #2 type.registry] 
New type domain.Question

[2021-04-21 17:49:23 #3 type] 
Type domain.Question is not enhanced.

[2021-04-21 17:49:23 #4 type.registry] 
New type domain.Bet

[2021-04-21 17:49:23 #5 type.registry] 
New type java.util.Vector<domain.Bet>

[2021-04-21 17:49:23 #6 type.registry] 
New type domain.Event

[2021-04-21 17:49:23 #7 type] 
Type domain.Bet is not enhanced.

[2021-04-21 17:49:23 #8 type] 
Type domain.Event is not enhanced.

[2021-04-21 17:49:23 #9 type.registry] 
New type java.util.Vector<domain.Question>

[2021-04-21 17:49:23 #10 type.registry] 
New type domain.InfoAccount

[2021-04-21 17:49:23 #11 type] 
Type domain.InfoAccount is not enhanced.

[2021-04-21 17:49:23 #12 type.registry] 
New type domain.Account

[2021-04-21 17:49:23 #13 type] 
Type domain.Account is not enhanced.

[2021-04-21 17:49:23 #14 type.registry] 
New type java.util.Vector<java.lang.Object>

------------------------------------------------------------------------------------------------------------------------

[2021-04-21 17:54:24 #1 store] 
Database 'C:\Users\Asier\git\Iteracion3\Bets21_closeEventGUI\src\main\resources\bets.temp' is opened by 1404@LAPTOP-RRB12562

[2021-04-21 17:54:24 #2 type.registry] 
New type domain.Question

[2021-04-21 17:54:24 #3 type] 
Type domain.Question is not enhanced.

[2021-04-21 17:54:24 #4 type.registry] 
New type domain.Bet

[2021-04-21 17:54:24 #5 type.registry] 
New type java.util.Vector<domain.Bet>

[2021-04-21 17:54:24 #6 type.registry] 
New type domain.Event

[2021-04-21 17:54:24 #7 type] 
Type domain.Bet is not enhanced.

[2021-04-21 17:54:24 #8 type] 
Type domain.Event is not enhanced.

[2021-04-21 17:54:24 #9 type.registry] 
New type java.util.Vector<domain.Question>

[2021-04-21 17:54:24 #10 type.registry] 
New type domain.InfoAccount

[2021-04-21 17:54:24 #11 type] 
Type domain.InfoAccount is not enhanced.

[2021-04-21 17:54:24 #12 type.registry] 
New type domain.Account

[2021-04-21 17:54:24 #13 type] 
Type domain.Account is not enhanced.

[2021-04-21 17:54:24 #14 type.registry] 
New type java.util.Vector<java.lang.Object>

------------------------------------------------------------------------------------------------------------------------

[2021-04-21 17:57:36 #1 store] 
Database 'C:\Users\Asier\git\Iteracion3\Bets21_closeEventGUI\src\main\resources\bets.temp' is opened by 18052@LAPTOP-RRB12562

[2021-04-21 17:57:36 #2 type.registry] 
New type domain.Question

[2021-04-21 17:57:36 #3 type] 
Type domain.Question is not enhanced.

[2021-04-21 17:57:36 #4 type.registry] 
New type domain.Bet

[2021-04-21 17:57:36 #5 type.registry] 
New type java.util.Vector<domain.Bet>

[2021-04-21 17:57:36 #6 type.registry] 
New type domain.Event

[2021-04-21 17:57:36 #7 type] 
Type domain.Bet is not enhanced.

[2021-04-21 17:57:36 #8 type] 
Type domain.Event is not enhanced.

[2021-04-21 17:57:36 #9 type.registry] 
New type java.util.Vector<domain.Question>

[2021-04-21 17:57:36 #10 type.registry] 
New type domain.InfoAccount

[2021-04-21 17:57:36 #11 type] 
Type domain.InfoAccount is not enhanced.

[2021-04-21 17:57:36 #12 type.registry] 
New type domain.Account

[2021-04-21 17:57:36 #13 type] 
Type domain.Account is not enhanced.

[2021-04-21 17:57:36 #14 type.registry] 
New type java.util.Vector<java.lang.Object>

[2021-04-21 17:58:16 #15 type.registry] 
New type domain.BetMade

[2021-04-21 17:58:16 #16 type] 
Type domain.BetMade is not enhanced.

------------------------------------------------------------------------------------------------------------------------

[2021-04-21 18:00:24 #1 store] 
Database 'C:\Users\Asier\git\Iteracion3\Bets21_closeEventGUI\src\main\resources\bets.temp' is opened by 9048@LAPTOP-RRB12562

[2021-04-21 18:00:24 #2 type.registry] 
New type domain.Question

[2021-04-21 18:00:24 #3 type] 
Type domain.Question is not enhanced.

[2021-04-21 18:00:24 #4 type.registry] 
New type domain.Bet

[2021-04-21 18:00:24 #5 type.registry] 
New type java.util.Vector<domain.Bet>

[2021-04-21 18:00:24 #6 type.registry] 
New type domain.Event

[2021-04-21 18:00:24 #7 type] 
Type domain.Bet is not enhanced.

[2021-04-21 18:00:24 #8 type] 
Type domain.Event is not enhanced.

[2021-04-21 18:00:24 #9 type.registry] 
New type java.util.Vector<domain.Question>

[2021-04-21 18:00:24 #10 type.registry] 
New type domain.InfoAccount

[2021-04-21 18:00:24 #11 type] 
Type domain.InfoAccount is not enhanced.

[2021-04-21 18:00:24 #12 type.registry] 
New type domain.Account

[2021-04-21 18:00:24 #13 type] 
Type domain.Account is not enhanced.

[2021-04-21 18:00:24 #14 type.registry] 
New type java.util.Vector<java.lang.Object>

------------------------------------------------------------------------------------------------------------------------

[2021-04-21 18:06:22 #1 store] 
Database 'C:\Users\Asier\git\Iteracion3\Bets21_closeEventGUI\src\main\resources\bets.temp' is opened by 19320@LAPTOP-RRB12562

[2021-04-21 18:06:22 #2 type.registry] 
New type domain.Question

[2021-04-21 18:06:22 #3 type] 
Type domain.Question is not enhanced.

[2021-04-21 18:06:22 #4 type.registry] 
New type domain.Bet

[2021-04-21 18:06:22 #5 type.registry] 
New type java.util.Vector<domain.Bet>

[2021-04-21 18:06:22 #6 type.registry] 
New type domain.Event

[2021-04-21 18:06:22 #7 type] 
Type domain.Bet is not enhanced.

[2021-04-21 18:06:22 #8 type] 
Type domain.Event is not enhanced.

[2021-04-21 18:06:22 #9 type.registry] 
New type java.util.Vector<domain.Question>

[2021-04-21 18:06:22 #10 type.registry] 
New type domain.InfoAccount

[2021-04-21 18:06:22 #11 type] 
Type domain.InfoAccount is not enhanced.

[2021-04-21 18:06:22 #12 type.registry] 
New type domain.Account

[2021-04-21 18:06:22 #13 type] 
Type domain.Account is not enhanced.

[2021-04-21 18:06:22 #14 type.registry] 
New type java.util.Vector<java.lang.Object>

------------------------------------------------------------------------------------------------------------------------

[2021-04-21 18:07:01 #1 store] 
Database 'C:\Users\Asier\git\Iteracion3\Bets21_closeEventGUI\src\main\resources\bets.temp' is opened by 11012@LAPTOP-RRB12562

[2021-04-21 18:07:01 #2 type.registry] 
New type domain.Question

[2021-04-21 18:07:01 #3 type] 
Type domain.Question is not enhanced.

[2021-04-21 18:07:01 #4 type.registry] 
New type domain.Bet

[2021-04-21 18:07:01 #5 type.registry] 
New type java.util.Vector<domain.Bet>

[2021-04-21 18:07:01 #6 type.registry] 
New type domain.Event

[2021-04-21 18:07:01 #7 type] 
Type domain.Bet is not enhanced.

[2021-04-21 18:07:01 #8 type] 
Type domain.Event is not enhanced.

[2021-04-21 18:07:01 #9 type.registry] 
New type java.util.Vector<domain.Question>

[2021-04-21 18:07:01 #10 type.registry] 
New type domain.InfoAccount

[2021-04-21 18:07:01 #11 type] 
Type domain.InfoAccount is not enhanced.

[2021-04-21 18:07:01 #12 type.registry] 
New type domain.Account

[2021-04-21 18:07:01 #13 type] 
Type domain.Account is not enhanced.

[2021-04-21 18:07:01 #14 type.registry] 
New type java.util.Vector<java.lang.Object>

------------------------------------------------------------------------------------------------------------------------

[2021-04-21 18:08:02 #1 store] 
Database 'C:\Users\Asier\git\Iteracion3\Bets21_closeEventGUI\src\main\resources\bets.temp' is opened by 17488@LAPTOP-RRB12562

[2021-04-21 18:08:02 #2 type.registry] 
New type domain.Question

[2021-04-21 18:08:02 #3 type] 
Type domain.Question is not enhanced.

[2021-04-21 18:08:02 #4 type.registry] 
New type domain.Bet

[2021-04-21 18:08:03 #5 type.registry] 
New type java.util.Vector<domain.Bet>

[2021-04-21 18:08:03 #6 type.registry] 
New type domain.Event

[2021-04-21 18:08:03 #7 type] 
Type domain.Bet is not enhanced.

[2021-04-21 18:08:03 #8 type] 
Type domain.Event is not enhanced.

[2021-04-21 18:08:03 #9 type.registry] 
New type java.util.Vector<domain.Question>

[2021-04-21 18:08:03 #10 type.registry] 
New type domain.InfoAccount

[2021-04-21 18:08:03 #11 type] 
Type domain.InfoAccount is not enhanced.

[2021-04-21 18:08:03 #12 type.registry] 
New type domain.Account

[2021-04-21 18:08:03 #13 type] 
Type domain.Account is not enhanced.

[2021-04-21 18:08:03 #14 type.registry] 
New type java.util.Vector<java.lang.Object>

------------------------------------------------------------------------------------------------------------------------

[2021-04-21 18:08:52 #1 store] 
Database 'C:\Users\Asier\git\Iteracion3\Bets21_closeEventGUI\src\main\resources\bets.temp' is opened by 6148@LAPTOP-RRB12562

[2021-04-21 18:08:52 #2 type.registry] 
New type domain.Question

[2021-04-21 18:08:52 #3 type] 
Type domain.Question is not enhanced.

[2021-04-21 18:08:52 #4 type.registry] 
New type domain.Bet

[2021-04-21 18:08:52 #5 type.registry] 
New type java.util.Vector<domain.Bet>

[2021-04-21 18:08:52 #6 type.registry] 
New type domain.Event

[2021-04-21 18:08:52 #7 type] 
Type domain.Bet is not enhanced.

[2021-04-21 18:08:52 #8 type] 
Type domain.Event is not enhanced.

[2021-04-21 18:08:52 #9 type.registry] 
New type java.util.Vector<domain.Question>

[2021-04-21 18:08:52 #10 type.registry] 
New type domain.InfoAccount

[2021-04-21 18:08:52 #11 type] 
Type domain.InfoAccount is not enhanced.

[2021-04-21 18:08:52 #12 type.registry] 
New type domain.Account

[2021-04-21 18:08:52 #13 type] 
Type domain.Account is not enhanced.

[2021-04-21 18:08:52 #14 type.registry] 
New type java.util.Vector<java.lang.Object>

------------------------------------------------------------------------------------------------------------------------

[2021-04-21 18:09:40 #1 store] 
Database 'C:\Users\Asier\git\Iteracion3\Bets21_closeEventGUI\src\main\resources\bets.temp' is opened by 10568@LAPTOP-RRB12562

[2021-04-21 18:09:40 #2 type.registry] 
New type domain.Question

[2021-04-21 18:09:40 #3 type] 
Type domain.Question is not enhanced.

[2021-04-21 18:09:40 #4 type.registry] 
New type domain.Bet

[2021-04-21 18:09:40 #5 type.registry] 
New type java.util.Vector<domain.Bet>

[2021-04-21 18:09:40 #6 type.registry] 
New type domain.Event

[2021-04-21 18:09:40 #7 type] 
Type domain.Bet is not enhanced.

[2021-04-21 18:09:40 #8 type] 
Type domain.Event is not enhanced.

[2021-04-21 18:09:40 #9 type.registry] 
New type java.util.Vector<domain.Question>

[2021-04-21 18:09:40 #10 type.registry] 
New type domain.InfoAccount

[2021-04-21 18:09:40 #11 type] 
Type domain.InfoAccount is not enhanced.

[2021-04-21 18:09:40 #12 type.registry] 
New type domain.Account

[2021-04-21 18:09:40 #13 type] 
Type domain.Account is not enhanced.

[2021-04-21 18:09:40 #14 type.registry] 
New type java.util.Vector<java.lang.Object>

[2021-04-21 18:10:10 #15 type.registry] 
New type domain.BetMade

[2021-04-21 18:10:10 #16 type] 
Type domain.BetMade is not enhanced.

