------------------------------------------------------------------------------------------------------------------------

[2021-02-27 16:34:02 #1 store] 
Database 'C:\Users\elgor\Documents\2 Curso\2.Cuatri\Ingenieria Software\Bets21\src\main\resources\bets.temp' is opened by 5652@DESKTOP-50C67QE

[2021-02-27 16:34:02 #2 type.registry] 
New type domain.Question

[2021-02-27 16:34:02 #3 type] 
Type domain.Question is not enhanced.

[2021-02-27 16:34:02 #4 type.registry] 
New type domain.Event

[2021-02-27 16:34:02 #5 type] 
Type domain.Event is not enhanced.

[2021-02-27 16:34:02 #6 type.registry] 
New type java.util.Vector<domain.Question>

[2021-02-27 16:34:02 #7 type.registry] 
New type domain.InfoAccount

[2021-02-27 16:34:02 #8 type] 
Type domain.InfoAccount is not enhanced.

[2021-02-27 16:34:02 #9 type.registry] 
New type domain.Account

[2021-02-27 16:34:02 #10 type] 
Type domain.Account is not enhanced.

[2021-02-27 16:34:02 #11 type.registry] 
New type java.util.Vector<java.lang.Object>

------------------------------------------------------------------------------------------------------------------------

[2021-02-27 17:45:21 #1 store] 
Database 'C:\Users\elgor\Documents\2 Curso\2.Cuatri\Ingenieria Software\Bets21\src\main\resources\bets.temp' is opened by 11952@DESKTOP-50C67QE

[2021-02-27 17:45:21 #2 type.registry] 
New type domain.Question

[2021-02-27 17:45:21 #3 type] 
Type domain.Question is not enhanced.

[2021-02-27 17:45:21 #4 type.registry] 
New type domain.Event

[2021-02-27 17:45:21 #5 type] 
Type domain.Event is not enhanced.

[2021-02-27 17:45:21 #6 type.registry] 
New type java.util.Vector<domain.Question>

[2021-02-27 17:45:21 #7 type.registry] 
New type domain.InfoAccount

[2021-02-27 17:45:21 #8 type] 
Type domain.InfoAccount is not enhanced.

[2021-02-27 17:45:21 #9 type.registry] 
New type domain.Account

[2021-02-27 17:45:21 #10 type] 
Type domain.Account is not enhanced.

[2021-02-27 17:45:21 #11 type.registry] 
New type java.util.Vector<java.lang.Object>

------------------------------------------------------------------------------------------------------------------------

[2021-02-27 17:45:59 #1 store] 
Database 'C:\Users\elgor\Documents\2 Curso\2.Cuatri\Ingenieria Software\Bets21\src\main\resources\bets.temp' is opened by 9240@DESKTOP-50C67QE

[2021-02-27 17:45:59 #2 type.registry] 
New type domain.Question

[2021-02-27 17:45:59 #3 type] 
Type domain.Question is not enhanced.

[2021-02-27 17:45:59 #4 type.registry] 
New type domain.Event

[2021-02-27 17:45:59 #5 type] 
Type domain.Event is not enhanced.

[2021-02-27 17:45:59 #6 type.registry] 
New type java.util.Vector<domain.Question>

[2021-02-27 17:45:59 #7 type.registry] 
New type domain.InfoAccount

[2021-02-27 17:45:59 #8 type] 
Type domain.InfoAccount is not enhanced.

[2021-02-27 17:45:59 #9 type.registry] 
New type domain.Account

[2021-02-27 17:45:59 #10 type] 
Type domain.Account is not enhanced.

[2021-02-27 17:45:59 #11 type.registry] 
New type java.util.Vector<java.lang.Object>

------------------------------------------------------------------------------------------------------------------------

[2021-02-27 17:54:22 #1 store] 
Database 'C:\Users\elgor\Documents\2 Curso\2.Cuatri\Ingenieria Software\Bets21\src\main\resources\bets.temp' is opened by 12384@DESKTOP-50C67QE

[2021-02-27 17:54:23 #2 type.registry] 
New type domain.Question

[2021-02-27 17:54:23 #3 type] 
Type domain.Question is not enhanced.

[2021-02-27 17:54:23 #4 type.registry] 
New type domain.Event

[2021-02-27 17:54:23 #5 type] 
Type domain.Event is not enhanced.

[2021-02-27 17:54:23 #6 type.registry] 
New type java.util.Vector<domain.Question>

[2021-02-27 17:54:23 #7 type.registry] 
New type domain.InfoAccount

[2021-02-27 17:54:23 #8 type] 
Type domain.InfoAccount is not enhanced.

[2021-02-27 17:54:23 #9 type.registry] 
New type domain.Account

[2021-02-27 17:54:23 #10 type] 
Type domain.Account is not enhanced.

[2021-02-27 17:54:23 #11 type.registry] 
New type java.util.Vector<java.lang.Object>

------------------------------------------------------------------------------------------------------------------------

[2021-02-27 17:56:44 #1 store] 
Database 'C:\Users\elgor\Documents\2 Curso\2.Cuatri\Ingenieria Software\Bets21\src\main\resources\bets.temp' is opened by 7228@DESKTOP-50C67QE

[2021-02-27 17:56:44 #2 type.registry] 
New type domain.Question

[2021-02-27 17:56:44 #3 type] 
Type domain.Question is not enhanced.

[2021-02-27 17:56:44 #4 type.registry] 
New type domain.Event

[2021-02-27 17:56:44 #5 type] 
Type domain.Event is not enhanced.

[2021-02-27 17:56:44 #6 type.registry] 
New type java.util.Vector<domain.Question>

[2021-02-27 17:56:44 #7 type.registry] 
New type domain.InfoAccount

[2021-02-27 17:56:44 #8 type] 
Type domain.InfoAccount is not enhanced.

[2021-02-27 17:56:44 #9 type.registry] 
New type domain.Account

[2021-02-27 17:56:44 #10 type] 
Type domain.Account is not enhanced.

[2021-02-27 17:56:44 #11 type.registry] 
New type java.util.Vector<java.lang.Object>

------------------------------------------------------------------------------------------------------------------------

[2021-02-27 17:57:15 #1 store] 
Database 'C:\Users\elgor\Documents\2 Curso\2.Cuatri\Ingenieria Software\Bets21\src\main\resources\bets.temp' is opened by 4176@DESKTOP-50C67QE

[2021-02-27 17:57:15 #2 type.registry] 
New type domain.Question

[2021-02-27 17:57:15 #3 type] 
Type domain.Question is not enhanced.

[2021-02-27 17:57:15 #4 type.registry] 
New type domain.Event

[2021-02-27 17:57:15 #5 type] 
Type domain.Event is not enhanced.

[2021-02-27 17:57:15 #6 type.registry] 
New type java.util.Vector<domain.Question>

[2021-02-27 17:57:15 #7 type.registry] 
New type domain.InfoAccount

[2021-02-27 17:57:15 #8 type] 
Type domain.InfoAccount is not enhanced.

[2021-02-27 17:57:15 #9 type.registry] 
New type domain.Account

[2021-02-27 17:57:15 #10 type] 
Type domain.Account is not enhanced.

[2021-02-27 17:57:15 #11 type.registry] 
New type java.util.Vector<java.lang.Object>

------------------------------------------------------------------------------------------------------------------------

[2021-02-27 17:58:41 #1 store] 
Database 'C:\Users\elgor\Documents\2 Curso\2.Cuatri\Ingenieria Software\Bets21\src\main\resources\bets.temp' is opened by 10320@DESKTOP-50C67QE

[2021-02-27 17:58:41 #2 type.registry] 
New type domain.Question

[2021-02-27 17:58:41 #3 type] 
Type domain.Question is not enhanced.

[2021-02-27 17:58:41 #4 type.registry] 
New type domain.Event

[2021-02-27 17:58:41 #5 type] 
Type domain.Event is not enhanced.

[2021-02-27 17:58:41 #6 type.registry] 
New type java.util.Vector<domain.Question>

[2021-02-27 17:58:41 #7 type.registry] 
New type domain.InfoAccount

[2021-02-27 17:58:41 #8 type] 
Type domain.InfoAccount is not enhanced.

[2021-02-27 17:58:41 #9 type.registry] 
New type domain.Account

[2021-02-27 17:58:41 #10 type] 
Type domain.Account is not enhanced.

[2021-02-27 17:58:41 #11 type.registry] 
New type java.util.Vector<java.lang.Object>

------------------------------------------------------------------------------------------------------------------------

[2021-02-27 18:06:07 #1 store] 
Database 'C:\Users\elgor\Documents\2 Curso\2.Cuatri\Ingenieria Software\Bets21\src\main\resources\bets.temp' is opened by 1812@DESKTOP-50C67QE

[2021-02-27 18:06:07 #2 type.registry] 
New type domain.Question

[2021-02-27 18:06:07 #3 type] 
Type domain.Question is not enhanced.

[2021-02-27 18:06:07 #4 type.registry] 
New type domain.Event

[2021-02-27 18:06:07 #5 type] 
Type domain.Event is not enhanced.

[2021-02-27 18:06:07 #6 type.registry] 
New type java.util.Vector<domain.Question>

[2021-02-27 18:06:07 #7 type.registry] 
New type domain.InfoAccount

[2021-02-27 18:06:07 #8 type] 
Type domain.InfoAccount is not enhanced.

[2021-02-27 18:06:07 #9 type.registry] 
New type domain.Account

[2021-02-27 18:06:07 #10 type] 
Type domain.Account is not enhanced.

[2021-02-27 18:06:07 #11 type.registry] 
New type java.util.Vector<java.lang.Object>

------------------------------------------------------------------------------------------------------------------------

[2021-02-27 18:06:22 #1 store] 
Database 'C:\Users\elgor\Documents\2 Curso\2.Cuatri\Ingenieria Software\Bets21\src\main\resources\bets.temp' is opened by 7984@DESKTOP-50C67QE

[2021-02-27 18:06:22 #2 type.registry] 
New type domain.Question

[2021-02-27 18:06:22 #3 type] 
Type domain.Question is not enhanced.

[2021-02-27 18:06:22 #4 type.registry] 
New type domain.Event

[2021-02-27 18:06:22 #5 type] 
Type domain.Event is not enhanced.

[2021-02-27 18:06:22 #6 type.registry] 
New type java.util.Vector<domain.Question>

[2021-02-27 18:06:22 #7 type.registry] 
New type domain.InfoAccount

[2021-02-27 18:06:22 #8 type] 
Type domain.InfoAccount is not enhanced.

[2021-02-27 18:06:22 #9 type.registry] 
New type domain.Account

[2021-02-27 18:06:22 #10 type] 
Type domain.Account is not enhanced.

[2021-02-27 18:06:22 #11 type.registry] 
New type java.util.Vector<java.lang.Object>

------------------------------------------------------------------------------------------------------------------------

[2021-02-27 18:12:38 #1 store] 
Database 'C:\Users\elgor\Documents\2 Curso\2.Cuatri\Ingenieria Software\Bets21\src\main\resources\bets.temp' is opened by 2756@DESKTOP-50C67QE

[2021-02-27 18:12:48 #2 type.registry] 
New type domain.Question

[2021-02-27 18:12:48 #3 type] 
Type domain.Question is not enhanced.

[2021-02-27 18:12:48 #4 type.registry] 
New type domain.Event

[2021-02-27 18:12:48 #5 type] 
Type domain.Event is not enhanced.

[2021-02-27 18:12:49 #6 type.registry] 
New type java.util.Vector<domain.Question>

[2021-02-27 18:12:49 #7 type.registry] 
New type domain.InfoAccount

[2021-02-27 18:12:49 #8 type] 
Type domain.InfoAccount is not enhanced.

[2021-02-27 18:12:49 #9 type.registry] 
New type domain.Account

[2021-02-27 18:12:49 #10 type] 
Type domain.Account is not enhanced.

[2021-02-27 18:12:49 #11 type.registry] 
New type java.util.Vector<java.lang.Object>

------------------------------------------------------------------------------------------------------------------------

[2021-02-27 18:13:58 #1 store] 
Database 'C:\Users\elgor\Documents\2 Curso\2.Cuatri\Ingenieria Software\Bets21\src\main\resources\bets.temp' is opened by 1656@DESKTOP-50C67QE

[2021-02-27 18:13:58 #2 type.registry] 
New type domain.Question

[2021-02-27 18:13:58 #3 type] 
Type domain.Question is not enhanced.

[2021-02-27 18:13:58 #4 type.registry] 
New type domain.Event

[2021-02-27 18:13:58 #5 type] 
Type domain.Event is not enhanced.

[2021-02-27 18:13:58 #6 type.registry] 
New type java.util.Vector<domain.Question>

[2021-02-27 18:13:58 #7 type.registry] 
New type domain.InfoAccount

[2021-02-27 18:13:58 #8 type] 
Type domain.InfoAccount is not enhanced.

[2021-02-27 18:13:58 #9 type.registry] 
New type domain.Account

[2021-02-27 18:13:58 #10 type] 
Type domain.Account is not enhanced.

[2021-02-27 18:13:58 #11 type.registry] 
New type java.util.Vector<java.lang.Object>

------------------------------------------------------------------------------------------------------------------------

[2021-02-27 18:22:27 #1 store] 
Database 'C:\Users\elgor\Documents\2 Curso\2.Cuatri\Ingenieria Software\Bets21\src\main\resources\bets.temp' is opened by 13636@DESKTOP-50C67QE

[2021-02-27 18:22:27 #2 type.registry] 
New type domain.Question

[2021-02-27 18:22:27 #3 type] 
Type domain.Question is not enhanced.

[2021-02-27 18:22:27 #4 type.registry] 
New type domain.Event

[2021-02-27 18:22:27 #5 type] 
Type domain.Event is not enhanced.

[2021-02-27 18:22:27 #6 type.registry] 
New type java.util.Vector<domain.Question>

[2021-02-27 18:22:27 #7 type.registry] 
New type domain.InfoAccount

[2021-02-27 18:22:27 #8 type] 
Type domain.InfoAccount is not enhanced.

[2021-02-27 18:22:27 #9 type.registry] 
New type domain.Account

[2021-02-27 18:22:27 #10 type] 
Type domain.Account is not enhanced.

[2021-02-27 18:22:27 #11 type.registry] 
New type java.util.Vector<java.lang.Object>

------------------------------------------------------------------------------------------------------------------------

[2021-02-27 18:24:11 #1 store] 
Database 'C:\Users\elgor\Documents\2 Curso\2.Cuatri\Ingenieria Software\Bets21\src\main\resources\bets.temp' is opened by 3768@DESKTOP-50C67QE

[2021-02-27 18:24:11 #2 type.registry] 
New type domain.Question

[2021-02-27 18:24:11 #3 type] 
Type domain.Question is not enhanced.

[2021-02-27 18:24:11 #4 type.registry] 
New type domain.Event

[2021-02-27 18:24:11 #5 type] 
Type domain.Event is not enhanced.

[2021-02-27 18:24:11 #6 type.registry] 
New type java.util.Vector<domain.Question>

[2021-02-27 18:24:11 #7 type.registry] 
New type domain.InfoAccount

[2021-02-27 18:24:11 #8 type] 
Type domain.InfoAccount is not enhanced.

[2021-02-27 18:24:11 #9 type.registry] 
New type domain.Account

[2021-02-27 18:24:11 #10 type] 
Type domain.Account is not enhanced.

[2021-02-27 18:24:11 #11 type.registry] 
New type java.util.Vector<java.lang.Object>

------------------------------------------------------------------------------------------------------------------------

[2021-02-27 18:25:22 #1 store] 
Database 'C:\Users\elgor\Documents\2 Curso\2.Cuatri\Ingenieria Software\Bets21\src\main\resources\bets.temp' is opened by 12588@DESKTOP-50C67QE

[2021-02-27 18:25:22 #2 type.registry] 
New type domain.Question

[2021-02-27 18:25:22 #3 type] 
Type domain.Question is not enhanced.

[2021-02-27 18:25:22 #4 type.registry] 
New type domain.Event

[2021-02-27 18:25:22 #5 type] 
Type domain.Event is not enhanced.

[2021-02-27 18:25:22 #6 type.registry] 
New type java.util.Vector<domain.Question>

[2021-02-27 18:25:22 #7 type.registry] 
New type domain.InfoAccount

[2021-02-27 18:25:22 #8 type] 
Type domain.InfoAccount is not enhanced.

[2021-02-27 18:25:22 #9 type.registry] 
New type domain.Account

[2021-02-27 18:25:22 #10 type] 
Type domain.Account is not enhanced.

[2021-02-27 18:25:22 #11 type.registry] 
New type java.util.Vector<java.lang.Object>

------------------------------------------------------------------------------------------------------------------------

[2021-02-27 21:16:36 #1 store] 
Database 'C:\Users\elgor\Documents\2 Curso\2.Cuatri\Ingenieria Software\Bets21\src\main\resources\bets.temp' is opened by 5684@DESKTOP-50C67QE

[2021-02-27 21:16:36 #2 type.registry] 
New type domain.Question

[2021-02-27 21:16:36 #3 type] 
Type domain.Question is not enhanced.

[2021-02-27 21:16:36 #4 type.registry] 
New type domain.Event

[2021-02-27 21:16:36 #5 type] 
Type domain.Event is not enhanced.

[2021-02-27 21:16:36 #6 type.registry] 
New type java.util.Vector<domain.Question>

[2021-02-27 21:16:36 #7 type.registry] 
New type domain.InfoAccount

[2021-02-27 21:16:36 #8 type] 
Type domain.InfoAccount is not enhanced.

[2021-02-27 21:16:36 #9 type.registry] 
New type domain.Account

[2021-02-27 21:16:36 #10 type] 
Type domain.Account is not enhanced.

[2021-02-27 21:16:36 #11 type.registry] 
New type java.util.Vector<java.lang.Object>

------------------------------------------------------------------------------------------------------------------------

[2021-02-27 21:16:57 #1 store] 
Database 'C:\Users\elgor\Documents\2 Curso\2.Cuatri\Ingenieria Software\Bets21\src\main\resources\bets.temp' is opened by 6868@DESKTOP-50C67QE

[2021-02-27 21:16:57 #2 type.registry] 
New type domain.Question

[2021-02-27 21:16:57 #3 type] 
Type domain.Question is not enhanced.

[2021-02-27 21:16:57 #4 type.registry] 
New type domain.Event

[2021-02-27 21:16:57 #5 type] 
Type domain.Event is not enhanced.

[2021-02-27 21:16:57 #6 type.registry] 
New type java.util.Vector<domain.Question>

[2021-02-27 21:16:57 #7 type.registry] 
New type domain.InfoAccount

[2021-02-27 21:16:57 #8 type] 
Type domain.InfoAccount is not enhanced.

[2021-02-27 21:16:57 #9 type.registry] 
New type domain.Account

[2021-02-27 21:16:57 #10 type] 
Type domain.Account is not enhanced.

[2021-02-27 21:16:57 #11 type.registry] 
New type java.util.Vector<java.lang.Object>

------------------------------------------------------------------------------------------------------------------------

[2021-02-27 21:25:38 #1 store] 
Database 'C:\Users\elgor\Documents\2 Curso\2.Cuatri\Ingenieria Software\Bets21\src\main\resources\bets.temp' is opened by 7156@DESKTOP-50C67QE

[2021-02-27 21:25:38 #2 type.registry] 
New type domain.Question

[2021-02-27 21:25:38 #3 type] 
Type domain.Question is not enhanced.

[2021-02-27 21:25:38 #4 type.registry] 
New type domain.Event

[2021-02-27 21:25:38 #5 type] 
Type domain.Event is not enhanced.

[2021-02-27 21:25:38 #6 type.registry] 
New type java.util.Vector<domain.Question>

[2021-02-27 21:25:38 #7 type.registry] 
New type domain.InfoAccount

[2021-02-27 21:25:38 #8 type] 
Type domain.InfoAccount is not enhanced.

[2021-02-27 21:25:38 #9 type.registry] 
New type domain.Account

[2021-02-27 21:25:38 #10 type] 
Type domain.Account is not enhanced.

[2021-02-27 21:25:38 #11 type.registry] 
New type java.util.Vector<java.lang.Object>

------------------------------------------------------------------------------------------------------------------------

[2021-02-27 21:25:46 #1 store] 
Database 'C:\Users\elgor\Documents\2 Curso\2.Cuatri\Ingenieria Software\Bets21\src\main\resources\bets.temp' is opened by 12168@DESKTOP-50C67QE

[2021-02-27 21:25:46 #2 type.registry] 
New type domain.Question

[2021-02-27 21:25:46 #3 type] 
Type domain.Question is not enhanced.

[2021-02-27 21:25:46 #4 type.registry] 
New type domain.Event

[2021-02-27 21:25:46 #5 type] 
Type domain.Event is not enhanced.

[2021-02-27 21:25:46 #6 type.registry] 
New type java.util.Vector<domain.Question>

[2021-02-27 21:25:47 #7 type.registry] 
New type domain.InfoAccount

[2021-02-27 21:25:47 #8 type] 
Type domain.InfoAccount is not enhanced.

[2021-02-27 21:25:47 #9 type.registry] 
New type domain.Account

[2021-02-27 21:25:47 #10 type] 
Type domain.Account is not enhanced.

[2021-02-27 21:25:47 #11 type.registry] 
New type java.util.Vector<java.lang.Object>

------------------------------------------------------------------------------------------------------------------------

[2021-02-27 21:52:30 #1 store] 
Database 'C:\Users\elgor\Documents\2 Curso\2.Cuatri\Ingenieria Software\Bets21\src\main\resources\bets.temp' is opened by 7776@DESKTOP-50C67QE

[2021-02-27 21:52:31 #2 type.registry] 
New type domain.Question

[2021-02-27 21:52:31 #3 type] 
Type domain.Question is not enhanced.

[2021-02-27 21:52:31 #4 type.registry] 
New type domain.Event

[2021-02-27 21:52:31 #5 type] 
Type domain.Event is not enhanced.

[2021-02-27 21:52:31 #6 type.registry] 
New type java.util.Vector<domain.Question>

[2021-02-27 21:52:31 #7 type.registry] 
New type domain.InfoAccount

[2021-02-27 21:52:31 #8 type] 
Type domain.InfoAccount is not enhanced.

[2021-02-27 21:52:31 #9 type.registry] 
New type domain.Account

[2021-02-27 21:52:31 #10 type] 
Type domain.Account is not enhanced.

[2021-02-27 21:52:31 #11 type.registry] 
New type java.util.Vector<java.lang.Object>

