------------------------------------------------------------------------------------------------------------------------

[2021-04-26 14:24:49 #1 store] 
Database 'C:\Users\Asier\git\Iteracion3\Bets21\src\main\resources\bets.temp' is opened by 6688@LAPTOP-RRB12562

[2021-04-26 14:24:49 #2 type.registry] 
New type domain.Question

[2021-04-26 14:24:49 #3 type] 
Type domain.Question is not enhanced.

[2021-04-26 14:24:49 #4 type.registry] 
New type domain.Bet

[2021-04-26 14:24:49 #5 type.registry] 
New type java.util.Vector<domain.Bet>

[2021-04-26 14:24:49 #6 type.registry] 
New type domain.Event

[2021-04-26 14:24:49 #7 type] 
Type domain.Bet is not enhanced.

[2021-04-26 14:24:49 #8 type] 
Type domain.Event is not enhanced.

[2021-04-26 14:24:49 #9 type.registry] 
New type java.util.Vector<domain.Question>

[2021-04-26 14:24:49 #10 type.registry] 
New type domain.InfoAccount

[2021-04-26 14:24:49 #11 type] 
Type domain.InfoAccount is not enhanced.

[2021-04-26 14:24:49 #12 type.registry] 
New type domain.Account

[2021-04-26 14:24:49 #13 type] 
Type domain.Account is not enhanced.

[2021-04-26 14:24:50 #14 type.registry] 
New type domain.Coupon

[2021-04-26 14:24:50 #15 type.registry] 
New type java.util.Vector<domain.Coupon>

[2021-04-26 14:24:50 #16 type] 
Type domain.Coupon is not enhanced.

[2021-04-26 14:24:50 #17 type.registry] 
New type java.util.Vector<java.lang.Object>

------------------------------------------------------------------------------------------------------------------------

[2021-04-26 17:46:06 #1 store] 
Database 'C:\Users\Asier\git\Iteracion3\Bets21\src\main\resources\bets.temp' is opened by 12296@LAPTOP-RRB12562

[2021-04-26 17:46:06 #2 type.registry] 
New type domain.Question

[2021-04-26 17:46:06 #3 type] 
Type domain.Question is not enhanced.

[2021-04-26 17:46:06 #4 type.registry] 
New type domain.Bet

[2021-04-26 17:46:06 #5 type.registry] 
New type java.util.Vector<domain.Bet>

[2021-04-26 17:46:06 #6 type.registry] 
New type domain.Event

[2021-04-26 17:46:06 #7 type] 
Type domain.Bet is not enhanced.

[2021-04-26 17:46:06 #8 type] 
Type domain.Event is not enhanced.

[2021-04-26 17:46:06 #9 type.registry] 
New type java.util.Vector<domain.Question>

[2021-04-26 17:46:06 #10 type.registry] 
New type domain.InfoAccount

[2021-04-26 17:46:06 #11 type] 
Type domain.InfoAccount is not enhanced.

[2021-04-26 17:46:06 #12 type.registry] 
New type domain.Account

[2021-04-26 17:46:06 #13 type] 
Type domain.Account is not enhanced.

[2021-04-26 17:46:06 #14 type.registry] 
New type domain.Coupon

[2021-04-26 17:46:06 #15 type.registry] 
New type java.util.Vector<domain.Coupon>

[2021-04-26 17:46:06 #16 type] 
Type domain.Coupon is not enhanced.

[2021-04-26 17:46:06 #17 type.registry] 
New type java.util.Vector<java.lang.Object>

------------------------------------------------------------------------------------------------------------------------

[2021-04-26 17:49:13 #1 store] 
Database 'C:\Users\Asier\git\Iteracion3\Bets21\src\main\resources\bets.temp' is opened by 13948@LAPTOP-RRB12562

[2021-04-26 17:49:14 #2 type.registry] 
New type domain.Question

[2021-04-26 17:49:14 #3 type] 
Type domain.Question is not enhanced.

[2021-04-26 17:49:14 #4 type.registry] 
New type domain.Bet

[2021-04-26 17:49:14 #5 type.registry] 
New type java.util.Vector<domain.Bet>

[2021-04-26 17:49:14 #6 type.registry] 
New type domain.Event

[2021-04-26 17:49:14 #7 type] 
Type domain.Bet is not enhanced.

[2021-04-26 17:49:14 #8 type] 
Type domain.Event is not enhanced.

[2021-04-26 17:49:14 #9 type.registry] 
New type java.util.Vector<domain.Question>

[2021-04-26 17:49:14 #10 type.registry] 
New type domain.InfoAccount

[2021-04-26 17:49:14 #11 type] 
Type domain.InfoAccount is not enhanced.

[2021-04-26 17:49:14 #12 type.registry] 
New type domain.Account

[2021-04-26 17:49:14 #13 type] 
Type domain.Account is not enhanced.

[2021-04-26 17:49:14 #14 type.registry] 
New type domain.Coupon

[2021-04-26 17:49:14 #15 type.registry] 
New type java.util.Vector<domain.Coupon>

[2021-04-26 17:49:14 #16 type] 
Type domain.Coupon is not enhanced.

[2021-04-26 17:49:14 #17 type.registry] 
New type java.util.Vector<java.lang.Object>

[2021-04-26 17:49:52 #18 type.registry] 
New type domain.BetMade

[2021-04-26 17:49:52 #19 type] 
Type domain.BetMade is not enhanced.

------------------------------------------------------------------------------------------------------------------------

[2021-04-26 17:58:23 #1 store] 
Database 'C:\Users\Asier\git\Iteracion3\Bets21\src\main\resources\bets.temp' is opened by 1980@LAPTOP-RRB12562

[2021-04-26 17:58:23 #2 type.registry] 
New type domain.Question

[2021-04-26 17:58:23 #3 type] 
Type domain.Question is not enhanced.

[2021-04-26 17:58:23 #4 type.registry] 
New type domain.Bet

[2021-04-26 17:58:23 #5 type.registry] 
New type java.util.Vector<domain.Bet>

[2021-04-26 17:58:23 #6 type.registry] 
New type domain.Event

[2021-04-26 17:58:23 #7 type] 
Type domain.Bet is not enhanced.

[2021-04-26 17:58:23 #8 type] 
Type domain.Event is not enhanced.

[2021-04-26 17:58:23 #9 type.registry] 
New type java.util.Vector<domain.Question>

[2021-04-26 17:58:23 #10 type.registry] 
New type domain.InfoAccount

[2021-04-26 17:58:23 #11 type] 
Type domain.InfoAccount is not enhanced.

[2021-04-26 17:58:23 #12 type.registry] 
New type domain.Account

[2021-04-26 17:58:23 #13 type] 
Type domain.Account is not enhanced.

[2021-04-26 17:58:23 #14 type.registry] 
New type domain.Coupon

[2021-04-26 17:58:23 #15 type.registry] 
New type java.util.Vector<domain.Coupon>

[2021-04-26 17:58:23 #16 type] 
Type domain.Coupon is not enhanced.

[2021-04-26 17:58:23 #17 type.registry] 
New type java.util.Vector<java.lang.Object>

------------------------------------------------------------------------------------------------------------------------

[2021-04-26 17:58:46 #1 store] 
Database 'C:\Users\Asier\git\Iteracion3\Bets21\src\main\resources\bets.temp' is opened by 9936@LAPTOP-RRB12562

[2021-04-26 17:58:47 #2 type.registry] 
New type domain.Question

[2021-04-26 17:58:47 #3 type] 
Type domain.Question is not enhanced.

[2021-04-26 17:58:47 #4 type.registry] 
New type domain.Bet

[2021-04-26 17:58:47 #5 type.registry] 
New type java.util.Vector<domain.Bet>

[2021-04-26 17:58:47 #6 type.registry] 
New type domain.Event

[2021-04-26 17:58:47 #7 type] 
Type domain.Bet is not enhanced.

[2021-04-26 17:58:47 #8 type] 
Type domain.Event is not enhanced.

[2021-04-26 17:58:47 #9 type.registry] 
New type java.util.Vector<domain.Question>

[2021-04-26 17:58:47 #10 type.registry] 
New type domain.InfoAccount

[2021-04-26 17:58:47 #11 type] 
Type domain.InfoAccount is not enhanced.

[2021-04-26 17:58:47 #12 type.registry] 
New type domain.Account

[2021-04-26 17:58:47 #13 type] 
Type domain.Account is not enhanced.

[2021-04-26 17:58:47 #14 type.registry] 
New type domain.Coupon

[2021-04-26 17:58:47 #15 type.registry] 
New type java.util.Vector<domain.Coupon>

[2021-04-26 17:58:47 #16 type] 
Type domain.Coupon is not enhanced.

[2021-04-26 17:58:47 #17 type.registry] 
New type java.util.Vector<java.lang.Object>

------------------------------------------------------------------------------------------------------------------------

[2021-04-26 17:59:33 #1 store] 
Database 'C:\Users\Asier\git\Iteracion3\Bets21\src\main\resources\bets.temp' is opened by 14752@LAPTOP-RRB12562

[2021-04-26 17:59:33 #2 type.registry] 
New type domain.Question

[2021-04-26 17:59:33 #3 type] 
Type domain.Question is not enhanced.

[2021-04-26 17:59:33 #4 type.registry] 
New type domain.Bet

[2021-04-26 17:59:33 #5 type.registry] 
New type java.util.Vector<domain.Bet>

[2021-04-26 17:59:33 #6 type.registry] 
New type domain.Event

[2021-04-26 17:59:33 #7 type] 
Type domain.Bet is not enhanced.

[2021-04-26 17:59:33 #8 type] 
Type domain.Event is not enhanced.

[2021-04-26 17:59:33 #9 type.registry] 
New type java.util.Vector<domain.Question>

[2021-04-26 17:59:33 #10 type.registry] 
New type domain.InfoAccount

[2021-04-26 17:59:33 #11 type] 
Type domain.InfoAccount is not enhanced.

[2021-04-26 17:59:33 #12 type.registry] 
New type domain.Account

[2021-04-26 17:59:33 #13 type] 
Type domain.Account is not enhanced.

[2021-04-26 17:59:33 #14 type.registry] 
New type domain.Coupon

[2021-04-26 17:59:33 #15 type.registry] 
New type java.util.Vector<domain.Coupon>

[2021-04-26 17:59:33 #16 type] 
Type domain.Coupon is not enhanced.

[2021-04-26 17:59:33 #17 type.registry] 
New type java.util.Vector<java.lang.Object>

------------------------------------------------------------------------------------------------------------------------

[2021-04-26 18:01:56 #1 store] 
Database 'C:\Users\Asier\git\Iteracion3\Bets21\src\main\resources\bets.temp' is opened by 13360@LAPTOP-RRB12562

[2021-04-26 18:01:56 #2 type.registry] 
New type domain.Question

[2021-04-26 18:01:56 #3 type] 
Type domain.Question is not enhanced.

[2021-04-26 18:01:56 #4 type.registry] 
New type domain.Bet

[2021-04-26 18:01:56 #5 type.registry] 
New type java.util.Vector<domain.Bet>

[2021-04-26 18:01:56 #6 type.registry] 
New type domain.Event

[2021-04-26 18:01:56 #7 type] 
Type domain.Bet is not enhanced.

[2021-04-26 18:01:56 #8 type] 
Type domain.Event is not enhanced.

[2021-04-26 18:01:56 #9 type.registry] 
New type java.util.Vector<domain.Question>

[2021-04-26 18:01:56 #10 type.registry] 
New type domain.InfoAccount

[2021-04-26 18:01:56 #11 type] 
Type domain.InfoAccount is not enhanced.

[2021-04-26 18:01:56 #12 type.registry] 
New type domain.Account

[2021-04-26 18:01:56 #13 type] 
Type domain.Account is not enhanced.

[2021-04-26 18:01:56 #14 type.registry] 
New type domain.Coupon

[2021-04-26 18:01:56 #15 type.registry] 
New type java.util.Vector<domain.Coupon>

[2021-04-26 18:01:56 #16 type] 
Type domain.Coupon is not enhanced.

[2021-04-26 18:01:56 #17 type.registry] 
New type java.util.Vector<java.lang.Object>

------------------------------------------------------------------------------------------------------------------------

[2021-04-26 18:02:39 #1 store] 
Database 'C:\Users\Asier\git\Iteracion3\Bets21\src\main\resources\bets.temp' is opened by 18680@LAPTOP-RRB12562

[2021-04-26 18:02:39 #2 type.registry] 
New type domain.Question

[2021-04-26 18:02:39 #3 type] 
Type domain.Question is not enhanced.

[2021-04-26 18:02:39 #4 type.registry] 
New type domain.Bet

[2021-04-26 18:02:39 #5 type.registry] 
New type java.util.Vector<domain.Bet>

[2021-04-26 18:02:39 #6 type.registry] 
New type domain.Event

[2021-04-26 18:02:39 #7 type] 
Type domain.Bet is not enhanced.

[2021-04-26 18:02:39 #8 type] 
Type domain.Event is not enhanced.

[2021-04-26 18:02:39 #9 type.registry] 
New type java.util.Vector<domain.Question>

[2021-04-26 18:02:39 #10 type.registry] 
New type domain.InfoAccount

[2021-04-26 18:02:39 #11 type] 
Type domain.InfoAccount is not enhanced.

[2021-04-26 18:02:39 #12 type.registry] 
New type domain.Account

[2021-04-26 18:02:39 #13 type] 
Type domain.Account is not enhanced.

[2021-04-26 18:02:39 #14 type.registry] 
New type domain.Coupon

[2021-04-26 18:02:39 #15 type.registry] 
New type java.util.Vector<domain.Coupon>

[2021-04-26 18:02:39 #16 type] 
Type domain.Coupon is not enhanced.

[2021-04-26 18:02:39 #17 type.registry] 
New type java.util.Vector<java.lang.Object>

------------------------------------------------------------------------------------------------------------------------

[2021-04-26 18:03:00 #1 store] 
Database 'C:\Users\Asier\git\Iteracion3\Bets21\src\main\resources\bets.temp' is opened by 4628@LAPTOP-RRB12562

[2021-04-26 18:03:00 #2 type.registry] 
New type domain.Question

[2021-04-26 18:03:00 #3 type] 
Type domain.Question is not enhanced.

[2021-04-26 18:03:00 #4 type.registry] 
New type domain.Bet

[2021-04-26 18:03:00 #5 type.registry] 
New type java.util.Vector<domain.Bet>

[2021-04-26 18:03:00 #6 type.registry] 
New type domain.Event

[2021-04-26 18:03:00 #7 type] 
Type domain.Bet is not enhanced.

[2021-04-26 18:03:00 #8 type] 
Type domain.Event is not enhanced.

[2021-04-26 18:03:00 #9 type.registry] 
New type java.util.Vector<domain.Question>

[2021-04-26 18:03:00 #10 type.registry] 
New type domain.InfoAccount

[2021-04-26 18:03:00 #11 type] 
Type domain.InfoAccount is not enhanced.

[2021-04-26 18:03:00 #12 type.registry] 
New type domain.Account

[2021-04-26 18:03:00 #13 type] 
Type domain.Account is not enhanced.

[2021-04-26 18:03:00 #14 type.registry] 
New type domain.Coupon

[2021-04-26 18:03:00 #15 type.registry] 
New type java.util.Vector<domain.Coupon>

[2021-04-26 18:03:00 #16 type] 
Type domain.Coupon is not enhanced.

[2021-04-26 18:03:00 #17 type.registry] 
New type java.util.Vector<java.lang.Object>

------------------------------------------------------------------------------------------------------------------------

[2021-04-26 18:11:02 #1 store] 
Database 'C:\Users\Asier\git\Iteracion3\Bets21\src\main\resources\bets.temp' is opened by 9048@LAPTOP-RRB12562

[2021-04-26 18:11:03 #2 type.registry] 
New type domain.Question

[2021-04-26 18:11:03 #3 type] 
Type domain.Question is not enhanced.

[2021-04-26 18:11:03 #4 type.registry] 
New type domain.Bet

[2021-04-26 18:11:03 #5 type.registry] 
New type java.util.Vector<domain.Bet>

[2021-04-26 18:11:03 #6 type.registry] 
New type domain.Event

[2021-04-26 18:11:03 #7 type] 
Type domain.Bet is not enhanced.

[2021-04-26 18:11:03 #8 type] 
Type domain.Event is not enhanced.

[2021-04-26 18:11:03 #9 type.registry] 
New type java.util.Vector<domain.Question>

[2021-04-26 18:11:03 #10 type.registry] 
New type domain.InfoAccount

[2021-04-26 18:11:03 #11 type] 
Type domain.InfoAccount is not enhanced.

[2021-04-26 18:11:03 #12 type.registry] 
New type domain.Account

[2021-04-26 18:11:03 #13 type] 
Type domain.Account is not enhanced.

[2021-04-26 18:11:03 #14 type.registry] 
New type domain.Coupon

[2021-04-26 18:11:03 #15 type.registry] 
New type java.util.Vector<domain.Coupon>

[2021-04-26 18:11:03 #16 type] 
Type domain.Coupon is not enhanced.

[2021-04-26 18:11:03 #17 type.registry] 
New type java.util.Vector<java.lang.Object>

------------------------------------------------------------------------------------------------------------------------

[2021-04-26 18:13:05 #1 store] 
Database 'C:\Users\Asier\git\Iteracion3\Bets21\src\main\resources\bets.temp' is opened by 13584@LAPTOP-RRB12562

[2021-04-26 18:13:06 #2 type.registry] 
New type domain.Question

[2021-04-26 18:13:06 #3 type] 
Type domain.Question is not enhanced.

[2021-04-26 18:13:06 #4 type.registry] 
New type domain.Bet

[2021-04-26 18:13:06 #5 type.registry] 
New type java.util.Vector<domain.Bet>

[2021-04-26 18:13:06 #6 type.registry] 
New type domain.Event

[2021-04-26 18:13:06 #7 type] 
Type domain.Bet is not enhanced.

[2021-04-26 18:13:06 #8 type] 
Type domain.Event is not enhanced.

[2021-04-26 18:13:06 #9 type.registry] 
New type java.util.Vector<domain.Question>

[2021-04-26 18:13:06 #10 type.registry] 
New type domain.InfoAccount

[2021-04-26 18:13:06 #11 type] 
Type domain.InfoAccount is not enhanced.

[2021-04-26 18:13:06 #12 type.registry] 
New type domain.Account

[2021-04-26 18:13:06 #13 type] 
Type domain.Account is not enhanced.

[2021-04-26 18:13:06 #14 type.registry] 
New type domain.Coupon

[2021-04-26 18:13:06 #15 type.registry] 
New type java.util.Vector<domain.Coupon>

[2021-04-26 18:13:06 #16 type] 
Type domain.Coupon is not enhanced.

[2021-04-26 18:13:06 #17 type.registry] 
New type java.util.Vector<java.lang.Object>

------------------------------------------------------------------------------------------------------------------------

[2021-04-26 18:13:37 #1 store] 
Database 'C:\Users\Asier\git\Iteracion3\Bets21\src\main\resources\bets.temp' is opened by 9028@LAPTOP-RRB12562

[2021-04-26 18:13:38 #2 type.registry] 
New type domain.Question

[2021-04-26 18:13:38 #3 type] 
Type domain.Question is not enhanced.

[2021-04-26 18:13:38 #4 type.registry] 
New type domain.Bet

[2021-04-26 18:13:38 #5 type.registry] 
New type java.util.Vector<domain.Bet>

[2021-04-26 18:13:38 #6 type.registry] 
New type domain.Event

[2021-04-26 18:13:38 #7 type] 
Type domain.Bet is not enhanced.

[2021-04-26 18:13:38 #8 type] 
Type domain.Event is not enhanced.

[2021-04-26 18:13:38 #9 type.registry] 
New type java.util.Vector<domain.Question>

[2021-04-26 18:13:38 #10 type.registry] 
New type domain.InfoAccount

[2021-04-26 18:13:38 #11 type] 
Type domain.InfoAccount is not enhanced.

[2021-04-26 18:13:38 #12 type.registry] 
New type domain.Account

[2021-04-26 18:13:38 #13 type] 
Type domain.Account is not enhanced.

[2021-04-26 18:13:38 #14 type.registry] 
New type domain.Coupon

[2021-04-26 18:13:38 #15 type.registry] 
New type java.util.Vector<domain.Coupon>

[2021-04-26 18:13:38 #16 type] 
Type domain.Coupon is not enhanced.

[2021-04-26 18:13:38 #17 type.registry] 
New type java.util.Vector<java.lang.Object>

------------------------------------------------------------------------------------------------------------------------

[2021-04-26 18:28:02 #1 store] 
Database 'C:\Users\Asier\git\Iteracion3\Bets21\src\main\resources\bets.temp' is opened by 16948@LAPTOP-RRB12562

[2021-04-26 18:28:02 #2 type.registry] 
New type domain.Question

[2021-04-26 18:28:02 #3 type] 
Type domain.Question is not enhanced.

[2021-04-26 18:28:02 #4 type.registry] 
New type domain.Bet

[2021-04-26 18:28:02 #5 type.registry] 
New type java.util.Vector<domain.Bet>

[2021-04-26 18:28:02 #6 type.registry] 
New type domain.Event

[2021-04-26 18:28:02 #7 type] 
Type domain.Bet is not enhanced.

[2021-04-26 18:28:02 #8 type] 
Type domain.Event is not enhanced.

[2021-04-26 18:28:02 #9 type.registry] 
New type java.util.Vector<domain.Question>

[2021-04-26 18:28:02 #10 type.registry] 
New type domain.InfoAccount

[2021-04-26 18:28:02 #11 type] 
Type domain.InfoAccount is not enhanced.

[2021-04-26 18:28:02 #12 type.registry] 
New type domain.Account

[2021-04-26 18:28:02 #13 type] 
Type domain.Account is not enhanced.

[2021-04-26 18:28:02 #14 type.registry] 
New type domain.Coupon

[2021-04-26 18:28:02 #15 type.registry] 
New type java.util.Vector<domain.Coupon>

[2021-04-26 18:28:02 #16 type] 
Type domain.Coupon is not enhanced.

[2021-04-26 18:28:02 #17 type.registry] 
New type java.util.Vector<java.lang.Object>

------------------------------------------------------------------------------------------------------------------------

[2021-04-26 18:29:23 #1 store] 
Database 'C:\Users\Asier\git\Iteracion3\Bets21\src\main\resources\bets.temp' is opened by 15420@LAPTOP-RRB12562

[2021-04-26 18:29:24 #2 type.registry] 
New type domain.Question

[2021-04-26 18:29:24 #3 type] 
Type domain.Question is not enhanced.

[2021-04-26 18:29:24 #4 type.registry] 
New type domain.Bet

[2021-04-26 18:29:24 #5 type.registry] 
New type java.util.Vector<domain.Bet>

[2021-04-26 18:29:24 #6 type.registry] 
New type domain.Event

[2021-04-26 18:29:24 #7 type] 
Type domain.Bet is not enhanced.

[2021-04-26 18:29:24 #8 type] 
Type domain.Event is not enhanced.

[2021-04-26 18:29:24 #9 type.registry] 
New type java.util.Vector<domain.Question>

[2021-04-26 18:29:24 #10 type.registry] 
New type domain.InfoAccount

[2021-04-26 18:29:24 #11 type] 
Type domain.InfoAccount is not enhanced.

[2021-04-26 18:29:24 #12 type.registry] 
New type domain.Account

[2021-04-26 18:29:24 #13 type] 
Type domain.Account is not enhanced.

[2021-04-26 18:29:24 #14 type.registry] 
New type domain.Coupon

[2021-04-26 18:29:24 #15 type.registry] 
New type java.util.Vector<domain.Coupon>

[2021-04-26 18:29:24 #16 type] 
Type domain.Coupon is not enhanced.

[2021-04-26 18:29:24 #17 type.registry] 
New type java.util.Vector<java.lang.Object>

------------------------------------------------------------------------------------------------------------------------

[2021-04-26 18:32:28 #1 store] 
Database 'C:\Users\Asier\git\Iteracion3\Bets21\src\main\resources\bets.temp' is opened by 15040@LAPTOP-RRB12562

[2021-04-26 18:32:28 #2 type.registry] 
New type domain.Question

[2021-04-26 18:32:28 #3 type] 
Type domain.Question is not enhanced.

[2021-04-26 18:32:28 #4 type.registry] 
New type domain.Bet

[2021-04-26 18:32:28 #5 type.registry] 
New type java.util.Vector<domain.Bet>

[2021-04-26 18:32:28 #6 type.registry] 
New type domain.Event

[2021-04-26 18:32:28 #7 type] 
Type domain.Bet is not enhanced.

[2021-04-26 18:32:28 #8 type] 
Type domain.Event is not enhanced.

[2021-04-26 18:32:28 #9 type.registry] 
New type java.util.Vector<domain.Question>

[2021-04-26 18:32:28 #10 type.registry] 
New type domain.InfoAccount

[2021-04-26 18:32:28 #11 type] 
Type domain.InfoAccount is not enhanced.

[2021-04-26 18:32:28 #12 type.registry] 
New type domain.Account

[2021-04-26 18:32:28 #13 type] 
Type domain.Account is not enhanced.

[2021-04-26 18:32:28 #14 type.registry] 
New type domain.Coupon

[2021-04-26 18:32:28 #15 type.registry] 
New type java.util.Vector<domain.Coupon>

[2021-04-26 18:32:28 #16 type] 
Type domain.Coupon is not enhanced.

[2021-04-26 18:32:28 #17 type.registry] 
New type java.util.Vector<java.lang.Object>

------------------------------------------------------------------------------------------------------------------------

[2021-04-26 18:33:55 #1 store] 
Database 'C:\Users\Asier\git\Iteracion3\Bets21\src\main\resources\bets.temp' is opened by 2712@LAPTOP-RRB12562

[2021-04-26 18:33:55 #2 type.registry] 
New type domain.Question

[2021-04-26 18:33:55 #3 type] 
Type domain.Question is not enhanced.

[2021-04-26 18:33:55 #4 type.registry] 
New type domain.Bet

[2021-04-26 18:33:55 #5 type.registry] 
New type java.util.Vector<domain.Bet>

[2021-04-26 18:33:55 #6 type.registry] 
New type domain.Event

[2021-04-26 18:33:55 #7 type] 
Type domain.Bet is not enhanced.

[2021-04-26 18:33:55 #8 type] 
Type domain.Event is not enhanced.

[2021-04-26 18:33:55 #9 type.registry] 
New type java.util.Vector<domain.Question>

[2021-04-26 18:33:55 #10 type.registry] 
New type domain.InfoAccount

[2021-04-26 18:33:55 #11 type] 
Type domain.InfoAccount is not enhanced.

[2021-04-26 18:33:55 #12 type.registry] 
New type domain.Account

[2021-04-26 18:33:55 #13 type] 
Type domain.Account is not enhanced.

[2021-04-26 18:33:55 #14 type.registry] 
New type domain.Coupon

[2021-04-26 18:33:55 #15 type.registry] 
New type java.util.Vector<domain.Coupon>

[2021-04-26 18:33:55 #16 type] 
Type domain.Coupon is not enhanced.

[2021-04-26 18:33:55 #17 type.registry] 
New type java.util.Vector<java.lang.Object>

