------------------------------------------------------------------------------------------------------------------------

[2021-09-30 11:35:40 #1 store] 
Database 'C:\Users\elgor\Documents\Universidad\3 Curso\Software\Bets21\src\main\resources\bets.temp' is opened by 4164@DESKTOP-50C67QE

[2021-09-30 11:35:40 #2 type.registry] 
New type domain.Question

[2021-09-30 11:35:40 #3 type] 
Type domain.Question is not enhanced.

[2021-09-30 11:35:40 #4 type.registry] 
New type domain.Bet

[2021-09-30 11:35:40 #5 type.registry] 
New type java.util.Vector<domain.Bet>

[2021-09-30 11:35:40 #6 type.registry] 
New type domain.Event

[2021-09-30 11:35:40 #7 type] 
Type domain.Bet is not enhanced.

[2021-09-30 11:35:40 #8 type] 
Type domain.Event is not enhanced.

[2021-09-30 11:35:40 #9 type.registry] 
New type domain.Team

[2021-09-30 11:35:40 #10 type.registry] 
New type java.util.Vector<domain.Question>

[2021-09-30 11:35:40 #11 type] 
Type domain.Team is not enhanced.

[2021-09-30 11:35:40 #12 type.registry] 
New type domain.InfoAccount

[2021-09-30 11:35:40 #13 type] 
Type domain.InfoAccount is not enhanced.

[2021-09-30 11:35:40 #14 type.registry] 
New type domain.Account

[2021-09-30 11:35:40 #15 type] 
Type domain.Account is not enhanced.

[2021-09-30 11:35:40 #16 type.registry] 
New type domain.BetMade

[2021-09-30 11:35:40 #17 type.registry] 
New type java.util.Vector<domain.BetMade>

[2021-09-30 11:35:40 #18 type.registry] 
New type domain.CreditCard

[2021-09-30 11:35:40 #19 type.registry] 
New type java.util.LinkedList<domain.CreditCard>

[2021-09-30 11:35:40 #20 type.registry] 
New type domain.Coupon

[2021-09-30 11:35:40 #21 type.registry] 
New type java.util.Vector<domain.Coupon>

[2021-09-30 11:35:40 #22 type] 
Type domain.BetMade is not enhanced.

[2021-09-30 11:35:40 #23 type] 
Type domain.CreditCard is not enhanced.

[2021-09-30 11:35:40 #24 type] 
Type domain.Coupon is not enhanced.

[2021-09-30 11:35:40 #25 type.registry] 
New type java.util.Vector<java.lang.Object>

[2021-09-30 11:35:40 #26 type.registry] 
New type java.util.Vector<domain.Event>

[2021-09-30 11:35:40 #27 type.registry] 
New type java.util.LinkedList<java.lang.Object>

------------------------------------------------------------------------------------------------------------------------

[2021-09-30 11:35:58 #1 store] 
Database 'C:\Users\elgor\Documents\Universidad\3 Curso\Software\Bets21\src\main\resources\bets.temp' is opened by 9280@DESKTOP-50C67QE

[2021-09-30 11:35:58 #2 type.registry] 
New type domain.Question

[2021-09-30 11:35:58 #3 type] 
Type domain.Question is not enhanced.

[2021-09-30 11:35:58 #4 type.registry] 
New type domain.Bet

[2021-09-30 11:35:58 #5 type.registry] 
New type java.util.Vector<domain.Bet>

[2021-09-30 11:35:58 #6 type.registry] 
New type domain.Event

[2021-09-30 11:35:58 #7 type] 
Type domain.Bet is not enhanced.

[2021-09-30 11:35:58 #8 type] 
Type domain.Event is not enhanced.

[2021-09-30 11:35:58 #9 type.registry] 
New type domain.Team

[2021-09-30 11:35:58 #10 type.registry] 
New type java.util.Vector<domain.Question>

[2021-09-30 11:35:58 #11 type] 
Type domain.Team is not enhanced.

[2021-09-30 11:35:58 #12 type.registry] 
New type domain.InfoAccount

[2021-09-30 11:35:58 #13 type] 
Type domain.InfoAccount is not enhanced.

[2021-09-30 11:35:58 #14 type.registry] 
New type domain.Account

[2021-09-30 11:35:58 #15 type] 
Type domain.Account is not enhanced.

[2021-09-30 11:35:58 #16 type.registry] 
New type domain.BetMade

[2021-09-30 11:35:58 #17 type.registry] 
New type java.util.Vector<domain.BetMade>

[2021-09-30 11:35:58 #18 type.registry] 
New type domain.CreditCard

[2021-09-30 11:35:58 #19 type.registry] 
New type java.util.LinkedList<domain.CreditCard>

[2021-09-30 11:35:58 #20 type.registry] 
New type domain.Coupon

[2021-09-30 11:35:58 #21 type.registry] 
New type java.util.Vector<domain.Coupon>

[2021-09-30 11:35:58 #22 type] 
Type domain.BetMade is not enhanced.

[2021-09-30 11:35:58 #23 type] 
Type domain.CreditCard is not enhanced.

[2021-09-30 11:35:58 #24 type] 
Type domain.Coupon is not enhanced.

[2021-09-30 11:35:58 #25 type.registry] 
New type java.util.Vector<java.lang.Object>

[2021-09-30 11:35:58 #26 type.registry] 
New type java.util.Vector<domain.Event>

[2021-09-30 11:35:58 #27 type.registry] 
New type java.util.LinkedList<java.lang.Object>

------------------------------------------------------------------------------------------------------------------------

[2021-09-30 11:53:54 #1 store] 
Database 'C:\Users\elgor\Documents\Universidad\3 Curso\Software\Bets21\src\main\resources\bets.temp' is opened by 1732@DESKTOP-50C67QE

[2021-09-30 11:53:54 #2 type.registry] 
New type domain.Question

[2021-09-30 11:53:54 #3 type] 
Type domain.Question is not enhanced.

[2021-09-30 11:53:54 #4 type.registry] 
New type domain.Bet

[2021-09-30 11:53:54 #5 type.registry] 
New type java.util.Vector<domain.Bet>

[2021-09-30 11:53:54 #6 type.registry] 
New type domain.Event

[2021-09-30 11:53:54 #7 type] 
Type domain.Bet is not enhanced.

[2021-09-30 11:53:54 #8 type] 
Type domain.Event is not enhanced.

[2021-09-30 11:53:54 #9 type.registry] 
New type domain.Team

[2021-09-30 11:53:54 #10 type.registry] 
New type java.util.Vector<domain.Question>

[2021-09-30 11:53:54 #11 type] 
Type domain.Team is not enhanced.

[2021-09-30 11:53:54 #12 type.registry] 
New type domain.InfoAccount

[2021-09-30 11:53:54 #13 type] 
Type domain.InfoAccount is not enhanced.

[2021-09-30 11:53:54 #14 type.registry] 
New type domain.Account

[2021-09-30 11:53:54 #15 type] 
Type domain.Account is not enhanced.

[2021-09-30 11:53:54 #16 type.registry] 
New type domain.BetMade

[2021-09-30 11:53:54 #17 type.registry] 
New type java.util.Vector<domain.BetMade>

[2021-09-30 11:53:54 #18 type.registry] 
New type domain.CreditCard

[2021-09-30 11:53:54 #19 type.registry] 
New type java.util.LinkedList<domain.CreditCard>

[2021-09-30 11:53:54 #20 type.registry] 
New type domain.Coupon

[2021-09-30 11:53:54 #21 type.registry] 
New type java.util.Vector<domain.Coupon>

[2021-09-30 11:53:54 #22 type] 
Type domain.BetMade is not enhanced.

[2021-09-30 11:53:54 #23 type] 
Type domain.CreditCard is not enhanced.

[2021-09-30 11:53:54 #24 type] 
Type domain.Coupon is not enhanced.

[2021-09-30 11:53:54 #25 type.registry] 
New type java.util.Vector<java.lang.Object>

[2021-09-30 11:53:54 #26 type.registry] 
New type java.util.Vector<domain.Event>

[2021-09-30 11:53:54 #27 type.registry] 
New type java.util.LinkedList<java.lang.Object>

------------------------------------------------------------------------------------------------------------------------

[2021-09-30 11:57:43 #1 store] 
Database 'C:\Users\elgor\Documents\Universidad\3 Curso\Software\Bets21\src\main\resources\bets.temp' is opened by 4080@DESKTOP-50C67QE

[2021-09-30 11:57:43 #2 type.registry] 
New type domain.Question

[2021-09-30 11:57:43 #3 type] 
Type domain.Question is not enhanced.

[2021-09-30 11:57:43 #4 type.registry] 
New type domain.Bet

[2021-09-30 11:57:43 #5 type.registry] 
New type java.util.Vector<domain.Bet>

[2021-09-30 11:57:43 #6 type.registry] 
New type domain.Event

[2021-09-30 11:57:43 #7 type] 
Type domain.Bet is not enhanced.

[2021-09-30 11:57:43 #8 type] 
Type domain.Event is not enhanced.

[2021-09-30 11:57:43 #9 type.registry] 
New type domain.Team

[2021-09-30 11:57:43 #10 type.registry] 
New type java.util.Vector<domain.Question>

[2021-09-30 11:57:43 #11 type] 
Type domain.Team is not enhanced.

[2021-09-30 11:57:43 #12 type.registry] 
New type domain.InfoAccount

[2021-09-30 11:57:43 #13 type] 
Type domain.InfoAccount is not enhanced.

[2021-09-30 11:57:43 #14 type.registry] 
New type domain.Account

[2021-09-30 11:57:43 #15 type] 
Type domain.Account is not enhanced.

[2021-09-30 11:57:43 #16 type.registry] 
New type domain.BetMade

[2021-09-30 11:57:43 #17 type.registry] 
New type java.util.Vector<domain.BetMade>

[2021-09-30 11:57:43 #18 type.registry] 
New type domain.CreditCard

[2021-09-30 11:57:43 #19 type.registry] 
New type java.util.LinkedList<domain.CreditCard>

[2021-09-30 11:57:43 #20 type.registry] 
New type domain.Coupon

[2021-09-30 11:57:43 #21 type.registry] 
New type java.util.Vector<domain.Coupon>

[2021-09-30 11:57:43 #22 type] 
Type domain.BetMade is not enhanced.

[2021-09-30 11:57:43 #23 type] 
Type domain.CreditCard is not enhanced.

[2021-09-30 11:57:43 #24 type] 
Type domain.Coupon is not enhanced.

[2021-09-30 11:57:43 #25 type.registry] 
New type java.util.Vector<java.lang.Object>

[2021-09-30 11:57:43 #26 type.registry] 
New type java.util.Vector<domain.Event>

[2021-09-30 11:57:43 #27 type.registry] 
New type java.util.LinkedList<java.lang.Object>

------------------------------------------------------------------------------------------------------------------------

[2021-09-30 11:58:43 #1 store] 
Database 'C:\Users\elgor\Documents\Universidad\3 Curso\Software\Bets21\src\main\resources\bets.temp' is opened by 2980@DESKTOP-50C67QE

[2021-09-30 11:58:43 #2 type.registry] 
New type domain.Question

[2021-09-30 11:58:43 #3 type] 
Type domain.Question is not enhanced.

[2021-09-30 11:58:43 #4 type.registry] 
New type domain.Bet

[2021-09-30 11:58:43 #5 type.registry] 
New type java.util.Vector<domain.Bet>

[2021-09-30 11:58:43 #6 type.registry] 
New type domain.Event

[2021-09-30 11:58:43 #7 type] 
Type domain.Bet is not enhanced.

[2021-09-30 11:58:43 #8 type] 
Type domain.Event is not enhanced.

[2021-09-30 11:58:43 #9 type.registry] 
New type domain.Team

[2021-09-30 11:58:43 #10 type.registry] 
New type java.util.Vector<domain.Question>

[2021-09-30 11:58:43 #11 type] 
Type domain.Team is not enhanced.

[2021-09-30 11:58:43 #12 type.registry] 
New type domain.InfoAccount

[2021-09-30 11:58:43 #13 type] 
Type domain.InfoAccount is not enhanced.

[2021-09-30 11:58:43 #14 type.registry] 
New type domain.Account

[2021-09-30 11:58:43 #15 type] 
Type domain.Account is not enhanced.

[2021-09-30 11:58:43 #16 type.registry] 
New type domain.BetMade

[2021-09-30 11:58:43 #17 type.registry] 
New type java.util.Vector<domain.BetMade>

[2021-09-30 11:58:43 #18 type.registry] 
New type domain.CreditCard

[2021-09-30 11:58:43 #19 type.registry] 
New type java.util.LinkedList<domain.CreditCard>

[2021-09-30 11:58:43 #20 type.registry] 
New type domain.Coupon

[2021-09-30 11:58:43 #21 type.registry] 
New type java.util.Vector<domain.Coupon>

[2021-09-30 11:58:43 #22 type] 
Type domain.BetMade is not enhanced.

[2021-09-30 11:58:43 #23 type] 
Type domain.CreditCard is not enhanced.

[2021-09-30 11:58:43 #24 type] 
Type domain.Coupon is not enhanced.

[2021-09-30 11:58:43 #25 type.registry] 
New type java.util.Vector<java.lang.Object>

[2021-09-30 11:58:43 #26 type.registry] 
New type java.util.Vector<domain.Event>

[2021-09-30 11:58:43 #27 type.registry] 
New type java.util.LinkedList<java.lang.Object>

------------------------------------------------------------------------------------------------------------------------

[2021-09-30 11:59:54 #1 store] 
Database 'C:\Users\elgor\Documents\Universidad\3 Curso\Software\Bets21\src\main\resources\bets.temp' is opened by 13180@DESKTOP-50C67QE

[2021-09-30 11:59:54 #2 type.registry] 
New type domain.Question

[2021-09-30 11:59:54 #3 type] 
Type domain.Question is not enhanced.

[2021-09-30 11:59:54 #4 type.registry] 
New type domain.Bet

[2021-09-30 11:59:54 #5 type.registry] 
New type java.util.Vector<domain.Bet>

[2021-09-30 11:59:54 #6 type.registry] 
New type domain.Event

[2021-09-30 11:59:54 #7 type] 
Type domain.Bet is not enhanced.

[2021-09-30 11:59:54 #8 type] 
Type domain.Event is not enhanced.

[2021-09-30 11:59:54 #9 type.registry] 
New type domain.Team

[2021-09-30 11:59:54 #10 type.registry] 
New type java.util.Vector<domain.Question>

[2021-09-30 11:59:54 #11 type] 
Type domain.Team is not enhanced.

[2021-09-30 11:59:54 #12 type.registry] 
New type domain.InfoAccount

[2021-09-30 11:59:54 #13 type] 
Type domain.InfoAccount is not enhanced.

[2021-09-30 11:59:54 #14 type.registry] 
New type domain.Account

[2021-09-30 11:59:54 #15 type] 
Type domain.Account is not enhanced.

[2021-09-30 11:59:54 #16 type.registry] 
New type domain.BetMade

[2021-09-30 11:59:54 #17 type.registry] 
New type java.util.Vector<domain.BetMade>

[2021-09-30 11:59:54 #18 type.registry] 
New type domain.CreditCard

[2021-09-30 11:59:54 #19 type.registry] 
New type java.util.LinkedList<domain.CreditCard>

[2021-09-30 11:59:54 #20 type.registry] 
New type domain.Coupon

[2021-09-30 11:59:54 #21 type.registry] 
New type java.util.Vector<domain.Coupon>

[2021-09-30 11:59:54 #22 type] 
Type domain.BetMade is not enhanced.

[2021-09-30 11:59:54 #23 type] 
Type domain.CreditCard is not enhanced.

[2021-09-30 11:59:54 #24 type] 
Type domain.Coupon is not enhanced.

[2021-09-30 11:59:54 #25 type.registry] 
New type java.util.Vector<java.lang.Object>

[2021-09-30 11:59:54 #26 type.registry] 
New type java.util.Vector<domain.Event>

[2021-09-30 11:59:54 #27 type.registry] 
New type java.util.LinkedList<java.lang.Object>

------------------------------------------------------------------------------------------------------------------------

[2021-09-30 12:01:13 #1 store] 
Database 'C:\Users\elgor\Documents\Universidad\3 Curso\Software\Bets21\src\main\resources\bets.temp' is opened by 13476@DESKTOP-50C67QE

[2021-09-30 12:01:13 #2 type.registry] 
New type domain.Question

[2021-09-30 12:01:13 #3 type] 
Type domain.Question is not enhanced.

[2021-09-30 12:01:13 #4 type.registry] 
New type domain.Bet

[2021-09-30 12:01:13 #5 type.registry] 
New type java.util.Vector<domain.Bet>

[2021-09-30 12:01:13 #6 type.registry] 
New type domain.Event

[2021-09-30 12:01:13 #7 type] 
Type domain.Bet is not enhanced.

[2021-09-30 12:01:13 #8 type] 
Type domain.Event is not enhanced.

[2021-09-30 12:01:13 #9 type.registry] 
New type domain.Team

[2021-09-30 12:01:13 #10 type.registry] 
New type java.util.Vector<domain.Question>

[2021-09-30 12:01:13 #11 type] 
Type domain.Team is not enhanced.

[2021-09-30 12:01:13 #12 type.registry] 
New type domain.InfoAccount

[2021-09-30 12:01:13 #13 type] 
Type domain.InfoAccount is not enhanced.

[2021-09-30 12:01:13 #14 type.registry] 
New type domain.Account

[2021-09-30 12:01:13 #15 type] 
Type domain.Account is not enhanced.

[2021-09-30 12:01:13 #16 type.registry] 
New type domain.BetMade

[2021-09-30 12:01:13 #17 type.registry] 
New type java.util.Vector<domain.BetMade>

[2021-09-30 12:01:13 #18 type.registry] 
New type domain.CreditCard

[2021-09-30 12:01:13 #19 type.registry] 
New type java.util.LinkedList<domain.CreditCard>

[2021-09-30 12:01:13 #20 type.registry] 
New type domain.Coupon

[2021-09-30 12:01:13 #21 type.registry] 
New type java.util.Vector<domain.Coupon>

[2021-09-30 12:01:13 #22 type] 
Type domain.BetMade is not enhanced.

[2021-09-30 12:01:13 #23 type] 
Type domain.CreditCard is not enhanced.

[2021-09-30 12:01:13 #24 type] 
Type domain.Coupon is not enhanced.

[2021-09-30 12:01:13 #25 type.registry] 
New type java.util.Vector<java.lang.Object>

[2021-09-30 12:01:13 #26 type.registry] 
New type java.util.Vector<domain.Event>

[2021-09-30 12:01:13 #27 type.registry] 
New type java.util.LinkedList<java.lang.Object>

------------------------------------------------------------------------------------------------------------------------

[2021-09-30 12:07:54 #1 store] 
Database 'C:\Users\elgor\Documents\Universidad\3 Curso\Software\Bets21\src\main\resources\bets.temp' is opened by 5988@DESKTOP-50C67QE

[2021-09-30 12:07:54 #2 type.registry] 
New type domain.Question

[2021-09-30 12:07:54 #3 type] 
Type domain.Question is not enhanced.

[2021-09-30 12:07:54 #4 type.registry] 
New type domain.Bet

[2021-09-30 12:07:54 #5 type.registry] 
New type java.util.Vector<domain.Bet>

[2021-09-30 12:07:54 #6 type.registry] 
New type domain.Event

[2021-09-30 12:07:54 #7 type] 
Type domain.Bet is not enhanced.

[2021-09-30 12:07:54 #8 type] 
Type domain.Event is not enhanced.

[2021-09-30 12:07:54 #9 type.registry] 
New type domain.Team

[2021-09-30 12:07:54 #10 type.registry] 
New type java.util.Vector<domain.Question>

[2021-09-30 12:07:54 #11 type] 
Type domain.Team is not enhanced.

[2021-09-30 12:07:54 #12 type.registry] 
New type domain.InfoAccount

[2021-09-30 12:07:54 #13 type] 
Type domain.InfoAccount is not enhanced.

[2021-09-30 12:07:54 #14 type.registry] 
New type domain.Account

[2021-09-30 12:07:54 #15 type] 
Type domain.Account is not enhanced.

[2021-09-30 12:07:54 #16 type.registry] 
New type domain.BetMade

[2021-09-30 12:07:54 #17 type.registry] 
New type java.util.Vector<domain.BetMade>

[2021-09-30 12:07:54 #18 type.registry] 
New type domain.CreditCard

[2021-09-30 12:07:54 #19 type.registry] 
New type java.util.LinkedList<domain.CreditCard>

[2021-09-30 12:07:54 #20 type.registry] 
New type domain.Coupon

[2021-09-30 12:07:54 #21 type.registry] 
New type java.util.Vector<domain.Coupon>

[2021-09-30 12:07:54 #22 type] 
Type domain.BetMade is not enhanced.

[2021-09-30 12:07:54 #23 type] 
Type domain.CreditCard is not enhanced.

[2021-09-30 12:07:54 #24 type] 
Type domain.Coupon is not enhanced.

[2021-09-30 12:07:54 #25 type.registry] 
New type java.util.Vector<java.lang.Object>

[2021-09-30 12:07:54 #26 type.registry] 
New type java.util.Vector<domain.Event>

[2021-09-30 12:07:54 #27 type.registry] 
New type java.util.LinkedList<java.lang.Object>

------------------------------------------------------------------------------------------------------------------------

[2021-09-30 12:48:22 #1 store] 
Database 'C:\Users\elgor\Documents\Universidad\3 Curso\Software\Bets21\src\main\resources\bets.temp' is opened by 3988@DESKTOP-50C67QE

[2021-09-30 12:48:22 #2 type.registry] 
New type domain.Question

[2021-09-30 12:48:22 #3 type] 
Type domain.Question is not enhanced.

[2021-09-30 12:48:22 #4 type.registry] 
New type domain.Bet

[2021-09-30 12:48:22 #5 type.registry] 
New type java.util.Vector<domain.Bet>

[2021-09-30 12:48:22 #6 type.registry] 
New type domain.Event

[2021-09-30 12:48:22 #7 type] 
Type domain.Bet is not enhanced.

[2021-09-30 12:48:22 #8 type] 
Type domain.Event is not enhanced.

[2021-09-30 12:48:22 #9 type.registry] 
New type domain.Team

[2021-09-30 12:48:22 #10 type.registry] 
New type java.util.Vector<domain.Question>

[2021-09-30 12:48:22 #11 type] 
Type domain.Team is not enhanced.

[2021-09-30 12:48:22 #12 type.registry] 
New type domain.InfoAccount

[2021-09-30 12:48:22 #13 type] 
Type domain.InfoAccount is not enhanced.

[2021-09-30 12:48:22 #14 type.registry] 
New type domain.Account

[2021-09-30 12:48:22 #15 type] 
Type domain.Account is not enhanced.

[2021-09-30 12:48:22 #16 type.registry] 
New type domain.BetMade

[2021-09-30 12:48:22 #17 type.registry] 
New type java.util.Vector<domain.BetMade>

[2021-09-30 12:48:22 #18 type.registry] 
New type domain.CreditCard

[2021-09-30 12:48:22 #19 type.registry] 
New type java.util.LinkedList<domain.CreditCard>

[2021-09-30 12:48:22 #20 type.registry] 
New type domain.Coupon

[2021-09-30 12:48:22 #21 type.registry] 
New type java.util.Vector<domain.Coupon>

[2021-09-30 12:48:22 #22 type] 
Type domain.BetMade is not enhanced.

[2021-09-30 12:48:22 #23 type] 
Type domain.CreditCard is not enhanced.

[2021-09-30 12:48:22 #24 type] 
Type domain.Coupon is not enhanced.

[2021-09-30 12:48:22 #25 type.registry] 
New type java.util.Vector<java.lang.Object>

[2021-09-30 12:48:22 #26 type.registry] 
New type java.util.Vector<domain.Event>

[2021-09-30 12:48:22 #27 type.registry] 
New type java.util.LinkedList<java.lang.Object>

------------------------------------------------------------------------------------------------------------------------

[2021-09-30 12:49:15 #1 store] 
Database 'C:\Users\elgor\Documents\Universidad\3 Curso\Software\Bets21\src\main\resources\bets.temp' is opened by 6220@DESKTOP-50C67QE

[2021-09-30 12:49:15 #2 type.registry] 
New type domain.Question

[2021-09-30 12:49:15 #3 type] 
Type domain.Question is not enhanced.

[2021-09-30 12:49:15 #4 type.registry] 
New type domain.Bet

[2021-09-30 12:49:15 #5 type.registry] 
New type java.util.Vector<domain.Bet>

[2021-09-30 12:49:15 #6 type.registry] 
New type domain.Event

[2021-09-30 12:49:15 #7 type] 
Type domain.Bet is not enhanced.

[2021-09-30 12:49:15 #8 type] 
Type domain.Event is not enhanced.

[2021-09-30 12:49:15 #9 type.registry] 
New type domain.Team

[2021-09-30 12:49:15 #10 type.registry] 
New type java.util.Vector<domain.Question>

[2021-09-30 12:49:15 #11 type] 
Type domain.Team is not enhanced.

[2021-09-30 12:49:15 #12 type.registry] 
New type domain.InfoAccount

[2021-09-30 12:49:15 #13 type] 
Type domain.InfoAccount is not enhanced.

[2021-09-30 12:49:15 #14 type.registry] 
New type domain.Account

[2021-09-30 12:49:15 #15 type] 
Type domain.Account is not enhanced.

[2021-09-30 12:49:15 #16 type.registry] 
New type domain.BetMade

[2021-09-30 12:49:15 #17 type.registry] 
New type java.util.Vector<domain.BetMade>

[2021-09-30 12:49:15 #18 type.registry] 
New type domain.CreditCard

[2021-09-30 12:49:15 #19 type.registry] 
New type java.util.LinkedList<domain.CreditCard>

[2021-09-30 12:49:15 #20 type.registry] 
New type domain.Coupon

[2021-09-30 12:49:15 #21 type.registry] 
New type java.util.Vector<domain.Coupon>

[2021-09-30 12:49:15 #22 type] 
Type domain.BetMade is not enhanced.

[2021-09-30 12:49:15 #23 type] 
Type domain.CreditCard is not enhanced.

[2021-09-30 12:49:15 #24 type] 
Type domain.Coupon is not enhanced.

[2021-09-30 12:49:15 #25 type.registry] 
New type java.util.Vector<java.lang.Object>

[2021-09-30 12:49:15 #26 type.registry] 
New type java.util.Vector<domain.Event>

[2021-09-30 12:49:15 #27 type.registry] 
New type java.util.LinkedList<java.lang.Object>

