------------------------------------------------------------------------------------------------------------------------

[2021-10-19 10:03:48 #1 store] 
Database 'C:\Users\ehu\git\Bets21\src\main\resources\bets.temp' is opened by 5516@U111071

[2021-10-19 10:03:49 #2 type.registry] 
New type domain.Account

[2021-10-19 10:03:49 #3 type] 
Type domain.Account is not enhanced.

[2021-10-19 10:03:49 #4 type.registry] 
New type domain.BetMade

[2021-10-19 10:03:49 #5 type.registry] 
New type java.util.Vector<domain.BetMade>

[2021-10-19 10:03:49 #6 type.registry] 
New type domain.CreditCard

[2021-10-19 10:03:49 #7 type.registry] 
New type java.util.LinkedList<domain.CreditCard>

[2021-10-19 10:03:49 #8 type.registry] 
New type domain.Coupon

[2021-10-19 10:03:49 #9 type.registry] 
New type java.util.Vector<domain.Coupon>

[2021-10-19 10:03:49 #10 type.registry] 
New type domain.InfoAccount

[2021-10-19 10:03:49 #11 type] 
Type domain.BetMade is not enhanced.

[2021-10-19 10:03:49 #12 type.registry] 
New type domain.Bet

[2021-10-19 10:03:49 #13 type] 
Type domain.CreditCard is not enhanced.

[2021-10-19 10:03:49 #14 type] 
Type domain.Coupon is not enhanced.

[2021-10-19 10:03:49 #15 type] 
Type domain.InfoAccount is not enhanced.

[2021-10-19 10:03:49 #16 type] 
Type domain.Bet is not enhanced.

[2021-10-19 10:03:49 #17 type.registry] 
New type domain.Question

[2021-10-19 10:03:49 #18 type] 
Type domain.Question is not enhanced.

[2021-10-19 10:03:49 #19 type.registry] 
New type java.util.Vector<domain.Bet>

[2021-10-19 10:03:49 #20 type.registry] 
New type domain.Event

[2021-10-19 10:03:49 #21 type] 
Type domain.Event is not enhanced.

[2021-10-19 10:03:49 #22 type.registry] 
New type domain.Team

[2021-10-19 10:03:49 #23 type.registry] 
New type java.util.Vector<domain.Question>

[2021-10-19 10:03:49 #24 type] 
Type domain.Team is not enhanced.

[2021-10-19 10:03:49 #25 type.registry] 
New type java.util.Vector<java.lang.Object>

[2021-10-19 10:03:49 #26 type.registry] 
New type java.util.LinkedList<java.lang.Object>

------------------------------------------------------------------------------------------------------------------------

[2021-10-19 10:06:08 #1 store] 
Database 'C:\Users\ehu\git\Bets21\src\main\resources\bets.temp' is opened by 4584@U111071

[2021-10-19 10:06:09 #2 type.registry] 
New type domain.Account

[2021-10-19 10:06:09 #3 type] 
Type domain.Account is not enhanced.

[2021-10-19 10:06:09 #4 type.registry] 
New type domain.BetMade

[2021-10-19 10:06:09 #5 type.registry] 
New type java.util.Vector<domain.BetMade>

[2021-10-19 10:06:09 #6 type.registry] 
New type domain.CreditCard

[2021-10-19 10:06:09 #7 type.registry] 
New type java.util.LinkedList<domain.CreditCard>

[2021-10-19 10:06:09 #8 type.registry] 
New type domain.Coupon

[2021-10-19 10:06:09 #9 type.registry] 
New type java.util.Vector<domain.Coupon>

[2021-10-19 10:06:09 #10 type.registry] 
New type domain.InfoAccount

[2021-10-19 10:06:09 #11 type] 
Type domain.BetMade is not enhanced.

[2021-10-19 10:06:09 #12 type.registry] 
New type domain.Bet

[2021-10-19 10:06:09 #13 type] 
Type domain.CreditCard is not enhanced.

[2021-10-19 10:06:09 #14 type] 
Type domain.Coupon is not enhanced.

[2021-10-19 10:06:09 #15 type] 
Type domain.InfoAccount is not enhanced.

[2021-10-19 10:06:09 #16 type] 
Type domain.Bet is not enhanced.

[2021-10-19 10:06:09 #17 type.registry] 
New type domain.Question

[2021-10-19 10:06:09 #18 type] 
Type domain.Question is not enhanced.

[2021-10-19 10:06:09 #19 type.registry] 
New type java.util.Vector<domain.Bet>

[2021-10-19 10:06:09 #20 type.registry] 
New type domain.Event

[2021-10-19 10:06:09 #21 type] 
Type domain.Event is not enhanced.

[2021-10-19 10:06:09 #22 type.registry] 
New type domain.Team

[2021-10-19 10:06:09 #23 type.registry] 
New type java.util.Vector<domain.Question>

[2021-10-19 10:06:09 #24 type] 
Type domain.Team is not enhanced.

[2021-10-19 10:06:09 #25 type.registry] 
New type java.util.Vector<java.lang.Object>

[2021-10-19 10:06:09 #26 type.registry] 
New type java.util.LinkedList<java.lang.Object>

