------------------------------------------------------------------------------------------------------------------------

[2021-04-28 14:30:03 #1 store] 
Database 'C:\Users\Asier\git\Iteracion3\Bets21\src\main\resources\bets.temp' is opened by 11620@LAPTOP-RRB12562

[2021-04-28 14:30:03 #2 type.registry] 
New type domain.Question

[2021-04-28 14:30:03 #3 type] 
Type domain.Question is not enhanced.

[2021-04-28 14:30:03 #4 type.registry] 
New type domain.Bet

[2021-04-28 14:30:03 #5 type.registry] 
New type java.util.Vector<domain.Bet>

[2021-04-28 14:30:03 #6 type.registry] 
New type domain.Event

[2021-04-28 14:30:03 #7 type] 
Type domain.Bet is not enhanced.

[2021-04-28 14:30:03 #8 type] 
Type domain.Event is not enhanced.

[2021-04-28 14:30:03 #9 type.registry] 
New type java.util.Vector<domain.Question>

[2021-04-28 14:30:03 #10 type.registry] 
New type domain.InfoAccount

[2021-04-28 14:30:03 #11 type] 
Type domain.InfoAccount is not enhanced.

[2021-04-28 14:30:03 #12 type.registry] 
New type domain.Account

[2021-04-28 14:30:03 #13 type] 
Type domain.Account is not enhanced.

[2021-04-28 14:30:03 #14 type.registry] 
New type domain.Coupon

[2021-04-28 14:30:03 #15 type.registry] 
New type java.util.Vector<domain.Coupon>

[2021-04-28 14:30:03 #16 type] 
Type domain.Coupon is not enhanced.

[2021-04-28 14:30:03 #17 type.registry] 
New type java.util.Vector<java.lang.Object>

------------------------------------------------------------------------------------------------------------------------

[2021-04-28 17:30:04 #1 store] 
Database 'C:\Users\Asier\git\Iteracion3\Bets21\src\main\resources\bets.temp' is opened by 16136@LAPTOP-RRB12562

[2021-04-28 17:30:05 #2 type.registry] 
New type domain.Question

[2021-04-28 17:30:05 #3 type] 
Type domain.Question is not enhanced.

[2021-04-28 17:30:05 #4 type.registry] 
New type domain.Bet

[2021-04-28 17:30:05 #5 type.registry] 
New type java.util.Vector<domain.Bet>

[2021-04-28 17:30:05 #6 type.registry] 
New type domain.Event

[2021-04-28 17:30:05 #7 type] 
Type domain.Bet is not enhanced.

[2021-04-28 17:30:05 #8 type] 
Type domain.Event is not enhanced.

[2021-04-28 17:30:05 #9 type.registry] 
New type java.util.Vector<domain.Question>

[2021-04-28 17:30:05 #10 type.registry] 
New type domain.InfoAccount

[2021-04-28 17:30:05 #11 type] 
Type domain.InfoAccount is not enhanced.

[2021-04-28 17:30:05 #12 type.registry] 
New type domain.Account

[2021-04-28 17:30:05 #13 type] 
Type domain.Account is not enhanced.

[2021-04-28 17:30:05 #14 type.registry] 
New type domain.Coupon

[2021-04-28 17:30:05 #15 type.registry] 
New type java.util.Vector<domain.Coupon>

[2021-04-28 17:30:05 #16 type] 
Type domain.Coupon is not enhanced.

[2021-04-28 17:30:05 #17 type.registry] 
New type java.util.Vector<java.lang.Object>

------------------------------------------------------------------------------------------------------------------------

[2021-04-28 17:36:00 #1 store] 
Database 'C:\Users\Asier\git\Iteracion3\Bets21\src\main\resources\bets.temp' is opened by 1588@LAPTOP-RRB12562

[2021-04-28 17:36:00 #2 type.registry] 
New type domain.Question

[2021-04-28 17:36:00 #3 type] 
Type domain.Question is not enhanced.

[2021-04-28 17:36:00 #4 type.registry] 
New type domain.Bet

[2021-04-28 17:36:00 #5 type.registry] 
New type java.util.Vector<domain.Bet>

[2021-04-28 17:36:00 #6 type.registry] 
New type domain.Event

[2021-04-28 17:36:00 #7 type] 
Type domain.Bet is not enhanced.

[2021-04-28 17:36:00 #8 type] 
Type domain.Event is not enhanced.

[2021-04-28 17:36:00 #9 type.registry] 
New type java.util.Vector<domain.Question>

[2021-04-28 17:36:00 #10 type.registry] 
New type domain.InfoAccount

[2021-04-28 17:36:00 #11 type] 
Type domain.InfoAccount is not enhanced.

[2021-04-28 17:36:00 #12 type.registry] 
New type domain.Account

[2021-04-28 17:36:00 #13 type] 
Type domain.Account is not enhanced.

[2021-04-28 17:36:00 #14 type.registry] 
New type domain.Coupon

[2021-04-28 17:36:00 #15 type.registry] 
New type java.util.Vector<domain.Coupon>

[2021-04-28 17:36:00 #16 type] 
Type domain.Coupon is not enhanced.

[2021-04-28 17:36:00 #17 type.registry] 
New type java.util.Vector<java.lang.Object>

------------------------------------------------------------------------------------------------------------------------

[2021-04-28 17:38:17 #1 store] 
Database 'C:\Users\Asier\git\Iteracion3\Bets21\src\main\resources\bets.temp' is opened by 7024@LAPTOP-RRB12562

[2021-04-28 17:38:17 #2 type.registry] 
New type domain.Question

[2021-04-28 17:38:17 #3 type] 
Type domain.Question is not enhanced.

[2021-04-28 17:38:18 #4 type.registry] 
New type domain.Bet

[2021-04-28 17:38:18 #5 type.registry] 
New type java.util.Vector<domain.Bet>

[2021-04-28 17:38:18 #6 type.registry] 
New type domain.Event

[2021-04-28 17:38:18 #7 type] 
Type domain.Bet is not enhanced.

[2021-04-28 17:38:18 #8 type] 
Type domain.Event is not enhanced.

[2021-04-28 17:38:18 #9 type.registry] 
New type java.util.Vector<domain.Question>

[2021-04-28 17:38:18 #10 type.registry] 
New type domain.InfoAccount

[2021-04-28 17:38:18 #11 type] 
Type domain.InfoAccount is not enhanced.

[2021-04-28 17:38:18 #12 type.registry] 
New type domain.Account

[2021-04-28 17:38:18 #13 type] 
Type domain.Account is not enhanced.

[2021-04-28 17:38:18 #14 type.registry] 
New type domain.Coupon

[2021-04-28 17:38:18 #15 type.registry] 
New type java.util.Vector<domain.Coupon>

[2021-04-28 17:38:18 #16 type] 
Type domain.Coupon is not enhanced.

[2021-04-28 17:38:18 #17 type.registry] 
New type java.util.Vector<java.lang.Object>

------------------------------------------------------------------------------------------------------------------------

[2021-04-28 17:38:49 #1 store] 
Database 'C:\Users\Asier\git\Iteracion3\Bets21\src\main\resources\bets.temp' is opened by 18060@LAPTOP-RRB12562

[2021-04-28 17:38:49 #2 type.registry] 
New type domain.Question

[2021-04-28 17:38:49 #3 type] 
Type domain.Question is not enhanced.

[2021-04-28 17:38:49 #4 type.registry] 
New type domain.Bet

[2021-04-28 17:38:49 #5 type.registry] 
New type java.util.Vector<domain.Bet>

[2021-04-28 17:38:49 #6 type.registry] 
New type domain.Event

[2021-04-28 17:38:49 #7 type] 
Type domain.Bet is not enhanced.

[2021-04-28 17:38:49 #8 type] 
Type domain.Event is not enhanced.

[2021-04-28 17:38:49 #9 type.registry] 
New type java.util.Vector<domain.Question>

[2021-04-28 17:38:49 #10 type.registry] 
New type domain.InfoAccount

[2021-04-28 17:38:49 #11 type] 
Type domain.InfoAccount is not enhanced.

[2021-04-28 17:38:49 #12 type.registry] 
New type domain.Account

[2021-04-28 17:38:49 #13 type] 
Type domain.Account is not enhanced.

[2021-04-28 17:38:49 #14 type.registry] 
New type domain.Coupon

[2021-04-28 17:38:49 #15 type.registry] 
New type java.util.Vector<domain.Coupon>

[2021-04-28 17:38:49 #16 type] 
Type domain.Coupon is not enhanced.

[2021-04-28 17:38:49 #17 type.registry] 
New type java.util.Vector<java.lang.Object>

------------------------------------------------------------------------------------------------------------------------

[2021-04-28 17:39:05 #1 store] 
Database 'C:\Users\Asier\git\Iteracion3\Bets21\src\main\resources\bets.temp' is opened by 13928@LAPTOP-RRB12562

[2021-04-28 17:39:06 #2 type.registry] 
New type domain.Question

[2021-04-28 17:39:06 #3 type] 
Type domain.Question is not enhanced.

[2021-04-28 17:39:06 #4 type.registry] 
New type domain.Bet

[2021-04-28 17:39:06 #5 type.registry] 
New type java.util.Vector<domain.Bet>

[2021-04-28 17:39:06 #6 type.registry] 
New type domain.Event

[2021-04-28 17:39:06 #7 type] 
Type domain.Bet is not enhanced.

[2021-04-28 17:39:06 #8 type] 
Type domain.Event is not enhanced.

[2021-04-28 17:39:06 #9 type.registry] 
New type java.util.Vector<domain.Question>

[2021-04-28 17:39:06 #10 type.registry] 
New type domain.InfoAccount

[2021-04-28 17:39:06 #11 type] 
Type domain.InfoAccount is not enhanced.

[2021-04-28 17:39:06 #12 type.registry] 
New type domain.Account

[2021-04-28 17:39:06 #13 type] 
Type domain.Account is not enhanced.

[2021-04-28 17:39:06 #14 type.registry] 
New type domain.Coupon

[2021-04-28 17:39:06 #15 type.registry] 
New type java.util.Vector<domain.Coupon>

[2021-04-28 17:39:06 #16 type] 
Type domain.Coupon is not enhanced.

[2021-04-28 17:39:06 #17 type.registry] 
New type java.util.Vector<java.lang.Object>

------------------------------------------------------------------------------------------------------------------------

[2021-04-28 17:39:36 #1 store] 
Database 'C:\Users\Asier\git\Iteracion3\Bets21\src\main\resources\bets.temp' is opened by 14504@LAPTOP-RRB12562

[2021-04-28 17:39:37 #2 type.registry] 
New type domain.Question

[2021-04-28 17:39:37 #3 type] 
Type domain.Question is not enhanced.

[2021-04-28 17:39:37 #4 type.registry] 
New type domain.Bet

[2021-04-28 17:39:37 #5 type.registry] 
New type java.util.Vector<domain.Bet>

[2021-04-28 17:39:37 #6 type.registry] 
New type domain.Event

[2021-04-28 17:39:37 #7 type] 
Type domain.Bet is not enhanced.

[2021-04-28 17:39:37 #8 type] 
Type domain.Event is not enhanced.

[2021-04-28 17:39:37 #9 type.registry] 
New type java.util.Vector<domain.Question>

[2021-04-28 17:39:37 #10 type.registry] 
New type domain.InfoAccount

[2021-04-28 17:39:37 #11 type] 
Type domain.InfoAccount is not enhanced.

[2021-04-28 17:39:37 #12 type.registry] 
New type domain.Account

[2021-04-28 17:39:37 #13 type] 
Type domain.Account is not enhanced.

[2021-04-28 17:39:37 #14 type.registry] 
New type domain.Coupon

[2021-04-28 17:39:37 #15 type.registry] 
New type java.util.Vector<domain.Coupon>

[2021-04-28 17:39:37 #16 type] 
Type domain.Coupon is not enhanced.

[2021-04-28 17:39:37 #17 type.registry] 
New type java.util.Vector<java.lang.Object>

------------------------------------------------------------------------------------------------------------------------

[2021-04-28 17:40:10 #1 store] 
Database 'C:\Users\Asier\git\Iteracion3\Bets21\src\main\resources\bets.temp' is opened by 16820@LAPTOP-RRB12562

[2021-04-28 17:40:10 #2 type.registry] 
New type domain.Question

[2021-04-28 17:40:10 #3 type] 
Type domain.Question is not enhanced.

[2021-04-28 17:40:10 #4 type.registry] 
New type domain.Bet

[2021-04-28 17:40:10 #5 type.registry] 
New type java.util.Vector<domain.Bet>

[2021-04-28 17:40:10 #6 type.registry] 
New type domain.Event

[2021-04-28 17:40:10 #7 type] 
Type domain.Bet is not enhanced.

[2021-04-28 17:40:10 #8 type] 
Type domain.Event is not enhanced.

[2021-04-28 17:40:10 #9 type.registry] 
New type java.util.Vector<domain.Question>

[2021-04-28 17:40:10 #10 type.registry] 
New type domain.InfoAccount

[2021-04-28 17:40:10 #11 type] 
Type domain.InfoAccount is not enhanced.

[2021-04-28 17:40:10 #12 type.registry] 
New type domain.Account

[2021-04-28 17:40:10 #13 type] 
Type domain.Account is not enhanced.

[2021-04-28 17:40:10 #14 type.registry] 
New type domain.Coupon

[2021-04-28 17:40:10 #15 type.registry] 
New type java.util.Vector<domain.Coupon>

[2021-04-28 17:40:10 #16 type] 
Type domain.Coupon is not enhanced.

[2021-04-28 17:40:10 #17 type.registry] 
New type java.util.Vector<java.lang.Object>

------------------------------------------------------------------------------------------------------------------------

[2021-04-28 17:41:31 #1 store] 
Database 'C:\Users\Asier\git\Iteracion3\Bets21\src\main\resources\bets.temp' is opened by 1728@LAPTOP-RRB12562

[2021-04-28 17:41:31 #2 type.registry] 
New type domain.Question

[2021-04-28 17:41:31 #3 type] 
Type domain.Question is not enhanced.

[2021-04-28 17:41:31 #4 type.registry] 
New type domain.Bet

[2021-04-28 17:41:31 #5 type.registry] 
New type java.util.Vector<domain.Bet>

[2021-04-28 17:41:31 #6 type.registry] 
New type domain.Event

[2021-04-28 17:41:31 #7 type] 
Type domain.Bet is not enhanced.

[2021-04-28 17:41:31 #8 type] 
Type domain.Event is not enhanced.

[2021-04-28 17:41:31 #9 type.registry] 
New type java.util.Vector<domain.Question>

[2021-04-28 17:41:31 #10 type.registry] 
New type domain.InfoAccount

[2021-04-28 17:41:31 #11 type] 
Type domain.InfoAccount is not enhanced.

[2021-04-28 17:41:31 #12 type.registry] 
New type domain.Account

[2021-04-28 17:41:31 #13 type] 
Type domain.Account is not enhanced.

[2021-04-28 17:41:31 #14 type.registry] 
New type domain.Coupon

[2021-04-28 17:41:31 #15 type.registry] 
New type java.util.Vector<domain.Coupon>

[2021-04-28 17:41:31 #16 type] 
Type domain.Coupon is not enhanced.

[2021-04-28 17:41:31 #17 type.registry] 
New type java.util.Vector<java.lang.Object>

------------------------------------------------------------------------------------------------------------------------

[2021-04-28 17:41:53 #1 store] 
Database 'C:\Users\Asier\git\Iteracion3\Bets21\src\main\resources\bets.temp' is opened by 10244@LAPTOP-RRB12562

[2021-04-28 17:41:53 #2 type.registry] 
New type domain.Question

[2021-04-28 17:41:53 #3 type] 
Type domain.Question is not enhanced.

[2021-04-28 17:41:53 #4 type.registry] 
New type domain.Bet

[2021-04-28 17:41:53 #5 type.registry] 
New type java.util.Vector<domain.Bet>

[2021-04-28 17:41:53 #6 type.registry] 
New type domain.Event

[2021-04-28 17:41:53 #7 type] 
Type domain.Bet is not enhanced.

[2021-04-28 17:41:53 #8 type] 
Type domain.Event is not enhanced.

[2021-04-28 17:41:53 #9 type.registry] 
New type java.util.Vector<domain.Question>

[2021-04-28 17:41:53 #10 type.registry] 
New type domain.InfoAccount

[2021-04-28 17:41:53 #11 type] 
Type domain.InfoAccount is not enhanced.

[2021-04-28 17:41:53 #12 type.registry] 
New type domain.Account

[2021-04-28 17:41:53 #13 type] 
Type domain.Account is not enhanced.

[2021-04-28 17:41:53 #14 type.registry] 
New type domain.Coupon

[2021-04-28 17:41:53 #15 type.registry] 
New type java.util.Vector<domain.Coupon>

[2021-04-28 17:41:53 #16 type] 
Type domain.Coupon is not enhanced.

[2021-04-28 17:41:53 #17 type.registry] 
New type java.util.Vector<java.lang.Object>

------------------------------------------------------------------------------------------------------------------------

[2021-04-28 17:46:11 #1 store] 
Database 'C:\Users\Asier\git\Iteracion3\Bets21\src\main\resources\bets.temp' is opened by 7672@LAPTOP-RRB12562

[2021-04-28 17:46:11 #2 type.registry] 
New type domain.Question

[2021-04-28 17:46:11 #3 type] 
Type domain.Question is not enhanced.

[2021-04-28 17:46:11 #4 type.registry] 
New type domain.Bet

[2021-04-28 17:46:11 #5 type.registry] 
New type java.util.Vector<domain.Bet>

[2021-04-28 17:46:11 #6 type.registry] 
New type domain.Event

[2021-04-28 17:46:11 #7 type] 
Type domain.Bet is not enhanced.

[2021-04-28 17:46:11 #8 type] 
Type domain.Event is not enhanced.

[2021-04-28 17:46:11 #9 type.registry] 
New type java.util.Vector<domain.Question>

[2021-04-28 17:46:11 #10 type.registry] 
New type domain.InfoAccount

[2021-04-28 17:46:11 #11 type] 
Type domain.InfoAccount is not enhanced.

[2021-04-28 17:46:11 #12 type.registry] 
New type domain.Account

[2021-04-28 17:46:11 #13 type] 
Type domain.Account is not enhanced.

[2021-04-28 17:46:11 #14 type.registry] 
New type domain.Coupon

[2021-04-28 17:46:11 #15 type.registry] 
New type java.util.Vector<domain.Coupon>

[2021-04-28 17:46:11 #16 type] 
Type domain.Coupon is not enhanced.

[2021-04-28 17:46:11 #17 type.registry] 
New type java.util.Vector<java.lang.Object>

------------------------------------------------------------------------------------------------------------------------

[2021-04-28 17:46:53 #1 store] 
Database 'C:\Users\Asier\git\Iteracion3\Bets21\src\main\resources\bets.temp' is opened by 1268@LAPTOP-RRB12562

[2021-04-28 17:46:53 #2 type.registry] 
New type domain.Question

[2021-04-28 17:46:53 #3 type] 
Type domain.Question is not enhanced.

[2021-04-28 17:46:53 #4 type.registry] 
New type domain.Bet

[2021-04-28 17:46:53 #5 type.registry] 
New type java.util.Vector<domain.Bet>

[2021-04-28 17:46:53 #6 type.registry] 
New type domain.Event

[2021-04-28 17:46:53 #7 type] 
Type domain.Bet is not enhanced.

[2021-04-28 17:46:53 #8 type] 
Type domain.Event is not enhanced.

[2021-04-28 17:46:53 #9 type.registry] 
New type java.util.Vector<domain.Question>

[2021-04-28 17:46:53 #10 type.registry] 
New type domain.InfoAccount

[2021-04-28 17:46:53 #11 type] 
Type domain.InfoAccount is not enhanced.

[2021-04-28 17:46:53 #12 type.registry] 
New type domain.Account

[2021-04-28 17:46:53 #13 type] 
Type domain.Account is not enhanced.

[2021-04-28 17:46:53 #14 type.registry] 
New type domain.Coupon

[2021-04-28 17:46:53 #15 type.registry] 
New type java.util.Vector<domain.Coupon>

[2021-04-28 17:46:53 #16 type] 
Type domain.Coupon is not enhanced.

[2021-04-28 17:46:53 #17 type.registry] 
New type java.util.Vector<java.lang.Object>

------------------------------------------------------------------------------------------------------------------------

[2021-04-28 17:47:19 #1 store] 
Database 'C:\Users\Asier\git\Iteracion3\Bets21\src\main\resources\bets.temp' is opened by 19084@LAPTOP-RRB12562

[2021-04-28 17:47:19 #2 type.registry] 
New type domain.Question

[2021-04-28 17:47:19 #3 type] 
Type domain.Question is not enhanced.

[2021-04-28 17:47:19 #4 type.registry] 
New type domain.Bet

[2021-04-28 17:47:19 #5 type.registry] 
New type java.util.Vector<domain.Bet>

[2021-04-28 17:47:19 #6 type.registry] 
New type domain.Event

[2021-04-28 17:47:19 #7 type] 
Type domain.Bet is not enhanced.

[2021-04-28 17:47:19 #8 type] 
Type domain.Event is not enhanced.

[2021-04-28 17:47:19 #9 type.registry] 
New type java.util.Vector<domain.Question>

[2021-04-28 17:47:19 #10 type.registry] 
New type domain.InfoAccount

[2021-04-28 17:47:19 #11 type] 
Type domain.InfoAccount is not enhanced.

[2021-04-28 17:47:19 #12 type.registry] 
New type domain.Account

[2021-04-28 17:47:19 #13 type] 
Type domain.Account is not enhanced.

[2021-04-28 17:47:19 #14 type.registry] 
New type domain.Coupon

[2021-04-28 17:47:19 #15 type.registry] 
New type java.util.Vector<domain.Coupon>

[2021-04-28 17:47:19 #16 type] 
Type domain.Coupon is not enhanced.

[2021-04-28 17:47:19 #17 type.registry] 
New type java.util.Vector<java.lang.Object>

------------------------------------------------------------------------------------------------------------------------

[2021-04-28 17:49:32 #1 store] 
Database 'C:\Users\Asier\git\Iteracion3\Bets21\src\main\resources\bets.temp' is opened by 14180@LAPTOP-RRB12562

[2021-04-28 17:49:33 #2 type.registry] 
New type domain.Question

[2021-04-28 17:49:33 #3 type] 
Type domain.Question is not enhanced.

[2021-04-28 17:49:33 #4 type.registry] 
New type domain.Bet

[2021-04-28 17:49:33 #5 type.registry] 
New type java.util.Vector<domain.Bet>

[2021-04-28 17:49:33 #6 type.registry] 
New type domain.Event

[2021-04-28 17:49:33 #7 type] 
Type domain.Bet is not enhanced.

[2021-04-28 17:49:33 #8 type] 
Type domain.Event is not enhanced.

[2021-04-28 17:49:33 #9 type.registry] 
New type java.util.Vector<domain.Question>

[2021-04-28 17:49:33 #10 type.registry] 
New type domain.InfoAccount

[2021-04-28 17:49:33 #11 type] 
Type domain.InfoAccount is not enhanced.

[2021-04-28 17:49:33 #12 type.registry] 
New type domain.Account

[2021-04-28 17:49:33 #13 type] 
Type domain.Account is not enhanced.

[2021-04-28 17:49:33 #14 type.registry] 
New type domain.Coupon

[2021-04-28 17:49:33 #15 type.registry] 
New type java.util.Vector<domain.Coupon>

[2021-04-28 17:49:33 #16 type] 
Type domain.Coupon is not enhanced.

[2021-04-28 17:49:33 #17 type.registry] 
New type java.util.Vector<java.lang.Object>

------------------------------------------------------------------------------------------------------------------------

[2021-04-28 17:50:32 #1 store] 
Database 'C:\Users\Asier\git\Iteracion3\Bets21\src\main\resources\bets.temp' is opened by 16920@LAPTOP-RRB12562

[2021-04-28 17:50:33 #2 type.registry] 
New type domain.Question

[2021-04-28 17:50:33 #3 type] 
Type domain.Question is not enhanced.

[2021-04-28 17:50:33 #4 type.registry] 
New type domain.Bet

[2021-04-28 17:50:33 #5 type.registry] 
New type java.util.Vector<domain.Bet>

[2021-04-28 17:50:33 #6 type.registry] 
New type domain.Event

[2021-04-28 17:50:33 #7 type] 
Type domain.Bet is not enhanced.

[2021-04-28 17:50:33 #8 type] 
Type domain.Event is not enhanced.

[2021-04-28 17:50:33 #9 type.registry] 
New type java.util.Vector<domain.Question>

[2021-04-28 17:50:33 #10 type.registry] 
New type domain.InfoAccount

[2021-04-28 17:50:33 #11 type] 
Type domain.InfoAccount is not enhanced.

[2021-04-28 17:50:33 #12 type.registry] 
New type domain.Account

[2021-04-28 17:50:33 #13 type] 
Type domain.Account is not enhanced.

[2021-04-28 17:50:33 #14 type.registry] 
New type domain.Coupon

[2021-04-28 17:50:33 #15 type.registry] 
New type java.util.Vector<domain.Coupon>

[2021-04-28 17:50:33 #16 type] 
Type domain.Coupon is not enhanced.

[2021-04-28 17:50:33 #17 type.registry] 
New type java.util.Vector<java.lang.Object>

------------------------------------------------------------------------------------------------------------------------

[2021-04-28 17:51:54 #1 store] 
Database 'C:\Users\Asier\git\Iteracion3\Bets21\src\main\resources\bets.temp' is opened by 19136@LAPTOP-RRB12562

[2021-04-28 17:51:54 #2 type.registry] 
New type domain.Question

[2021-04-28 17:51:54 #3 type] 
Type domain.Question is not enhanced.

[2021-04-28 17:51:54 #4 type.registry] 
New type domain.Bet

[2021-04-28 17:51:54 #5 type.registry] 
New type java.util.Vector<domain.Bet>

[2021-04-28 17:51:54 #6 type.registry] 
New type domain.Event

[2021-04-28 17:51:54 #7 type] 
Type domain.Bet is not enhanced.

[2021-04-28 17:51:54 #8 type] 
Type domain.Event is not enhanced.

[2021-04-28 17:51:54 #9 type.registry] 
New type java.util.Vector<domain.Question>

[2021-04-28 17:51:54 #10 type.registry] 
New type domain.InfoAccount

[2021-04-28 17:51:54 #11 type] 
Type domain.InfoAccount is not enhanced.

[2021-04-28 17:51:54 #12 type.registry] 
New type domain.Account

[2021-04-28 17:51:54 #13 type] 
Type domain.Account is not enhanced.

[2021-04-28 17:51:54 #14 type.registry] 
New type domain.Coupon

[2021-04-28 17:51:54 #15 type.registry] 
New type java.util.Vector<domain.Coupon>

[2021-04-28 17:51:54 #16 type] 
Type domain.Coupon is not enhanced.

[2021-04-28 17:51:54 #17 type.registry] 
New type java.util.Vector<java.lang.Object>

------------------------------------------------------------------------------------------------------------------------

[2021-04-28 17:52:05 #1 store] 
Database 'C:\Users\Asier\git\Iteracion3\Bets21\src\main\resources\bets.temp' is opened by 1272@LAPTOP-RRB12562

[2021-04-28 17:52:05 #2 type.registry] 
New type domain.Question

[2021-04-28 17:52:05 #3 type] 
Type domain.Question is not enhanced.

[2021-04-28 17:52:05 #4 type.registry] 
New type domain.Bet

[2021-04-28 17:52:06 #5 type.registry] 
New type java.util.Vector<domain.Bet>

[2021-04-28 17:52:06 #6 type.registry] 
New type domain.Event

[2021-04-28 17:52:06 #7 type] 
Type domain.Bet is not enhanced.

[2021-04-28 17:52:06 #8 type] 
Type domain.Event is not enhanced.

[2021-04-28 17:52:06 #9 type.registry] 
New type java.util.Vector<domain.Question>

[2021-04-28 17:52:06 #10 type.registry] 
New type domain.InfoAccount

[2021-04-28 17:52:06 #11 type] 
Type domain.InfoAccount is not enhanced.

[2021-04-28 17:52:06 #12 type.registry] 
New type domain.Account

[2021-04-28 17:52:06 #13 type] 
Type domain.Account is not enhanced.

[2021-04-28 17:52:06 #14 type.registry] 
New type domain.Coupon

[2021-04-28 17:52:06 #15 type.registry] 
New type java.util.Vector<domain.Coupon>

[2021-04-28 17:52:06 #16 type] 
Type domain.Coupon is not enhanced.

[2021-04-28 17:52:06 #17 type.registry] 
New type java.util.Vector<java.lang.Object>

------------------------------------------------------------------------------------------------------------------------

[2021-04-28 17:56:46 #1 store] 
Database 'C:\Users\Asier\git\Iteracion3\Bets21\src\main\resources\bets.temp' is opened by 7068@LAPTOP-RRB12562

[2021-04-28 17:56:47 #2 type.registry] 
New type domain.Question

[2021-04-28 17:56:47 #3 type] 
Type domain.Question is not enhanced.

[2021-04-28 17:56:47 #4 type.registry] 
New type domain.Bet

[2021-04-28 17:56:47 #5 type.registry] 
New type java.util.Vector<domain.Bet>

[2021-04-28 17:56:47 #6 type.registry] 
New type domain.Event

[2021-04-28 17:56:47 #7 type] 
Type domain.Bet is not enhanced.

[2021-04-28 17:56:47 #8 type] 
Type domain.Event is not enhanced.

[2021-04-28 17:56:47 #9 type.registry] 
New type java.util.Vector<domain.Question>

[2021-04-28 17:56:47 #10 type.registry] 
New type domain.InfoAccount

[2021-04-28 17:56:47 #11 type] 
Type domain.InfoAccount is not enhanced.

[2021-04-28 17:56:47 #12 type.registry] 
New type domain.Account

[2021-04-28 17:56:47 #13 type] 
Type domain.Account is not enhanced.

[2021-04-28 17:56:47 #14 type.registry] 
New type domain.Coupon

[2021-04-28 17:56:47 #15 type.registry] 
New type java.util.Vector<domain.Coupon>

[2021-04-28 17:56:47 #16 type] 
Type domain.Coupon is not enhanced.

[2021-04-28 17:56:47 #17 type.registry] 
New type java.util.Vector<java.lang.Object>

------------------------------------------------------------------------------------------------------------------------

[2021-04-28 17:59:46 #1 store] 
Database 'C:\Users\Asier\git\Iteracion3\Bets21\src\main\resources\bets.temp' is opened by 3120@LAPTOP-RRB12562

[2021-04-28 17:59:46 #2 type.registry] 
New type domain.Question

[2021-04-28 17:59:46 #3 type] 
Type domain.Question is not enhanced.

[2021-04-28 17:59:46 #4 type.registry] 
New type domain.Bet

[2021-04-28 17:59:46 #5 type.registry] 
New type java.util.Vector<domain.Bet>

[2021-04-28 17:59:46 #6 type.registry] 
New type domain.Event

[2021-04-28 17:59:46 #7 type] 
Type domain.Bet is not enhanced.

[2021-04-28 17:59:46 #8 type] 
Type domain.Event is not enhanced.

[2021-04-28 17:59:46 #9 type.registry] 
New type java.util.Vector<domain.Question>

[2021-04-28 17:59:46 #10 type.registry] 
New type domain.InfoAccount

[2021-04-28 17:59:46 #11 type] 
Type domain.InfoAccount is not enhanced.

[2021-04-28 17:59:46 #12 type.registry] 
New type domain.Account

[2021-04-28 17:59:46 #13 type] 
Type domain.Account is not enhanced.

[2021-04-28 17:59:46 #14 type.registry] 
New type domain.Coupon

[2021-04-28 17:59:46 #15 type.registry] 
New type java.util.Vector<domain.Coupon>

[2021-04-28 17:59:46 #16 type] 
Type domain.Coupon is not enhanced.

[2021-04-28 17:59:46 #17 type.registry] 
New type java.util.Vector<java.lang.Object>

------------------------------------------------------------------------------------------------------------------------

[2021-04-28 18:00:51 #1 store] 
Database 'C:\Users\Asier\git\Iteracion3\Bets21\src\main\resources\bets.temp' is opened by 16820@LAPTOP-RRB12562

[2021-04-28 18:00:51 #2 type.registry] 
New type domain.Question

[2021-04-28 18:00:51 #3 type] 
Type domain.Question is not enhanced.

[2021-04-28 18:00:51 #4 type.registry] 
New type domain.Bet

[2021-04-28 18:00:51 #5 type.registry] 
New type java.util.Vector<domain.Bet>

[2021-04-28 18:00:51 #6 type.registry] 
New type domain.Event

[2021-04-28 18:00:51 #7 type] 
Type domain.Bet is not enhanced.

[2021-04-28 18:00:51 #8 type] 
Type domain.Event is not enhanced.

[2021-04-28 18:00:51 #9 type.registry] 
New type java.util.Vector<domain.Question>

[2021-04-28 18:00:51 #10 type.registry] 
New type domain.InfoAccount

[2021-04-28 18:00:51 #11 type] 
Type domain.InfoAccount is not enhanced.

[2021-04-28 18:00:51 #12 type.registry] 
New type domain.Account

[2021-04-28 18:00:51 #13 type] 
Type domain.Account is not enhanced.

[2021-04-28 18:00:51 #14 type.registry] 
New type domain.Coupon

[2021-04-28 18:00:51 #15 type.registry] 
New type java.util.Vector<domain.Coupon>

[2021-04-28 18:00:51 #16 type] 
Type domain.Coupon is not enhanced.

[2021-04-28 18:00:51 #17 type.registry] 
New type java.util.Vector<java.lang.Object>

------------------------------------------------------------------------------------------------------------------------

[2021-04-28 18:02:07 #1 store] 
Database 'C:\Users\Asier\git\Iteracion3\Bets21\src\main\resources\bets.temp' is opened by 13460@LAPTOP-RRB12562

[2021-04-28 18:02:07 #2 type.registry] 
New type domain.Question

[2021-04-28 18:02:07 #3 type] 
Type domain.Question is not enhanced.

[2021-04-28 18:02:07 #4 type.registry] 
New type domain.Bet

[2021-04-28 18:02:07 #5 type.registry] 
New type java.util.Vector<domain.Bet>

[2021-04-28 18:02:07 #6 type.registry] 
New type domain.Event

[2021-04-28 18:02:07 #7 type] 
Type domain.Bet is not enhanced.

[2021-04-28 18:02:07 #8 type] 
Type domain.Event is not enhanced.

[2021-04-28 18:02:07 #9 type.registry] 
New type java.util.Vector<domain.Question>

[2021-04-28 18:02:07 #10 type.registry] 
New type domain.InfoAccount

[2021-04-28 18:02:07 #11 type] 
Type domain.InfoAccount is not enhanced.

[2021-04-28 18:02:07 #12 type.registry] 
New type domain.Account

[2021-04-28 18:02:07 #13 type] 
Type domain.Account is not enhanced.

[2021-04-28 18:02:07 #14 type.registry] 
New type domain.Coupon

[2021-04-28 18:02:07 #15 type.registry] 
New type java.util.Vector<domain.Coupon>

[2021-04-28 18:02:07 #16 type] 
Type domain.Coupon is not enhanced.

[2021-04-28 18:02:07 #17 type.registry] 
New type java.util.Vector<java.lang.Object>

------------------------------------------------------------------------------------------------------------------------

[2021-04-28 18:06:34 #1 store] 
Database 'C:\Users\Asier\git\Iteracion3\Bets21\src\main\resources\bets.temp' is opened by 14864@LAPTOP-RRB12562

[2021-04-28 18:06:34 #2 type.registry] 
New type domain.Question

[2021-04-28 18:06:34 #3 type] 
Type domain.Question is not enhanced.

[2021-04-28 18:06:34 #4 type.registry] 
New type domain.Bet

[2021-04-28 18:06:34 #5 type.registry] 
New type java.util.Vector<domain.Bet>

[2021-04-28 18:06:34 #6 type.registry] 
New type domain.Event

[2021-04-28 18:06:34 #7 type] 
Type domain.Bet is not enhanced.

[2021-04-28 18:06:34 #8 type] 
Type domain.Event is not enhanced.

[2021-04-28 18:06:34 #9 type.registry] 
New type java.util.Vector<domain.Question>

[2021-04-28 18:06:34 #10 type.registry] 
New type domain.InfoAccount

[2021-04-28 18:06:34 #11 type] 
Type domain.InfoAccount is not enhanced.

[2021-04-28 18:06:34 #12 type.registry] 
New type domain.Account

[2021-04-28 18:06:34 #13 type] 
Type domain.Account is not enhanced.

[2021-04-28 18:06:34 #14 type.registry] 
New type domain.Coupon

[2021-04-28 18:06:34 #15 type.registry] 
New type java.util.Vector<domain.Coupon>

[2021-04-28 18:06:34 #16 type] 
Type domain.Coupon is not enhanced.

[2021-04-28 18:06:34 #17 type.registry] 
New type java.util.Vector<java.lang.Object>

------------------------------------------------------------------------------------------------------------------------

[2021-04-28 18:32:19 #1 store] 
Database 'C:\Users\Asier\git\Iteracion3\Bets21\src\main\resources\bets.temp' is opened by 16988@LAPTOP-RRB12562

[2021-04-28 18:32:20 #2 type.registry] 
New type domain.Question

[2021-04-28 18:32:20 #3 type] 
Type domain.Question is not enhanced.

[2021-04-28 18:32:20 #4 type.registry] 
New type domain.Bet

[2021-04-28 18:32:20 #5 type.registry] 
New type java.util.Vector<domain.Bet>

[2021-04-28 18:32:20 #6 type.registry] 
New type domain.Event

[2021-04-28 18:32:20 #7 type] 
Type domain.Bet is not enhanced.

[2021-04-28 18:32:20 #8 type] 
Type domain.Event is not enhanced.

[2021-04-28 18:32:20 #9 type.registry] 
New type java.util.Vector<domain.Question>

[2021-04-28 18:32:20 #10 type.registry] 
New type domain.InfoAccount

[2021-04-28 18:32:20 #11 type] 
Type domain.InfoAccount is not enhanced.

[2021-04-28 18:32:20 #12 type.registry] 
New type domain.Account

[2021-04-28 18:32:20 #13 type] 
Type domain.Account is not enhanced.

[2021-04-28 18:32:20 #14 type.registry] 
New type domain.Coupon

[2021-04-28 18:32:20 #15 type.registry] 
New type java.util.Vector<domain.Coupon>

[2021-04-28 18:32:20 #16 type] 
Type domain.Coupon is not enhanced.

[2021-04-28 18:32:20 #17 type.registry] 
New type java.util.Vector<java.lang.Object>

------------------------------------------------------------------------------------------------------------------------

[2021-04-28 18:36:48 #1 store] 
Database 'C:\Users\Asier\git\Iteracion3\Bets21\src\main\resources\bets.temp' is opened by 18836@LAPTOP-RRB12562

[2021-04-28 18:36:48 #2 type.registry] 
New type domain.Question

[2021-04-28 18:36:48 #3 type] 
Type domain.Question is not enhanced.

[2021-04-28 18:36:48 #4 type.registry] 
New type domain.Bet

[2021-04-28 18:36:48 #5 type.registry] 
New type java.util.Vector<domain.Bet>

[2021-04-28 18:36:48 #6 type.registry] 
New type domain.Event

[2021-04-28 18:36:48 #7 type] 
Type domain.Bet is not enhanced.

[2021-04-28 18:36:48 #8 type] 
Type domain.Event is not enhanced.

[2021-04-28 18:36:48 #9 type.registry] 
New type java.util.Vector<domain.Question>

[2021-04-28 18:36:48 #10 type.registry] 
New type domain.InfoAccount

[2021-04-28 18:36:48 #11 type] 
Type domain.InfoAccount is not enhanced.

[2021-04-28 18:36:48 #12 type.registry] 
New type domain.Account

[2021-04-28 18:36:48 #13 type] 
Type domain.Account is not enhanced.

[2021-04-28 18:36:48 #14 type.registry] 
New type domain.Coupon

[2021-04-28 18:36:48 #15 type.registry] 
New type java.util.Vector<domain.Coupon>

[2021-04-28 18:36:48 #16 type] 
Type domain.Coupon is not enhanced.

[2021-04-28 18:36:48 #17 type.registry] 
New type java.util.Vector<java.lang.Object>

------------------------------------------------------------------------------------------------------------------------

[2021-04-28 18:38:02 #1 store] 
Database 'C:\Users\Asier\git\Iteracion3\Bets21\src\main\resources\bets.temp' is opened by 18136@LAPTOP-RRB12562

[2021-04-28 18:38:02 #2 type.registry] 
New type domain.Question

[2021-04-28 18:38:02 #3 type] 
Type domain.Question is not enhanced.

[2021-04-28 18:38:02 #4 type.registry] 
New type domain.Bet

[2021-04-28 18:38:02 #5 type.registry] 
New type java.util.Vector<domain.Bet>

[2021-04-28 18:38:02 #6 type.registry] 
New type domain.Event

[2021-04-28 18:38:02 #7 type] 
Type domain.Bet is not enhanced.

[2021-04-28 18:38:02 #8 type] 
Type domain.Event is not enhanced.

[2021-04-28 18:38:02 #9 type.registry] 
New type java.util.Vector<domain.Question>

[2021-04-28 18:38:02 #10 type.registry] 
New type domain.InfoAccount

[2021-04-28 18:38:02 #11 type] 
Type domain.InfoAccount is not enhanced.

[2021-04-28 18:38:02 #12 type.registry] 
New type domain.Account

[2021-04-28 18:38:02 #13 type] 
Type domain.Account is not enhanced.

[2021-04-28 18:38:03 #14 type.registry] 
New type domain.Coupon

[2021-04-28 18:38:03 #15 type.registry] 
New type java.util.Vector<domain.Coupon>

[2021-04-28 18:38:03 #16 type] 
Type domain.Coupon is not enhanced.

[2021-04-28 18:38:03 #17 type.registry] 
New type java.util.Vector<java.lang.Object>

------------------------------------------------------------------------------------------------------------------------

[2021-04-28 18:44:17 #1 store] 
Database 'C:\Users\Asier\git\Iteracion3\Bets21\src\main\resources\bets.temp' is opened by 14980@LAPTOP-RRB12562

[2021-04-28 18:44:17 #2 type.registry] 
New type domain.Question

[2021-04-28 18:44:17 #3 type] 
Type domain.Question is not enhanced.

[2021-04-28 18:44:17 #4 type.registry] 
New type domain.Bet

[2021-04-28 18:44:17 #5 type.registry] 
New type java.util.Vector<domain.Bet>

[2021-04-28 18:44:17 #6 type.registry] 
New type domain.Event

[2021-04-28 18:44:17 #7 type] 
Type domain.Bet is not enhanced.

[2021-04-28 18:44:17 #8 type] 
Type domain.Event is not enhanced.

[2021-04-28 18:44:17 #9 type.registry] 
New type java.util.Vector<domain.Question>

[2021-04-28 18:44:17 #10 type.registry] 
New type domain.InfoAccount

[2021-04-28 18:44:17 #11 type] 
Type domain.InfoAccount is not enhanced.

[2021-04-28 18:44:17 #12 type.registry] 
New type domain.Account

[2021-04-28 18:44:17 #13 type] 
Type domain.Account is not enhanced.

[2021-04-28 18:44:17 #14 type.registry] 
New type domain.Coupon

[2021-04-28 18:44:17 #15 type.registry] 
New type java.util.Vector<domain.Coupon>

[2021-04-28 18:44:17 #16 type] 
Type domain.Coupon is not enhanced.

[2021-04-28 18:44:17 #17 type.registry] 
New type java.util.Vector<java.lang.Object>

