------------------------------------------------------------------------------------------------------------------------

[2021-02-16 12:17:31 #1 store] 
Database 'C:\Users\elgor\Documents\2 Curso\2.Cuatri\Ingenieria Software\1Marron2020\offerObjectDB.odb' is opened by 5716@DESKTOP-50C67QE

[2021-02-16 12:17:32 #2 type.registry] 
New type domain.Offer

[2021-02-16 12:17:32 #3 type] 
Type domain.Offer is not enhanced.

[2021-02-16 12:17:32 #4 type.registry] 
New type domain.RuralHouse

[2021-02-16 12:17:32 #5 type] 
Type domain.RuralHouse is not enhanced.

------------------------------------------------------------------------------------------------------------------------

[2021-02-16 12:18:28 #1 store] 
Database 'C:\Users\elgor\Documents\2 Curso\2.Cuatri\Ingenieria Software\1Marron2020\offerObjectDB.odb' has been recovered (tr. 1-8)

[2021-02-16 12:18:28 #2 store] 
Database 'C:\Users\elgor\Documents\2 Curso\2.Cuatri\Ingenieria Software\1Marron2020\offerObjectDB.odb' is opened by 15816@DESKTOP-50C67QE

[2021-02-16 12:18:28 #3 type] 
Type domain.Offer is not enhanced.

[2021-02-16 12:18:28 #4 type] 
Type domain.RuralHouse is not enhanced.

------------------------------------------------------------------------------------------------------------------------

[2021-02-16 12:20:45 #1 store] 
Database 'C:\Users\elgor\Documents\2 Curso\2.Cuatri\Ingenieria Software\1Marron2020\offerObjectDB.odb' is opened by 3480@DESKTOP-50C67QE

[2021-02-16 12:20:45 #2 type.registry] 
New type domain.Offer

[2021-02-16 12:20:45 #3 type] 
Type domain.Offer is not enhanced.

[2021-02-16 12:20:45 #4 type.registry] 
New type domain.RuralHouse

[2021-02-16 12:20:45 #5 type] 
Type domain.RuralHouse is not enhanced.

------------------------------------------------------------------------------------------------------------------------

[2021-02-16 12:22:56 #1 store] 
Database 'C:\Users\elgor\Documents\2 Curso\2.Cuatri\Ingenieria Software\1Marron2020\offerObjectDB.odb' is opened by 10516@DESKTOP-50C67QE

[2021-02-16 12:22:56 #2 type.registry] 
New type domain.Offer

[2021-02-16 12:22:56 #3 type] 
Type domain.Offer is not enhanced.

[2021-02-16 12:22:56 #4 type.registry] 
New type domain.RuralHouse

[2021-02-16 12:22:56 #5 type] 
Type domain.RuralHouse is not enhanced.

------------------------------------------------------------------------------------------------------------------------

[2021-02-16 12:27:06 #1 store] 
Database 'C:\Users\elgor\Documents\2 Curso\2.Cuatri\Ingenieria Software\1Marron2020\offerObjectDB.odb' is opened by 14916@DESKTOP-50C67QE

[2021-02-16 12:27:06 #2 type.registry] 
New type domain.Offer

[2021-02-16 12:27:06 #3 type] 
Type domain.Offer is not enhanced.

[2021-02-16 12:27:06 #4 type.registry] 
New type domain.RuralHouse

[2021-02-16 12:27:06 #5 type] 
Type domain.RuralHouse is not enhanced.

------------------------------------------------------------------------------------------------------------------------

[2021-02-16 12:28:34 #1 store] 
Database 'C:\Users\elgor\Documents\2 Curso\2.Cuatri\Ingenieria Software\1Marron2020\offerObjectDB.odb' is opened by 10424@DESKTOP-50C67QE

[2021-02-16 12:28:35 #2 type.registry] 
New type domain.Offer

[2021-02-16 12:28:35 #3 type] 
Type domain.Offer is not enhanced.

[2021-02-16 12:28:35 #4 type.registry] 
New type domain.RuralHouse

[2021-02-16 12:28:35 #5 type] 
Type domain.RuralHouse is not enhanced.

------------------------------------------------------------------------------------------------------------------------

[2021-02-16 12:28:49 #1 store] 
Database 'C:\Users\elgor\Documents\2 Curso\2.Cuatri\Ingenieria Software\1Marron2020\offerObjectDB.odb' is opened by 7200@DESKTOP-50C67QE

[2021-02-16 12:28:49 #2 type.registry] 
New type domain.Offer

[2021-02-16 12:28:49 #3 type] 
Type domain.Offer is not enhanced.

[2021-02-16 12:28:49 #4 type.registry] 
New type domain.RuralHouse

[2021-02-16 12:28:49 #5 type] 
Type domain.RuralHouse is not enhanced.

------------------------------------------------------------------------------------------------------------------------

[2021-02-16 12:29:35 #1 store] 
Database 'C:\Users\elgor\Documents\2 Curso\2.Cuatri\Ingenieria Software\1Marron2020\offerObjectDB.odb' has been recovered (tr. 1-21)

[2021-02-16 12:29:35 #2 store] 
Database 'C:\Users\elgor\Documents\2 Curso\2.Cuatri\Ingenieria Software\1Marron2020\offerObjectDB.odb' is opened by 3212@DESKTOP-50C67QE

[2021-02-16 12:29:35 #3 type] 
Type domain.Offer is not enhanced.

[2021-02-16 12:29:35 #4 type] 
Type domain.RuralHouse is not enhanced.

------------------------------------------------------------------------------------------------------------------------

[2021-02-16 12:31:06 #1 store] 
Database 'C:\Users\elgor\Documents\2 Curso\2.Cuatri\Ingenieria Software\1Marron2020\offerObjectDB.odb' is opened by 9212@DESKTOP-50C67QE

[2021-02-16 12:31:06 #2 type] 
Type domain.Offer is not enhanced.

[2021-02-16 12:31:06 #3 type] 
Type domain.RuralHouse is not enhanced.

------------------------------------------------------------------------------------------------------------------------

[2021-02-16 12:31:17 #1 store] 
Database 'C:\Users\elgor\Documents\2 Curso\2.Cuatri\Ingenieria Software\1Marron2020\offerObjectDB.odb' is opened by 8416@DESKTOP-50C67QE

[2021-02-16 12:31:17 #2 type] 
Type domain.Offer is not enhanced.

[2021-02-16 12:31:17 #3 type] 
Type domain.RuralHouse is not enhanced.

------------------------------------------------------------------------------------------------------------------------

[2021-02-16 12:32:37 #1 store] 
Database 'C:\Users\elgor\Documents\2 Curso\2.Cuatri\Ingenieria Software\1Marron2020\offerObjectDB.odb' is opened by 6232@DESKTOP-50C67QE

[2021-02-16 12:32:37 #2 type] 
Type domain.Offer is not enhanced.

[2021-02-16 12:32:37 #3 type] 
Type domain.RuralHouse is not enhanced.

------------------------------------------------------------------------------------------------------------------------

[2021-02-16 13:29:58 #1 store] 
Database 'C:\Users\elgor\Documents\2 Curso\2.Cuatri\Ingenieria Software\1Marron2020\offerObjectDB.odb' is opened by 8508@DESKTOP-50C67QE

[2021-02-16 13:29:58 #2 type] 
Type domain.Offer is not enhanced.

[2021-02-16 13:29:58 #3 type] 
Type domain.RuralHouse is not enhanced.

------------------------------------------------------------------------------------------------------------------------

[2021-02-16 13:30:47 #1 store] 
Database 'C:\Users\elgor\Documents\2 Curso\2.Cuatri\Ingenieria Software\1Marron2020\offerObjectDB.odb' is opened by 17028@DESKTOP-50C67QE

[2021-02-16 13:30:48 #2 type] 
Type domain.Offer is not enhanced.

[2021-02-16 13:30:48 #3 type] 
Type domain.RuralHouse is not enhanced.

------------------------------------------------------------------------------------------------------------------------

[2021-02-16 13:54:18 #1 store] 
Database 'C:\Users\elgor\Documents\2 Curso\2.Cuatri\Ingenieria Software\1Marron2020\offerObjectDB.odb' is opened by 13540@DESKTOP-50C67QE

[2021-02-16 13:54:18 #2 type] 
Type domain.Offer is not enhanced.

[2021-02-16 13:54:18 #3 type] 
Type domain.RuralHouse is not enhanced.

------------------------------------------------------------------------------------------------------------------------

[2021-02-16 13:58:06 #1 store] 
Database 'C:\Users\elgor\Documents\2 Curso\2.Cuatri\Ingenieria Software\1Marron2020\offerObjectDB.odb' is opened by 13040@DESKTOP-50C67QE

[2021-02-16 13:58:06 #2 type] 
Type domain.Offer is not enhanced.

[2021-02-16 13:58:06 #3 type] 
Type domain.RuralHouse is not enhanced.

------------------------------------------------------------------------------------------------------------------------

[2021-02-16 14:01:52 #1 store] 
Database 'C:\Users\elgor\Documents\2 Curso\2.Cuatri\Ingenieria Software\1Marron2020\offerObjectDB.odb' is opened by 2084@DESKTOP-50C67QE

[2021-02-16 14:01:52 #2 type] 
Type domain.Offer is not enhanced.

[2021-02-16 14:01:52 #3 type] 
Type domain.RuralHouse is not enhanced.

------------------------------------------------------------------------------------------------------------------------

[2021-02-16 17:18:50 #1 store] 
Database 'C:\Users\elgor\Documents\2 Curso\2.Cuatri\Ingenieria Software\1Marron2020\offerObjectDB.odb' is opened by 3184@DESKTOP-50C67QE

[2021-02-16 17:18:50 #2 type] 
Type domain.Offer is not enhanced.

[2021-02-16 17:18:50 #3 type] 
Type domain.RuralHouse is not enhanced.

------------------------------------------------------------------------------------------------------------------------

[2021-02-16 18:07:57 #1 store] 
Database 'C:\Users\elgor\Documents\2 Curso\2.Cuatri\Ingenieria Software\1Marron2020\offerObjectDB.odb' is opened by 9436@DESKTOP-50C67QE

[2021-02-16 18:07:58 #2 type] 
Type domain.Offer is not enhanced.

[2021-02-16 18:07:58 #3 type] 
Type domain.RuralHouse is not enhanced.

------------------------------------------------------------------------------------------------------------------------

[2021-02-16 18:13:06 #1 store] 
Database 'C:\Users\elgor\Documents\2 Curso\2.Cuatri\Ingenieria Software\Bets21\src\main\resources\bets.temp' is opened by 3796@DESKTOP-50C67QE

[2021-02-16 18:13:06 #2 type.registry] 
New type domain.Question

[2021-02-16 18:13:06 #3 type] 
Type domain.Question is not enhanced.

[2021-02-16 18:13:06 #4 type.registry] 
New type domain.Event

[2021-02-16 18:13:06 #5 type] 
Type domain.Event is not enhanced.

[2021-02-16 18:13:07 #6 type.registry] 
New type java.util.Vector<domain.Question>

[2021-02-16 18:13:07 #7 type.registry] 
New type java.util.Vector<java.lang.Object>

------------------------------------------------------------------------------------------------------------------------

[2021-02-16 18:16:18 #1 store] 
Database 'C:\Users\elgor\Documents\2 Curso\2.Cuatri\Ingenieria Software\1Marron2020\offerObjectDB.odb' is opened by 12748@DESKTOP-50C67QE

[2021-02-16 18:16:18 #2 type] 
Type domain.Offer is not enhanced.

[2021-02-16 18:16:18 #3 type] 
Type domain.RuralHouse is not enhanced.

------------------------------------------------------------------------------------------------------------------------

[2021-02-16 18:19:33 #1 store] 
Database 'C:\Users\elgor\Documents\2 Curso\2.Cuatri\Ingenieria Software\1Marron2020\offerObjectDB.odb' is opened by 2596@DESKTOP-50C67QE

[2021-02-16 18:19:33 #2 type] 
Type domain.Offer is not enhanced.

[2021-02-16 18:19:33 #3 type] 
Type domain.RuralHouse is not enhanced.

------------------------------------------------------------------------------------------------------------------------

[2021-02-16 18:21:18 #1 store] 
Database 'C:\Users\elgor\Documents\2 Curso\2.Cuatri\Ingenieria Software\1Marron2020\offerObjectDB.odb' is opened by 15396@DESKTOP-50C67QE

[2021-02-16 18:21:18 #2 type] 
Type domain.Offer is not enhanced.

[2021-02-16 18:21:18 #3 type] 
Type domain.RuralHouse is not enhanced.

------------------------------------------------------------------------------------------------------------------------

[2021-02-16 18:22:40 #1 store] 
Database 'C:\Users\elgor\Documents\2 Curso\2.Cuatri\Ingenieria Software\1Marron2020\offerObjectDB.odb' is opened by 13980@DESKTOP-50C67QE

[2021-02-16 18:22:40 #2 type] 
Type domain.Offer is not enhanced.

[2021-02-16 18:22:40 #3 type] 
Type domain.RuralHouse is not enhanced.

------------------------------------------------------------------------------------------------------------------------

[2021-02-16 18:24:02 #1 store] 
Database 'C:\Users\elgor\Documents\2 Curso\2.Cuatri\Ingenieria Software\1Marron2020\offerObjectDB.odb' is opened by 15116@DESKTOP-50C67QE

[2021-02-16 18:24:02 #2 type] 
Type domain.Offer is not enhanced.

[2021-02-16 18:24:02 #3 type] 
Type domain.RuralHouse is not enhanced.

------------------------------------------------------------------------------------------------------------------------

[2021-02-16 18:24:21 #1 store] 
Database 'C:\Users\elgor\Documents\2 Curso\2.Cuatri\Ingenieria Software\1Marron2020\offerObjectDB.odb' is opened by 2660@DESKTOP-50C67QE

[2021-02-16 18:24:21 #2 type] 
Type domain.Offer is not enhanced.

[2021-02-16 18:24:21 #3 type] 
Type domain.RuralHouse is not enhanced.

------------------------------------------------------------------------------------------------------------------------

[2021-02-16 18:24:42 #1 store] 
Database 'C:\Users\elgor\Documents\2 Curso\2.Cuatri\Ingenieria Software\1Marron2020\offerObjectDB.odb' is opened by 5804@DESKTOP-50C67QE

[2021-02-16 18:24:42 #2 type] 
Type domain.Offer is not enhanced.

[2021-02-16 18:24:42 #3 type] 
Type domain.RuralHouse is not enhanced.

------------------------------------------------------------------------------------------------------------------------

[2021-02-16 18:30:12 #1 store] 
Database 'C:\Users\elgor\Documents\2 Curso\2.Cuatri\Ingenieria Software\Bets21\src\main\resources\bets.temp' is opened by 12208@DESKTOP-50C67QE

[2021-02-16 18:30:13 #2 type.registry] 
New type domain.Question

[2021-02-16 18:30:13 #3 type] 
Type domain.Question is not enhanced.

[2021-02-16 18:30:13 #4 type.registry] 
New type domain.Event

[2021-02-16 18:30:13 #5 type] 
Type domain.Event is not enhanced.

[2021-02-16 18:30:13 #6 type.registry] 
New type java.util.Vector<domain.Question>

[2021-02-16 18:30:13 #7 type.registry] 
New type java.util.Vector<java.lang.Object>

------------------------------------------------------------------------------------------------------------------------

[2021-02-16 18:42:52 #1 store] 
Database 'C:\Users\elgor\Documents\2 Curso\2.Cuatri\Ingenieria Software\1Marron2020\offerObjectDB.odb' is opened by 8544@DESKTOP-50C67QE

[2021-02-16 18:42:52 #2 type] 
Type domain.Offer is not enhanced.

[2021-02-16 18:42:52 #3 type] 
Type domain.RuralHouse is not enhanced.

------------------------------------------------------------------------------------------------------------------------

[2021-02-16 18:45:19 #1 store] 
Database 'C:\Users\elgor\Documents\2 Curso\2.Cuatri\Ingenieria Software\1Marron2020\offerObjectDB.odb' is opened by 1476@DESKTOP-50C67QE

[2021-02-16 18:45:19 #2 type] 
Type domain.Offer is not enhanced.

[2021-02-16 18:45:19 #3 type] 
Type domain.RuralHouse is not enhanced.

------------------------------------------------------------------------------------------------------------------------

[2021-02-16 18:46:14 #1 store] 
Database 'C:\Users\elgor\Documents\2 Curso\2.Cuatri\Ingenieria Software\1Marron2020\offerObjectDB.odb' is opened by 8976@DESKTOP-50C67QE

[2021-02-16 18:46:14 #2 type] 
Type domain.Offer is not enhanced.

[2021-02-16 18:46:14 #3 type] 
Type domain.RuralHouse is not enhanced.

------------------------------------------------------------------------------------------------------------------------

[2021-02-16 18:48:33 #1 store] 
Database 'C:\Users\elgor\Documents\2 Curso\2.Cuatri\Ingenieria Software\1Marron2020\offerObjectDB.odb' is opened by 17212@DESKTOP-50C67QE

------------------------------------------------------------------------------------------------------------------------

[2021-02-16 18:48:58 #1 store] 
Database 'C:\Users\elgor\Documents\2 Curso\2.Cuatri\Ingenieria Software\1Marron2020\offerObjectDB.odb' is opened by 10372@DESKTOP-50C67QE

[2021-02-16 18:48:58 #2 type] 
Type domain.Offer is not enhanced.

[2021-02-16 18:48:58 #3 type] 
Type domain.RuralHouse is not enhanced.

------------------------------------------------------------------------------------------------------------------------

[2021-02-16 18:50:30 #1 store] 
Database 'C:\Users\elgor\Documents\2 Curso\2.Cuatri\Ingenieria Software\1Marron2020\offerObjectDB.odb' is opened by 15052@DESKTOP-50C67QE

[2021-02-16 18:50:30 #2 type] 
Type domain.Offer is not enhanced.

[2021-02-16 18:50:30 #3 type] 
Type domain.RuralHouse is not enhanced.

------------------------------------------------------------------------------------------------------------------------

[2021-02-16 18:56:27 #1 store] 
Database 'C:\Users\elgor\Documents\2 Curso\2.Cuatri\Ingenieria Software\1Marron2020\offerObjectDB.odb' is opened by 4636@DESKTOP-50C67QE

[2021-02-16 18:56:27 #2 type] 
Type domain.Offer is not enhanced.

[2021-02-16 18:56:27 #3 type] 
Type domain.RuralHouse is not enhanced.

------------------------------------------------------------------------------------------------------------------------

[2021-02-16 19:11:54 #1 store] 
Database 'C:\Users\elgor\Documents\2 Curso\2.Cuatri\Ingenieria Software\1Marron2020\offerObjectDB.odb' is opened by 2020@DESKTOP-50C67QE

[2021-02-16 19:11:54 #2 type] 
Type domain.Offer is not enhanced.

[2021-02-16 19:11:54 #3 type] 
Type domain.RuralHouse is not enhanced.

------------------------------------------------------------------------------------------------------------------------

[2021-02-16 19:16:15 #1 store] 
Database 'C:\Users\elgor\Documents\2 Curso\2.Cuatri\Ingenieria Software\1Marron2020\offerObjectDB.odb' is opened by 4348@DESKTOP-50C67QE

[2021-02-16 19:16:15 #2 type] 
Type domain.Offer is not enhanced.

[2021-02-16 19:16:15 #3 type] 
Type domain.RuralHouse is not enhanced.

------------------------------------------------------------------------------------------------------------------------

[2021-02-16 19:48:01 #1 store] 
Database 'C:\Users\elgor\Documents\2 Curso\2.Cuatri\Ingenieria Software\Bets21\src\main\resources\bets.temp' is opened by 12200@DESKTOP-50C67QE

[2021-02-16 19:48:01 #2 type.registry] 
New type domain.Question

[2021-02-16 19:48:01 #3 type] 
Type domain.Question is not enhanced.

[2021-02-16 19:48:01 #4 type.registry] 
New type domain.Event

[2021-02-16 19:48:01 #5 type] 
Type domain.Event is not enhanced.

[2021-02-16 19:48:01 #6 type.registry] 
New type java.util.Vector<domain.Question>

[2021-02-16 19:48:01 #7 type.registry] 
New type java.util.Vector<java.lang.Object>

------------------------------------------------------------------------------------------------------------------------

[2021-02-16 20:01:44 #1 store] 
Database 'C:\Users\elgor\Documents\2 Curso\2.Cuatri\Ingenieria Software\1Marron2020\offerObjectDB.odb' is opened by 3888@DESKTOP-50C67QE

[2021-02-16 20:01:44 #2 type] 
Type domain.Offer is not enhanced.

[2021-02-16 20:01:44 #3 type] 
Type domain.RuralHouse is not enhanced.

------------------------------------------------------------------------------------------------------------------------

[2021-02-16 20:02:28 #1 store] 
Database 'C:\Users\elgor\Documents\2 Curso\2.Cuatri\Ingenieria Software\1Marron2020\offerObjectDB.odb' is opened by 7840@DESKTOP-50C67QE

[2021-02-16 20:02:28 #2 type] 
Type domain.Offer is not enhanced.

[2021-02-16 20:02:28 #3 type] 
Type domain.RuralHouse is not enhanced.

------------------------------------------------------------------------------------------------------------------------

[2021-02-16 20:06:33 #1 store] 
Database 'C:\Users\elgor\Documents\2 Curso\2.Cuatri\Ingenieria Software\1Marron2020\offerObjectDB.odb' is opened by 11640@DESKTOP-50C67QE

[2021-02-16 20:06:33 #2 type] 
Type domain.Offer is not enhanced.

[2021-02-16 20:06:33 #3 type] 
Type domain.RuralHouse is not enhanced.

------------------------------------------------------------------------------------------------------------------------

[2021-02-16 20:09:36 #1 store] 
Database 'C:\Users\elgor\Documents\2 Curso\2.Cuatri\Ingenieria Software\1Marron2020\offerObjectDB.odb' is opened by 2832@DESKTOP-50C67QE

[2021-02-16 20:09:36 #2 type] 
Type domain.Offer is not enhanced.

[2021-02-16 20:09:36 #3 type] 
Type domain.RuralHouse is not enhanced.

------------------------------------------------------------------------------------------------------------------------

[2021-02-16 20:22:02 #1 store] 
Database 'C:\Users\elgor\Documents\2 Curso\2.Cuatri\Ingenieria Software\1Marron2020\ruralHousesObjectDB.odb' is opened by 9552@DESKTOP-50C67QE

------------------------------------------------------------------------------------------------------------------------

[2021-02-16 20:22:45 #1 store] 
Database 'C:\Users\elgor\Documents\2 Curso\2.Cuatri\Ingenieria Software\1Marron2020\ruralHousesObjectDB.odb' is opened by 1188@DESKTOP-50C67QE

------------------------------------------------------------------------------------------------------------------------

[2021-02-16 20:29:15 #1 store] 
Database 'C:\Users\elgor\Documents\2 Curso\2.Cuatri\Ingenieria Software\1Marron2020\ruralHousesObjectDB.odb' is opened by 16412@DESKTOP-50C67QE

------------------------------------------------------------------------------------------------------------------------

[2021-02-16 20:30:41 #1 store] 
Database 'C:\Users\elgor\Documents\2 Curso\2.Cuatri\Ingenieria Software\1Marron2020\ruralHousesObjectDB.odb' is opened by 12212@DESKTOP-50C67QE

------------------------------------------------------------------------------------------------------------------------

[2021-02-16 20:36:55 #1 store] 
Database 'C:\Users\elgor\Documents\2 Curso\2.Cuatri\Ingenieria Software\1Marron2020\ruralHousesObjectDB.odb' is opened by 17128@DESKTOP-50C67QE

------------------------------------------------------------------------------------------------------------------------

[2021-02-16 20:37:41 #1 store] 
Database 'C:\Users\elgor\Documents\2 Curso\2.Cuatri\Ingenieria Software\1Marron2020\ruralHousesObjectDB.odb' is opened by 8588@DESKTOP-50C67QE

[2021-02-16 20:37:41 #2 type.registry] 
New type domain.RuralHouse

[2021-02-16 20:37:41 #3 type] 
Type domain.RuralHouse is not enhanced.

[2021-02-16 20:37:41 #4 type.registry] 
New type domain.Offer

[2021-02-16 20:37:41 #5 type] 
Type domain.Offer is not enhanced.

[2021-02-16 20:37:41 #6 type.registry] 
New type java.util.ArrayList<java.lang.Object>

[2021-02-16 20:37:41 #7 type.registry] 
New type java.util.ArrayList<domain.Offer>

------------------------------------------------------------------------------------------------------------------------

[2021-02-16 20:38:45 #1 store] 
Database 'C:\Users\elgor\Documents\2 Curso\2.Cuatri\Ingenieria Software\1Marron2020\ruralHousesObjectDB.odb' is opened by 12740@DESKTOP-50C67QE

[2021-02-16 20:38:45 #2 type.registry] 
New type domain.RuralHouse

[2021-02-16 20:38:45 #3 type] 
Type domain.RuralHouse is not enhanced.

[2021-02-16 20:38:45 #4 type.registry] 
New type domain.Offer

[2021-02-16 20:38:45 #5 type] 
Type domain.Offer is not enhanced.

[2021-02-16 20:38:45 #6 type.registry] 
New type java.util.ArrayList<java.lang.Object>

[2021-02-16 20:38:45 #7 type.registry] 
New type java.util.ArrayList<domain.Offer>

------------------------------------------------------------------------------------------------------------------------

[2021-02-16 20:40:06 #1 store] 
Database 'C:\Users\elgor\Documents\2 Curso\2.Cuatri\Ingenieria Software\1Marron2020\ruralHousesObjectDB.odb' is opened by 14524@DESKTOP-50C67QE

[2021-02-16 20:40:07 #2 type.registry] 
New type domain.RuralHouse

[2021-02-16 20:40:07 #3 type] 
Type domain.RuralHouse is not enhanced.

[2021-02-16 20:40:07 #4 type.registry] 
New type domain.Offer

[2021-02-16 20:40:07 #5 type] 
Type domain.Offer is not enhanced.

[2021-02-16 20:40:07 #6 type.registry] 
New type java.util.ArrayList<java.lang.Object>

[2021-02-16 20:40:07 #7 type.registry] 
New type java.util.ArrayList<domain.Offer>

------------------------------------------------------------------------------------------------------------------------

[2021-02-16 20:41:41 #1 store] 
Database 'C:\Users\elgor\Documents\2 Curso\2.Cuatri\Ingenieria Software\1Marron2020\ruralHousesObjectDB.odb' is opened by 3500@DESKTOP-50C67QE

[2021-02-16 20:41:41 #2 type.registry] 
New type domain.RuralHouse

[2021-02-16 20:41:41 #3 type] 
Type domain.RuralHouse is not enhanced.

[2021-02-16 20:41:41 #4 type.registry] 
New type domain.Offer

[2021-02-16 20:41:41 #5 type] 
Type domain.Offer is not enhanced.

[2021-02-16 20:41:41 #6 type.registry] 
New type java.util.ArrayList<java.lang.Object>

[2021-02-16 20:41:41 #7 type.registry] 
New type java.util.ArrayList<domain.Offer>

