------------------------------------------------------------------------------------------------------------------------

[2021-04-19 18:29:13 #1 store] 
Database 'C:\Users\Asier\Desktop\UNI\2020-2021\IS1\Eclipse 2\Bets21_closeEventGUI\src\main\resources\bets.temp' is opened by 4112@LAPTOP-RRB12562

[2021-04-19 18:29:13 #2 type.registry] 
New type domain.Question

[2021-04-19 18:29:13 #3 type] 
Type domain.Question is not enhanced.

[2021-04-19 18:29:13 #4 type.registry] 
New type domain.Bet

[2021-04-19 18:29:13 #5 type.registry] 
New type java.util.Vector<domain.Bet>

[2021-04-19 18:29:13 #6 type.registry] 
New type domain.Event

[2021-04-19 18:29:13 #7 type] 
Type domain.Bet is not enhanced.

[2021-04-19 18:29:13 #8 type] 
Type domain.Event is not enhanced.

[2021-04-19 18:29:13 #9 type.registry] 
New type java.util.Vector<domain.Question>

[2021-04-19 18:29:13 #10 type.registry] 
New type domain.InfoAccount

[2021-04-19 18:29:13 #11 type] 
Type domain.InfoAccount is not enhanced.

[2021-04-19 18:29:13 #12 type.registry] 
New type domain.Account

[2021-04-19 18:29:13 #13 type] 
Type domain.Account is not enhanced.

[2021-04-19 18:29:13 #14 type.registry] 
New type java.util.Vector<java.lang.Object>

[2021-04-19 18:29:43 #15 type.registry] 
New type domain.BetMade

[2021-04-19 18:29:43 #16 type] 
Type domain.BetMade is not enhanced.

