------------------------------------------------------------------------------------------------------------------------

[2021-05-08 18:41:49 #1 store] 
Database 'C:\Users\elgor\Documents\2 Curso\2.Cuatri\Ingenieria Software\Iteracion3-SinParteAngel.zip_expanded\Bets21\src\main\resources\bets.temp' is opened by 8352@DESKTOP-50C67QE

[2021-05-08 18:41:49 #2 type.registry] 
New type domain.Question

[2021-05-08 18:41:49 #3 type] 
Type domain.Question is not enhanced.

[2021-05-08 18:41:49 #4 type.registry] 
New type domain.Bet

[2021-05-08 18:41:49 #5 type.registry] 
New type java.util.Vector<domain.Bet>

[2021-05-08 18:41:49 #6 type.registry] 
New type domain.Event

[2021-05-08 18:41:49 #7 type] 
Type domain.Bet is not enhanced.

[2021-05-08 18:41:49 #8 type] 
Type domain.Event is not enhanced.

[2021-05-08 18:41:49 #9 type.registry] 
New type java.util.Vector<domain.Question>

[2021-05-08 18:41:49 #10 type.registry] 
New type domain.InfoAccount

[2021-05-08 18:41:49 #11 type] 
Type domain.InfoAccount is not enhanced.

[2021-05-08 18:41:49 #12 type.registry] 
New type domain.Account

[2021-05-08 18:41:49 #13 type] 
Type domain.Account is not enhanced.

[2021-05-08 18:41:49 #14 type.registry] 
New type domain.CreditCard

[2021-05-08 18:41:49 #15 type.registry] 
New type java.util.Vector<domain.CreditCard>

[2021-05-08 18:41:49 #16 type.registry] 
New type domain.Coupon

[2021-05-08 18:41:49 #17 type.registry] 
New type java.util.Vector<domain.Coupon>

[2021-05-08 18:41:49 #18 type] 
Type domain.CreditCard is not enhanced.

[2021-05-08 18:41:49 #19 type] 
Type domain.Coupon is not enhanced.

[2021-05-08 18:41:49 #20 type.registry] 
New type java.util.Vector<java.lang.Object>

