------------------------------------------------------------------------------------------------------------------------

[2021-03-29 13:40:59 #1 store] 
Database 'C:\Users\rober\OneDrive\Escritorio\Cosas uni\2\IngenieriaDelSoftware1\LabsIS\Bets21\src\main\resources\bets.temp' is opened by 13048@FRIDAY

[2021-03-29 13:41:00 #2 type.registry] 
New type domain.Question

[2021-03-29 13:41:00 #3 type] 
Type domain.Question is not enhanced.

[2021-03-29 13:41:00 #4 type.registry] 
New type domain.Bet

[2021-03-29 13:41:00 #5 type.registry] 
New type java.util.Vector<domain.Bet>

[2021-03-29 13:41:00 #6 type.registry] 
New type domain.Event

[2021-03-29 13:41:00 #7 type] 
Type domain.Bet is not enhanced.

[2021-03-29 13:41:00 #8 type] 
Type domain.Event is not enhanced.

[2021-03-29 13:41:00 #9 type.registry] 
New type java.util.Vector<domain.Question>

[2021-03-29 13:41:00 #10 type.registry] 
New type domain.InfoAccount

[2021-03-29 13:41:00 #11 type] 
Type domain.InfoAccount is not enhanced.

[2021-03-29 13:41:00 #12 type.registry] 
New type domain.Account

[2021-03-29 13:41:00 #13 type] 
Type domain.Account is not enhanced.

[2021-03-29 13:41:00 #14 type.registry] 
New type java.util.Vector<java.lang.Object>

------------------------------------------------------------------------------------------------------------------------

[2021-03-29 13:41:29 #1 store] 
Database 'C:\Users\rober\OneDrive\Escritorio\Cosas uni\2\IngenieriaDelSoftware1\LabsIS\Bets21\src\main\resources\bets.temp' is opened by 13604@FRIDAY

[2021-03-29 13:41:29 #2 type.registry] 
New type domain.Question

[2021-03-29 13:41:29 #3 type] 
Type domain.Question is not enhanced.

[2021-03-29 13:41:29 #4 type.registry] 
New type domain.Bet

[2021-03-29 13:41:29 #5 type.registry] 
New type java.util.Vector<domain.Bet>

[2021-03-29 13:41:29 #6 type.registry] 
New type domain.Event

[2021-03-29 13:41:29 #7 type] 
Type domain.Bet is not enhanced.

[2021-03-29 13:41:29 #8 type] 
Type domain.Event is not enhanced.

[2021-03-29 13:41:29 #9 type.registry] 
New type java.util.Vector<domain.Question>

[2021-03-29 13:41:29 #10 type.registry] 
New type domain.InfoAccount

[2021-03-29 13:41:29 #11 type] 
Type domain.InfoAccount is not enhanced.

[2021-03-29 13:41:29 #12 type.registry] 
New type domain.Account

[2021-03-29 13:41:29 #13 type] 
Type domain.Account is not enhanced.

[2021-03-29 13:41:29 #14 type.registry] 
New type java.util.Vector<java.lang.Object>

------------------------------------------------------------------------------------------------------------------------

[2021-03-29 13:49:23 #1 store] 
Database 'C:\Users\rober\OneDrive\Escritorio\Cosas uni\2\IngenieriaDelSoftware1\LabsIS\Bets21\src\main\resources\bets.temp' is opened by 4532@FRIDAY

[2021-03-29 13:49:23 #2 type.registry] 
New type domain.Question

[2021-03-29 13:49:23 #3 type] 
Type domain.Question is not enhanced.

[2021-03-29 13:49:23 #4 type.registry] 
New type domain.Bet

[2021-03-29 13:49:23 #5 type.registry] 
New type java.util.Vector<domain.Bet>

[2021-03-29 13:49:23 #6 type.registry] 
New type domain.Event

[2021-03-29 13:49:23 #7 type] 
Type domain.Bet is not enhanced.

[2021-03-29 13:49:23 #8 type] 
Type domain.Event is not enhanced.

[2021-03-29 13:49:23 #9 type.registry] 
New type java.util.Vector<domain.Question>

[2021-03-29 13:49:23 #10 type.registry] 
New type domain.InfoAccount

[2021-03-29 13:49:23 #11 type] 
Type domain.InfoAccount is not enhanced.

[2021-03-29 13:49:23 #12 type.registry] 
New type domain.Account

[2021-03-29 13:49:23 #13 type] 
Type domain.Account is not enhanced.

[2021-03-29 13:49:23 #14 type.registry] 
New type java.util.Vector<java.lang.Object>

